<?xml version="1.0" encoding="UTF-8"?>
<testsuite xmlns:xsi="http://www.w3.org/2001/XMLSchema-instance" xsi:noNamespaceSchemaLocation="https://maven.apache.org/surefire/maven-surefire-plugin/xsd/surefire-test-report-3.0.xsd" version="3.0" name="br.com.diversidade.RunCucumberTest" time="9.372" tests="59" errors="57" skipped="0" failures="0">
  <properties>
    <property name="java.specification.version" value="21"/>
    <property name="sun.cpu.isalist" value="amd64"/>
    <property name="sun.jnu.encoding" value="Cp1252"/>
    <property name="java.class.path" value="C:\Users\anali\Downloads\diversidadeAPItestes\diversidadeProject\diversidade\diversidade\target\test-classes;C:\Users\anali\Downloads\diversidadeAPItestes\diversidadeProject\diversidade\diversidade\target\classes;C:\Users\anali\.m2\repository\org\springframework\boot\spring-boot-starter-web\3.2.6\spring-boot-starter-web-3.2.6.jar;C:\Users\anali\.m2\repository\org\springframework\boot\spring-boot-starter\3.2.6\spring-boot-starter-3.2.6.jar;C:\Users\anali\.m2\repository\org\springframework\boot\spring-boot-starter-logging\3.2.6\spring-boot-starter-logging-3.2.6.jar;C:\Users\anali\.m2\repository\ch\qos\logback\logback-classic\1.4.14\logback-classic-1.4.14.jar;C:\Users\anali\.m2\repository\ch\qos\logback\logback-core\1.4.14\logback-core-1.4.14.jar;C:\Users\anali\.m2\repository\org\apache\logging\log4j\log4j-to-slf4j\2.21.1\log4j-to-slf4j-2.21.1.jar;C:\Users\anali\.m2\repository\org\apache\logging\log4j\log4j-api\2.21.1\log4j-api-2.21.1.jar;C:\Users\anali\.m2\repository\org\slf4j\jul-to-slf4j\2.0.13\jul-to-slf4j-2.0.13.jar;C:\Users\anali\.m2\repository\jakarta\annotation\jakarta.annotation-api\2.1.1\jakarta.annotation-api-2.1.1.jar;C:\Users\anali\.m2\repository\org\yaml\snakeyaml\2.2\snakeyaml-2.2.jar;C:\Users\anali\.m2\repository\org\springframework\boot\spring-boot-starter-json\3.2.6\spring-boot-starter-json-3.2.6.jar;C:\Users\anali\.m2\repository\com\fasterxml\jackson\datatype\jackson-datatype-jdk8\2.15.4\jackson-datatype-jdk8-2.15.4.jar;C:\Users\anali\.m2\repository\com\fasterxml\jackson\datatype\jackson-datatype-jsr310\2.15.4\jackson-datatype-jsr310-2.15.4.jar;C:\Users\anali\.m2\repository\com\fasterxml\jackson\module\jackson-module-parameter-names\2.15.4\jackson-module-parameter-names-2.15.4.jar;C:\Users\anali\.m2\repository\org\springframework\boot\spring-boot-starter-tomcat\3.2.6\spring-boot-starter-tomcat-3.2.6.jar;C:\Users\anali\.m2\repository\org\apache\tomcat\embed\tomcat-embed-core\10.1.24\tomcat-embed-core-10.1.24.jar;C:\Users\anali\.m2\repository\org\apache\tomcat\embed\tomcat-embed-websocket\10.1.24\tomcat-embed-websocket-10.1.24.jar;C:\Users\anali\.m2\repository\org\springframework\spring-web\6.1.8\spring-web-6.1.8.jar;C:\Users\anali\.m2\repository\org\springframework\spring-beans\6.1.8\spring-beans-6.1.8.jar;C:\Users\anali\.m2\repository\io\micrometer\micrometer-observation\1.12.6\micrometer-observation-1.12.6.jar;C:\Users\anali\.m2\repository\io\micrometer\micrometer-commons\1.12.6\micrometer-commons-1.12.6.jar;C:\Users\anali\.m2\repository\org\springframework\spring-webmvc\6.1.8\spring-webmvc-6.1.8.jar;C:\Users\anali\.m2\repository\org\springframework\spring-context\6.1.8\spring-context-6.1.8.jar;C:\Users\anali\.m2\repository\org\springframework\spring-expression\6.1.8\spring-expression-6.1.8.jar;C:\Users\anali\.m2\repository\org\springframework\boot\spring-boot-starter-data-jpa\3.2.6\spring-boot-starter-data-jpa-3.2.6.jar;C:\Users\anali\.m2\repository\org\springframework\boot\spring-boot-starter-aop\3.2.6\spring-boot-starter-aop-3.2.6.jar;C:\Users\anali\.m2\repository\org\aspectj\aspectjweaver\1.9.22\aspectjweaver-1.9.22.jar;C:\Users\anali\.m2\repository\org\springframework\boot\spring-boot-starter-jdbc\3.2.6\spring-boot-starter-jdbc-3.2.6.jar;C:\Users\anali\.m2\repository\com\zaxxer\HikariCP\5.0.1\HikariCP-5.0.1.jar;C:\Users\anali\.m2\repository\org\springframework\spring-jdbc\6.1.8\spring-jdbc-6.1.8.jar;C:\Users\anali\.m2\repository\org\hibernate\orm\hibernate-core\6.4.8.Final\hibernate-core-6.4.8.Final.jar;C:\Users\anali\.m2\repository\jakarta\transaction\jakarta.transaction-api\2.0.1\jakarta.transaction-api-2.0.1.jar;C:\Users\anali\.m2\repository\org\jboss\logging\jboss-logging\3.5.3.Final\jboss-logging-3.5.3.Final.jar;C:\Users\anali\.m2\repository\org\hibernate\common\hibernate-commons-annotations\6.0.6.Final\hibernate-commons-annotations-6.0.6.Final.jar;C:\Users\anali\.m2\repository\io\smallrye\jandex\3.1.2\jandex-3.1.2.jar;C:\Users\anali\.m2\repository\com\fasterxml\classmate\1.6.0\classmate-1.6.0.jar;C:\Users\anali\.m2\repository\net\bytebuddy\byte-buddy\1.14.16\byte-buddy-1.14.16.jar;C:\Users\anali\.m2\repository\org\glassfish\jaxb\jaxb-runtime\4.0.5\jaxb-runtime-4.0.5.jar;C:\Users\anali\.m2\repository\org\glassfish\jaxb\jaxb-core\4.0.5\jaxb-core-4.0.5.jar;C:\Users\anali\.m2\repository\org\eclipse\angus\angus-activation\2.0.2\angus-activation-2.0.2.jar;C:\Users\anali\.m2\repository\org\glassfish\jaxb\txw2\4.0.5\txw2-4.0.5.jar;C:\Users\anali\.m2\repository\com\sun\istack\istack-commons-runtime\4.1.2\istack-commons-runtime-4.1.2.jar;C:\Users\anali\.m2\repository\jakarta\inject\jakarta.inject-api\2.0.1\jakarta.inject-api-2.0.1.jar;C:\Users\anali\.m2\repository\org\antlr\antlr4-runtime\4.13.0\antlr4-runtime-4.13.0.jar;C:\Users\anali\.m2\repository\org\springframework\data\spring-data-jpa\3.2.6\spring-data-jpa-3.2.6.jar;C:\Users\anali\.m2\repository\org\springframework\data\spring-data-commons\3.2.6\spring-data-commons-3.2.6.jar;C:\Users\anali\.m2\repository\org\springframework\spring-orm\6.1.8\spring-orm-6.1.8.jar;C:\Users\anali\.m2\repository\org\springframework\spring-tx\6.1.8\spring-tx-6.1.8.jar;C:\Users\anali\.m2\repository\org\slf4j\slf4j-api\2.0.13\slf4j-api-2.0.13.jar;C:\Users\anali\.m2\repository\org\springframework\spring-aspects\6.1.8\spring-aspects-6.1.8.jar;C:\Users\anali\.m2\repository\org\springframework\boot\spring-boot-starter-security\3.2.6\spring-boot-starter-security-3.2.6.jar;C:\Users\anali\.m2\repository\org\springframework\spring-aop\6.1.8\spring-aop-6.1.8.jar;C:\Users\anali\.m2\repository\org\springframework\security\spring-security-config\6.2.4\spring-security-config-6.2.4.jar;C:\Users\anali\.m2\repository\org\springframework\security\spring-security-core\6.2.4\spring-security-core-6.2.4.jar;C:\Users\anali\.m2\repository\org\springframework\security\spring-security-crypto\6.2.4\spring-security-crypto-6.2.4.jar;C:\Users\anali\.m2\repository\org\springframework\security\spring-security-web\6.2.4\spring-security-web-6.2.4.jar;C:\Users\anali\.m2\repository\org\springframework\boot\spring-boot-starter-validation\3.2.6\spring-boot-starter-validation-3.2.6.jar;C:\Users\anali\.m2\repository\org\apache\tomcat\embed\tomcat-embed-el\10.1.24\tomcat-embed-el-10.1.24.jar;C:\Users\anali\.m2\repository\org\hibernate\validator\hibernate-validator\8.0.1.Final\hibernate-validator-8.0.1.Final.jar;C:\Users\anali\.m2\repository\jakarta\validation\jakarta.validation-api\3.0.2\jakarta.validation-api-3.0.2.jar;C:\Users\anali\.m2\repository\jakarta\servlet\jakarta.servlet-api\6.0.0\jakarta.servlet-api-6.0.0.jar;C:\Users\anali\.m2\repository\jakarta\persistence\jakarta.persistence-api\3.1.0\jakarta.persistence-api-3.1.0.jar;C:\Users\anali\.m2\repository\org\flywaydb\flyway-core\9.22.3\flyway-core-9.22.3.jar;C:\Users\anali\.m2\repository\com\fasterxml\jackson\dataformat\jackson-dataformat-toml\2.15.4\jackson-dataformat-toml-2.15.4.jar;C:\Users\anali\.m2\repository\com\fasterxml\jackson\core\jackson-core\2.15.4\jackson-core-2.15.4.jar;C:\Users\anali\.m2\repository\com\oracle\database\jdbc\ojdbc8\23.2.0.0\ojdbc8-23.2.0.0.jar;C:\Users\anali\.m2\repository\com\h2database\h2\2.2.224\h2-2.2.224.jar;C:\Users\anali\.m2\repository\org\springdoc\springdoc-openapi-starter-webmvc-ui\2.3.0\springdoc-openapi-starter-webmvc-ui-2.3.0.jar;C:\Users\anali\.m2\repository\org\springdoc\springdoc-openapi-starter-webmvc-api\2.3.0\springdoc-openapi-starter-webmvc-api-2.3.0.jar;C:\Users\anali\.m2\repository\org\springdoc\springdoc-openapi-starter-common\2.3.0\springdoc-openapi-starter-common-2.3.0.jar;C:\Users\anali\.m2\repository\io\swagger\core\v3\swagger-core-jakarta\2.2.19\swagger-core-jakarta-2.2.19.jar;C:\Users\anali\.m2\repository\io\swagger\core\v3\swagger-annotations-jakarta\2.2.19\swagger-annotations-jakarta-2.2.19.jar;C:\Users\anali\.m2\repository\io\swagger\core\v3\swagger-models-jakarta\2.2.19\swagger-models-jakarta-2.2.19.jar;C:\Users\anali\.m2\repository\com\fasterxml\jackson\dataformat\jackson-dataformat-yaml\2.15.4\jackson-dataformat-yaml-2.15.4.jar;C:\Users\anali\.m2\repository\org\webjars\swagger-ui\5.10.3\swagger-ui-5.10.3.jar;C:\Users\anali\.m2\repository\io\jsonwebtoken\jjwt-api\0.11.5\jjwt-api-0.11.5.jar;C:\Users\anali\.m2\repository\io\jsonwebtoken\jjwt-impl\0.11.5\jjwt-impl-0.11.5.jar;C:\Users\anali\.m2\repository\io\jsonwebtoken\jjwt-jackson\0.11.5\jjwt-jackson-0.11.5.jar;C:\Users\anali\.m2\repository\com\fasterxml\jackson\core\jackson-databind\2.15.4\jackson-databind-2.15.4.jar;C:\Users\anali\.m2\repository\com\fasterxml\jackson\core\jackson-annotations\2.15.4\jackson-annotations-2.15.4.jar;C:\Users\anali\.m2\repository\org\projectlombok\lombok\1.18.32\lombok-1.18.32.jar;C:\Users\anali\.m2\repository\org\springframework\boot\spring-boot-devtools\3.2.6\spring-boot-devtools-3.2.6.jar;C:\Users\anali\.m2\repository\org\springframework\boot\spring-boot\3.2.6\spring-boot-3.2.6.jar;C:\Users\anali\.m2\repository\org\springframework\boot\spring-boot-autoconfigure\3.2.6\spring-boot-autoconfigure-3.2.6.jar;C:\Users\anali\.m2\repository\org\springframework\boot\spring-boot-starter-test\3.2.6\spring-boot-starter-test-3.2.6.jar;C:\Users\anali\.m2\repository\org\springframework\boot\spring-boot-test\3.2.6\spring-boot-test-3.2.6.jar;C:\Users\anali\.m2\repository\org\springframework\boot\spring-boot-test-autoconfigure\3.2.6\spring-boot-test-autoconfigure-3.2.6.jar;C:\Users\anali\.m2\repository\com\jayway\jsonpath\json-path\2.9.0\json-path-2.9.0.jar;C:\Users\anali\.m2\repository\jakarta\xml\bind\jakarta.xml.bind-api\4.0.2\jakarta.xml.bind-api-4.0.2.jar;C:\Users\anali\.m2\repository\jakarta\activation\jakarta.activation-api\2.1.3\jakarta.activation-api-2.1.3.jar;C:\Users\anali\.m2\repository\net\minidev\json-smart\2.5.1\json-smart-2.5.1.jar;C:\Users\anali\.m2\repository\net\minidev\accessors-smart\2.5.1\accessors-smart-2.5.1.jar;C:\Users\anali\.m2\repository\org\ow2\asm\asm\9.6\asm-9.6.jar;C:\Users\anali\.m2\repository\org\assertj\assertj-core\3.24.2\assertj-core-3.24.2.jar;C:\Users\anali\.m2\repository\org\awaitility\awaitility\4.2.1\awaitility-4.2.1.jar;C:\Users\anali\.m2\repository\org\hamcrest\hamcrest\2.2\hamcrest-2.2.jar;C:\Users\anali\.m2\repository\org\junit\jupiter\junit-jupiter\5.10.2\junit-jupiter-5.10.2.jar;C:\Users\anali\.m2\repository\org\junit\jupiter\junit-jupiter-api\5.10.2\junit-jupiter-api-5.10.2.jar;C:\Users\anali\.m2\repository\org\junit\jupiter\junit-jupiter-params\5.10.2\junit-jupiter-params-5.10.2.jar;C:\Users\anali\.m2\repository\org\junit\jupiter\junit-jupiter-engine\5.10.2\junit-jupiter-engine-5.10.2.jar;C:\Users\anali\.m2\repository\org\mockito\mockito-core\5.7.0\mockito-core-5.7.0.jar;C:\Users\anali\.m2\repository\net\bytebuddy\byte-buddy-agent\1.14.16\byte-buddy-agent-1.14.16.jar;C:\Users\anali\.m2\repository\org\objenesis\objenesis\3.3\objenesis-3.3.jar;C:\Users\anali\.m2\repository\org\mockito\mockito-junit-jupiter\5.7.0\mockito-junit-jupiter-5.7.0.jar;C:\Users\anali\.m2\repository\org\skyscreamer\jsonassert\1.5.1\jsonassert-1.5.1.jar;C:\Users\anali\.m2\repository\com\vaadin\external\google\android-json\0.0.20131108.vaadin1\android-json-0.0.20131108.vaadin1.jar;C:\Users\anali\.m2\repository\org\springframework\spring-core\6.1.8\spring-core-6.1.8.jar;C:\Users\anali\.m2\repository\org\springframework\spring-jcl\6.1.8\spring-jcl-6.1.8.jar;C:\Users\anali\.m2\repository\org\springframework\spring-test\6.1.8\spring-test-6.1.8.jar;C:\Users\anali\.m2\repository\org\xmlunit\xmlunit-core\2.9.1\xmlunit-core-2.9.1.jar;C:\Users\anali\.m2\repository\io\cucumber\cucumber-java\7.18.0\cucumber-java-7.18.0.jar;C:\Users\anali\.m2\repository\io\cucumber\cucumber-core\7.18.0\cucumber-core-7.18.0.jar;C:\Users\anali\.m2\repository\io\cucumber\cucumber-gherkin\7.18.0\cucumber-gherkin-7.18.0.jar;C:\Users\anali\.m2\repository\io\cucumber\cucumber-gherkin-messages\7.18.0\cucumber-gherkin-messages-7.18.0.jar;C:\Users\anali\.m2\repository\io\cucumber\gherkin\28.0.0\gherkin-28.0.0.jar;C:\Users\anali\.m2\repository\io\cucumber\messages\24.1.0\messages-24.1.0.jar;C:\Users\anali\.m2\repository\io\cucumber\testng-xml-formatter\0.1.0\testng-xml-formatter-0.1.0.jar;C:\Users\anali\.m2\repository\io\cucumber\query\12.2.0\query-12.2.0.jar;C:\Users\anali\.m2\repository\io\cucumber\tag-expressions\6.1.0\tag-expressions-6.1.0.jar;C:\Users\anali\.m2\repository\io\cucumber\cucumber-expressions\17.1.0\cucumber-expressions-17.1.0.jar;C:\Users\anali\.m2\repository\io\cucumber\datatable\7.18.0\datatable-7.18.0.jar;C:\Users\anali\.m2\repository\io\cucumber\cucumber-plugin\7.18.0\cucumber-plugin-7.18.0.jar;C:\Users\anali\.m2\repository\io\cucumber\docstring\7.18.0\docstring-7.18.0.jar;C:\Users\anali\.m2\repository\io\cucumber\html-formatter\21.3.1\html-formatter-21.3.1.jar;C:\Users\anali\.m2\repository\io\cucumber\junit-xml-formatter\0.4.0\junit-xml-formatter-0.4.0.jar;C:\Users\anali\.m2\repository\io\cucumber\ci-environment\10.0.1\ci-environment-10.0.1.jar;C:\Users\anali\.m2\repository\org\apiguardian\apiguardian-api\1.1.2\apiguardian-api-1.1.2.jar;C:\Users\anali\.m2\repository\io\cucumber\cucumber-junit-platform-engine\7.18.0\cucumber-junit-platform-engine-7.18.0.jar;C:\Users\anali\.m2\repository\org\junit\platform\junit-platform-engine\1.10.2\junit-platform-engine-1.10.2.jar;C:\Users\anali\.m2\repository\org\opentest4j\opentest4j\1.3.0\opentest4j-1.3.0.jar;C:\Users\anali\.m2\repository\io\rest-assured\rest-assured\5.3.2\rest-assured-5.3.2.jar;C:\Users\anali\.m2\repository\org\apache\groovy\groovy\4.0.21\groovy-4.0.21.jar;C:\Users\anali\.m2\repository\org\apache\groovy\groovy-xml\4.0.21\groovy-xml-4.0.21.jar;C:\Users\anali\.m2\repository\org\apache\httpcomponents\httpclient\4.5.13\httpclient-4.5.13.jar;C:\Users\anali\.m2\repository\org\apache\httpcomponents\httpcore\4.4.16\httpcore-4.4.16.jar;C:\Users\anali\.m2\repository\commons-logging\commons-logging\1.2\commons-logging-1.2.jar;C:\Users\anali\.m2\repository\commons-codec\commons-codec\1.16.1\commons-codec-1.16.1.jar;C:\Users\anali\.m2\repository\org\apache\httpcomponents\httpmime\4.5.13\httpmime-4.5.13.jar;C:\Users\anali\.m2\repository\org\ccil\cowan\tagsoup\tagsoup\1.2.1\tagsoup-1.2.1.jar;C:\Users\anali\.m2\repository\io\rest-assured\json-path\5.3.2\json-path-5.3.2.jar;C:\Users\anali\.m2\repository\org\apache\groovy\groovy-json\4.0.21\groovy-json-4.0.21.jar;C:\Users\anali\.m2\repository\io\rest-assured\rest-assured-common\5.3.2\rest-assured-common-5.3.2.jar;C:\Users\anali\.m2\repository\io\rest-assured\xml-path\5.3.2\xml-path-5.3.2.jar;C:\Users\anali\.m2\repository\org\apache\commons\commons-lang3\3.13.0\commons-lang3-3.13.0.jar;C:\Users\anali\.m2\repository\com\google\code\gson\gson\2.10.1\gson-2.10.1.jar;C:\Users\anali\.m2\repository\org\junit\platform\junit-platform-suite-api\1.10.2\junit-platform-suite-api-1.10.2.jar;C:\Users\anali\.m2\repository\org\junit\platform\junit-platform-commons\1.10.2\junit-platform-commons-1.10.2.jar;C:\Users\anali\.m2\repository\org\junit\platform\junit-platform-suite-engine\1.10.2\junit-platform-suite-engine-1.10.2.jar;C:\Users\anali\.m2\repository\org\junit\platform\junit-platform-suite-commons\1.10.2\junit-platform-suite-commons-1.10.2.jar;C:\Users\anali\.m2\repository\org\junit\platform\junit-platform-launcher\1.10.2\junit-platform-launcher-1.10.2.jar;"/>
    <property name="java.vm.vendor" value="Oracle Corporation"/>
    <property name="sun.arch.data.model" value="64"/>
    <property name="user.variant" value=""/>
    <property name="java.vendor.url" value="https://java.oracle.com/"/>
    <property name="user.timezone" value="America/Fortaleza"/>
    <property name="os.name" value="Windows 11"/>
    <property name="java.vm.specification.version" value="21"/>
    <property name="sun.java.launcher" value="SUN_STANDARD"/>
    <property name="user.country" value="BR"/>
    <property name="sun.boot.library.path" value="C:\Program Files\Java\jdk-21\bin"/>
    <property name="sun.java.command" value="C:\Users\anali\AppData\Local\Temp\surefire1653969195827541121\surefirebooter-20251027002415210_3.jar C:\Users\anali\AppData\Local\Temp\surefire1653969195827541121 2025-10-27T00-24-12_110-jvmRun1 surefire-20251027002415210_1tmp surefire_0-20251027002415210_2tmp"/>
    <property name="jdk.debug" value="release"/>
    <property name="test" value="RunCucumberTest"/>
    <property name="surefire.test.class.path" value="C:\Users\anali\Downloads\diversidadeAPItestes\diversidadeProject\diversidade\diversidade\target\test-classes;C:\Users\anali\Downloads\diversidadeAPItestes\diversidadeProject\diversidade\diversidade\target\classes;C:\Users\anali\.m2\repository\org\springframework\boot\spring-boot-starter-web\3.2.6\spring-boot-starter-web-3.2.6.jar;C:\Users\anali\.m2\repository\org\springframework\boot\spring-boot-starter\3.2.6\spring-boot-starter-3.2.6.jar;C:\Users\anali\.m2\repository\org\springframework\boot\spring-boot-starter-logging\3.2.6\spring-boot-starter-logging-3.2.6.jar;C:\Users\anali\.m2\repository\ch\qos\logback\logback-classic\1.4.14\logback-classic-1.4.14.jar;C:\Users\anali\.m2\repository\ch\qos\logback\logback-core\1.4.14\logback-core-1.4.14.jar;C:\Users\anali\.m2\repository\org\apache\logging\log4j\log4j-to-slf4j\2.21.1\log4j-to-slf4j-2.21.1.jar;C:\Users\anali\.m2\repository\org\apache\logging\log4j\log4j-api\2.21.1\log4j-api-2.21.1.jar;C:\Users\anali\.m2\repository\org\slf4j\jul-to-slf4j\2.0.13\jul-to-slf4j-2.0.13.jar;C:\Users\anali\.m2\repository\jakarta\annotation\jakarta.annotation-api\2.1.1\jakarta.annotation-api-2.1.1.jar;C:\Users\anali\.m2\repository\org\yaml\snakeyaml\2.2\snakeyaml-2.2.jar;C:\Users\anali\.m2\repository\org\springframework\boot\spring-boot-starter-json\3.2.6\spring-boot-starter-json-3.2.6.jar;C:\Users\anali\.m2\repository\com\fasterxml\jackson\datatype\jackson-datatype-jdk8\2.15.4\jackson-datatype-jdk8-2.15.4.jar;C:\Users\anali\.m2\repository\com\fasterxml\jackson\datatype\jackson-datatype-jsr310\2.15.4\jackson-datatype-jsr310-2.15.4.jar;C:\Users\anali\.m2\repository\com\fasterxml\jackson\module\jackson-module-parameter-names\2.15.4\jackson-module-parameter-names-2.15.4.jar;C:\Users\anali\.m2\repository\org\springframework\boot\spring-boot-starter-tomcat\3.2.6\spring-boot-starter-tomcat-3.2.6.jar;C:\Users\anali\.m2\repository\org\apache\tomcat\embed\tomcat-embed-core\10.1.24\tomcat-embed-core-10.1.24.jar;C:\Users\anali\.m2\repository\org\apache\tomcat\embed\tomcat-embed-websocket\10.1.24\tomcat-embed-websocket-10.1.24.jar;C:\Users\anali\.m2\repository\org\springframework\spring-web\6.1.8\spring-web-6.1.8.jar;C:\Users\anali\.m2\repository\org\springframework\spring-beans\6.1.8\spring-beans-6.1.8.jar;C:\Users\anali\.m2\repository\io\micrometer\micrometer-observation\1.12.6\micrometer-observation-1.12.6.jar;C:\Users\anali\.m2\repository\io\micrometer\micrometer-commons\1.12.6\micrometer-commons-1.12.6.jar;C:\Users\anali\.m2\repository\org\springframework\spring-webmvc\6.1.8\spring-webmvc-6.1.8.jar;C:\Users\anali\.m2\repository\org\springframework\spring-context\6.1.8\spring-context-6.1.8.jar;C:\Users\anali\.m2\repository\org\springframework\spring-expression\6.1.8\spring-expression-6.1.8.jar;C:\Users\anali\.m2\repository\org\springframework\boot\spring-boot-starter-data-jpa\3.2.6\spring-boot-starter-data-jpa-3.2.6.jar;C:\Users\anali\.m2\repository\org\springframework\boot\spring-boot-starter-aop\3.2.6\spring-boot-starter-aop-3.2.6.jar;C:\Users\anali\.m2\repository\org\aspectj\aspectjweaver\1.9.22\aspectjweaver-1.9.22.jar;C:\Users\anali\.m2\repository\org\springframework\boot\spring-boot-starter-jdbc\3.2.6\spring-boot-starter-jdbc-3.2.6.jar;C:\Users\anali\.m2\repository\com\zaxxer\HikariCP\5.0.1\HikariCP-5.0.1.jar;C:\Users\anali\.m2\repository\org\springframework\spring-jdbc\6.1.8\spring-jdbc-6.1.8.jar;C:\Users\anali\.m2\repository\org\hibernate\orm\hibernate-core\6.4.8.Final\hibernate-core-6.4.8.Final.jar;C:\Users\anali\.m2\repository\jakarta\transaction\jakarta.transaction-api\2.0.1\jakarta.transaction-api-2.0.1.jar;C:\Users\anali\.m2\repository\org\jboss\logging\jboss-logging\3.5.3.Final\jboss-logging-3.5.3.Final.jar;C:\Users\anali\.m2\repository\org\hibernate\common\hibernate-commons-annotations\6.0.6.Final\hibernate-commons-annotations-6.0.6.Final.jar;C:\Users\anali\.m2\repository\io\smallrye\jandex\3.1.2\jandex-3.1.2.jar;C:\Users\anali\.m2\repository\com\fasterxml\classmate\1.6.0\classmate-1.6.0.jar;C:\Users\anali\.m2\repository\net\bytebuddy\byte-buddy\1.14.16\byte-buddy-1.14.16.jar;C:\Users\anali\.m2\repository\org\glassfish\jaxb\jaxb-runtime\4.0.5\jaxb-runtime-4.0.5.jar;C:\Users\anali\.m2\repository\org\glassfish\jaxb\jaxb-core\4.0.5\jaxb-core-4.0.5.jar;C:\Users\anali\.m2\repository\org\eclipse\angus\angus-activation\2.0.2\angus-activation-2.0.2.jar;C:\Users\anali\.m2\repository\org\glassfish\jaxb\txw2\4.0.5\txw2-4.0.5.jar;C:\Users\anali\.m2\repository\com\sun\istack\istack-commons-runtime\4.1.2\istack-commons-runtime-4.1.2.jar;C:\Users\anali\.m2\repository\jakarta\inject\jakarta.inject-api\2.0.1\jakarta.inject-api-2.0.1.jar;C:\Users\anali\.m2\repository\org\antlr\antlr4-runtime\4.13.0\antlr4-runtime-4.13.0.jar;C:\Users\anali\.m2\repository\org\springframework\data\spring-data-jpa\3.2.6\spring-data-jpa-3.2.6.jar;C:\Users\anali\.m2\repository\org\springframework\data\spring-data-commons\3.2.6\spring-data-commons-3.2.6.jar;C:\Users\anali\.m2\repository\org\springframework\spring-orm\6.1.8\spring-orm-6.1.8.jar;C:\Users\anali\.m2\repository\org\springframework\spring-tx\6.1.8\spring-tx-6.1.8.jar;C:\Users\anali\.m2\repository\org\slf4j\slf4j-api\2.0.13\slf4j-api-2.0.13.jar;C:\Users\anali\.m2\repository\org\springframework\spring-aspects\6.1.8\spring-aspects-6.1.8.jar;C:\Users\anali\.m2\repository\org\springframework\boot\spring-boot-starter-security\3.2.6\spring-boot-starter-security-3.2.6.jar;C:\Users\anali\.m2\repository\org\springframework\spring-aop\6.1.8\spring-aop-6.1.8.jar;C:\Users\anali\.m2\repository\org\springframework\security\spring-security-config\6.2.4\spring-security-config-6.2.4.jar;C:\Users\anali\.m2\repository\org\springframework\security\spring-security-core\6.2.4\spring-security-core-6.2.4.jar;C:\Users\anali\.m2\repository\org\springframework\security\spring-security-crypto\6.2.4\spring-security-crypto-6.2.4.jar;C:\Users\anali\.m2\repository\org\springframework\security\spring-security-web\6.2.4\spring-security-web-6.2.4.jar;C:\Users\anali\.m2\repository\org\springframework\boot\spring-boot-starter-validation\3.2.6\spring-boot-starter-validation-3.2.6.jar;C:\Users\anali\.m2\repository\org\apache\tomcat\embed\tomcat-embed-el\10.1.24\tomcat-embed-el-10.1.24.jar;C:\Users\anali\.m2\repository\org\hibernate\validator\hibernate-validator\8.0.1.Final\hibernate-validator-8.0.1.Final.jar;C:\Users\anali\.m2\repository\jakarta\validation\jakarta.validation-api\3.0.2\jakarta.validation-api-3.0.2.jar;C:\Users\anali\.m2\repository\jakarta\servlet\jakarta.servlet-api\6.0.0\jakarta.servlet-api-6.0.0.jar;C:\Users\anali\.m2\repository\jakarta\persistence\jakarta.persistence-api\3.1.0\jakarta.persistence-api-3.1.0.jar;C:\Users\anali\.m2\repository\org\flywaydb\flyway-core\9.22.3\flyway-core-9.22.3.jar;C:\Users\anali\.m2\repository\com\fasterxml\jackson\dataformat\jackson-dataformat-toml\2.15.4\jackson-dataformat-toml-2.15.4.jar;C:\Users\anali\.m2\repository\com\fasterxml\jackson\core\jackson-core\2.15.4\jackson-core-2.15.4.jar;C:\Users\anali\.m2\repository\com\oracle\database\jdbc\ojdbc8\23.2.0.0\ojdbc8-23.2.0.0.jar;C:\Users\anali\.m2\repository\com\h2database\h2\2.2.224\h2-2.2.224.jar;C:\Users\anali\.m2\repository\org\springdoc\springdoc-openapi-starter-webmvc-ui\2.3.0\springdoc-openapi-starter-webmvc-ui-2.3.0.jar;C:\Users\anali\.m2\repository\org\springdoc\springdoc-openapi-starter-webmvc-api\2.3.0\springdoc-openapi-starter-webmvc-api-2.3.0.jar;C:\Users\anali\.m2\repository\org\springdoc\springdoc-openapi-starter-common\2.3.0\springdoc-openapi-starter-common-2.3.0.jar;C:\Users\anali\.m2\repository\io\swagger\core\v3\swagger-core-jakarta\2.2.19\swagger-core-jakarta-2.2.19.jar;C:\Users\anali\.m2\repository\io\swagger\core\v3\swagger-annotations-jakarta\2.2.19\swagger-annotations-jakarta-2.2.19.jar;C:\Users\anali\.m2\repository\io\swagger\core\v3\swagger-models-jakarta\2.2.19\swagger-models-jakarta-2.2.19.jar;C:\Users\anali\.m2\repository\com\fasterxml\jackson\dataformat\jackson-dataformat-yaml\2.15.4\jackson-dataformat-yaml-2.15.4.jar;C:\Users\anali\.m2\repository\org\webjars\swagger-ui\5.10.3\swagger-ui-5.10.3.jar;C:\Users\anali\.m2\repository\io\jsonwebtoken\jjwt-api\0.11.5\jjwt-api-0.11.5.jar;C:\Users\anali\.m2\repository\io\jsonwebtoken\jjwt-impl\0.11.5\jjwt-impl-0.11.5.jar;C:\Users\anali\.m2\repository\io\jsonwebtoken\jjwt-jackson\0.11.5\jjwt-jackson-0.11.5.jar;C:\Users\anali\.m2\repository\com\fasterxml\jackson\core\jackson-databind\2.15.4\jackson-databind-2.15.4.jar;C:\Users\anali\.m2\repository\com\fasterxml\jackson\core\jackson-annotations\2.15.4\jackson-annotations-2.15.4.jar;C:\Users\anali\.m2\repository\org\projectlombok\lombok\1.18.32\lombok-1.18.32.jar;C:\Users\anali\.m2\repository\org\springframework\boot\spring-boot-devtools\3.2.6\spring-boot-devtools-3.2.6.jar;C:\Users\anali\.m2\repository\org\springframework\boot\spring-boot\3.2.6\spring-boot-3.2.6.jar;C:\Users\anali\.m2\repository\org\springframework\boot\spring-boot-autoconfigure\3.2.6\spring-boot-autoconfigure-3.2.6.jar;C:\Users\anali\.m2\repository\org\springframework\boot\spring-boot-starter-test\3.2.6\spring-boot-starter-test-3.2.6.jar;C:\Users\anali\.m2\repository\org\springframework\boot\spring-boot-test\3.2.6\spring-boot-test-3.2.6.jar;C:\Users\anali\.m2\repository\org\springframework\boot\spring-boot-test-autoconfigure\3.2.6\spring-boot-test-autoconfigure-3.2.6.jar;C:\Users\anali\.m2\repository\com\jayway\jsonpath\json-path\2.9.0\json-path-2.9.0.jar;C:\Users\anali\.m2\repository\jakarta\xml\bind\jakarta.xml.bind-api\4.0.2\jakarta.xml.bind-api-4.0.2.jar;C:\Users\anali\.m2\repository\jakarta\activation\jakarta.activation-api\2.1.3\jakarta.activation-api-2.1.3.jar;C:\Users\anali\.m2\repository\net\minidev\json-smart\2.5.1\json-smart-2.5.1.jar;C:\Users\anali\.m2\repository\net\minidev\accessors-smart\2.5.1\accessors-smart-2.5.1.jar;C:\Users\anali\.m2\repository\org\ow2\asm\asm\9.6\asm-9.6.jar;C:\Users\anali\.m2\repository\org\assertj\assertj-core\3.24.2\assertj-core-3.24.2.jar;C:\Users\anali\.m2\repository\org\awaitility\awaitility\4.2.1\awaitility-4.2.1.jar;C:\Users\anali\.m2\repository\org\hamcrest\hamcrest\2.2\hamcrest-2.2.jar;C:\Users\anali\.m2\repository\org\junit\jupiter\junit-jupiter\5.10.2\junit-jupiter-5.10.2.jar;C:\Users\anali\.m2\repository\org\junit\jupiter\junit-jupiter-api\5.10.2\junit-jupiter-api-5.10.2.jar;C:\Users\anali\.m2\repository\org\junit\jupiter\junit-jupiter-params\5.10.2\junit-jupiter-params-5.10.2.jar;C:\Users\anali\.m2\repository\org\junit\jupiter\junit-jupiter-engine\5.10.2\junit-jupiter-engine-5.10.2.jar;C:\Users\anali\.m2\repository\org\mockito\mockito-core\5.7.0\mockito-core-5.7.0.jar;C:\Users\anali\.m2\repository\net\bytebuddy\byte-buddy-agent\1.14.16\byte-buddy-agent-1.14.16.jar;C:\Users\anali\.m2\repository\org\objenesis\objenesis\3.3\objenesis-3.3.jar;C:\Users\anali\.m2\repository\org\mockito\mockito-junit-jupiter\5.7.0\mockito-junit-jupiter-5.7.0.jar;C:\Users\anali\.m2\repository\org\skyscreamer\jsonassert\1.5.1\jsonassert-1.5.1.jar;C:\Users\anali\.m2\repository\com\vaadin\external\google\android-json\0.0.20131108.vaadin1\android-json-0.0.20131108.vaadin1.jar;C:\Users\anali\.m2\repository\org\springframework\spring-core\6.1.8\spring-core-6.1.8.jar;C:\Users\anali\.m2\repository\org\springframework\spring-jcl\6.1.8\spring-jcl-6.1.8.jar;C:\Users\anali\.m2\repository\org\springframework\spring-test\6.1.8\spring-test-6.1.8.jar;C:\Users\anali\.m2\repository\org\xmlunit\xmlunit-core\2.9.1\xmlunit-core-2.9.1.jar;C:\Users\anali\.m2\repository\io\cucumber\cucumber-java\7.18.0\cucumber-java-7.18.0.jar;C:\Users\anali\.m2\repository\io\cucumber\cucumber-core\7.18.0\cucumber-core-7.18.0.jar;C:\Users\anali\.m2\repository\io\cucumber\cucumber-gherkin\7.18.0\cucumber-gherkin-7.18.0.jar;C:\Users\anali\.m2\repository\io\cucumber\cucumber-gherkin-messages\7.18.0\cucumber-gherkin-messages-7.18.0.jar;C:\Users\anali\.m2\repository\io\cucumber\gherkin\28.0.0\gherkin-28.0.0.jar;C:\Users\anali\.m2\repository\io\cucumber\messages\24.1.0\messages-24.1.0.jar;C:\Users\anali\.m2\repository\io\cucumber\testng-xml-formatter\0.1.0\testng-xml-formatter-0.1.0.jar;C:\Users\anali\.m2\repository\io\cucumber\query\12.2.0\query-12.2.0.jar;C:\Users\anali\.m2\repository\io\cucumber\tag-expressions\6.1.0\tag-expressions-6.1.0.jar;C:\Users\anali\.m2\repository\io\cucumber\cucumber-expressions\17.1.0\cucumber-expressions-17.1.0.jar;C:\Users\anali\.m2\repository\io\cucumber\datatable\7.18.0\datatable-7.18.0.jar;C:\Users\anali\.m2\repository\io\cucumber\cucumber-plugin\7.18.0\cucumber-plugin-7.18.0.jar;C:\Users\anali\.m2\repository\io\cucumber\docstring\7.18.0\docstring-7.18.0.jar;C:\Users\anali\.m2\repository\io\cucumber\html-formatter\21.3.1\html-formatter-21.3.1.jar;C:\Users\anali\.m2\repository\io\cucumber\junit-xml-formatter\0.4.0\junit-xml-formatter-0.4.0.jar;C:\Users\anali\.m2\repository\io\cucumber\ci-environment\10.0.1\ci-environment-10.0.1.jar;C:\Users\anali\.m2\repository\org\apiguardian\apiguardian-api\1.1.2\apiguardian-api-1.1.2.jar;C:\Users\anali\.m2\repository\io\cucumber\cucumber-junit-platform-engine\7.18.0\cucumber-junit-platform-engine-7.18.0.jar;C:\Users\anali\.m2\repository\org\junit\platform\junit-platform-engine\1.10.2\junit-platform-engine-1.10.2.jar;C:\Users\anali\.m2\repository\org\opentest4j\opentest4j\1.3.0\opentest4j-1.3.0.jar;C:\Users\anali\.m2\repository\io\rest-assured\rest-assured\5.3.2\rest-assured-5.3.2.jar;C:\Users\anali\.m2\repository\org\apache\groovy\groovy\4.0.21\groovy-4.0.21.jar;C:\Users\anali\.m2\repository\org\apache\groovy\groovy-xml\4.0.21\groovy-xml-4.0.21.jar;C:\Users\anali\.m2\repository\org\apache\httpcomponents\httpclient\4.5.13\httpclient-4.5.13.jar;C:\Users\anali\.m2\repository\org\apache\httpcomponents\httpcore\4.4.16\httpcore-4.4.16.jar;C:\Users\anali\.m2\repository\commons-logging\commons-logging\1.2\commons-logging-1.2.jar;C:\Users\anali\.m2\repository\commons-codec\commons-codec\1.16.1\commons-codec-1.16.1.jar;C:\Users\anali\.m2\repository\org\apache\httpcomponents\httpmime\4.5.13\httpmime-4.5.13.jar;C:\Users\anali\.m2\repository\org\ccil\cowan\tagsoup\tagsoup\1.2.1\tagsoup-1.2.1.jar;C:\Users\anali\.m2\repository\io\rest-assured\json-path\5.3.2\json-path-5.3.2.jar;C:\Users\anali\.m2\repository\org\apache\groovy\groovy-json\4.0.21\groovy-json-4.0.21.jar;C:\Users\anali\.m2\repository\io\rest-assured\rest-assured-common\5.3.2\rest-assured-common-5.3.2.jar;C:\Users\anali\.m2\repository\io\rest-assured\xml-path\5.3.2\xml-path-5.3.2.jar;C:\Users\anali\.m2\repository\org\apache\commons\commons-lang3\3.13.0\commons-lang3-3.13.0.jar;C:\Users\anali\.m2\repository\com\google\code\gson\gson\2.10.1\gson-2.10.1.jar;C:\Users\anali\.m2\repository\org\junit\platform\junit-platform-suite-api\1.10.2\junit-platform-suite-api-1.10.2.jar;C:\Users\anali\.m2\repository\org\junit\platform\junit-platform-commons\1.10.2\junit-platform-commons-1.10.2.jar;C:\Users\anali\.m2\repository\org\junit\platform\junit-platform-suite-engine\1.10.2\junit-platform-suite-engine-1.10.2.jar;C:\Users\anali\.m2\repository\org\junit\platform\junit-platform-suite-commons\1.10.2\junit-platform-suite-commons-1.10.2.jar;C:\Users\anali\.m2\repository\org\junit\platform\junit-platform-launcher\1.10.2\junit-platform-launcher-1.10.2.jar;"/>
    <property name="sun.cpu.endian" value="little"/>
    <property name="user.home" value="C:\Users\anali"/>
    <property name="user.language" value="pt"/>
    <property name="java.specification.vendor" value="Oracle Corporation"/>
    <property name="java.version.date" value="2024-01-16"/>
    <property name="java.home" value="C:\Program Files\Java\jdk-21"/>
    <property name="file.separator" value="\"/>
    <property name="basedir" value="C:\Users\anali\Downloads\diversidadeAPItestes\diversidadeProject\diversidade\diversidade"/>
    <property name="java.vm.compressedOopsMode" value="32-bit"/>
    <property name="line.separator" value="&#10;"/>
    <property name="java.vm.specification.vendor" value="Oracle Corporation"/>
    <property name="java.specification.name" value="Java Platform API Specification"/>
    <property name="surefire.real.class.path" value="C:\Users\anali\AppData\Local\Temp\surefire1653969195827541121\surefirebooter-20251027002415210_3.jar"/>
    <property name="user.script" value=""/>
    <property name="sun.management.compiler" value="HotSpot 64-Bit Tiered Compilers"/>
    <property name="java.runtime.version" value="21.0.2+13-LTS-58"/>
    <property name="user.name" value="anali"/>
    <property name="stdout.encoding" value="Cp1252"/>
    <property name="path.separator" value=";"/>
    <property name="os.version" value="10.0"/>
    <property name="java.runtime.name" value="Java(TM) SE Runtime Environment"/>
    <property name="file.encoding" value="UTF-8"/>
    <property name="java.vm.name" value="Java HotSpot(TM) 64-Bit Server VM"/>
    <property name="localRepository" value="C:\Users\anali\.m2\repository"/>
    <property name="java.vendor.url.bug" value="https://bugreport.java.com/bugreport/"/>
    <property name="java.io.tmpdir" value="C:\Users\anali\AppData\Local\Temp\"/>
    <property name="java.version" value="21.0.2"/>
    <property name="user.dir" value="C:\Users\anali\Downloads\diversidadeAPItestes\diversidadeProject\diversidade\diversidade"/>
    <property name="os.arch" value="amd64"/>
    <property name="java.vm.specification.name" value="Java Virtual Machine Specification"/>
    <property name="sun.os.patch.level" value=""/>
    <property name="native.encoding" value="Cp1252"/>
    <property name="java.library.path" value="C:\Program Files\Java\jdk-21\bin;C:\WINDOWS\Sun\Java\bin;C:\WINDOWS\system32;C:\WINDOWS;c:\Users\anali\AppData\Local\Programs\cursor\resources\app\bin;C:\Program Files\Google\Chrome\Application;C:\Python312\Scripts\;C:\Python312\;C:\Program Files\Common Files\Oracle\Java\javapath;C:\WINDOWS\system32;C:\WINDOWS;C:\WINDOWS\System32\Wbem;C:\WINDOWS\System32\WindowsPowerShell\v1.0\;C:\WINDOWS\System32\OpenSSH\;C:\php;C:\Program Files\nodejs\;C:\ProgramData\chocolatey\bin;C:\Program Files\Git\cmd;C:\Gradle\gradle-8.13\bin;C:\maven\apache-maven-3.9.9\bin;C:\Users\anali\AppData\Local\Microsoft\WindowsApps;C:\Program Files\sf\bin;C:\Users\anali\AppData\Roaming\npm;C:\Users\anali\AppData\Local\GitHubDesktop\bin;c:\Users\anali\AppData\Local\Programs\cursor\resources\app\bin;C:\Program Files\Docker\Docker\resources\bin;C:\Users\anali\AppData\Local\Microsoft\WindowsApps;C:\Users\anali\AppData\Local\Programs\Microsoft VS Code\bin;C:\Program Files\sf\bin;C:\Users\anali\AppData\Roaming\npm;C:\Users\anali\AppData\Local\GitHubDesktop\bin;C:\Users\anali\AppData\Local\Programs\cursor\resources\app\bin;C:\Program Files\OpenSSL-Win64\bin;C:\Users\anali\Downloads\apache-maven-3.9.9-bin\apache-maven-3.9.9\bin;;."/>
    <property name="java.vm.info" value="mixed mode, sharing"/>
    <property name="stderr.encoding" value="Cp1252"/>
    <property name="java.vendor" value="Oracle Corporation"/>
    <property name="java.vm.version" value="21.0.2+13-LTS-58"/>
    <property name="sun.io.unicode.encoding" value="UnicodeLittle"/>
    <property name="java.class.version" value="65.0"/>
  </properties>
  <testcase name="Login bem-sucedido com credenciais válidas" classname="Gerenciamento de Autenticação" time="4.805">
    <error message="Connection refused: connect" type="java.net.ConnectException"><![CDATA[java.net.ConnectException: Connection refused: connect
	at java.base/sun.nio.ch.Net.connect0(Native Method)
	at java.base/sun.nio.ch.Net.connect(Net.java:589)
	at java.base/sun.nio.ch.Net.connect(Net.java:578)
	at java.base/sun.nio.ch.NioSocketImpl.connect(NioSocketImpl.java:583)
	at java.base/java.net.SocksSocketImpl.connect(SocksSocketImpl.java:327)
	at java.base/java.net.Socket.connect(Socket.java:751)
	at org.apache.http.conn.scheme.PlainSocketFactory.connectSocket(PlainSocketFactory.java:121)
	at org.apache.http.impl.conn.DefaultClientConnectionOperator.openConnection(DefaultClientConnectionOperator.java:180)
	at org.apache.http.impl.conn.ManagedClientConnectionImpl.open(ManagedClientConnectionImpl.java:326)
	at org.apache.http.impl.client.DefaultRequestDirector.tryConnect(DefaultRequestDirector.java:605)
	at org.apache.http.impl.client.DefaultRequestDirector.execute(DefaultRequestDirector.java:440)
	at org.apache.http.impl.client.AbstractHttpClient.doExecute(AbstractHttpClient.java:835)
	at org.apache.http.impl.client.CloseableHttpClient.execute(CloseableHttpClient.java:83)
	at io.restassured.internal.RestAssuredHttpBuilder.doRequest(RestAssuredHttpBuilder.java:141)
	at io.restassured.internal.http.HTTPBuilder.post(HTTPBuilder.java:349)
	at io.restassured.internal.http.HTTPBuilder$post$2.call(Unknown Source)
	at org.codehaus.groovy.runtime.callsite.CallSiteArray.defaultCall(CallSiteArray.java:45)
	at org.codehaus.groovy.runtime.callsite.AbstractCallSite.call(AbstractCallSite.java:125)
	at org.codehaus.groovy.runtime.callsite.AbstractCallSite.call(AbstractCallSite.java:148)
	at io.restassured.internal.RequestSpecificationImpl.sendRequest(RequestSpecificationImpl.groovy:1209)
	at io.restassured.internal.RequestSpecificationImpl.this$2$sendRequest(RequestSpecificationImpl.groovy)
	at java.base/java.lang.reflect.Method.invoke(Method.java:580)
	at org.codehaus.groovy.reflection.CachedMethod.invoke(CachedMethod.java:343)
	at groovy.lang.MetaMethod.doMethodInvoke(MetaMethod.java:328)
	at groovy.lang.MetaClassImpl.doInvokeMethod(MetaClassImpl.java:1333)
	at groovy.lang.MetaClassImpl.invokeMethod(MetaClassImpl.java:1088)
	at groovy.lang.MetaClassImpl.invokeMethod(MetaClassImpl.java:1007)
	at groovy.lang.MetaClassImpl.invokeMethod(MetaClassImpl.java:790)
	at io.restassured.internal.RequestSpecificationImpl.invokeMethod(RequestSpecificationImpl.groovy)
	at org.codehaus.groovy.runtime.callsite.PogoInterceptableSite.call(PogoInterceptableSite.java:46)
	at org.codehaus.groovy.runtime.callsite.CallSiteArray.defaultCall(CallSiteArray.java:45)
	at org.codehaus.groovy.runtime.callsite.AbstractCallSite.call(AbstractCallSite.java:125)
	at org.codehaus.groovy.runtime.callsite.AbstractCallSite.call(AbstractCallSite.java:166)
	at io.restassured.internal.filter.SendRequestFilter.filter(SendRequestFilter.groovy:30)
	at io.restassured.filter.Filter$filter.call(Unknown Source)
	at org.codehaus.groovy.runtime.callsite.CallSiteArray.defaultCall(CallSiteArray.java:45)
	at io.restassured.filter.Filter$filter$0.call(Unknown Source)
	at io.restassured.internal.filter.FilterContextImpl.next(FilterContextImpl.groovy:72)
	at io.restassured.filter.time.TimingFilter.filter(TimingFilter.java:56)
	at io.restassured.filter.Filter$filter$0.call(Unknown Source)
	at org.codehaus.groovy.runtime.callsite.CallSiteArray.defaultCall(CallSiteArray.java:45)
	at io.restassured.filter.Filter$filter.call(Unknown Source)
	at io.restassured.internal.filter.FilterContextImpl.next(FilterContextImpl.groovy:72)
	at io.restassured.filter.FilterContext$next.call(Unknown Source)
	at org.codehaus.groovy.runtime.callsite.CallSiteArray.defaultCall(CallSiteArray.java:45)
	at org.codehaus.groovy.runtime.callsite.AbstractCallSite.call(AbstractCallSite.java:125)
	at org.codehaus.groovy.runtime.callsite.AbstractCallSite.call(AbstractCallSite.java:148)
	at io.restassured.internal.filter.CsrfFilter.filter(CsrfFilter.groovy:70)
	at io.restassured.filter.Filter$filter.call(Unknown Source)
	at org.codehaus.groovy.runtime.callsite.CallSiteArray.defaultCall(CallSiteArray.java:45)
	at org.codehaus.groovy.runtime.callsite.AbstractCallSite.call(AbstractCallSite.java:125)
	at org.codehaus.groovy.runtime.callsite.AbstractCallSite.call(AbstractCallSite.java:157)
	at io.restassured.internal.filter.FilterContextImpl.next(FilterContextImpl.groovy:72)
	at io.restassured.filter.FilterContext$next.call(Unknown Source)
	at org.codehaus.groovy.runtime.callsite.CallSiteArray.defaultCall(CallSiteArray.java:45)
	at org.codehaus.groovy.runtime.callsite.AbstractCallSite.call(AbstractCallSite.java:125)
	at org.codehaus.groovy.runtime.callsite.AbstractCallSite.call(AbstractCallSite.java:148)
	at io.restassured.internal.RequestSpecificationImpl.applyPathParamsAndSendRequest(RequestSpecificationImpl.groovy:1704)
	at io.restassured.internal.RequestSpecificationImpl.this$2$applyPathParamsAndSendRequest(RequestSpecificationImpl.groovy)
	at java.base/java.lang.reflect.Method.invoke(Method.java:580)
	at org.codehaus.groovy.reflection.CachedMethod.invoke(CachedMethod.java:343)
	at groovy.lang.MetaMethod.doMethodInvoke(MetaMethod.java:328)
	at groovy.lang.MetaClassImpl.doInvokeMethod(MetaClassImpl.java:1333)
	at groovy.lang.MetaClassImpl.invokeMethod(MetaClassImpl.java:1088)
	at groovy.lang.MetaClassImpl.invokeMethod(MetaClassImpl.java:1007)
	at groovy.lang.MetaClassImpl.invokeMethod(MetaClassImpl.java:790)
	at io.restassured.internal.RequestSpecificationImpl.invokeMethod(RequestSpecificationImpl.groovy)
	at org.codehaus.groovy.runtime.callsite.PogoInterceptableSite.call(PogoInterceptableSite.java:46)
	at org.codehaus.groovy.runtime.callsite.PogoInterceptableSite.callCurrent(PogoInterceptableSite.java:57)
	at org.codehaus.groovy.runtime.callsite.CallSiteArray.defaultCallCurrent(CallSiteArray.java:49)
	at org.codehaus.groovy.runtime.callsite.AbstractCallSite.callCurrent(AbstractCallSite.java:171)
	at org.codehaus.groovy.runtime.callsite.AbstractCallSite.callCurrent(AbstractCallSite.java:203)
	at io.restassured.internal.RequestSpecificationImpl.applyPathParamsAndSendRequest(RequestSpecificationImpl.groovy:1710)
	at io.restassured.internal.RequestSpecificationImpl.this$2$applyPathParamsAndSendRequest(RequestSpecificationImpl.groovy)
	at java.base/java.lang.reflect.Method.invoke(Method.java:580)
	at org.codehaus.groovy.reflection.CachedMethod.invoke(CachedMethod.java:343)
	at groovy.lang.MetaMethod.doMethodInvoke(MetaMethod.java:328)
	at groovy.lang.MetaClassImpl.doInvokeMethod(MetaClassImpl.java:1333)
	at groovy.lang.MetaClassImpl.invokeMethod(MetaClassImpl.java:1088)
	at groovy.lang.MetaClassImpl.invokeMethod(MetaClassImpl.java:1007)
	at groovy.lang.MetaClassImpl.invokeMethod(MetaClassImpl.java:790)
	at io.restassured.internal.RequestSpecificationImpl.invokeMethod(RequestSpecificationImpl.groovy)
	at org.codehaus.groovy.runtime.callsite.PogoInterceptableSite.call(PogoInterceptableSite.java:46)
	at org.codehaus.groovy.runtime.callsite.PogoInterceptableSite.callCurrent(PogoInterceptableSite.java:57)
	at org.codehaus.groovy.runtime.callsite.CallSiteArray.defaultCallCurrent(CallSiteArray.java:49)
	at org.codehaus.groovy.runtime.callsite.AbstractCallSite.callCurrent(AbstractCallSite.java:171)
	at org.codehaus.groovy.runtime.callsite.AbstractCallSite.callCurrent(AbstractCallSite.java:203)
	at io.restassured.internal.RequestSpecificationImpl.post(RequestSpecificationImpl.groovy:176)
	at io.restassured.internal.RequestSpecificationImpl.post(RequestSpecificationImpl.groovy)
	at services.AutenticacaoService.loginWithCredentials(AutenticacaoService.java:37)
	at steps.AutenticacaoSteps.envioUmaRequisiçãoPOSTParaComAsCredenciais(AutenticacaoSteps.java:38)
	at ✽.envio uma requisição POST para "/auth/login" com as credenciais(classpath:features/autenticacao.feature:15)
]]></error>
    <system-out><![CDATA[
Cenário: Login bem-sucedido com credenciais válidas                      &amp#27;[90m# features/autenticacao.feature:11&amp#27;[0m
  &amp#27;[32mDado &amp#27;[0m&amp#27;[32mque a aplicação está rodando&amp#27;[0m                                      &amp#27;[90m# steps.AutenticacaoSteps.queAAplicaçãoEstáRodando()&amp#27;[0m
  &amp#27;[32mE &amp#27;[0m&amp#27;[32mo banco de dados está acessível&amp#27;[0m                                      &amp#27;[90m# steps.AutenticacaoSteps.oBancoDeDadosEstáAcessível()&amp#27;[0m
  &amp#27;[32mDado &amp#27;[0m&amp#27;[32mque tenho credenciais de usuário válidas&amp#27;[0m                          &amp#27;[90m# steps.AutenticacaoSteps.queTenhoCredenciaisDeUsuárioVálidas(io.cucumber.datatable.DataTable)&amp#27;[0m
    | username | password |
    | admin    | admin123 |
  &amp#27;[31mQuando &amp#27;[0m&amp#27;[31menvio uma requisição POST para &amp#27;[0m&amp#27;[31m&amp#27;[1m"/auth/login"&amp#27;[0m&amp#27;[31m com as credenciais&amp#27;[0m &amp#27;[90m# steps.AutenticacaoSteps.envioUmaRequisiçãoPOSTParaComAsCredenciais(java.lang.String)&amp#27;[0m
      &amp#27;[31mjava.net.ConnectException: Connection refused: connect
	at java.base/sun.nio.ch.Net.connect0(Native Method)
	at java.base/sun.nio.ch.Net.connect(Net.java:589)
	at java.base/sun.nio.ch.Net.connect(Net.java:578)
	at java.base/sun.nio.ch.NioSocketImpl.connect(NioSocketImpl.java:583)
	at java.base/java.net.SocksSocketImpl.connect(SocksSocketImpl.java:327)
	at java.base/java.net.Socket.connect(Socket.java:751)
	at org.apache.http.conn.scheme.PlainSocketFactory.connectSocket(PlainSocketFactory.java:121)
	at org.apache.http.impl.conn.DefaultClientConnectionOperator.openConnection(DefaultClientConnectionOperator.java:180)
	at org.apache.http.impl.conn.ManagedClientConnectionImpl.open(ManagedClientConnectionImpl.java:326)
	at org.apache.http.impl.client.DefaultRequestDirector.tryConnect(DefaultRequestDirector.java:605)
	at org.apache.http.impl.client.DefaultRequestDirector.execute(DefaultRequestDirector.java:440)
	at org.apache.http.impl.client.AbstractHttpClient.doExecute(AbstractHttpClient.java:835)
	at org.apache.http.impl.client.CloseableHttpClient.execute(CloseableHttpClient.java:83)
	at io.restassured.internal.RestAssuredHttpBuilder.doRequest(RestAssuredHttpBuilder.java:141)
	at io.restassured.internal.http.HTTPBuilder.post(HTTPBuilder.java:349)
	at io.restassured.internal.http.HTTPBuilder$post$2.call(Unknown Source)
	at org.codehaus.groovy.runtime.callsite.CallSiteArray.defaultCall(CallSiteArray.java:45)
	at org.codehaus.groovy.runtime.callsite.AbstractCallSite.call(AbstractCallSite.java:125)
	at org.codehaus.groovy.runtime.callsite.AbstractCallSite.call(AbstractCallSite.java:148)
	at io.restassured.internal.RequestSpecificationImpl.sendRequest(RequestSpecificationImpl.groovy:1209)
	at io.restassured.internal.RequestSpecificationImpl.this$2$sendRequest(RequestSpecificationImpl.groovy)
	at java.base/jdk.internal.reflect.DirectMethodHandleAccessor.invoke(DirectMethodHandleAccessor.java:103)
	at java.base/java.lang.reflect.Method.invoke(Method.java:580)
	at org.codehaus.groovy.reflection.CachedMethod.invoke(CachedMethod.java:343)
	at groovy.lang.MetaMethod.doMethodInvoke(MetaMethod.java:328)
	at groovy.lang.MetaClassImpl.doInvokeMethod(MetaClassImpl.java:1333)
	at groovy.lang.MetaClassImpl.invokeMethod(MetaClassImpl.java:1088)
	at groovy.lang.MetaClassImpl.invokeMethod(MetaClassImpl.java:1007)
	at groovy.lang.MetaClassImpl.invokeMethod(MetaClassImpl.java:790)
	at io.restassured.internal.RequestSpecificationImpl.invokeMethod(RequestSpecificationImpl.groovy)
	at org.codehaus.groovy.runtime.callsite.PogoInterceptableSite.call(PogoInterceptableSite.java:46)
	at org.codehaus.groovy.runtime.callsite.CallSiteArray.defaultCall(CallSiteArray.java:45)
	at org.codehaus.groovy.runtime.callsite.AbstractCallSite.call(AbstractCallSite.java:125)
	at org.codehaus.groovy.runtime.callsite.AbstractCallSite.call(AbstractCallSite.java:166)
	at io.restassured.internal.filter.SendRequestFilter.filter(SendRequestFilter.groovy:30)
	at io.restassured.filter.Filter$filter.call(Unknown Source)
	at org.codehaus.groovy.runtime.callsite.CallSiteArray.defaultCall(CallSiteArray.java:45)
	at io.restassured.filter.Filter$filter$0.call(Unknown Source)
	at io.restassured.internal.filter.FilterContextImpl.next(FilterContextImpl.groovy:72)
	at io.restassured.filter.time.TimingFilter.filter(TimingFilter.java:56)
	at io.restassured.filter.Filter$filter$0.call(Unknown Source)
	at org.codehaus.groovy.runtime.callsite.CallSiteArray.defaultCall(CallSiteArray.java:45)
	at io.restassured.filter.Filter$filter.call(Unknown Source)
	at io.restassured.internal.filter.FilterContextImpl.next(FilterContextImpl.groovy:72)
	at io.restassured.filter.FilterContext$next.call(Unknown Source)
	at org.codehaus.groovy.runtime.callsite.CallSiteArray.defaultCall(CallSiteArray.java:45)
	at org.codehaus.groovy.runtime.callsite.AbstractCallSite.call(AbstractCallSite.java:125)
	at org.codehaus.groovy.runtime.callsite.AbstractCallSite.call(AbstractCallSite.java:148)
	at io.restassured.internal.filter.CsrfFilter.filter(CsrfFilter.groovy:70)
	at io.restassured.filter.Filter$filter.call(Unknown Source)
	at org.codehaus.groovy.runtime.callsite.CallSiteArray.defaultCall(CallSiteArray.java:45)
	at org.codehaus.groovy.runtime.callsite.AbstractCallSite.call(AbstractCallSite.java:125)
	at org.codehaus.groovy.runtime.callsite.AbstractCallSite.call(AbstractCallSite.java:157)
	at io.restassured.internal.filter.FilterContextImpl.next(FilterContextImpl.groovy:72)
	at io.restassured.filter.FilterContext$next.call(Unknown Source)
	at org.codehaus.groovy.runtime.callsite.CallSiteArray.defaultCall(CallSiteArray.java:45)
	at org.codehaus.groovy.runtime.callsite.AbstractCallSite.call(AbstractCallSite.java:125)
	at org.codehaus.groovy.runtime.callsite.AbstractCallSite.call(AbstractCallSite.java:148)
	at io.restassured.internal.RequestSpecificationImpl.applyPathParamsAndSendRequest(RequestSpecificationImpl.groovy:1704)
	at io.restassured.internal.RequestSpecificationImpl.this$2$applyPathParamsAndSendRequest(RequestSpecificationImpl.groovy)
	at java.base/jdk.internal.reflect.DirectMethodHandleAccessor.invoke(DirectMethodHandleAccessor.java:103)
	at java.base/java.lang.reflect.Method.invoke(Method.java:580)
	at org.codehaus.groovy.reflection.CachedMethod.invoke(CachedMethod.java:343)
	at groovy.lang.MetaMethod.doMethodInvoke(MetaMethod.java:328)
	at groovy.lang.MetaClassImpl.doInvokeMethod(MetaClassImpl.java:1333)
	at groovy.lang.MetaClassImpl.invokeMethod(MetaClassImpl.java:1088)
	at groovy.lang.MetaClassImpl.invokeMethod(MetaClassImpl.java:1007)
	at groovy.lang.MetaClassImpl.invokeMethod(MetaClassImpl.java:790)
	at io.restassured.internal.RequestSpecificationImpl.invokeMethod(RequestSpecificationImpl.groovy)
	at org.codehaus.groovy.runtime.callsite.PogoInterceptableSite.call(PogoInterceptableSite.java:46)
	at org.codehaus.groovy.runtime.callsite.PogoInterceptableSite.callCurrent(PogoInterceptableSite.java:57)
	at org.codehaus.groovy.runtime.callsite.CallSiteArray.defaultCallCurrent(CallSiteArray.java:49)
	at org.codehaus.groovy.runtime.callsite.AbstractCallSite.callCurrent(AbstractCallSite.java:171)
	at org.codehaus.groovy.runtime.callsite.AbstractCallSite.callCurrent(AbstractCallSite.java:203)
	at io.restassured.internal.RequestSpecificationImpl.applyPathParamsAndSendRequest(RequestSpecificationImpl.groovy:1710)
	at io.restassured.internal.RequestSpecificationImpl.this$2$applyPathParamsAndSendRequest(RequestSpecificationImpl.groovy)
	at java.base/jdk.internal.reflect.DirectMethodHandleAccessor.invoke(DirectMethodHandleAccessor.java:103)
	at java.base/java.lang.reflect.Method.invoke(Method.java:580)
	at org.codehaus.groovy.reflection.CachedMethod.invoke(CachedMethod.java:343)
	at groovy.lang.MetaMethod.doMethodInvoke(MetaMethod.java:328)
	at groovy.lang.MetaClassImpl.doInvokeMethod(MetaClassImpl.java:1333)
	at groovy.lang.MetaClassImpl.invokeMethod(MetaClassImpl.java:1088)
	at groovy.lang.MetaClassImpl.invokeMethod(MetaClassImpl.java:1007)
	at groovy.lang.MetaClassImpl.invokeMethod(MetaClassImpl.java:790)
	at io.restassured.internal.RequestSpecificationImpl.invokeMethod(RequestSpecificationImpl.groovy)
	at org.codehaus.groovy.runtime.callsite.PogoInterceptableSite.call(PogoInterceptableSite.java:46)
	at org.codehaus.groovy.runtime.callsite.PogoInterceptableSite.callCurrent(PogoInterceptableSite.java:57)
	at org.codehaus.groovy.runtime.callsite.CallSiteArray.defaultCallCurrent(CallSiteArray.java:49)
	at org.codehaus.groovy.runtime.callsite.AbstractCallSite.callCurrent(AbstractCallSite.java:171)
	at org.codehaus.groovy.runtime.callsite.AbstractCallSite.callCurrent(AbstractCallSite.java:203)
	at io.restassured.internal.RequestSpecificationImpl.post(RequestSpecificationImpl.groovy:176)
	at io.restassured.internal.RequestSpecificationImpl.post(RequestSpecificationImpl.groovy)
	at services.AutenticacaoService.loginWithCredentials(AutenticacaoService.java:37)
	at steps.AutenticacaoSteps.envioUmaRequisiçãoPOSTParaComAsCredenciais(AutenticacaoSteps.java:38)
	at ✽.envio uma requisição POST para "/auth/login" com as credenciais(classpath:features/autenticacao.feature:15)
&amp#27;[0m
  &amp#27;[36mEntão &amp#27;[0m&amp#27;[36mo status da resposta deve ser &amp#27;[0m&amp#27;[36m&amp#27;[1m200&amp#27;[0m                                &amp#27;[90m# steps.AutenticacaoSteps.oStatusDaRespostaDeveSer(int)&amp#27;[0m
  &amp#27;[36mE &amp#27;[0m&amp#27;[36ma resposta deve conter um token JWT válido&amp#27;[0m                           &amp#27;[90m# steps.AutenticacaoSteps.aRespostaDeveConterUmTokenJWTVálido()&amp#27;[0m
  &amp#27;[36mE &amp#27;[0m&amp#27;[36mo token deve ser uma string não vazia&amp#27;[0m                                &amp#27;[90m# steps.AutenticacaoSteps.oTokenDeveSerUmaStringNãoVazia()&amp#27;[0m
]]></system-out>
  </testcase>
  <testcase name="Falha no login com nome de usuário inválido" classname="Gerenciamento de Autenticação" time="0.101">
    <error message="Connection refused: connect" type="java.net.ConnectException"><![CDATA[java.net.ConnectException: Connection refused: connect
	at java.base/sun.nio.ch.Net.connect0(Native Method)
	at java.base/sun.nio.ch.Net.connect(Net.java:589)
	at java.base/sun.nio.ch.Net.connect(Net.java:578)
	at java.base/sun.nio.ch.NioSocketImpl.connect(NioSocketImpl.java:583)
	at java.base/java.net.SocksSocketImpl.connect(SocksSocketImpl.java:327)
	at java.base/java.net.Socket.connect(Socket.java:751)
	at org.apache.http.conn.scheme.PlainSocketFactory.connectSocket(PlainSocketFactory.java:121)
	at org.apache.http.impl.conn.DefaultClientConnectionOperator.openConnection(DefaultClientConnectionOperator.java:180)
	at org.apache.http.impl.conn.ManagedClientConnectionImpl.open(ManagedClientConnectionImpl.java:326)
	at org.apache.http.impl.client.DefaultRequestDirector.tryConnect(DefaultRequestDirector.java:605)
	at org.apache.http.impl.client.DefaultRequestDirector.execute(DefaultRequestDirector.java:440)
	at org.apache.http.impl.client.AbstractHttpClient.doExecute(AbstractHttpClient.java:835)
	at org.apache.http.impl.client.CloseableHttpClient.execute(CloseableHttpClient.java:83)
	at io.restassured.internal.RestAssuredHttpBuilder.doRequest(RestAssuredHttpBuilder.java:141)
	at io.restassured.internal.http.HTTPBuilder.post(HTTPBuilder.java:349)
	at io.restassured.internal.http.HTTPBuilder$post$2.call(Unknown Source)
	at io.restassured.internal.RequestSpecificationImpl.sendRequest(RequestSpecificationImpl.groovy:1209)
	at io.restassured.internal.RequestSpecificationImpl.this$2$sendRequest(RequestSpecificationImpl.groovy)
	at java.base/java.lang.reflect.Method.invoke(Method.java:580)
	at org.codehaus.groovy.reflection.CachedMethod.invoke(CachedMethod.java:343)
	at groovy.lang.MetaMethod.doMethodInvoke(MetaMethod.java:328)
	at groovy.lang.MetaClassImpl.doInvokeMethod(MetaClassImpl.java:1333)
	at groovy.lang.MetaClassImpl.invokeMethod(MetaClassImpl.java:1088)
	at groovy.lang.MetaClassImpl.invokeMethod(MetaClassImpl.java:1007)
	at groovy.lang.MetaClassImpl.invokeMethod(MetaClassImpl.java:790)
	at io.restassured.internal.RequestSpecificationImpl.invokeMethod(RequestSpecificationImpl.groovy)
	at org.codehaus.groovy.runtime.callsite.PogoInterceptableSite.call(PogoInterceptableSite.java:46)
	at org.codehaus.groovy.runtime.callsite.AbstractCallSite.call(AbstractCallSite.java:166)
	at io.restassured.internal.filter.SendRequestFilter.filter(SendRequestFilter.groovy:30)
	at io.restassured.filter.Filter$filter.call(Unknown Source)
	at org.codehaus.groovy.runtime.callsite.CallSiteArray.defaultCall(CallSiteArray.java:45)
	at io.restassured.filter.Filter$filter$0.call(Unknown Source)
	at io.restassured.internal.filter.FilterContextImpl.next(FilterContextImpl.groovy:72)
	at io.restassured.filter.time.TimingFilter.filter(TimingFilter.java:56)
	at io.restassured.filter.Filter$filter$0.call(Unknown Source)
	at org.codehaus.groovy.runtime.callsite.CallSiteArray.defaultCall(CallSiteArray.java:45)
	at io.restassured.filter.Filter$filter.call(Unknown Source)
	at io.restassured.internal.filter.FilterContextImpl.next(FilterContextImpl.groovy:72)
	at io.restassured.filter.FilterContext$next.call(Unknown Source)
	at io.restassured.internal.filter.CsrfFilter.filter(CsrfFilter.groovy:70)
	at io.restassured.filter.Filter$filter.call(Unknown Source)
	at org.codehaus.groovy.runtime.callsite.CallSiteArray.defaultCall(CallSiteArray.java:45)
	at io.restassured.filter.Filter$filter.call(Unknown Source)
	at io.restassured.internal.filter.FilterContextImpl.next(FilterContextImpl.groovy:72)
	at io.restassured.filter.FilterContext$next.call(Unknown Source)
	at io.restassured.internal.RequestSpecificationImpl.applyPathParamsAndSendRequest(RequestSpecificationImpl.groovy:1704)
	at io.restassured.internal.RequestSpecificationImpl.this$2$applyPathParamsAndSendRequest(RequestSpecificationImpl.groovy)
	at java.base/java.lang.reflect.Method.invoke(Method.java:580)
	at org.codehaus.groovy.reflection.CachedMethod.invoke(CachedMethod.java:343)
	at groovy.lang.MetaMethod.doMethodInvoke(MetaMethod.java:328)
	at groovy.lang.MetaClassImpl.doInvokeMethod(MetaClassImpl.java:1333)
	at groovy.lang.MetaClassImpl.invokeMethod(MetaClassImpl.java:1088)
	at groovy.lang.MetaClassImpl.invokeMethod(MetaClassImpl.java:1007)
	at groovy.lang.MetaClassImpl.invokeMethod(MetaClassImpl.java:790)
	at io.restassured.internal.RequestSpecificationImpl.invokeMethod(RequestSpecificationImpl.groovy)
	at org.codehaus.groovy.runtime.callsite.PogoInterceptableSite.call(PogoInterceptableSite.java:46)
	at org.codehaus.groovy.runtime.callsite.PogoInterceptableSite.callCurrent(PogoInterceptableSite.java:57)
	at org.codehaus.groovy.runtime.callsite.AbstractCallSite.callCurrent(AbstractCallSite.java:203)
	at io.restassured.internal.RequestSpecificationImpl.applyPathParamsAndSendRequest(RequestSpecificationImpl.groovy:1710)
	at io.restassured.internal.RequestSpecificationImpl.this$2$applyPathParamsAndSendRequest(RequestSpecificationImpl.groovy)
	at java.base/java.lang.reflect.Method.invoke(Method.java:580)
	at org.codehaus.groovy.reflection.CachedMethod.invoke(CachedMethod.java:343)
	at groovy.lang.MetaMethod.doMethodInvoke(MetaMethod.java:328)
	at groovy.lang.MetaClassImpl.doInvokeMethod(MetaClassImpl.java:1333)
	at groovy.lang.MetaClassImpl.invokeMethod(MetaClassImpl.java:1088)
	at groovy.lang.MetaClassImpl.invokeMethod(MetaClassImpl.java:1007)
	at groovy.lang.MetaClassImpl.invokeMethod(MetaClassImpl.java:790)
	at io.restassured.internal.RequestSpecificationImpl.invokeMethod(RequestSpecificationImpl.groovy)
	at org.codehaus.groovy.runtime.callsite.PogoInterceptableSite.call(PogoInterceptableSite.java:46)
	at org.codehaus.groovy.runtime.callsite.PogoInterceptableSite.callCurrent(PogoInterceptableSite.java:57)
	at org.codehaus.groovy.runtime.callsite.AbstractCallSite.callCurrent(AbstractCallSite.java:203)
	at io.restassured.internal.RequestSpecificationImpl.post(RequestSpecificationImpl.groovy:176)
	at io.restassured.internal.RequestSpecificationImpl.post(RequestSpecificationImpl.groovy)
	at services.AutenticacaoService.loginWithCredentials(AutenticacaoService.java:37)
	at steps.AutenticacaoSteps.envioUmaRequisiçãoPOSTParaComAsCredenciais(AutenticacaoSteps.java:38)
	at ✽.envio uma requisição POST para "/auth/login" com as credenciais(classpath:features/autenticacao.feature:24)
]]></error>
    <system-out><![CDATA[
Cenário: Falha no login com nome de usuário inválido                     &amp#27;[90m# features/autenticacao.feature:20&amp#27;[0m
  &amp#27;[32mDado &amp#27;[0m&amp#27;[32mque a aplicação está rodando&amp#27;[0m                                      &amp#27;[90m# steps.AutenticacaoSteps.queAAplicaçãoEstáRodando()&amp#27;[0m
  &amp#27;[32mE &amp#27;[0m&amp#27;[32mo banco de dados está acessível&amp#27;[0m                                      &amp#27;[90m# steps.AutenticacaoSteps.oBancoDeDadosEstáAcessível()&amp#27;[0m
  &amp#27;[32mDado &amp#27;[0m&amp#27;[32mque tenho credenciais de usuário inválidas&amp#27;[0m                        &amp#27;[90m# steps.AutenticacaoSteps.queTenhoCredenciaisDeUsuárioInválidas(io.cucumber.datatable.DataTable)&amp#27;[0m
    | username | password |
    | invalid  | admin123 |
  &amp#27;[31mQuando &amp#27;[0m&amp#27;[31menvio uma requisição POST para &amp#27;[0m&amp#27;[31m&amp#27;[1m"/auth/login"&amp#27;[0m&amp#27;[31m com as credenciais&amp#27;[0m &amp#27;[90m# steps.AutenticacaoSteps.envioUmaRequisiçãoPOSTParaComAsCredenciais(java.lang.String)&amp#27;[0m
      &amp#27;[31mjava.net.ConnectException: Connection refused: connect
	at java.base/sun.nio.ch.Net.connect0(Native Method)
	at java.base/sun.nio.ch.Net.connect(Net.java:589)
	at java.base/sun.nio.ch.Net.connect(Net.java:578)
	at java.base/sun.nio.ch.NioSocketImpl.connect(NioSocketImpl.java:583)
	at java.base/java.net.SocksSocketImpl.connect(SocksSocketImpl.java:327)
	at java.base/java.net.Socket.connect(Socket.java:751)
	at org.apache.http.conn.scheme.PlainSocketFactory.connectSocket(PlainSocketFactory.java:121)
	at org.apache.http.impl.conn.DefaultClientConnectionOperator.openConnection(DefaultClientConnectionOperator.java:180)
	at org.apache.http.impl.conn.ManagedClientConnectionImpl.open(ManagedClientConnectionImpl.java:326)
	at org.apache.http.impl.client.DefaultRequestDirector.tryConnect(DefaultRequestDirector.java:605)
	at org.apache.http.impl.client.DefaultRequestDirector.execute(DefaultRequestDirector.java:440)
	at org.apache.http.impl.client.AbstractHttpClient.doExecute(AbstractHttpClient.java:835)
	at org.apache.http.impl.client.CloseableHttpClient.execute(CloseableHttpClient.java:83)
	at io.restassured.internal.RestAssuredHttpBuilder.doRequest(RestAssuredHttpBuilder.java:141)
	at io.restassured.internal.http.HTTPBuilder.post(HTTPBuilder.java:349)
	at io.restassured.internal.http.HTTPBuilder$post$2.call(Unknown Source)
	at io.restassured.internal.RequestSpecificationImpl.sendRequest(RequestSpecificationImpl.groovy:1209)
	at io.restassured.internal.RequestSpecificationImpl.this$2$sendRequest(RequestSpecificationImpl.groovy)
	at java.base/jdk.internal.reflect.DirectMethodHandleAccessor.invoke(DirectMethodHandleAccessor.java:103)
	at java.base/java.lang.reflect.Method.invoke(Method.java:580)
	at org.codehaus.groovy.reflection.CachedMethod.invoke(CachedMethod.java:343)
	at groovy.lang.MetaMethod.doMethodInvoke(MetaMethod.java:328)
	at groovy.lang.MetaClassImpl.doInvokeMethod(MetaClassImpl.java:1333)
	at groovy.lang.MetaClassImpl.invokeMethod(MetaClassImpl.java:1088)
	at groovy.lang.MetaClassImpl.invokeMethod(MetaClassImpl.java:1007)
	at groovy.lang.MetaClassImpl.invokeMethod(MetaClassImpl.java:790)
	at io.restassured.internal.RequestSpecificationImpl.invokeMethod(RequestSpecificationImpl.groovy)
	at org.codehaus.groovy.runtime.callsite.PogoInterceptableSite.call(PogoInterceptableSite.java:46)
	at org.codehaus.groovy.runtime.callsite.AbstractCallSite.call(AbstractCallSite.java:166)
	at io.restassured.internal.filter.SendRequestFilter.filter(SendRequestFilter.groovy:30)
	at io.restassured.filter.Filter$filter.call(Unknown Source)
	at org.codehaus.groovy.runtime.callsite.CallSiteArray.defaultCall(CallSiteArray.java:45)
	at io.restassured.filter.Filter$filter$0.call(Unknown Source)
	at io.restassured.internal.filter.FilterContextImpl.next(FilterContextImpl.groovy:72)
	at io.restassured.filter.time.TimingFilter.filter(TimingFilter.java:56)
	at io.restassured.filter.Filter$filter$0.call(Unknown Source)
	at org.codehaus.groovy.runtime.callsite.CallSiteArray.defaultCall(CallSiteArray.java:45)
	at io.restassured.filter.Filter$filter.call(Unknown Source)
	at io.restassured.internal.filter.FilterContextImpl.next(FilterContextImpl.groovy:72)
	at io.restassured.filter.FilterContext$next.call(Unknown Source)
	at io.restassured.internal.filter.CsrfFilter.filter(CsrfFilter.groovy:70)
	at io.restassured.filter.Filter$filter.call(Unknown Source)
	at org.codehaus.groovy.runtime.callsite.CallSiteArray.defaultCall(CallSiteArray.java:45)
	at io.restassured.filter.Filter$filter.call(Unknown Source)
	at io.restassured.internal.filter.FilterContextImpl.next(FilterContextImpl.groovy:72)
	at io.restassured.filter.FilterContext$next.call(Unknown Source)
	at io.restassured.internal.RequestSpecificationImpl.applyPathParamsAndSendRequest(RequestSpecificationImpl.groovy:1704)
	at io.restassured.internal.RequestSpecificationImpl.this$2$applyPathParamsAndSendRequest(RequestSpecificationImpl.groovy)
	at java.base/jdk.internal.reflect.DirectMethodHandleAccessor.invoke(DirectMethodHandleAccessor.java:103)
	at java.base/java.lang.reflect.Method.invoke(Method.java:580)
	at org.codehaus.groovy.reflection.CachedMethod.invoke(CachedMethod.java:343)
	at groovy.lang.MetaMethod.doMethodInvoke(MetaMethod.java:328)
	at groovy.lang.MetaClassImpl.doInvokeMethod(MetaClassImpl.java:1333)
	at groovy.lang.MetaClassImpl.invokeMethod(MetaClassImpl.java:1088)
	at groovy.lang.MetaClassImpl.invokeMethod(MetaClassImpl.java:1007)
	at groovy.lang.MetaClassImpl.invokeMethod(MetaClassImpl.java:790)
	at io.restassured.internal.RequestSpecificationImpl.invokeMethod(RequestSpecificationImpl.groovy)
	at org.codehaus.groovy.runtime.callsite.PogoInterceptableSite.call(PogoInterceptableSite.java:46)
	at org.codehaus.groovy.runtime.callsite.PogoInterceptableSite.callCurrent(PogoInterceptableSite.java:57)
	at org.codehaus.groovy.runtime.callsite.AbstractCallSite.callCurrent(AbstractCallSite.java:203)
	at io.restassured.internal.RequestSpecificationImpl.applyPathParamsAndSendRequest(RequestSpecificationImpl.groovy:1710)
	at io.restassured.internal.RequestSpecificationImpl.this$2$applyPathParamsAndSendRequest(RequestSpecificationImpl.groovy)
	at java.base/jdk.internal.reflect.DirectMethodHandleAccessor.invoke(DirectMethodHandleAccessor.java:103)
	at java.base/java.lang.reflect.Method.invoke(Method.java:580)
	at org.codehaus.groovy.reflection.CachedMethod.invoke(CachedMethod.java:343)
	at groovy.lang.MetaMethod.doMethodInvoke(MetaMethod.java:328)
	at groovy.lang.MetaClassImpl.doInvokeMethod(MetaClassImpl.java:1333)
	at groovy.lang.MetaClassImpl.invokeMethod(MetaClassImpl.java:1088)
	at groovy.lang.MetaClassImpl.invokeMethod(MetaClassImpl.java:1007)
	at groovy.lang.MetaClassImpl.invokeMethod(MetaClassImpl.java:790)
	at io.restassured.internal.RequestSpecificationImpl.invokeMethod(RequestSpecificationImpl.groovy)
	at org.codehaus.groovy.runtime.callsite.PogoInterceptableSite.call(PogoInterceptableSite.java:46)
	at org.codehaus.groovy.runtime.callsite.PogoInterceptableSite.callCurrent(PogoInterceptableSite.java:57)
	at org.codehaus.groovy.runtime.callsite.AbstractCallSite.callCurrent(AbstractCallSite.java:203)
	at io.restassured.internal.RequestSpecificationImpl.post(RequestSpecificationImpl.groovy:176)
	at io.restassured.internal.RequestSpecificationImpl.post(RequestSpecificationImpl.groovy)
	at services.AutenticacaoService.loginWithCredentials(AutenticacaoService.java:37)
	at steps.AutenticacaoSteps.envioUmaRequisiçãoPOSTParaComAsCredenciais(AutenticacaoSteps.java:38)
	at ✽.envio uma requisição POST para "/auth/login" com as credenciais(classpath:features/autenticacao.feature:24)
&amp#27;[0m
  &amp#27;[36mEntão &amp#27;[0m&amp#27;[36mo status da resposta deve ser &amp#27;[0m&amp#27;[36m&amp#27;[1m500&amp#27;[0m                                &amp#27;[90m# steps.AutenticacaoSteps.oStatusDaRespostaDeveSer(int)&amp#27;[0m
  &amp#27;[36mE &amp#27;[0m&amp#27;[36ma resposta deve conter &amp#27;[0m&amp#27;[36m&amp#27;[1m"Usuário ou senha inválidos"&amp#27;[0m                  &amp#27;[90m# steps.AutenticacaoSteps.aRespostaDeveConter(java.lang.String)&amp#27;[0m
]]></system-out>
  </testcase>
  <testcase name="Falha no login com senha inválida" classname="Gerenciamento de Autenticação" time="0.085">
    <error message="Connection refused: connect" type="java.net.ConnectException"><![CDATA[java.net.ConnectException: Connection refused: connect
	at java.base/sun.nio.ch.Net.connect0(Native Method)
	at java.base/sun.nio.ch.Net.connect(Net.java:589)
	at java.base/sun.nio.ch.Net.connect(Net.java:578)
	at java.base/sun.nio.ch.NioSocketImpl.connect(NioSocketImpl.java:583)
	at java.base/java.net.SocksSocketImpl.connect(SocksSocketImpl.java:327)
	at java.base/java.net.Socket.connect(Socket.java:751)
	at org.apache.http.conn.scheme.PlainSocketFactory.connectSocket(PlainSocketFactory.java:121)
	at org.apache.http.impl.conn.DefaultClientConnectionOperator.openConnection(DefaultClientConnectionOperator.java:180)
	at org.apache.http.impl.conn.ManagedClientConnectionImpl.open(ManagedClientConnectionImpl.java:326)
	at org.apache.http.impl.client.DefaultRequestDirector.tryConnect(DefaultRequestDirector.java:605)
	at org.apache.http.impl.client.DefaultRequestDirector.execute(DefaultRequestDirector.java:440)
	at org.apache.http.impl.client.AbstractHttpClient.doExecute(AbstractHttpClient.java:835)
	at org.apache.http.impl.client.CloseableHttpClient.execute(CloseableHttpClient.java:83)
	at io.restassured.internal.RestAssuredHttpBuilder.doRequest(RestAssuredHttpBuilder.java:141)
	at io.restassured.internal.http.HTTPBuilder.post(HTTPBuilder.java:349)
	at io.restassured.internal.http.HTTPBuilder$post$2.call(Unknown Source)
	at io.restassured.internal.RequestSpecificationImpl.sendRequest(RequestSpecificationImpl.groovy:1209)
	at io.restassured.internal.RequestSpecificationImpl.this$2$sendRequest(RequestSpecificationImpl.groovy)
	at java.base/java.lang.reflect.Method.invoke(Method.java:580)
	at org.codehaus.groovy.reflection.CachedMethod.invoke(CachedMethod.java:343)
	at groovy.lang.MetaMethod.doMethodInvoke(MetaMethod.java:328)
	at groovy.lang.MetaClassImpl.doInvokeMethod(MetaClassImpl.java:1333)
	at groovy.lang.MetaClassImpl.invokeMethod(MetaClassImpl.java:1088)
	at groovy.lang.MetaClassImpl.invokeMethod(MetaClassImpl.java:1007)
	at groovy.lang.MetaClassImpl.invokeMethod(MetaClassImpl.java:790)
	at io.restassured.internal.RequestSpecificationImpl.invokeMethod(RequestSpecificationImpl.groovy)
	at org.codehaus.groovy.runtime.callsite.PogoInterceptableSite.call(PogoInterceptableSite.java:46)
	at org.codehaus.groovy.runtime.callsite.AbstractCallSite.call(AbstractCallSite.java:166)
	at io.restassured.internal.filter.SendRequestFilter.filter(SendRequestFilter.groovy:30)
	at io.restassured.filter.Filter$filter.call(Unknown Source)
	at org.codehaus.groovy.runtime.callsite.CallSiteArray.defaultCall(CallSiteArray.java:45)
	at io.restassured.filter.Filter$filter$0.call(Unknown Source)
	at io.restassured.internal.filter.FilterContextImpl.next(FilterContextImpl.groovy:72)
	at io.restassured.filter.time.TimingFilter.filter(TimingFilter.java:56)
	at io.restassured.filter.Filter$filter$0.call(Unknown Source)
	at org.codehaus.groovy.runtime.callsite.CallSiteArray.defaultCall(CallSiteArray.java:45)
	at io.restassured.filter.Filter$filter.call(Unknown Source)
	at io.restassured.internal.filter.FilterContextImpl.next(FilterContextImpl.groovy:72)
	at io.restassured.filter.FilterContext$next.call(Unknown Source)
	at io.restassured.internal.filter.CsrfFilter.filter(CsrfFilter.groovy:70)
	at io.restassured.filter.Filter$filter.call(Unknown Source)
	at org.codehaus.groovy.runtime.callsite.CallSiteArray.defaultCall(CallSiteArray.java:45)
	at io.restassured.filter.Filter$filter.call(Unknown Source)
	at io.restassured.internal.filter.FilterContextImpl.next(FilterContextImpl.groovy:72)
	at io.restassured.filter.FilterContext$next.call(Unknown Source)
	at io.restassured.internal.RequestSpecificationImpl.applyPathParamsAndSendRequest(RequestSpecificationImpl.groovy:1704)
	at io.restassured.internal.RequestSpecificationImpl.this$2$applyPathParamsAndSendRequest(RequestSpecificationImpl.groovy)
	at java.base/java.lang.reflect.Method.invoke(Method.java:580)
	at org.codehaus.groovy.reflection.CachedMethod.invoke(CachedMethod.java:343)
	at groovy.lang.MetaMethod.doMethodInvoke(MetaMethod.java:328)
	at groovy.lang.MetaClassImpl.doInvokeMethod(MetaClassImpl.java:1333)
	at groovy.lang.MetaClassImpl.invokeMethod(MetaClassImpl.java:1088)
	at groovy.lang.MetaClassImpl.invokeMethod(MetaClassImpl.java:1007)
	at groovy.lang.MetaClassImpl.invokeMethod(MetaClassImpl.java:790)
	at io.restassured.internal.RequestSpecificationImpl.invokeMethod(RequestSpecificationImpl.groovy)
	at org.codehaus.groovy.runtime.callsite.PogoInterceptableSite.call(PogoInterceptableSite.java:46)
	at org.codehaus.groovy.runtime.callsite.PogoInterceptableSite.callCurrent(PogoInterceptableSite.java:57)
	at org.codehaus.groovy.runtime.callsite.AbstractCallSite.callCurrent(AbstractCallSite.java:203)
	at io.restassured.internal.RequestSpecificationImpl.applyPathParamsAndSendRequest(RequestSpecificationImpl.groovy:1710)
	at io.restassured.internal.RequestSpecificationImpl.this$2$applyPathParamsAndSendRequest(RequestSpecificationImpl.groovy)
	at java.base/java.lang.reflect.Method.invoke(Method.java:580)
	at org.codehaus.groovy.reflection.CachedMethod.invoke(CachedMethod.java:343)
	at groovy.lang.MetaMethod.doMethodInvoke(MetaMethod.java:328)
	at groovy.lang.MetaClassImpl.doInvokeMethod(MetaClassImpl.java:1333)
	at groovy.lang.MetaClassImpl.invokeMethod(MetaClassImpl.java:1088)
	at groovy.lang.MetaClassImpl.invokeMethod(MetaClassImpl.java:1007)
	at groovy.lang.MetaClassImpl.invokeMethod(MetaClassImpl.java:790)
	at io.restassured.internal.RequestSpecificationImpl.invokeMethod(RequestSpecificationImpl.groovy)
	at org.codehaus.groovy.runtime.callsite.PogoInterceptableSite.call(PogoInterceptableSite.java:46)
	at org.codehaus.groovy.runtime.callsite.PogoInterceptableSite.callCurrent(PogoInterceptableSite.java:57)
	at org.codehaus.groovy.runtime.callsite.AbstractCallSite.callCurrent(AbstractCallSite.java:203)
	at io.restassured.internal.RequestSpecificationImpl.post(RequestSpecificationImpl.groovy:176)
	at io.restassured.internal.RequestSpecificationImpl.post(RequestSpecificationImpl.groovy)
	at services.AutenticacaoService.loginWithCredentials(AutenticacaoService.java:37)
	at steps.AutenticacaoSteps.envioUmaRequisiçãoPOSTParaComAsCredenciais(AutenticacaoSteps.java:38)
	at ✽.envio uma requisição POST para "/auth/login" com as credenciais(classpath:features/autenticacao.feature:32)
]]></error>
    <system-out><![CDATA[
Cenário: Falha no login com senha inválida                               &amp#27;[90m# features/autenticacao.feature:28&amp#27;[0m
  &amp#27;[32mDado &amp#27;[0m&amp#27;[32mque a aplicação está rodando&amp#27;[0m                                      &amp#27;[90m# steps.AutenticacaoSteps.queAAplicaçãoEstáRodando()&amp#27;[0m
  &amp#27;[32mE &amp#27;[0m&amp#27;[32mo banco de dados está acessível&amp#27;[0m                                      &amp#27;[90m# steps.AutenticacaoSteps.oBancoDeDadosEstáAcessível()&amp#27;[0m
  &amp#27;[32mDado &amp#27;[0m&amp#27;[32mque tenho credenciais de usuário inválidas&amp#27;[0m                        &amp#27;[90m# steps.AutenticacaoSteps.queTenhoCredenciaisDeUsuárioInválidas(io.cucumber.datatable.DataTable)&amp#27;[0m
    | username | password  |
    | admin    | wrongpass |
  &amp#27;[31mQuando &amp#27;[0m&amp#27;[31menvio uma requisição POST para &amp#27;[0m&amp#27;[31m&amp#27;[1m"/auth/login"&amp#27;[0m&amp#27;[31m com as credenciais&amp#27;[0m &amp#27;[90m# steps.AutenticacaoSteps.envioUmaRequisiçãoPOSTParaComAsCredenciais(java.lang.String)&amp#27;[0m
      &amp#27;[31mjava.net.ConnectException: Connection refused: connect
	at java.base/sun.nio.ch.Net.connect0(Native Method)
	at java.base/sun.nio.ch.Net.connect(Net.java:589)
	at java.base/sun.nio.ch.Net.connect(Net.java:578)
	at java.base/sun.nio.ch.NioSocketImpl.connect(NioSocketImpl.java:583)
	at java.base/java.net.SocksSocketImpl.connect(SocksSocketImpl.java:327)
	at java.base/java.net.Socket.connect(Socket.java:751)
	at org.apache.http.conn.scheme.PlainSocketFactory.connectSocket(PlainSocketFactory.java:121)
	at org.apache.http.impl.conn.DefaultClientConnectionOperator.openConnection(DefaultClientConnectionOperator.java:180)
	at org.apache.http.impl.conn.ManagedClientConnectionImpl.open(ManagedClientConnectionImpl.java:326)
	at org.apache.http.impl.client.DefaultRequestDirector.tryConnect(DefaultRequestDirector.java:605)
	at org.apache.http.impl.client.DefaultRequestDirector.execute(DefaultRequestDirector.java:440)
	at org.apache.http.impl.client.AbstractHttpClient.doExecute(AbstractHttpClient.java:835)
	at org.apache.http.impl.client.CloseableHttpClient.execute(CloseableHttpClient.java:83)
	at io.restassured.internal.RestAssuredHttpBuilder.doRequest(RestAssuredHttpBuilder.java:141)
	at io.restassured.internal.http.HTTPBuilder.post(HTTPBuilder.java:349)
	at io.restassured.internal.http.HTTPBuilder$post$2.call(Unknown Source)
	at io.restassured.internal.RequestSpecificationImpl.sendRequest(RequestSpecificationImpl.groovy:1209)
	at io.restassured.internal.RequestSpecificationImpl.this$2$sendRequest(RequestSpecificationImpl.groovy)
	at java.base/jdk.internal.reflect.DirectMethodHandleAccessor.invoke(DirectMethodHandleAccessor.java:103)
	at java.base/java.lang.reflect.Method.invoke(Method.java:580)
	at org.codehaus.groovy.reflection.CachedMethod.invoke(CachedMethod.java:343)
	at groovy.lang.MetaMethod.doMethodInvoke(MetaMethod.java:328)
	at groovy.lang.MetaClassImpl.doInvokeMethod(MetaClassImpl.java:1333)
	at groovy.lang.MetaClassImpl.invokeMethod(MetaClassImpl.java:1088)
	at groovy.lang.MetaClassImpl.invokeMethod(MetaClassImpl.java:1007)
	at groovy.lang.MetaClassImpl.invokeMethod(MetaClassImpl.java:790)
	at io.restassured.internal.RequestSpecificationImpl.invokeMethod(RequestSpecificationImpl.groovy)
	at org.codehaus.groovy.runtime.callsite.PogoInterceptableSite.call(PogoInterceptableSite.java:46)
	at org.codehaus.groovy.runtime.callsite.AbstractCallSite.call(AbstractCallSite.java:166)
	at io.restassured.internal.filter.SendRequestFilter.filter(SendRequestFilter.groovy:30)
	at io.restassured.filter.Filter$filter.call(Unknown Source)
	at org.codehaus.groovy.runtime.callsite.CallSiteArray.defaultCall(CallSiteArray.java:45)
	at io.restassured.filter.Filter$filter$0.call(Unknown Source)
	at io.restassured.internal.filter.FilterContextImpl.next(FilterContextImpl.groovy:72)
	at io.restassured.filter.time.TimingFilter.filter(TimingFilter.java:56)
	at io.restassured.filter.Filter$filter$0.call(Unknown Source)
	at org.codehaus.groovy.runtime.callsite.CallSiteArray.defaultCall(CallSiteArray.java:45)
	at io.restassured.filter.Filter$filter.call(Unknown Source)
	at io.restassured.internal.filter.FilterContextImpl.next(FilterContextImpl.groovy:72)
	at io.restassured.filter.FilterContext$next.call(Unknown Source)
	at io.restassured.internal.filter.CsrfFilter.filter(CsrfFilter.groovy:70)
	at io.restassured.filter.Filter$filter.call(Unknown Source)
	at org.codehaus.groovy.runtime.callsite.CallSiteArray.defaultCall(CallSiteArray.java:45)
	at io.restassured.filter.Filter$filter.call(Unknown Source)
	at io.restassured.internal.filter.FilterContextImpl.next(FilterContextImpl.groovy:72)
	at io.restassured.filter.FilterContext$next.call(Unknown Source)
	at io.restassured.internal.RequestSpecificationImpl.applyPathParamsAndSendRequest(RequestSpecificationImpl.groovy:1704)
	at io.restassured.internal.RequestSpecificationImpl.this$2$applyPathParamsAndSendRequest(RequestSpecificationImpl.groovy)
	at java.base/jdk.internal.reflect.DirectMethodHandleAccessor.invoke(DirectMethodHandleAccessor.java:103)
	at java.base/java.lang.reflect.Method.invoke(Method.java:580)
	at org.codehaus.groovy.reflection.CachedMethod.invoke(CachedMethod.java:343)
	at groovy.lang.MetaMethod.doMethodInvoke(MetaMethod.java:328)
	at groovy.lang.MetaClassImpl.doInvokeMethod(MetaClassImpl.java:1333)
	at groovy.lang.MetaClassImpl.invokeMethod(MetaClassImpl.java:1088)
	at groovy.lang.MetaClassImpl.invokeMethod(MetaClassImpl.java:1007)
	at groovy.lang.MetaClassImpl.invokeMethod(MetaClassImpl.java:790)
	at io.restassured.internal.RequestSpecificationImpl.invokeMethod(RequestSpecificationImpl.groovy)
	at org.codehaus.groovy.runtime.callsite.PogoInterceptableSite.call(PogoInterceptableSite.java:46)
	at org.codehaus.groovy.runtime.callsite.PogoInterceptableSite.callCurrent(PogoInterceptableSite.java:57)
	at org.codehaus.groovy.runtime.callsite.AbstractCallSite.callCurrent(AbstractCallSite.java:203)
	at io.restassured.internal.RequestSpecificationImpl.applyPathParamsAndSendRequest(RequestSpecificationImpl.groovy:1710)
	at io.restassured.internal.RequestSpecificationImpl.this$2$applyPathParamsAndSendRequest(RequestSpecificationImpl.groovy)
	at java.base/jdk.internal.reflect.DirectMethodHandleAccessor.invoke(DirectMethodHandleAccessor.java:103)
	at java.base/java.lang.reflect.Method.invoke(Method.java:580)
	at org.codehaus.groovy.reflection.CachedMethod.invoke(CachedMethod.java:343)
	at groovy.lang.MetaMethod.doMethodInvoke(MetaMethod.java:328)
	at groovy.lang.MetaClassImpl.doInvokeMethod(MetaClassImpl.java:1333)
	at groovy.lang.MetaClassImpl.invokeMethod(MetaClassImpl.java:1088)
	at groovy.lang.MetaClassImpl.invokeMethod(MetaClassImpl.java:1007)
	at groovy.lang.MetaClassImpl.invokeMethod(MetaClassImpl.java:790)
	at io.restassured.internal.RequestSpecificationImpl.invokeMethod(RequestSpecificationImpl.groovy)
	at org.codehaus.groovy.runtime.callsite.PogoInterceptableSite.call(PogoInterceptableSite.java:46)
	at org.codehaus.groovy.runtime.callsite.PogoInterceptableSite.callCurrent(PogoInterceptableSite.java:57)
	at org.codehaus.groovy.runtime.callsite.AbstractCallSite.callCurrent(AbstractCallSite.java:203)
	at io.restassured.internal.RequestSpecificationImpl.post(RequestSpecificationImpl.groovy:176)
	at io.restassured.internal.RequestSpecificationImpl.post(RequestSpecificationImpl.groovy)
	at services.AutenticacaoService.loginWithCredentials(AutenticacaoService.java:37)
	at steps.AutenticacaoSteps.envioUmaRequisiçãoPOSTParaComAsCredenciais(AutenticacaoSteps.java:38)
	at ✽.envio uma requisição POST para "/auth/login" com as credenciais(classpath:features/autenticacao.feature:32)
&amp#27;[0m
  &amp#27;[36mEntão &amp#27;[0m&amp#27;[36mo status da resposta deve ser &amp#27;[0m&amp#27;[36m&amp#27;[1m500&amp#27;[0m                                &amp#27;[90m# steps.AutenticacaoSteps.oStatusDaRespostaDeveSer(int)&amp#27;[0m
  &amp#27;[36mE &amp#27;[0m&amp#27;[36ma resposta deve conter &amp#27;[0m&amp#27;[36m&amp#27;[1m"Usuário ou senha inválidos"&amp#27;[0m                  &amp#27;[90m# steps.AutenticacaoSteps.aRespostaDeveConter(java.lang.String)&amp#27;[0m
]]></system-out>
  </testcase>
  <testcase name="Falha no login com credenciais vazias" classname="Gerenciamento de Autenticação" time="0.067">
    <error message="Connection refused: connect" type="java.net.ConnectException"><![CDATA[java.net.ConnectException: Connection refused: connect
	at java.base/sun.nio.ch.Net.connect0(Native Method)
	at java.base/sun.nio.ch.Net.connect(Net.java:589)
	at java.base/sun.nio.ch.Net.connect(Net.java:578)
	at java.base/sun.nio.ch.NioSocketImpl.connect(NioSocketImpl.java:583)
	at java.base/java.net.SocksSocketImpl.connect(SocksSocketImpl.java:327)
	at java.base/java.net.Socket.connect(Socket.java:751)
	at org.apache.http.conn.scheme.PlainSocketFactory.connectSocket(PlainSocketFactory.java:121)
	at org.apache.http.impl.conn.DefaultClientConnectionOperator.openConnection(DefaultClientConnectionOperator.java:180)
	at org.apache.http.impl.conn.ManagedClientConnectionImpl.open(ManagedClientConnectionImpl.java:326)
	at org.apache.http.impl.client.DefaultRequestDirector.tryConnect(DefaultRequestDirector.java:605)
	at org.apache.http.impl.client.DefaultRequestDirector.execute(DefaultRequestDirector.java:440)
	at org.apache.http.impl.client.AbstractHttpClient.doExecute(AbstractHttpClient.java:835)
	at org.apache.http.impl.client.CloseableHttpClient.execute(CloseableHttpClient.java:83)
	at io.restassured.internal.RestAssuredHttpBuilder.doRequest(RestAssuredHttpBuilder.java:141)
	at io.restassured.internal.http.HTTPBuilder.post(HTTPBuilder.java:349)
	at io.restassured.internal.http.HTTPBuilder$post$2.call(Unknown Source)
	at io.restassured.internal.RequestSpecificationImpl.sendRequest(RequestSpecificationImpl.groovy:1209)
	at io.restassured.internal.RequestSpecificationImpl.this$2$sendRequest(RequestSpecificationImpl.groovy)
	at java.base/java.lang.reflect.Method.invoke(Method.java:580)
	at org.codehaus.groovy.reflection.CachedMethod.invoke(CachedMethod.java:343)
	at groovy.lang.MetaMethod.doMethodInvoke(MetaMethod.java:328)
	at groovy.lang.MetaClassImpl.doInvokeMethod(MetaClassImpl.java:1333)
	at groovy.lang.MetaClassImpl.invokeMethod(MetaClassImpl.java:1088)
	at groovy.lang.MetaClassImpl.invokeMethod(MetaClassImpl.java:1007)
	at groovy.lang.MetaClassImpl.invokeMethod(MetaClassImpl.java:790)
	at io.restassured.internal.RequestSpecificationImpl.invokeMethod(RequestSpecificationImpl.groovy)
	at org.codehaus.groovy.runtime.callsite.PogoInterceptableSite.call(PogoInterceptableSite.java:46)
	at org.codehaus.groovy.runtime.callsite.AbstractCallSite.call(AbstractCallSite.java:166)
	at io.restassured.internal.filter.SendRequestFilter.filter(SendRequestFilter.groovy:30)
	at io.restassured.filter.Filter$filter.call(Unknown Source)
	at org.codehaus.groovy.runtime.callsite.CallSiteArray.defaultCall(CallSiteArray.java:45)
	at io.restassured.filter.Filter$filter$0.call(Unknown Source)
	at io.restassured.internal.filter.FilterContextImpl.next(FilterContextImpl.groovy:72)
	at io.restassured.filter.time.TimingFilter.filter(TimingFilter.java:56)
	at io.restassured.filter.Filter$filter$0.call(Unknown Source)
	at org.codehaus.groovy.runtime.callsite.CallSiteArray.defaultCall(CallSiteArray.java:45)
	at io.restassured.filter.Filter$filter.call(Unknown Source)
	at io.restassured.internal.filter.FilterContextImpl.next(FilterContextImpl.groovy:72)
	at io.restassured.filter.FilterContext$next.call(Unknown Source)
	at io.restassured.internal.filter.CsrfFilter.filter(CsrfFilter.groovy:70)
	at io.restassured.filter.Filter$filter.call(Unknown Source)
	at org.codehaus.groovy.runtime.callsite.CallSiteArray.defaultCall(CallSiteArray.java:45)
	at io.restassured.filter.Filter$filter.call(Unknown Source)
	at io.restassured.internal.filter.FilterContextImpl.next(FilterContextImpl.groovy:72)
	at io.restassured.filter.FilterContext$next.call(Unknown Source)
	at io.restassured.internal.RequestSpecificationImpl.applyPathParamsAndSendRequest(RequestSpecificationImpl.groovy:1704)
	at io.restassured.internal.RequestSpecificationImpl.this$2$applyPathParamsAndSendRequest(RequestSpecificationImpl.groovy)
	at java.base/java.lang.reflect.Method.invoke(Method.java:580)
	at org.codehaus.groovy.reflection.CachedMethod.invoke(CachedMethod.java:343)
	at groovy.lang.MetaMethod.doMethodInvoke(MetaMethod.java:328)
	at groovy.lang.MetaClassImpl.doInvokeMethod(MetaClassImpl.java:1333)
	at groovy.lang.MetaClassImpl.invokeMethod(MetaClassImpl.java:1088)
	at groovy.lang.MetaClassImpl.invokeMethod(MetaClassImpl.java:1007)
	at groovy.lang.MetaClassImpl.invokeMethod(MetaClassImpl.java:790)
	at io.restassured.internal.RequestSpecificationImpl.invokeMethod(RequestSpecificationImpl.groovy)
	at org.codehaus.groovy.runtime.callsite.PogoInterceptableSite.call(PogoInterceptableSite.java:46)
	at org.codehaus.groovy.runtime.callsite.PogoInterceptableSite.callCurrent(PogoInterceptableSite.java:57)
	at org.codehaus.groovy.runtime.callsite.AbstractCallSite.callCurrent(AbstractCallSite.java:203)
	at io.restassured.internal.RequestSpecificationImpl.applyPathParamsAndSendRequest(RequestSpecificationImpl.groovy:1710)
	at io.restassured.internal.RequestSpecificationImpl.this$2$applyPathParamsAndSendRequest(RequestSpecificationImpl.groovy)
	at java.base/java.lang.reflect.Method.invoke(Method.java:580)
	at org.codehaus.groovy.reflection.CachedMethod.invoke(CachedMethod.java:343)
	at groovy.lang.MetaMethod.doMethodInvoke(MetaMethod.java:328)
	at groovy.lang.MetaClassImpl.doInvokeMethod(MetaClassImpl.java:1333)
	at groovy.lang.MetaClassImpl.invokeMethod(MetaClassImpl.java:1088)
	at groovy.lang.MetaClassImpl.invokeMethod(MetaClassImpl.java:1007)
	at groovy.lang.MetaClassImpl.invokeMethod(MetaClassImpl.java:790)
	at io.restassured.internal.RequestSpecificationImpl.invokeMethod(RequestSpecificationImpl.groovy)
	at org.codehaus.groovy.runtime.callsite.PogoInterceptableSite.call(PogoInterceptableSite.java:46)
	at org.codehaus.groovy.runtime.callsite.PogoInterceptableSite.callCurrent(PogoInterceptableSite.java:57)
	at org.codehaus.groovy.runtime.callsite.AbstractCallSite.callCurrent(AbstractCallSite.java:203)
	at io.restassured.internal.RequestSpecificationImpl.post(RequestSpecificationImpl.groovy:176)
	at io.restassured.internal.RequestSpecificationImpl.post(RequestSpecificationImpl.groovy)
	at services.AutenticacaoService.loginWithCredentials(AutenticacaoService.java:37)
	at steps.AutenticacaoSteps.envioUmaRequisiçãoPOSTParaComAsCredenciais(AutenticacaoSteps.java:38)
	at ✽.envio uma requisição POST para "/auth/login" com as credenciais(classpath:features/autenticacao.feature:40)
]]></error>
    <system-out><![CDATA[
Cenário: Falha no login com credenciais vazias                           &amp#27;[90m# features/autenticacao.feature:36&amp#27;[0m
  &amp#27;[32mDado &amp#27;[0m&amp#27;[32mque a aplicação está rodando&amp#27;[0m                                      &amp#27;[90m# steps.AutenticacaoSteps.queAAplicaçãoEstáRodando()&amp#27;[0m
  &amp#27;[32mE &amp#27;[0m&amp#27;[32mo banco de dados está acessível&amp#27;[0m                                      &amp#27;[90m# steps.AutenticacaoSteps.oBancoDeDadosEstáAcessível()&amp#27;[0m
  &amp#27;[32mDado &amp#27;[0m&amp#27;[32mque tenho credenciais de usuário vazias&amp#27;[0m                           &amp#27;[90m# steps.AutenticacaoSteps.queTenhoCredenciaisDeUsuárioVazias(io.cucumber.datatable.DataTable)&amp#27;[0m
    | username | password |
    | [empty]  | [empty]  |
  &amp#27;[31mQuando &amp#27;[0m&amp#27;[31menvio uma requisição POST para &amp#27;[0m&amp#27;[31m&amp#27;[1m"/auth/login"&amp#27;[0m&amp#27;[31m com as credenciais&amp#27;[0m &amp#27;[90m# steps.AutenticacaoSteps.envioUmaRequisiçãoPOSTParaComAsCredenciais(java.lang.String)&amp#27;[0m
      &amp#27;[31mjava.net.ConnectException: Connection refused: connect
	at java.base/sun.nio.ch.Net.connect0(Native Method)
	at java.base/sun.nio.ch.Net.connect(Net.java:589)
	at java.base/sun.nio.ch.Net.connect(Net.java:578)
	at java.base/sun.nio.ch.NioSocketImpl.connect(NioSocketImpl.java:583)
	at java.base/java.net.SocksSocketImpl.connect(SocksSocketImpl.java:327)
	at java.base/java.net.Socket.connect(Socket.java:751)
	at org.apache.http.conn.scheme.PlainSocketFactory.connectSocket(PlainSocketFactory.java:121)
	at org.apache.http.impl.conn.DefaultClientConnectionOperator.openConnection(DefaultClientConnectionOperator.java:180)
	at org.apache.http.impl.conn.ManagedClientConnectionImpl.open(ManagedClientConnectionImpl.java:326)
	at org.apache.http.impl.client.DefaultRequestDirector.tryConnect(DefaultRequestDirector.java:605)
	at org.apache.http.impl.client.DefaultRequestDirector.execute(DefaultRequestDirector.java:440)
	at org.apache.http.impl.client.AbstractHttpClient.doExecute(AbstractHttpClient.java:835)
	at org.apache.http.impl.client.CloseableHttpClient.execute(CloseableHttpClient.java:83)
	at io.restassured.internal.RestAssuredHttpBuilder.doRequest(RestAssuredHttpBuilder.java:141)
	at io.restassured.internal.http.HTTPBuilder.post(HTTPBuilder.java:349)
	at io.restassured.internal.http.HTTPBuilder$post$2.call(Unknown Source)
	at io.restassured.internal.RequestSpecificationImpl.sendRequest(RequestSpecificationImpl.groovy:1209)
	at io.restassured.internal.RequestSpecificationImpl.this$2$sendRequest(RequestSpecificationImpl.groovy)
	at java.base/jdk.internal.reflect.DirectMethodHandleAccessor.invoke(DirectMethodHandleAccessor.java:103)
	at java.base/java.lang.reflect.Method.invoke(Method.java:580)
	at org.codehaus.groovy.reflection.CachedMethod.invoke(CachedMethod.java:343)
	at groovy.lang.MetaMethod.doMethodInvoke(MetaMethod.java:328)
	at groovy.lang.MetaClassImpl.doInvokeMethod(MetaClassImpl.java:1333)
	at groovy.lang.MetaClassImpl.invokeMethod(MetaClassImpl.java:1088)
	at groovy.lang.MetaClassImpl.invokeMethod(MetaClassImpl.java:1007)
	at groovy.lang.MetaClassImpl.invokeMethod(MetaClassImpl.java:790)
	at io.restassured.internal.RequestSpecificationImpl.invokeMethod(RequestSpecificationImpl.groovy)
	at org.codehaus.groovy.runtime.callsite.PogoInterceptableSite.call(PogoInterceptableSite.java:46)
	at org.codehaus.groovy.runtime.callsite.AbstractCallSite.call(AbstractCallSite.java:166)
	at io.restassured.internal.filter.SendRequestFilter.filter(SendRequestFilter.groovy:30)
	at io.restassured.filter.Filter$filter.call(Unknown Source)
	at org.codehaus.groovy.runtime.callsite.CallSiteArray.defaultCall(CallSiteArray.java:45)
	at io.restassured.filter.Filter$filter$0.call(Unknown Source)
	at io.restassured.internal.filter.FilterContextImpl.next(FilterContextImpl.groovy:72)
	at io.restassured.filter.time.TimingFilter.filter(TimingFilter.java:56)
	at io.restassured.filter.Filter$filter$0.call(Unknown Source)
	at org.codehaus.groovy.runtime.callsite.CallSiteArray.defaultCall(CallSiteArray.java:45)
	at io.restassured.filter.Filter$filter.call(Unknown Source)
	at io.restassured.internal.filter.FilterContextImpl.next(FilterContextImpl.groovy:72)
	at io.restassured.filter.FilterContext$next.call(Unknown Source)
	at io.restassured.internal.filter.CsrfFilter.filter(CsrfFilter.groovy:70)
	at io.restassured.filter.Filter$filter.call(Unknown Source)
	at org.codehaus.groovy.runtime.callsite.CallSiteArray.defaultCall(CallSiteArray.java:45)
	at io.restassured.filter.Filter$filter.call(Unknown Source)
	at io.restassured.internal.filter.FilterContextImpl.next(FilterContextImpl.groovy:72)
	at io.restassured.filter.FilterContext$next.call(Unknown Source)
	at io.restassured.internal.RequestSpecificationImpl.applyPathParamsAndSendRequest(RequestSpecificationImpl.groovy:1704)
	at io.restassured.internal.RequestSpecificationImpl.this$2$applyPathParamsAndSendRequest(RequestSpecificationImpl.groovy)
	at java.base/jdk.internal.reflect.DirectMethodHandleAccessor.invoke(DirectMethodHandleAccessor.java:103)
	at java.base/java.lang.reflect.Method.invoke(Method.java:580)
	at org.codehaus.groovy.reflection.CachedMethod.invoke(CachedMethod.java:343)
	at groovy.lang.MetaMethod.doMethodInvoke(MetaMethod.java:328)
	at groovy.lang.MetaClassImpl.doInvokeMethod(MetaClassImpl.java:1333)
	at groovy.lang.MetaClassImpl.invokeMethod(MetaClassImpl.java:1088)
	at groovy.lang.MetaClassImpl.invokeMethod(MetaClassImpl.java:1007)
	at groovy.lang.MetaClassImpl.invokeMethod(MetaClassImpl.java:790)
	at io.restassured.internal.RequestSpecificationImpl.invokeMethod(RequestSpecificationImpl.groovy)
	at org.codehaus.groovy.runtime.callsite.PogoInterceptableSite.call(PogoInterceptableSite.java:46)
	at org.codehaus.groovy.runtime.callsite.PogoInterceptableSite.callCurrent(PogoInterceptableSite.java:57)
	at org.codehaus.groovy.runtime.callsite.AbstractCallSite.callCurrent(AbstractCallSite.java:203)
	at io.restassured.internal.RequestSpecificationImpl.applyPathParamsAndSendRequest(RequestSpecificationImpl.groovy:1710)
	at io.restassured.internal.RequestSpecificationImpl.this$2$applyPathParamsAndSendRequest(RequestSpecificationImpl.groovy)
	at java.base/jdk.internal.reflect.DirectMethodHandleAccessor.invoke(DirectMethodHandleAccessor.java:103)
	at java.base/java.lang.reflect.Method.invoke(Method.java:580)
	at org.codehaus.groovy.reflection.CachedMethod.invoke(CachedMethod.java:343)
	at groovy.lang.MetaMethod.doMethodInvoke(MetaMethod.java:328)
	at groovy.lang.MetaClassImpl.doInvokeMethod(MetaClassImpl.java:1333)
	at groovy.lang.MetaClassImpl.invokeMethod(MetaClassImpl.java:1088)
	at groovy.lang.MetaClassImpl.invokeMethod(MetaClassImpl.java:1007)
	at groovy.lang.MetaClassImpl.invokeMethod(MetaClassImpl.java:790)
	at io.restassured.internal.RequestSpecificationImpl.invokeMethod(RequestSpecificationImpl.groovy)
	at org.codehaus.groovy.runtime.callsite.PogoInterceptableSite.call(PogoInterceptableSite.java:46)
	at org.codehaus.groovy.runtime.callsite.PogoInterceptableSite.callCurrent(PogoInterceptableSite.java:57)
	at org.codehaus.groovy.runtime.callsite.AbstractCallSite.callCurrent(AbstractCallSite.java:203)
	at io.restassured.internal.RequestSpecificationImpl.post(RequestSpecificationImpl.groovy:176)
	at io.restassured.internal.RequestSpecificationImpl.post(RequestSpecificationImpl.groovy)
	at services.AutenticacaoService.loginWithCredentials(AutenticacaoService.java:37)
	at steps.AutenticacaoSteps.envioUmaRequisiçãoPOSTParaComAsCredenciais(AutenticacaoSteps.java:38)
	at ✽.envio uma requisição POST para "/auth/login" com as credenciais(classpath:features/autenticacao.feature:40)
&amp#27;[0m
  &amp#27;[36mEntão &amp#27;[0m&amp#27;[36mo status da resposta deve ser &amp#27;[0m&amp#27;[36m&amp#27;[1m500&amp#27;[0m                                &amp#27;[90m# steps.AutenticacaoSteps.oStatusDaRespostaDeveSer(int)&amp#27;[0m
  &amp#27;[36mE &amp#27;[0m&amp#27;[36ma resposta deve conter &amp#27;[0m&amp#27;[36m&amp#27;[1m"Usuário ou senha inválidos"&amp#27;[0m                  &amp#27;[90m# steps.AutenticacaoSteps.aRespostaDeveConter(java.lang.String)&amp#27;[0m
]]></system-out>
  </testcase>
  <testcase name="Falha no login com nome de usuário ausente" classname="Gerenciamento de Autenticação" time="0.082">
    <error message="Connection refused: connect" type="java.net.ConnectException"><![CDATA[java.net.ConnectException: Connection refused: connect
	at java.base/sun.nio.ch.Net.connect0(Native Method)
	at java.base/sun.nio.ch.Net.connect(Net.java:589)
	at java.base/sun.nio.ch.Net.connect(Net.java:578)
	at java.base/sun.nio.ch.NioSocketImpl.connect(NioSocketImpl.java:583)
	at java.base/java.net.SocksSocketImpl.connect(SocksSocketImpl.java:327)
	at java.base/java.net.Socket.connect(Socket.java:751)
	at org.apache.http.conn.scheme.PlainSocketFactory.connectSocket(PlainSocketFactory.java:121)
	at org.apache.http.impl.conn.DefaultClientConnectionOperator.openConnection(DefaultClientConnectionOperator.java:180)
	at org.apache.http.impl.conn.ManagedClientConnectionImpl.open(ManagedClientConnectionImpl.java:326)
	at org.apache.http.impl.client.DefaultRequestDirector.tryConnect(DefaultRequestDirector.java:605)
	at org.apache.http.impl.client.DefaultRequestDirector.execute(DefaultRequestDirector.java:440)
	at org.apache.http.impl.client.AbstractHttpClient.doExecute(AbstractHttpClient.java:835)
	at org.apache.http.impl.client.CloseableHttpClient.execute(CloseableHttpClient.java:83)
	at io.restassured.internal.RestAssuredHttpBuilder.doRequest(RestAssuredHttpBuilder.java:141)
	at io.restassured.internal.http.HTTPBuilder.post(HTTPBuilder.java:349)
	at io.restassured.internal.http.HTTPBuilder$post$2.call(Unknown Source)
	at io.restassured.internal.RequestSpecificationImpl.sendRequest(RequestSpecificationImpl.groovy:1209)
	at io.restassured.internal.RequestSpecificationImpl.this$2$sendRequest(RequestSpecificationImpl.groovy)
	at java.base/java.lang.reflect.Method.invoke(Method.java:580)
	at org.codehaus.groovy.reflection.CachedMethod.invoke(CachedMethod.java:343)
	at groovy.lang.MetaMethod.doMethodInvoke(MetaMethod.java:328)
	at groovy.lang.MetaClassImpl.doInvokeMethod(MetaClassImpl.java:1333)
	at groovy.lang.MetaClassImpl.invokeMethod(MetaClassImpl.java:1088)
	at groovy.lang.MetaClassImpl.invokeMethod(MetaClassImpl.java:1007)
	at groovy.lang.MetaClassImpl.invokeMethod(MetaClassImpl.java:790)
	at io.restassured.internal.RequestSpecificationImpl.invokeMethod(RequestSpecificationImpl.groovy)
	at org.codehaus.groovy.runtime.callsite.PogoInterceptableSite.call(PogoInterceptableSite.java:46)
	at org.codehaus.groovy.runtime.callsite.AbstractCallSite.call(AbstractCallSite.java:166)
	at io.restassured.internal.filter.SendRequestFilter.filter(SendRequestFilter.groovy:30)
	at io.restassured.filter.Filter$filter.call(Unknown Source)
	at org.codehaus.groovy.runtime.callsite.CallSiteArray.defaultCall(CallSiteArray.java:45)
	at io.restassured.filter.Filter$filter$0.call(Unknown Source)
	at io.restassured.internal.filter.FilterContextImpl.next(FilterContextImpl.groovy:72)
	at io.restassured.filter.time.TimingFilter.filter(TimingFilter.java:56)
	at io.restassured.filter.Filter$filter$0.call(Unknown Source)
	at org.codehaus.groovy.runtime.callsite.CallSiteArray.defaultCall(CallSiteArray.java:45)
	at io.restassured.filter.Filter$filter.call(Unknown Source)
	at io.restassured.internal.filter.FilterContextImpl.next(FilterContextImpl.groovy:72)
	at io.restassured.filter.FilterContext$next.call(Unknown Source)
	at io.restassured.internal.filter.CsrfFilter.filter(CsrfFilter.groovy:70)
	at io.restassured.filter.Filter$filter.call(Unknown Source)
	at org.codehaus.groovy.runtime.callsite.CallSiteArray.defaultCall(CallSiteArray.java:45)
	at io.restassured.filter.Filter$filter.call(Unknown Source)
	at io.restassured.internal.filter.FilterContextImpl.next(FilterContextImpl.groovy:72)
	at io.restassured.filter.FilterContext$next.call(Unknown Source)
	at io.restassured.internal.RequestSpecificationImpl.applyPathParamsAndSendRequest(RequestSpecificationImpl.groovy:1704)
	at io.restassured.internal.RequestSpecificationImpl.this$2$applyPathParamsAndSendRequest(RequestSpecificationImpl.groovy)
	at java.base/java.lang.reflect.Method.invoke(Method.java:580)
	at org.codehaus.groovy.reflection.CachedMethod.invoke(CachedMethod.java:343)
	at groovy.lang.MetaMethod.doMethodInvoke(MetaMethod.java:328)
	at groovy.lang.MetaClassImpl.doInvokeMethod(MetaClassImpl.java:1333)
	at groovy.lang.MetaClassImpl.invokeMethod(MetaClassImpl.java:1088)
	at groovy.lang.MetaClassImpl.invokeMethod(MetaClassImpl.java:1007)
	at groovy.lang.MetaClassImpl.invokeMethod(MetaClassImpl.java:790)
	at io.restassured.internal.RequestSpecificationImpl.invokeMethod(RequestSpecificationImpl.groovy)
	at org.codehaus.groovy.runtime.callsite.PogoInterceptableSite.call(PogoInterceptableSite.java:46)
	at org.codehaus.groovy.runtime.callsite.PogoInterceptableSite.callCurrent(PogoInterceptableSite.java:57)
	at org.codehaus.groovy.runtime.callsite.AbstractCallSite.callCurrent(AbstractCallSite.java:203)
	at io.restassured.internal.RequestSpecificationImpl.applyPathParamsAndSendRequest(RequestSpecificationImpl.groovy:1710)
	at io.restassured.internal.RequestSpecificationImpl.this$2$applyPathParamsAndSendRequest(RequestSpecificationImpl.groovy)
	at java.base/java.lang.reflect.Method.invoke(Method.java:580)
	at org.codehaus.groovy.reflection.CachedMethod.invoke(CachedMethod.java:343)
	at groovy.lang.MetaMethod.doMethodInvoke(MetaMethod.java:328)
	at groovy.lang.MetaClassImpl.doInvokeMethod(MetaClassImpl.java:1333)
	at groovy.lang.MetaClassImpl.invokeMethod(MetaClassImpl.java:1088)
	at groovy.lang.MetaClassImpl.invokeMethod(MetaClassImpl.java:1007)
	at groovy.lang.MetaClassImpl.invokeMethod(MetaClassImpl.java:790)
	at io.restassured.internal.RequestSpecificationImpl.invokeMethod(RequestSpecificationImpl.groovy)
	at org.codehaus.groovy.runtime.callsite.PogoInterceptableSite.call(PogoInterceptableSite.java:46)
	at org.codehaus.groovy.runtime.callsite.PogoInterceptableSite.callCurrent(PogoInterceptableSite.java:57)
	at org.codehaus.groovy.runtime.callsite.AbstractCallSite.callCurrent(AbstractCallSite.java:203)
	at io.restassured.internal.RequestSpecificationImpl.post(RequestSpecificationImpl.groovy:176)
	at io.restassured.internal.RequestSpecificationImpl.post(RequestSpecificationImpl.groovy)
	at services.AutenticacaoService.loginWithCredentials(AutenticacaoService.java:37)
	at steps.AutenticacaoSteps.envioUmaRequisiçãoPOSTParaComAsCredenciais(AutenticacaoSteps.java:38)
	at ✽.envio uma requisição POST para "/auth/login" com as credenciais(classpath:features/autenticacao.feature:48)
]]></error>
    <system-out><![CDATA[
Cenário: Falha no login com nome de usuário ausente                      &amp#27;[90m# features/autenticacao.feature:44&amp#27;[0m
  &amp#27;[32mDado &amp#27;[0m&amp#27;[32mque a aplicação está rodando&amp#27;[0m                                      &amp#27;[90m# steps.AutenticacaoSteps.queAAplicaçãoEstáRodando()&amp#27;[0m
  &amp#27;[32mE &amp#27;[0m&amp#27;[32mo banco de dados está acessível&amp#27;[0m                                      &amp#27;[90m# steps.AutenticacaoSteps.oBancoDeDadosEstáAcessível()&amp#27;[0m
  &amp#27;[32mDado &amp#27;[0m&amp#27;[32mque tenho credenciais com nome de usuário ausente&amp#27;[0m                 &amp#27;[90m# steps.AutenticacaoSteps.queTenhoCredenciaisComNomeDeUsuárioAusente(io.cucumber.datatable.DataTable)&amp#27;[0m
    | username | password |
    | [empty]  | admin123 |
  &amp#27;[31mQuando &amp#27;[0m&amp#27;[31menvio uma requisição POST para &amp#27;[0m&amp#27;[31m&amp#27;[1m"/auth/login"&amp#27;[0m&amp#27;[31m com as credenciais&amp#27;[0m &amp#27;[90m# steps.AutenticacaoSteps.envioUmaRequisiçãoPOSTParaComAsCredenciais(java.lang.String)&amp#27;[0m
      &amp#27;[31mjava.net.ConnectException: Connection refused: connect
	at java.base/sun.nio.ch.Net.connect0(Native Method)
	at java.base/sun.nio.ch.Net.connect(Net.java:589)
	at java.base/sun.nio.ch.Net.connect(Net.java:578)
	at java.base/sun.nio.ch.NioSocketImpl.connect(NioSocketImpl.java:583)
	at java.base/java.net.SocksSocketImpl.connect(SocksSocketImpl.java:327)
	at java.base/java.net.Socket.connect(Socket.java:751)
	at org.apache.http.conn.scheme.PlainSocketFactory.connectSocket(PlainSocketFactory.java:121)
	at org.apache.http.impl.conn.DefaultClientConnectionOperator.openConnection(DefaultClientConnectionOperator.java:180)
	at org.apache.http.impl.conn.ManagedClientConnectionImpl.open(ManagedClientConnectionImpl.java:326)
	at org.apache.http.impl.client.DefaultRequestDirector.tryConnect(DefaultRequestDirector.java:605)
	at org.apache.http.impl.client.DefaultRequestDirector.execute(DefaultRequestDirector.java:440)
	at org.apache.http.impl.client.AbstractHttpClient.doExecute(AbstractHttpClient.java:835)
	at org.apache.http.impl.client.CloseableHttpClient.execute(CloseableHttpClient.java:83)
	at io.restassured.internal.RestAssuredHttpBuilder.doRequest(RestAssuredHttpBuilder.java:141)
	at io.restassured.internal.http.HTTPBuilder.post(HTTPBuilder.java:349)
	at io.restassured.internal.http.HTTPBuilder$post$2.call(Unknown Source)
	at io.restassured.internal.RequestSpecificationImpl.sendRequest(RequestSpecificationImpl.groovy:1209)
	at io.restassured.internal.RequestSpecificationImpl.this$2$sendRequest(RequestSpecificationImpl.groovy)
	at java.base/jdk.internal.reflect.DirectMethodHandleAccessor.invoke(DirectMethodHandleAccessor.java:103)
	at java.base/java.lang.reflect.Method.invoke(Method.java:580)
	at org.codehaus.groovy.reflection.CachedMethod.invoke(CachedMethod.java:343)
	at groovy.lang.MetaMethod.doMethodInvoke(MetaMethod.java:328)
	at groovy.lang.MetaClassImpl.doInvokeMethod(MetaClassImpl.java:1333)
	at groovy.lang.MetaClassImpl.invokeMethod(MetaClassImpl.java:1088)
	at groovy.lang.MetaClassImpl.invokeMethod(MetaClassImpl.java:1007)
	at groovy.lang.MetaClassImpl.invokeMethod(MetaClassImpl.java:790)
	at io.restassured.internal.RequestSpecificationImpl.invokeMethod(RequestSpecificationImpl.groovy)
	at org.codehaus.groovy.runtime.callsite.PogoInterceptableSite.call(PogoInterceptableSite.java:46)
	at org.codehaus.groovy.runtime.callsite.AbstractCallSite.call(AbstractCallSite.java:166)
	at io.restassured.internal.filter.SendRequestFilter.filter(SendRequestFilter.groovy:30)
	at io.restassured.filter.Filter$filter.call(Unknown Source)
	at org.codehaus.groovy.runtime.callsite.CallSiteArray.defaultCall(CallSiteArray.java:45)
	at io.restassured.filter.Filter$filter$0.call(Unknown Source)
	at io.restassured.internal.filter.FilterContextImpl.next(FilterContextImpl.groovy:72)
	at io.restassured.filter.time.TimingFilter.filter(TimingFilter.java:56)
	at io.restassured.filter.Filter$filter$0.call(Unknown Source)
	at org.codehaus.groovy.runtime.callsite.CallSiteArray.defaultCall(CallSiteArray.java:45)
	at io.restassured.filter.Filter$filter.call(Unknown Source)
	at io.restassured.internal.filter.FilterContextImpl.next(FilterContextImpl.groovy:72)
	at io.restassured.filter.FilterContext$next.call(Unknown Source)
	at io.restassured.internal.filter.CsrfFilter.filter(CsrfFilter.groovy:70)
	at io.restassured.filter.Filter$filter.call(Unknown Source)
	at org.codehaus.groovy.runtime.callsite.CallSiteArray.defaultCall(CallSiteArray.java:45)
	at io.restassured.filter.Filter$filter.call(Unknown Source)
	at io.restassured.internal.filter.FilterContextImpl.next(FilterContextImpl.groovy:72)
	at io.restassured.filter.FilterContext$next.call(Unknown Source)
	at io.restassured.internal.RequestSpecificationImpl.applyPathParamsAndSendRequest(RequestSpecificationImpl.groovy:1704)
	at io.restassured.internal.RequestSpecificationImpl.this$2$applyPathParamsAndSendRequest(RequestSpecificationImpl.groovy)
	at java.base/jdk.internal.reflect.DirectMethodHandleAccessor.invoke(DirectMethodHandleAccessor.java:103)
	at java.base/java.lang.reflect.Method.invoke(Method.java:580)
	at org.codehaus.groovy.reflection.CachedMethod.invoke(CachedMethod.java:343)
	at groovy.lang.MetaMethod.doMethodInvoke(MetaMethod.java:328)
	at groovy.lang.MetaClassImpl.doInvokeMethod(MetaClassImpl.java:1333)
	at groovy.lang.MetaClassImpl.invokeMethod(MetaClassImpl.java:1088)
	at groovy.lang.MetaClassImpl.invokeMethod(MetaClassImpl.java:1007)
	at groovy.lang.MetaClassImpl.invokeMethod(MetaClassImpl.java:790)
	at io.restassured.internal.RequestSpecificationImpl.invokeMethod(RequestSpecificationImpl.groovy)
	at org.codehaus.groovy.runtime.callsite.PogoInterceptableSite.call(PogoInterceptableSite.java:46)
	at org.codehaus.groovy.runtime.callsite.PogoInterceptableSite.callCurrent(PogoInterceptableSite.java:57)
	at org.codehaus.groovy.runtime.callsite.AbstractCallSite.callCurrent(AbstractCallSite.java:203)
	at io.restassured.internal.RequestSpecificationImpl.applyPathParamsAndSendRequest(RequestSpecificationImpl.groovy:1710)
	at io.restassured.internal.RequestSpecificationImpl.this$2$applyPathParamsAndSendRequest(RequestSpecificationImpl.groovy)
	at java.base/jdk.internal.reflect.DirectMethodHandleAccessor.invoke(DirectMethodHandleAccessor.java:103)
	at java.base/java.lang.reflect.Method.invoke(Method.java:580)
	at org.codehaus.groovy.reflection.CachedMethod.invoke(CachedMethod.java:343)
	at groovy.lang.MetaMethod.doMethodInvoke(MetaMethod.java:328)
	at groovy.lang.MetaClassImpl.doInvokeMethod(MetaClassImpl.java:1333)
	at groovy.lang.MetaClassImpl.invokeMethod(MetaClassImpl.java:1088)
	at groovy.lang.MetaClassImpl.invokeMethod(MetaClassImpl.java:1007)
	at groovy.lang.MetaClassImpl.invokeMethod(MetaClassImpl.java:790)
	at io.restassured.internal.RequestSpecificationImpl.invokeMethod(RequestSpecificationImpl.groovy)
	at org.codehaus.groovy.runtime.callsite.PogoInterceptableSite.call(PogoInterceptableSite.java:46)
	at org.codehaus.groovy.runtime.callsite.PogoInterceptableSite.callCurrent(PogoInterceptableSite.java:57)
	at org.codehaus.groovy.runtime.callsite.AbstractCallSite.callCurrent(AbstractCallSite.java:203)
	at io.restassured.internal.RequestSpecificationImpl.post(RequestSpecificationImpl.groovy:176)
	at io.restassured.internal.RequestSpecificationImpl.post(RequestSpecificationImpl.groovy)
	at services.AutenticacaoService.loginWithCredentials(AutenticacaoService.java:37)
	at steps.AutenticacaoSteps.envioUmaRequisiçãoPOSTParaComAsCredenciais(AutenticacaoSteps.java:38)
	at ✽.envio uma requisição POST para "/auth/login" com as credenciais(classpath:features/autenticacao.feature:48)
&amp#27;[0m
  &amp#27;[36mEntão &amp#27;[0m&amp#27;[36mo status da resposta deve ser &amp#27;[0m&amp#27;[36m&amp#27;[1m500&amp#27;[0m                                &amp#27;[90m# steps.AutenticacaoSteps.oStatusDaRespostaDeveSer(int)&amp#27;[0m
  &amp#27;[36mE &amp#27;[0m&amp#27;[36ma resposta deve conter &amp#27;[0m&amp#27;[36m&amp#27;[1m"Usuário ou senha inválidos"&amp#27;[0m                  &amp#27;[90m# steps.AutenticacaoSteps.aRespostaDeveConter(java.lang.String)&amp#27;[0m
]]></system-out>
  </testcase>
  <testcase name="Falha no login com senha ausente" classname="Gerenciamento de Autenticação" time="0.064">
    <error message="Connection refused: connect" type="java.net.ConnectException"><![CDATA[java.net.ConnectException: Connection refused: connect
	at java.base/sun.nio.ch.Net.connect0(Native Method)
	at java.base/sun.nio.ch.Net.connect(Net.java:589)
	at java.base/sun.nio.ch.Net.connect(Net.java:578)
	at java.base/sun.nio.ch.NioSocketImpl.connect(NioSocketImpl.java:583)
	at java.base/java.net.SocksSocketImpl.connect(SocksSocketImpl.java:327)
	at java.base/java.net.Socket.connect(Socket.java:751)
	at org.apache.http.conn.scheme.PlainSocketFactory.connectSocket(PlainSocketFactory.java:121)
	at org.apache.http.impl.conn.DefaultClientConnectionOperator.openConnection(DefaultClientConnectionOperator.java:180)
	at org.apache.http.impl.conn.ManagedClientConnectionImpl.open(ManagedClientConnectionImpl.java:326)
	at org.apache.http.impl.client.DefaultRequestDirector.tryConnect(DefaultRequestDirector.java:605)
	at org.apache.http.impl.client.DefaultRequestDirector.execute(DefaultRequestDirector.java:440)
	at org.apache.http.impl.client.AbstractHttpClient.doExecute(AbstractHttpClient.java:835)
	at org.apache.http.impl.client.CloseableHttpClient.execute(CloseableHttpClient.java:83)
	at io.restassured.internal.RestAssuredHttpBuilder.doRequest(RestAssuredHttpBuilder.java:141)
	at io.restassured.internal.http.HTTPBuilder.post(HTTPBuilder.java:349)
	at io.restassured.internal.http.HTTPBuilder$post$2.call(Unknown Source)
	at io.restassured.internal.RequestSpecificationImpl.sendRequest(RequestSpecificationImpl.groovy:1209)
	at io.restassured.internal.RequestSpecificationImpl.this$2$sendRequest(RequestSpecificationImpl.groovy)
	at java.base/java.lang.reflect.Method.invoke(Method.java:580)
	at org.codehaus.groovy.reflection.CachedMethod.invoke(CachedMethod.java:343)
	at groovy.lang.MetaMethod.doMethodInvoke(MetaMethod.java:328)
	at groovy.lang.MetaClassImpl.doInvokeMethod(MetaClassImpl.java:1333)
	at groovy.lang.MetaClassImpl.invokeMethod(MetaClassImpl.java:1088)
	at groovy.lang.MetaClassImpl.invokeMethod(MetaClassImpl.java:1007)
	at groovy.lang.MetaClassImpl.invokeMethod(MetaClassImpl.java:790)
	at io.restassured.internal.RequestSpecificationImpl.invokeMethod(RequestSpecificationImpl.groovy)
	at org.codehaus.groovy.runtime.callsite.PogoInterceptableSite.call(PogoInterceptableSite.java:46)
	at org.codehaus.groovy.runtime.callsite.AbstractCallSite.call(AbstractCallSite.java:166)
	at io.restassured.internal.filter.SendRequestFilter.filter(SendRequestFilter.groovy:30)
	at io.restassured.filter.Filter$filter.call(Unknown Source)
	at org.codehaus.groovy.runtime.callsite.CallSiteArray.defaultCall(CallSiteArray.java:45)
	at io.restassured.filter.Filter$filter$0.call(Unknown Source)
	at io.restassured.internal.filter.FilterContextImpl.next(FilterContextImpl.groovy:72)
	at io.restassured.filter.time.TimingFilter.filter(TimingFilter.java:56)
	at io.restassured.filter.Filter$filter$0.call(Unknown Source)
	at org.codehaus.groovy.runtime.callsite.CallSiteArray.defaultCall(CallSiteArray.java:45)
	at io.restassured.filter.Filter$filter.call(Unknown Source)
	at io.restassured.internal.filter.FilterContextImpl.next(FilterContextImpl.groovy:72)
	at io.restassured.filter.FilterContext$next.call(Unknown Source)
	at io.restassured.internal.filter.CsrfFilter.filter(CsrfFilter.groovy:70)
	at io.restassured.filter.Filter$filter.call(Unknown Source)
	at org.codehaus.groovy.runtime.callsite.CallSiteArray.defaultCall(CallSiteArray.java:45)
	at io.restassured.filter.Filter$filter.call(Unknown Source)
	at io.restassured.internal.filter.FilterContextImpl.next(FilterContextImpl.groovy:72)
	at io.restassured.filter.FilterContext$next.call(Unknown Source)
	at io.restassured.internal.RequestSpecificationImpl.applyPathParamsAndSendRequest(RequestSpecificationImpl.groovy:1704)
	at io.restassured.internal.RequestSpecificationImpl.this$2$applyPathParamsAndSendRequest(RequestSpecificationImpl.groovy)
	at java.base/java.lang.reflect.Method.invoke(Method.java:580)
	at org.codehaus.groovy.reflection.CachedMethod.invoke(CachedMethod.java:343)
	at groovy.lang.MetaMethod.doMethodInvoke(MetaMethod.java:328)
	at groovy.lang.MetaClassImpl.doInvokeMethod(MetaClassImpl.java:1333)
	at groovy.lang.MetaClassImpl.invokeMethod(MetaClassImpl.java:1088)
	at groovy.lang.MetaClassImpl.invokeMethod(MetaClassImpl.java:1007)
	at groovy.lang.MetaClassImpl.invokeMethod(MetaClassImpl.java:790)
	at io.restassured.internal.RequestSpecificationImpl.invokeMethod(RequestSpecificationImpl.groovy)
	at org.codehaus.groovy.runtime.callsite.PogoInterceptableSite.call(PogoInterceptableSite.java:46)
	at org.codehaus.groovy.runtime.callsite.PogoInterceptableSite.callCurrent(PogoInterceptableSite.java:57)
	at org.codehaus.groovy.runtime.callsite.AbstractCallSite.callCurrent(AbstractCallSite.java:203)
	at io.restassured.internal.RequestSpecificationImpl.applyPathParamsAndSendRequest(RequestSpecificationImpl.groovy:1710)
	at io.restassured.internal.RequestSpecificationImpl.this$2$applyPathParamsAndSendRequest(RequestSpecificationImpl.groovy)
	at java.base/java.lang.reflect.Method.invoke(Method.java:580)
	at org.codehaus.groovy.reflection.CachedMethod.invoke(CachedMethod.java:343)
	at groovy.lang.MetaMethod.doMethodInvoke(MetaMethod.java:328)
	at groovy.lang.MetaClassImpl.doInvokeMethod(MetaClassImpl.java:1333)
	at groovy.lang.MetaClassImpl.invokeMethod(MetaClassImpl.java:1088)
	at groovy.lang.MetaClassImpl.invokeMethod(MetaClassImpl.java:1007)
	at groovy.lang.MetaClassImpl.invokeMethod(MetaClassImpl.java:790)
	at io.restassured.internal.RequestSpecificationImpl.invokeMethod(RequestSpecificationImpl.groovy)
	at org.codehaus.groovy.runtime.callsite.PogoInterceptableSite.call(PogoInterceptableSite.java:46)
	at org.codehaus.groovy.runtime.callsite.PogoInterceptableSite.callCurrent(PogoInterceptableSite.java:57)
	at org.codehaus.groovy.runtime.callsite.AbstractCallSite.callCurrent(AbstractCallSite.java:203)
	at io.restassured.internal.RequestSpecificationImpl.post(RequestSpecificationImpl.groovy:176)
	at io.restassured.internal.RequestSpecificationImpl.post(RequestSpecificationImpl.groovy)
	at services.AutenticacaoService.loginWithCredentials(AutenticacaoService.java:37)
	at steps.AutenticacaoSteps.envioUmaRequisiçãoPOSTParaComAsCredenciais(AutenticacaoSteps.java:38)
	at ✽.envio uma requisição POST para "/auth/login" com as credenciais(classpath:features/autenticacao.feature:56)
]]></error>
    <system-out><![CDATA[
Cenário: Falha no login com senha ausente                                &amp#27;[90m# features/autenticacao.feature:52&amp#27;[0m
  &amp#27;[32mDado &amp#27;[0m&amp#27;[32mque a aplicação está rodando&amp#27;[0m                                      &amp#27;[90m# steps.AutenticacaoSteps.queAAplicaçãoEstáRodando()&amp#27;[0m
  &amp#27;[32mE &amp#27;[0m&amp#27;[32mo banco de dados está acessível&amp#27;[0m                                      &amp#27;[90m# steps.AutenticacaoSteps.oBancoDeDadosEstáAcessível()&amp#27;[0m
  &amp#27;[32mDado &amp#27;[0m&amp#27;[32mque tenho credenciais com senha ausente&amp#27;[0m                           &amp#27;[90m# steps.AutenticacaoSteps.queTenhoCredenciaisComSenhaAusente(io.cucumber.datatable.DataTable)&amp#27;[0m
    | username | password |
    | admin    | [empty]  |
  &amp#27;[31mQuando &amp#27;[0m&amp#27;[31menvio uma requisição POST para &amp#27;[0m&amp#27;[31m&amp#27;[1m"/auth/login"&amp#27;[0m&amp#27;[31m com as credenciais&amp#27;[0m &amp#27;[90m# steps.AutenticacaoSteps.envioUmaRequisiçãoPOSTParaComAsCredenciais(java.lang.String)&amp#27;[0m
      &amp#27;[31mjava.net.ConnectException: Connection refused: connect
	at java.base/sun.nio.ch.Net.connect0(Native Method)
	at java.base/sun.nio.ch.Net.connect(Net.java:589)
	at java.base/sun.nio.ch.Net.connect(Net.java:578)
	at java.base/sun.nio.ch.NioSocketImpl.connect(NioSocketImpl.java:583)
	at java.base/java.net.SocksSocketImpl.connect(SocksSocketImpl.java:327)
	at java.base/java.net.Socket.connect(Socket.java:751)
	at org.apache.http.conn.scheme.PlainSocketFactory.connectSocket(PlainSocketFactory.java:121)
	at org.apache.http.impl.conn.DefaultClientConnectionOperator.openConnection(DefaultClientConnectionOperator.java:180)
	at org.apache.http.impl.conn.ManagedClientConnectionImpl.open(ManagedClientConnectionImpl.java:326)
	at org.apache.http.impl.client.DefaultRequestDirector.tryConnect(DefaultRequestDirector.java:605)
	at org.apache.http.impl.client.DefaultRequestDirector.execute(DefaultRequestDirector.java:440)
	at org.apache.http.impl.client.AbstractHttpClient.doExecute(AbstractHttpClient.java:835)
	at org.apache.http.impl.client.CloseableHttpClient.execute(CloseableHttpClient.java:83)
	at io.restassured.internal.RestAssuredHttpBuilder.doRequest(RestAssuredHttpBuilder.java:141)
	at io.restassured.internal.http.HTTPBuilder.post(HTTPBuilder.java:349)
	at io.restassured.internal.http.HTTPBuilder$post$2.call(Unknown Source)
	at io.restassured.internal.RequestSpecificationImpl.sendRequest(RequestSpecificationImpl.groovy:1209)
	at io.restassured.internal.RequestSpecificationImpl.this$2$sendRequest(RequestSpecificationImpl.groovy)
	at java.base/jdk.internal.reflect.DirectMethodHandleAccessor.invoke(DirectMethodHandleAccessor.java:103)
	at java.base/java.lang.reflect.Method.invoke(Method.java:580)
	at org.codehaus.groovy.reflection.CachedMethod.invoke(CachedMethod.java:343)
	at groovy.lang.MetaMethod.doMethodInvoke(MetaMethod.java:328)
	at groovy.lang.MetaClassImpl.doInvokeMethod(MetaClassImpl.java:1333)
	at groovy.lang.MetaClassImpl.invokeMethod(MetaClassImpl.java:1088)
	at groovy.lang.MetaClassImpl.invokeMethod(MetaClassImpl.java:1007)
	at groovy.lang.MetaClassImpl.invokeMethod(MetaClassImpl.java:790)
	at io.restassured.internal.RequestSpecificationImpl.invokeMethod(RequestSpecificationImpl.groovy)
	at org.codehaus.groovy.runtime.callsite.PogoInterceptableSite.call(PogoInterceptableSite.java:46)
	at org.codehaus.groovy.runtime.callsite.AbstractCallSite.call(AbstractCallSite.java:166)
	at io.restassured.internal.filter.SendRequestFilter.filter(SendRequestFilter.groovy:30)
	at io.restassured.filter.Filter$filter.call(Unknown Source)
	at org.codehaus.groovy.runtime.callsite.CallSiteArray.defaultCall(CallSiteArray.java:45)
	at io.restassured.filter.Filter$filter$0.call(Unknown Source)
	at io.restassured.internal.filter.FilterContextImpl.next(FilterContextImpl.groovy:72)
	at io.restassured.filter.time.TimingFilter.filter(TimingFilter.java:56)
	at io.restassured.filter.Filter$filter$0.call(Unknown Source)
	at org.codehaus.groovy.runtime.callsite.CallSiteArray.defaultCall(CallSiteArray.java:45)
	at io.restassured.filter.Filter$filter.call(Unknown Source)
	at io.restassured.internal.filter.FilterContextImpl.next(FilterContextImpl.groovy:72)
	at io.restassured.filter.FilterContext$next.call(Unknown Source)
	at io.restassured.internal.filter.CsrfFilter.filter(CsrfFilter.groovy:70)
	at io.restassured.filter.Filter$filter.call(Unknown Source)
	at org.codehaus.groovy.runtime.callsite.CallSiteArray.defaultCall(CallSiteArray.java:45)
	at io.restassured.filter.Filter$filter.call(Unknown Source)
	at io.restassured.internal.filter.FilterContextImpl.next(FilterContextImpl.groovy:72)
	at io.restassured.filter.FilterContext$next.call(Unknown Source)
	at io.restassured.internal.RequestSpecificationImpl.applyPathParamsAndSendRequest(RequestSpecificationImpl.groovy:1704)
	at io.restassured.internal.RequestSpecificationImpl.this$2$applyPathParamsAndSendRequest(RequestSpecificationImpl.groovy)
	at java.base/jdk.internal.reflect.DirectMethodHandleAccessor.invoke(DirectMethodHandleAccessor.java:103)
	at java.base/java.lang.reflect.Method.invoke(Method.java:580)
	at org.codehaus.groovy.reflection.CachedMethod.invoke(CachedMethod.java:343)
	at groovy.lang.MetaMethod.doMethodInvoke(MetaMethod.java:328)
	at groovy.lang.MetaClassImpl.doInvokeMethod(MetaClassImpl.java:1333)
	at groovy.lang.MetaClassImpl.invokeMethod(MetaClassImpl.java:1088)
	at groovy.lang.MetaClassImpl.invokeMethod(MetaClassImpl.java:1007)
	at groovy.lang.MetaClassImpl.invokeMethod(MetaClassImpl.java:790)
	at io.restassured.internal.RequestSpecificationImpl.invokeMethod(RequestSpecificationImpl.groovy)
	at org.codehaus.groovy.runtime.callsite.PogoInterceptableSite.call(PogoInterceptableSite.java:46)
	at org.codehaus.groovy.runtime.callsite.PogoInterceptableSite.callCurrent(PogoInterceptableSite.java:57)
	at org.codehaus.groovy.runtime.callsite.AbstractCallSite.callCurrent(AbstractCallSite.java:203)
	at io.restassured.internal.RequestSpecificationImpl.applyPathParamsAndSendRequest(RequestSpecificationImpl.groovy:1710)
	at io.restassured.internal.RequestSpecificationImpl.this$2$applyPathParamsAndSendRequest(RequestSpecificationImpl.groovy)
	at java.base/jdk.internal.reflect.DirectMethodHandleAccessor.invoke(DirectMethodHandleAccessor.java:103)
	at java.base/java.lang.reflect.Method.invoke(Method.java:580)
	at org.codehaus.groovy.reflection.CachedMethod.invoke(CachedMethod.java:343)
	at groovy.lang.MetaMethod.doMethodInvoke(MetaMethod.java:328)
	at groovy.lang.MetaClassImpl.doInvokeMethod(MetaClassImpl.java:1333)
	at groovy.lang.MetaClassImpl.invokeMethod(MetaClassImpl.java:1088)
	at groovy.lang.MetaClassImpl.invokeMethod(MetaClassImpl.java:1007)
	at groovy.lang.MetaClassImpl.invokeMethod(MetaClassImpl.java:790)
	at io.restassured.internal.RequestSpecificationImpl.invokeMethod(RequestSpecificationImpl.groovy)
	at org.codehaus.groovy.runtime.callsite.PogoInterceptableSite.call(PogoInterceptableSite.java:46)
	at org.codehaus.groovy.runtime.callsite.PogoInterceptableSite.callCurrent(PogoInterceptableSite.java:57)
	at org.codehaus.groovy.runtime.callsite.AbstractCallSite.callCurrent(AbstractCallSite.java:203)
	at io.restassured.internal.RequestSpecificationImpl.post(RequestSpecificationImpl.groovy:176)
	at io.restassured.internal.RequestSpecificationImpl.post(RequestSpecificationImpl.groovy)
	at services.AutenticacaoService.loginWithCredentials(AutenticacaoService.java:37)
	at steps.AutenticacaoSteps.envioUmaRequisiçãoPOSTParaComAsCredenciais(AutenticacaoSteps.java:38)
	at ✽.envio uma requisição POST para "/auth/login" com as credenciais(classpath:features/autenticacao.feature:56)
&amp#27;[0m
  &amp#27;[36mEntão &amp#27;[0m&amp#27;[36mo status da resposta deve ser &amp#27;[0m&amp#27;[36m&amp#27;[1m500&amp#27;[0m                                &amp#27;[90m# steps.AutenticacaoSteps.oStatusDaRespostaDeveSer(int)&amp#27;[0m
  &amp#27;[36mE &amp#27;[0m&amp#27;[36ma resposta deve conter &amp#27;[0m&amp#27;[36m&amp#27;[1m"Usuário ou senha inválidos"&amp#27;[0m                  &amp#27;[90m# steps.AutenticacaoSteps.aRespostaDeveConter(java.lang.String)&amp#27;[0m
]]></system-out>
  </testcase>
  <testcase name="Contar funcionários por gênero com sucesso" classname="Gerenciamento de Colaboradores" time="0.078">
    <error message="Step [que existem funcionários no sistema com diferentes gêneros] is defined with 0 parameters at &apos;steps.ColaboradorGestaoSteps.queExistemFuncionáriosNoSistemaComDiferentesGêneros()&apos;.&#10;However, the gherkin step has 1 arguments:&#10; * Table:&#10;      | nome  | genero    |&#10;      | João  | Masculino |&#10;      | Maria | Feminino  |&#10;      | Ana   | Feminino  |&#10;      | Pedro | Masculino |&#10;&#10;Step text: que existem funcionários no sistema com diferentes gêneros" type="io.cucumber.core.exception.CucumberException"><![CDATA[io.cucumber.core.exception.CucumberException: 
Step [que existem funcionários no sistema com diferentes gêneros] is defined with 0 parameters at 'steps.ColaboradorGestaoSteps.queExistemFuncionáriosNoSistemaComDiferentesGêneros()'.
However, the gherkin step has 1 arguments:
 * Table:
      | nome  | genero    |
      | João  | Masculino |
      | Maria | Feminino  |
      | Ana   | Feminino  |
      | Pedro | Masculino |

Step text: que existem funcionários no sistema com diferentes gêneros
	at io.cucumber.core.runner.PickleStepDefinitionMatch.arityMismatch(PickleStepDefinitionMatch.java:83)
	at io.cucumber.core.runner.PickleStepDefinitionMatch.runStep(PickleStepDefinitionMatch.java:42)
	at io.cucumber.core.runner.ExecutionMode$1.execute(ExecutionMode.java:10)
	at io.cucumber.core.runner.TestStep.executeStep(TestStep.java:81)
	at io.cucumber.core.runner.TestStep.run(TestStep.java:53)
	at io.cucumber.core.runner.PickleStepTestStep.run(PickleStepTestStep.java:51)
	at io.cucumber.core.runner.TestCase.run(TestCase.java:84)
	at io.cucumber.core.runner.Runner.runPickle(Runner.java:75)
	at io.cucumber.junit.platform.engine.CucumberEngineExecutionContext.lambda$runTestCase$4(CucumberEngineExecutionContext.java:112)
	at io.cucumber.core.runtime.CucumberExecutionContext.lambda$runTestCase$5(CucumberExecutionContext.java:136)
	at io.cucumber.core.runtime.RethrowingThrowableCollector.executeAndThrow(RethrowingThrowableCollector.java:23)
	at io.cucumber.core.runtime.CucumberExecutionContext.runTestCase(CucumberExecutionContext.java:136)
	at io.cucumber.junit.platform.engine.CucumberEngineExecutionContext.runTestCase(CucumberEngineExecutionContext.java:109)
	at io.cucumber.junit.platform.engine.NodeDescriptor$PickleDescriptor.execute(NodeDescriptor.java:168)
	at io.cucumber.junit.platform.engine.NodeDescriptor$PickleDescriptor.execute(NodeDescriptor.java:90)
	at java.base/java.util.ArrayList.forEach(ArrayList.java:1596)
	at java.base/java.util.ArrayList.forEach(ArrayList.java:1596)
]]></error>
    <system-out><![CDATA[
Cenário: Contar funcionários por gênero com sucesso                    &amp#27;[90m# features/colaborador-gestao.feature:12&amp#27;[0m
  &amp#27;[32mDado &amp#27;[0m&amp#27;[32mque a aplicação está rodando&amp#27;[0m                                    &amp#27;[90m# steps.AutenticacaoSteps.queAAplicaçãoEstáRodando()&amp#27;[0m
  &amp#27;[32mE &amp#27;[0m&amp#27;[32mo banco de dados está acessível&amp#27;[0m                                    &amp#27;[90m# steps.AutenticacaoSteps.oBancoDeDadosEstáAcessível()&amp#27;[0m
  &amp#27;[32mE &amp#27;[0m&amp#27;[32mtenho um token de autenticação válido&amp#27;[0m                              &amp#27;[90m# steps.ColaboradorGestaoSteps.tenhoUmTokenDeAutenticaçãoVálido()&amp#27;[0m
  &amp#27;[31mDado &amp#27;[0m&amp#27;[31mque existem funcionários no sistema com diferentes gêneros&amp#27;[0m      &amp#27;[90m# steps.ColaboradorGestaoSteps.queExistemFuncionáriosNoSistemaComDiferentesGêneros()&amp#27;[0m
    | nome  | genero    |
    | João  | Masculino |
    | Maria | Feminino  |
    | Ana   | Feminino  |
    | Pedro | Masculino |
      &amp#27;[31mio.cucumber.core.exception.CucumberException: Step [que existem funcionários no sistema com diferentes gêneros] is defined with 0 parameters at 'steps.ColaboradorGestaoSteps.queExistemFuncionáriosNoSistemaComDiferentesGêneros()'.
However, the gherkin step has 1 arguments:
 * Table:
      | nome  | genero    |
      | João  | Masculino |
      | Maria | Feminino  |
      | Ana   | Feminino  |
      | Pedro | Masculino |

Step text: que existem funcionários no sistema com diferentes gêneros
	at io.cucumber.core.runner.PickleStepDefinitionMatch.arityMismatch(PickleStepDefinitionMatch.java:83)
	at io.cucumber.core.runner.PickleStepDefinitionMatch.runStep(PickleStepDefinitionMatch.java:42)
	at io.cucumber.core.runner.ExecutionMode$1.execute(ExecutionMode.java:10)
	at io.cucumber.core.runner.TestStep.executeStep(TestStep.java:81)
	at io.cucumber.core.runner.TestStep.run(TestStep.java:53)
	at io.cucumber.core.runner.PickleStepTestStep.run(PickleStepTestStep.java:51)
	at io.cucumber.core.runner.TestCase.run(TestCase.java:84)
	at io.cucumber.core.runner.Runner.runPickle(Runner.java:75)
	at io.cucumber.junit.platform.engine.CucumberEngineExecutionContext.lambda$runTestCase$4(CucumberEngineExecutionContext.java:112)
	at io.cucumber.core.runtime.CucumberExecutionContext.lambda$runTestCase$5(CucumberExecutionContext.java:136)
	at io.cucumber.core.runtime.RethrowingThrowableCollector.executeAndThrow(RethrowingThrowableCollector.java:23)
	at io.cucumber.core.runtime.CucumberExecutionContext.runTestCase(CucumberExecutionContext.java:136)
	at io.cucumber.junit.platform.engine.CucumberEngineExecutionContext.runTestCase(CucumberEngineExecutionContext.java:109)
	at io.cucumber.junit.platform.engine.NodeDescriptor$PickleDescriptor.execute(NodeDescriptor.java:168)
	at io.cucumber.junit.platform.engine.NodeDescriptor$PickleDescriptor.execute(NodeDescriptor.java:90)
	at org.junit.platform.engine.support.hierarchical.NodeTestTask.lambda$executeRecursively$6(NodeTestTask.java:151)
	at org.junit.platform.engine.support.hierarchical.ThrowableCollector.execute(ThrowableCollector.java:73)
	at org.junit.platform.engine.support.hierarchical.NodeTestTask.lambda$executeRecursively$8(NodeTestTask.java:141)
	at org.junit.platform.engine.support.hierarchical.Node.around(Node.java:137)
	at org.junit.platform.engine.support.hierarchical.NodeTestTask.lambda$executeRecursively$9(NodeTestTask.java:139)
	at org.junit.platform.engine.support.hierarchical.ThrowableCollector.execute(ThrowableCollector.java:73)
	at org.junit.platform.engine.support.hierarchical.NodeTestTask.executeRecursively(NodeTestTask.java:138)
	at org.junit.platform.engine.support.hierarchical.NodeTestTask.execute(NodeTestTask.java:95)
	at java.base/java.util.ArrayList.forEach(ArrayList.java:1596)
	at org.junit.platform.engine.support.hierarchical.SameThreadHierarchicalTestExecutorService.invokeAll(SameThreadHierarchicalTestExecutorService.java:41)
	at org.junit.platform.engine.support.hierarchical.NodeTestTask.lambda$executeRecursively$6(NodeTestTask.java:155)
	at org.junit.platform.engine.support.hierarchical.ThrowableCollector.execute(ThrowableCollector.java:73)
	at org.junit.platform.engine.support.hierarchical.NodeTestTask.lambda$executeRecursively$8(NodeTestTask.java:141)
	at org.junit.platform.engine.support.hierarchical.Node.around(Node.java:137)
	at org.junit.platform.engine.support.hierarchical.NodeTestTask.lambda$executeRecursively$9(NodeTestTask.java:139)
	at org.junit.platform.engine.support.hierarchical.ThrowableCollector.execute(ThrowableCollector.java:73)
	at org.junit.platform.engine.support.hierarchical.NodeTestTask.executeRecursively(NodeTestTask.java:138)
	at org.junit.platform.engine.support.hierarchical.NodeTestTask.execute(NodeTestTask.java:95)
	at java.base/java.util.ArrayList.forEach(ArrayList.java:1596)
	at org.junit.platform.engine.support.hierarchical.SameThreadHierarchicalTestExecutorService.invokeAll(SameThreadHierarchicalTestExecutorService.java:41)
	at org.junit.platform.engine.support.hierarchical.NodeTestTask.lambda$executeRecursively$6(NodeTestTask.java:155)
	at org.junit.platform.engine.support.hierarchical.ThrowableCollector.execute(ThrowableCollector.java:73)
	at org.junit.platform.engine.support.hierarchical.NodeTestTask.lambda$executeRecursively$8(NodeTestTask.java:141)
	at org.junit.platform.engine.support.hierarchical.Node.around(Node.java:137)
	at org.junit.platform.engine.support.hierarchical.NodeTestTask.lambda$executeRecursively$9(NodeTestTask.java:139)
	at org.junit.platform.engine.support.hierarchical.ThrowableCollector.execute(ThrowableCollector.java:73)
	at org.junit.platform.engine.support.hierarchical.NodeTestTask.executeRecursively(NodeTestTask.java:138)
	at org.junit.platform.engine.support.hierarchical.NodeTestTask.execute(NodeTestTask.java:95)
	at org.junit.platform.engine.support.hierarchical.SameThreadHierarchicalTestExecutorService.submit(SameThreadHierarchicalTestExecutorService.java:35)
	at org.junit.platform.engine.support.hierarchical.HierarchicalTestExecutor.execute(HierarchicalTestExecutor.java:57)
	at org.junit.platform.engine.support.hierarchical.HierarchicalTestEngine.execute(HierarchicalTestEngine.java:54)
	at org.junit.platform.launcher.core.EngineExecutionOrchestrator.execute(EngineExecutionOrchestrator.java:198)
	at org.junit.platform.launcher.core.EngineExecutionOrchestrator.execute(EngineExecutionOrchestrator.java:169)
	at org.junit.platform.launcher.core.EngineExecutionOrchestrator.execute(EngineExecutionOrchestrator.java:93)
	at org.junit.platform.launcher.core.EngineExecutionOrchestrator.execute(EngineExecutionOrchestrator.java:76)
	at org.junit.platform.suite.engine.SuiteLauncher.execute(SuiteLauncher.java:63)
	at org.junit.platform.suite.engine.SuiteTestDescriptor.execute(SuiteTestDescriptor.java:128)
	at org.junit.platform.suite.engine.SuiteTestEngine.lambda$execute$0(SuiteTestEngine.java:73)
	at java.base/java.util.stream.ForEachOps$ForEachOp$OfRef.accept(ForEachOps.java:184)
	at java.base/java.util.stream.ReferencePipeline$3$1.accept(ReferencePipeline.java:197)
	at java.base/java.util.Iterator.forEachRemaining(Iterator.java:133)
	at java.base/java.util.Spliterators$IteratorSpliterator.forEachRemaining(Spliterators.java:1939)
	at java.base/java.util.stream.AbstractPipeline.copyInto(AbstractPipeline.java:509)
	at java.base/java.util.stream.AbstractPipeline.wrapAndCopyInto(AbstractPipeline.java:499)
	at java.base/java.util.stream.ForEachOps$ForEachOp.evaluateSequential(ForEachOps.java:151)
	at java.base/java.util.stream.ForEachOps$ForEachOp$OfRef.evaluateSequential(ForEachOps.java:174)
	at java.base/java.util.stream.AbstractPipeline.evaluate(AbstractPipeline.java:234)
	at java.base/java.util.stream.ReferencePipeline.forEach(ReferencePipeline.java:596)
	at org.junit.platform.suite.engine.SuiteTestEngine.execute(SuiteTestEngine.java:73)
	at org.junit.platform.launcher.core.EngineExecutionOrchestrator.execute(EngineExecutionOrchestrator.java:198)
	at org.junit.platform.launcher.core.EngineExecutionOrchestrator.execute(EngineExecutionOrchestrator.java:169)
	at org.junit.platform.launcher.core.EngineExecutionOrchestrator.execute(EngineExecutionOrchestrator.java:93)
	at org.junit.platform.launcher.core.EngineExecutionOrchestrator.lambda$execute$0(EngineExecutionOrchestrator.java:58)
	at org.junit.platform.launcher.core.EngineExecutionOrchestrator.withInterceptedStreams(EngineExecutionOrchestrator.java:141)
	at org.junit.platform.launcher.core.EngineExecutionOrchestrator.execute(EngineExecutionOrchestrator.java:57)
	at org.junit.platform.launcher.core.DefaultLauncher.execute(DefaultLauncher.java:103)
	at org.junit.platform.launcher.core.DefaultLauncher.execute(DefaultLauncher.java:85)
	at org.junit.platform.launcher.core.DelegatingLauncher.execute(DelegatingLauncher.java:47)
	at org.apache.maven.surefire.junitplatform.LazyLauncher.execute(LazyLauncher.java:50)
	at org.apache.maven.surefire.junitplatform.JUnitPlatformProvider.execute(JUnitPlatformProvider.java:184)
	at org.apache.maven.surefire.junitplatform.JUnitPlatformProvider.invokeAllTests(JUnitPlatformProvider.java:148)
	at org.apache.maven.surefire.junitplatform.JUnitPlatformProvider.invoke(JUnitPlatformProvider.java:122)
	at org.apache.maven.surefire.booter.ForkedBooter.runSuitesInProcess(ForkedBooter.java:385)
	at org.apache.maven.surefire.booter.ForkedBooter.execute(ForkedBooter.java:162)
	at org.apache.maven.surefire.booter.ForkedBooter.run(ForkedBooter.java:507)
	at org.apache.maven.surefire.booter.ForkedBooter.main(ForkedBooter.java:495)
&amp#27;[0m
  &amp#27;[36mQuando &amp#27;[0m&amp#27;[36menvio uma requisição GET para &amp#27;[0m&amp#27;[36m&amp#27;[1m"/colaboradores/countPorGenero"&amp#27;[0m &amp#27;[90m# steps.ColaboradorGestaoSteps.envioUmaRequisiçãoGETPara(java.lang.String)&amp#27;[0m
  &amp#27;[36mEntão &amp#27;[0m&amp#27;[36mo status da resposta deve ser &amp#27;[0m&amp#27;[36m&amp#27;[1m200&amp#27;[0m                              &amp#27;[90m# steps.AutenticacaoSteps.oStatusDaRespostaDeveSer(int)&amp#27;[0m
  &amp#27;[36mE &amp#27;[0m&amp#27;[36ma resposta deve conter contagens por gênero&amp#27;[0m                        &amp#27;[90m# steps.ColaboradorGestaoSteps.aRespostaDeveConterContagensPorGênero()&amp#27;[0m
    | genero    | count |
    | Masculino | 2     |
    | Feminino  | 2     |
]]></system-out>
  </testcase>
  <testcase name="Deletar um funcionário existente com sucesso" classname="Gerenciamento de Colaboradores" time="0.046">
    <error message="Cannot invoke &quot;io.restassured.response.Response.getStatusCode()&quot; because &quot;this.autenticacaoService.response&quot; is null" type="java.lang.NullPointerException"><![CDATA[java.lang.NullPointerException: Cannot invoke "io.restassured.response.Response.getStatusCode()" because "this.autenticacaoService.response" is null
	at steps.AutenticacaoSteps.oStatusDaRespostaDeveSer(AutenticacaoSteps.java:43)
	at ✽.o status da resposta deve ser 200(classpath:features/colaborador-gestao.feature:29)
]]></error>
    <system-out><![CDATA[
Cenário: Deletar um funcionário existente com sucesso        &amp#27;[90m# features/colaborador-gestao.feature:26&amp#27;[0m
  &amp#27;[32mDado &amp#27;[0m&amp#27;[32mque a aplicação está rodando&amp#27;[0m                          &amp#27;[90m# steps.AutenticacaoSteps.queAAplicaçãoEstáRodando()&amp#27;[0m
  &amp#27;[32mE &amp#27;[0m&amp#27;[32mo banco de dados está acessível&amp#27;[0m                          &amp#27;[90m# steps.AutenticacaoSteps.oBancoDeDadosEstáAcessível()&amp#27;[0m
  &amp#27;[32mE &amp#27;[0m&amp#27;[32mtenho um token de autenticação válido&amp#27;[0m                    &amp#27;[90m# steps.ColaboradorGestaoSteps.tenhoUmTokenDeAutenticaçãoVálido()&amp#27;[0m
  &amp#27;[32mDado &amp#27;[0m&amp#27;[32mque existe um funcionário com ID &amp#27;[0m&amp#27;[32m&amp#27;[1m1&amp#27;[0m&amp#27;[32m no sistema&amp#27;[0m         &amp#27;[90m# steps.ColaboradorGestaoSteps.queExisteUmFuncionárioComIDNoSistema(int)&amp#27;[0m
  &amp#27;[32mQuando &amp#27;[0m&amp#27;[32menvio uma requisição DELETE para &amp#27;[0m&amp#27;[32m&amp#27;[1m"/colaboradores/1"&amp#27;[0m &amp#27;[90m# steps.ColaboradorGestaoSteps.envioUmaRequisiçãoDELETEPara(java.lang.String)&amp#27;[0m
  &amp#27;[31mEntão &amp#27;[0m&amp#27;[31mo status da resposta deve ser &amp#27;[0m&amp#27;[31m&amp#27;[1m200&amp#27;[0m                    &amp#27;[90m# steps.AutenticacaoSteps.oStatusDaRespostaDeveSer(int)&amp#27;[0m
      &amp#27;[31mjava.lang.NullPointerException: Cannot invoke "io.restassured.response.Response.getStatusCode()" because "this.autenticacaoService.response" is null
	at steps.AutenticacaoSteps.oStatusDaRespostaDeveSer(AutenticacaoSteps.java:43)
	at ✽.o status da resposta deve ser 200(classpath:features/colaborador-gestao.feature:29)
&amp#27;[0m
  &amp#27;[36mE &amp#27;[0m&amp#27;[36ma resposta deve conter &amp#27;[0m&amp#27;[36m&amp#27;[1m"Deletado com sucesso"&amp#27;[0m            &amp#27;[90m# steps.AutenticacaoSteps.aRespostaDeveConter(java.lang.String)&amp#27;[0m
]]></system-out>
  </testcase>
  <testcase name="Falha na deleção de funcionário inexistente" classname="Gerenciamento de Colaboradores" time="0.027">
    <error message="Cannot invoke &quot;io.restassured.response.Response.getStatusCode()&quot; because &quot;this.autenticacaoService.response&quot; is null" type="java.lang.NullPointerException"><![CDATA[java.lang.NullPointerException: Cannot invoke "io.restassured.response.Response.getStatusCode()" because "this.autenticacaoService.response" is null
	at steps.AutenticacaoSteps.oStatusDaRespostaDeveSer(AutenticacaoSteps.java:43)
	at ✽.o status da resposta deve ser 200(classpath:features/colaborador-gestao.feature:35)
]]></error>
    <system-out><![CDATA[
Cenário: Falha na deleção de funcionário inexistente           &amp#27;[90m# features/colaborador-gestao.feature:32&amp#27;[0m
  &amp#27;[32mDado &amp#27;[0m&amp#27;[32mque a aplicação está rodando&amp#27;[0m                            &amp#27;[90m# steps.AutenticacaoSteps.queAAplicaçãoEstáRodando()&amp#27;[0m
  &amp#27;[32mE &amp#27;[0m&amp#27;[32mo banco de dados está acessível&amp#27;[0m                            &amp#27;[90m# steps.AutenticacaoSteps.oBancoDeDadosEstáAcessível()&amp#27;[0m
  &amp#27;[32mE &amp#27;[0m&amp#27;[32mtenho um token de autenticação válido&amp#27;[0m                      &amp#27;[90m# steps.ColaboradorGestaoSteps.tenhoUmTokenDeAutenticaçãoVálido()&amp#27;[0m
  &amp#27;[32mDado &amp#27;[0m&amp#27;[32mque não existe um funcionário com ID &amp#27;[0m&amp#27;[32m&amp#27;[1m999&amp#27;[0m&amp#27;[32m no sistema&amp#27;[0m     &amp#27;[90m# steps.ColaboradorGestaoSteps.queNãoExisteUmFuncionárioComIDNoSistema(int)&amp#27;[0m
  &amp#27;[32mQuando &amp#27;[0m&amp#27;[32menvio uma requisição DELETE para &amp#27;[0m&amp#27;[32m&amp#27;[1m"/colaboradores/999"&amp#27;[0m &amp#27;[90m# steps.ColaboradorGestaoSteps.envioUmaRequisiçãoDELETEPara(java.lang.String)&amp#27;[0m
  &amp#27;[31mEntão &amp#27;[0m&amp#27;[31mo status da resposta deve ser &amp#27;[0m&amp#27;[31m&amp#27;[1m200&amp#27;[0m                      &amp#27;[90m# steps.AutenticacaoSteps.oStatusDaRespostaDeveSer(int)&amp#27;[0m
      &amp#27;[31mjava.lang.NullPointerException: Cannot invoke "io.restassured.response.Response.getStatusCode()" because "this.autenticacaoService.response" is null
	at steps.AutenticacaoSteps.oStatusDaRespostaDeveSer(AutenticacaoSteps.java:43)
	at ✽.o status da resposta deve ser 200(classpath:features/colaborador-gestao.feature:35)
&amp#27;[0m
  &amp#27;[36mE &amp#27;[0m&amp#27;[36ma resposta deve conter &amp#27;[0m&amp#27;[36m&amp#27;[1m"Deletado com sucesso"&amp#27;[0m              &amp#27;[90m# steps.AutenticacaoSteps.aRespostaDeveConter(java.lang.String)&amp#27;[0m
]]></system-out>
  </testcase>
  <testcase name="Contar funcionários por gênero quando não existem funcionários" classname="Gerenciamento de Colaboradores" time="0.036">
    <error message="Cannot invoke &quot;io.restassured.response.Response.getStatusCode()&quot; because &quot;this.autenticacaoService.response&quot; is null" type="java.lang.NullPointerException"><![CDATA[java.lang.NullPointerException: Cannot invoke "io.restassured.response.Response.getStatusCode()" because "this.autenticacaoService.response" is null
	at steps.AutenticacaoSteps.oStatusDaRespostaDeveSer(AutenticacaoSteps.java:43)
	at ✽.o status da resposta deve ser 200(classpath:features/colaborador-gestao.feature:41)
]]></error>
    <system-out><![CDATA[
Cenário: Contar funcionários por gênero quando não existem funcionários &amp#27;[90m# features/colaborador-gestao.feature:38&amp#27;[0m
  &amp#27;[32mDado &amp#27;[0m&amp#27;[32mque a aplicação está rodando&amp#27;[0m                                     &amp#27;[90m# steps.AutenticacaoSteps.queAAplicaçãoEstáRodando()&amp#27;[0m
  &amp#27;[32mE &amp#27;[0m&amp#27;[32mo banco de dados está acessível&amp#27;[0m                                     &amp#27;[90m# steps.AutenticacaoSteps.oBancoDeDadosEstáAcessível()&amp#27;[0m
  &amp#27;[32mE &amp#27;[0m&amp#27;[32mtenho um token de autenticação válido&amp#27;[0m                               &amp#27;[90m# steps.ColaboradorGestaoSteps.tenhoUmTokenDeAutenticaçãoVálido()&amp#27;[0m
  &amp#27;[32mDado &amp#27;[0m&amp#27;[32mque não existem funcionários no sistema&amp#27;[0m                          &amp#27;[90m# steps.ColaboradorGestaoSteps.queNãoExistemFuncionáriosNoSistema()&amp#27;[0m
  &amp#27;[32mQuando &amp#27;[0m&amp#27;[32menvio uma requisição GET para &amp#27;[0m&amp#27;[32m&amp#27;[1m"/colaboradores/countPorGenero"&amp#27;[0m  &amp#27;[90m# steps.ColaboradorGestaoSteps.envioUmaRequisiçãoGETPara(java.lang.String)&amp#27;[0m
  &amp#27;[31mEntão &amp#27;[0m&amp#27;[31mo status da resposta deve ser &amp#27;[0m&amp#27;[31m&amp#27;[1m200&amp#27;[0m                               &amp#27;[90m# steps.AutenticacaoSteps.oStatusDaRespostaDeveSer(int)&amp#27;[0m
      &amp#27;[31mjava.lang.NullPointerException: Cannot invoke "io.restassured.response.Response.getStatusCode()" because "this.autenticacaoService.response" is null
	at steps.AutenticacaoSteps.oStatusDaRespostaDeveSer(AutenticacaoSteps.java:43)
	at ✽.o status da resposta deve ser 200(classpath:features/colaborador-gestao.feature:41)
&amp#27;[0m
  &amp#27;[36mE &amp#27;[0m&amp#27;[36ma resposta deve ser um objeto vazio&amp#27;[0m                                 &amp#27;[90m# steps.ColaboradorGestaoSteps.aRespostaDeveSerUmObjetoVazio()&amp#27;[0m
]]></system-out>
  </testcase>
  <testcase name="Contar funcionários por gênero com valores nulos" classname="Gerenciamento de Colaboradores" time="0.03">
    <error message="Step [que existem funcionários com valores de gênero nulos] is defined with 0 parameters at &apos;steps.ColaboradorGestaoSteps.queExistemFuncionáriosComValoresDeGêneroNulos()&apos;.&#10;However, the gherkin step has 1 arguments:&#10; * Table:&#10;      | nome  | genero   |&#10;      | João  | null     |&#10;      | Maria | Feminino |&#10;      | Ana   | null     |&#10;&#10;Step text: que existem funcionários com valores de gênero nulos" type="io.cucumber.core.exception.CucumberException"><![CDATA[io.cucumber.core.exception.CucumberException: 
Step [que existem funcionários com valores de gênero nulos] is defined with 0 parameters at 'steps.ColaboradorGestaoSteps.queExistemFuncionáriosComValoresDeGêneroNulos()'.
However, the gherkin step has 1 arguments:
 * Table:
      | nome  | genero   |
      | João  | null     |
      | Maria | Feminino |
      | Ana   | null     |

Step text: que existem funcionários com valores de gênero nulos
	at io.cucumber.core.runner.PickleStepDefinitionMatch.arityMismatch(PickleStepDefinitionMatch.java:83)
	at io.cucumber.core.runner.PickleStepDefinitionMatch.runStep(PickleStepDefinitionMatch.java:42)
	at io.cucumber.core.runner.ExecutionMode$1.execute(ExecutionMode.java:10)
	at io.cucumber.core.runner.TestStep.executeStep(TestStep.java:81)
	at io.cucumber.core.runner.TestStep.run(TestStep.java:53)
	at io.cucumber.core.runner.PickleStepTestStep.run(PickleStepTestStep.java:51)
	at io.cucumber.core.runner.TestCase.run(TestCase.java:84)
	at io.cucumber.core.runner.Runner.runPickle(Runner.java:75)
	at io.cucumber.junit.platform.engine.CucumberEngineExecutionContext.lambda$runTestCase$4(CucumberEngineExecutionContext.java:112)
	at io.cucumber.core.runtime.CucumberExecutionContext.lambda$runTestCase$5(CucumberExecutionContext.java:136)
	at io.cucumber.core.runtime.RethrowingThrowableCollector.executeAndThrow(RethrowingThrowableCollector.java:23)
	at io.cucumber.core.runtime.CucumberExecutionContext.runTestCase(CucumberExecutionContext.java:136)
	at io.cucumber.junit.platform.engine.CucumberEngineExecutionContext.runTestCase(CucumberEngineExecutionContext.java:109)
	at io.cucumber.junit.platform.engine.NodeDescriptor$PickleDescriptor.execute(NodeDescriptor.java:168)
	at io.cucumber.junit.platform.engine.NodeDescriptor$PickleDescriptor.execute(NodeDescriptor.java:90)
	at java.base/java.util.ArrayList.forEach(ArrayList.java:1596)
	at java.base/java.util.ArrayList.forEach(ArrayList.java:1596)
]]></error>
    <system-out><![CDATA[
Cenário: Contar funcionários por gênero com valores nulos              &amp#27;[90m# features/colaborador-gestao.feature:44&amp#27;[0m
  &amp#27;[32mDado &amp#27;[0m&amp#27;[32mque a aplicação está rodando&amp#27;[0m                                    &amp#27;[90m# steps.AutenticacaoSteps.queAAplicaçãoEstáRodando()&amp#27;[0m
  &amp#27;[32mE &amp#27;[0m&amp#27;[32mo banco de dados está acessível&amp#27;[0m                                    &amp#27;[90m# steps.AutenticacaoSteps.oBancoDeDadosEstáAcessível()&amp#27;[0m
  &amp#27;[32mE &amp#27;[0m&amp#27;[32mtenho um token de autenticação válido&amp#27;[0m                              &amp#27;[90m# steps.ColaboradorGestaoSteps.tenhoUmTokenDeAutenticaçãoVálido()&amp#27;[0m
  &amp#27;[31mDado &amp#27;[0m&amp#27;[31mque existem funcionários com valores de gênero nulos&amp#27;[0m            &amp#27;[90m# steps.ColaboradorGestaoSteps.queExistemFuncionáriosComValoresDeGêneroNulos()&amp#27;[0m
    | nome  | genero   |
    | João  | null     |
    | Maria | Feminino |
    | Ana   | null     |
      &amp#27;[31mio.cucumber.core.exception.CucumberException: Step [que existem funcionários com valores de gênero nulos] is defined with 0 parameters at 'steps.ColaboradorGestaoSteps.queExistemFuncionáriosComValoresDeGêneroNulos()'.
However, the gherkin step has 1 arguments:
 * Table:
      | nome  | genero   |
      | João  | null     |
      | Maria | Feminino |
      | Ana   | null     |

Step text: que existem funcionários com valores de gênero nulos
	at io.cucumber.core.runner.PickleStepDefinitionMatch.arityMismatch(PickleStepDefinitionMatch.java:83)
	at io.cucumber.core.runner.PickleStepDefinitionMatch.runStep(PickleStepDefinitionMatch.java:42)
	at io.cucumber.core.runner.ExecutionMode$1.execute(ExecutionMode.java:10)
	at io.cucumber.core.runner.TestStep.executeStep(TestStep.java:81)
	at io.cucumber.core.runner.TestStep.run(TestStep.java:53)
	at io.cucumber.core.runner.PickleStepTestStep.run(PickleStepTestStep.java:51)
	at io.cucumber.core.runner.TestCase.run(TestCase.java:84)
	at io.cucumber.core.runner.Runner.runPickle(Runner.java:75)
	at io.cucumber.junit.platform.engine.CucumberEngineExecutionContext.lambda$runTestCase$4(CucumberEngineExecutionContext.java:112)
	at io.cucumber.core.runtime.CucumberExecutionContext.lambda$runTestCase$5(CucumberExecutionContext.java:136)
	at io.cucumber.core.runtime.RethrowingThrowableCollector.executeAndThrow(RethrowingThrowableCollector.java:23)
	at io.cucumber.core.runtime.CucumberExecutionContext.runTestCase(CucumberExecutionContext.java:136)
	at io.cucumber.junit.platform.engine.CucumberEngineExecutionContext.runTestCase(CucumberEngineExecutionContext.java:109)
	at io.cucumber.junit.platform.engine.NodeDescriptor$PickleDescriptor.execute(NodeDescriptor.java:168)
	at io.cucumber.junit.platform.engine.NodeDescriptor$PickleDescriptor.execute(NodeDescriptor.java:90)
	at org.junit.platform.engine.support.hierarchical.NodeTestTask.lambda$executeRecursively$6(NodeTestTask.java:151)
	at org.junit.platform.engine.support.hierarchical.ThrowableCollector.execute(ThrowableCollector.java:73)
	at org.junit.platform.engine.support.hierarchical.NodeTestTask.lambda$executeRecursively$8(NodeTestTask.java:141)
	at org.junit.platform.engine.support.hierarchical.Node.around(Node.java:137)
	at org.junit.platform.engine.support.hierarchical.NodeTestTask.lambda$executeRecursively$9(NodeTestTask.java:139)
	at org.junit.platform.engine.support.hierarchical.ThrowableCollector.execute(ThrowableCollector.java:73)
	at org.junit.platform.engine.support.hierarchical.NodeTestTask.executeRecursively(NodeTestTask.java:138)
	at org.junit.platform.engine.support.hierarchical.NodeTestTask.execute(NodeTestTask.java:95)
	at java.base/java.util.ArrayList.forEach(ArrayList.java:1596)
	at org.junit.platform.engine.support.hierarchical.SameThreadHierarchicalTestExecutorService.invokeAll(SameThreadHierarchicalTestExecutorService.java:41)
	at org.junit.platform.engine.support.hierarchical.NodeTestTask.lambda$executeRecursively$6(NodeTestTask.java:155)
	at org.junit.platform.engine.support.hierarchical.ThrowableCollector.execute(ThrowableCollector.java:73)
	at org.junit.platform.engine.support.hierarchical.NodeTestTask.lambda$executeRecursively$8(NodeTestTask.java:141)
	at org.junit.platform.engine.support.hierarchical.Node.around(Node.java:137)
	at org.junit.platform.engine.support.hierarchical.NodeTestTask.lambda$executeRecursively$9(NodeTestTask.java:139)
	at org.junit.platform.engine.support.hierarchical.ThrowableCollector.execute(ThrowableCollector.java:73)
	at org.junit.platform.engine.support.hierarchical.NodeTestTask.executeRecursively(NodeTestTask.java:138)
	at org.junit.platform.engine.support.hierarchical.NodeTestTask.execute(NodeTestTask.java:95)
	at java.base/java.util.ArrayList.forEach(ArrayList.java:1596)
	at org.junit.platform.engine.support.hierarchical.SameThreadHierarchicalTestExecutorService.invokeAll(SameThreadHierarchicalTestExecutorService.java:41)
	at org.junit.platform.engine.support.hierarchical.NodeTestTask.lambda$executeRecursively$6(NodeTestTask.java:155)
	at org.junit.platform.engine.support.hierarchical.ThrowableCollector.execute(ThrowableCollector.java:73)
	at org.junit.platform.engine.support.hierarchical.NodeTestTask.lambda$executeRecursively$8(NodeTestTask.java:141)
	at org.junit.platform.engine.support.hierarchical.Node.around(Node.java:137)
	at org.junit.platform.engine.support.hierarchical.NodeTestTask.lambda$executeRecursively$9(NodeTestTask.java:139)
	at org.junit.platform.engine.support.hierarchical.ThrowableCollector.execute(ThrowableCollector.java:73)
	at org.junit.platform.engine.support.hierarchical.NodeTestTask.executeRecursively(NodeTestTask.java:138)
	at org.junit.platform.engine.support.hierarchical.NodeTestTask.execute(NodeTestTask.java:95)
	at org.junit.platform.engine.support.hierarchical.SameThreadHierarchicalTestExecutorService.submit(SameThreadHierarchicalTestExecutorService.java:35)
	at org.junit.platform.engine.support.hierarchical.HierarchicalTestExecutor.execute(HierarchicalTestExecutor.java:57)
	at org.junit.platform.engine.support.hierarchical.HierarchicalTestEngine.execute(HierarchicalTestEngine.java:54)
	at org.junit.platform.launcher.core.EngineExecutionOrchestrator.execute(EngineExecutionOrchestrator.java:198)
	at org.junit.platform.launcher.core.EngineExecutionOrchestrator.execute(EngineExecutionOrchestrator.java:169)
	at org.junit.platform.launcher.core.EngineExecutionOrchestrator.execute(EngineExecutionOrchestrator.java:93)
	at org.junit.platform.launcher.core.EngineExecutionOrchestrator.execute(EngineExecutionOrchestrator.java:76)
	at org.junit.platform.suite.engine.SuiteLauncher.execute(SuiteLauncher.java:63)
	at org.junit.platform.suite.engine.SuiteTestDescriptor.execute(SuiteTestDescriptor.java:128)
	at org.junit.platform.suite.engine.SuiteTestEngine.lambda$execute$0(SuiteTestEngine.java:73)
	at java.base/java.util.stream.ForEachOps$ForEachOp$OfRef.accept(ForEachOps.java:184)
	at java.base/java.util.stream.ReferencePipeline$3$1.accept(ReferencePipeline.java:197)
	at java.base/java.util.Iterator.forEachRemaining(Iterator.java:133)
	at java.base/java.util.Spliterators$IteratorSpliterator.forEachRemaining(Spliterators.java:1939)
	at java.base/java.util.stream.AbstractPipeline.copyInto(AbstractPipeline.java:509)
	at java.base/java.util.stream.AbstractPipeline.wrapAndCopyInto(AbstractPipeline.java:499)
	at java.base/java.util.stream.ForEachOps$ForEachOp.evaluateSequential(ForEachOps.java:151)
	at java.base/java.util.stream.ForEachOps$ForEachOp$OfRef.evaluateSequential(ForEachOps.java:174)
	at java.base/java.util.stream.AbstractPipeline.evaluate(AbstractPipeline.java:234)
	at java.base/java.util.stream.ReferencePipeline.forEach(ReferencePipeline.java:596)
	at org.junit.platform.suite.engine.SuiteTestEngine.execute(SuiteTestEngine.java:73)
	at org.junit.platform.launcher.core.EngineExecutionOrchestrator.execute(EngineExecutionOrchestrator.java:198)
	at org.junit.platform.launcher.core.EngineExecutionOrchestrator.execute(EngineExecutionOrchestrator.java:169)
	at org.junit.platform.launcher.core.EngineExecutionOrchestrator.execute(EngineExecutionOrchestrator.java:93)
	at org.junit.platform.launcher.core.EngineExecutionOrchestrator.lambda$execute$0(EngineExecutionOrchestrator.java:58)
	at org.junit.platform.launcher.core.EngineExecutionOrchestrator.withInterceptedStreams(EngineExecutionOrchestrator.java:141)
	at org.junit.platform.launcher.core.EngineExecutionOrchestrator.execute(EngineExecutionOrchestrator.java:57)
	at org.junit.platform.launcher.core.DefaultLauncher.execute(DefaultLauncher.java:103)
	at org.junit.platform.launcher.core.DefaultLauncher.execute(DefaultLauncher.java:85)
	at org.junit.platform.launcher.core.DelegatingLauncher.execute(DelegatingLauncher.java:47)
	at org.apache.maven.surefire.junitplatform.LazyLauncher.execute(LazyLauncher.java:50)
	at org.apache.maven.surefire.junitplatform.JUnitPlatformProvider.execute(JUnitPlatformProvider.java:184)
	at org.apache.maven.surefire.junitplatform.JUnitPlatformProvider.invokeAllTests(JUnitPlatformProvider.java:148)
	at org.apache.maven.surefire.junitplatform.JUnitPlatformProvider.invoke(JUnitPlatformProvider.java:122)
	at org.apache.maven.surefire.booter.ForkedBooter.runSuitesInProcess(ForkedBooter.java:385)
	at org.apache.maven.surefire.booter.ForkedBooter.execute(ForkedBooter.java:162)
	at org.apache.maven.surefire.booter.ForkedBooter.run(ForkedBooter.java:507)
	at org.apache.maven.surefire.booter.ForkedBooter.main(ForkedBooter.java:495)
&amp#27;[0m
  &amp#27;[36mQuando &amp#27;[0m&amp#27;[36menvio uma requisição GET para &amp#27;[0m&amp#27;[36m&amp#27;[1m"/colaboradores/countPorGenero"&amp#27;[0m &amp#27;[90m# steps.ColaboradorGestaoSteps.envioUmaRequisiçãoGETPara(java.lang.String)&amp#27;[0m
  &amp#27;[36mEntão &amp#27;[0m&amp#27;[36mo status da resposta deve ser &amp#27;[0m&amp#27;[36m&amp#27;[1m200&amp#27;[0m                              &amp#27;[90m# steps.AutenticacaoSteps.oStatusDaRespostaDeveSer(int)&amp#27;[0m
  &amp#27;[36mE &amp#27;[0m&amp#27;[36ma resposta deve lidar com valores de gênero nulos apropriadamente&amp#27;[0m  &amp#27;[90m# steps.ColaboradorGestaoSteps.aRespostaDeveLidarComValoresDeGêneroNulosApropriadamente()&amp#27;[0m
]]></system-out>
  </testcase>
  <testcase name="Acessar endpoints de colaborador sem autenticação" classname="Gerenciamento de Colaboradores" time="0.014">
    <error message="Cannot invoke &quot;io.restassured.response.Response.getStatusCode()&quot; because &quot;this.autenticacaoService.response&quot; is null" type="java.lang.NullPointerException"><![CDATA[java.lang.NullPointerException: Cannot invoke "io.restassured.response.Response.getStatusCode()" because "this.autenticacaoService.response" is null
	at steps.AutenticacaoSteps.oStatusDaRespostaDeveSer(AutenticacaoSteps.java:43)
	at ✽.o status da resposta deve ser 401(classpath:features/colaborador-gestao.feature:57)
]]></error>
    <system-out><![CDATA[
Cenário: Acessar endpoints de colaborador sem autenticação             &amp#27;[90m# features/colaborador-gestao.feature:54&amp#27;[0m
  &amp#27;[32mDado &amp#27;[0m&amp#27;[32mque a aplicação está rodando&amp#27;[0m                                    &amp#27;[90m# steps.AutenticacaoSteps.queAAplicaçãoEstáRodando()&amp#27;[0m
  &amp#27;[32mE &amp#27;[0m&amp#27;[32mo banco de dados está acessível&amp#27;[0m                                    &amp#27;[90m# steps.AutenticacaoSteps.oBancoDeDadosEstáAcessível()&amp#27;[0m
  &amp#27;[32mE &amp#27;[0m&amp#27;[32mtenho um token de autenticação válido&amp#27;[0m                              &amp#27;[90m# steps.ColaboradorGestaoSteps.tenhoUmTokenDeAutenticaçãoVálido()&amp#27;[0m
  &amp#27;[32mDado &amp#27;[0m&amp#27;[32mque não tenho um token de autenticação válido&amp#27;[0m                   &amp#27;[90m# steps.ColaboradorGestaoSteps.queNãoTenhoUmTokenDeAutenticaçãoVálido()&amp#27;[0m
  &amp#27;[32mQuando &amp#27;[0m&amp#27;[32menvio uma requisição GET para &amp#27;[0m&amp#27;[32m&amp#27;[1m"/colaboradores/countPorGenero"&amp#27;[0m &amp#27;[90m# steps.ColaboradorGestaoSteps.envioUmaRequisiçãoGETPara(java.lang.String)&amp#27;[0m
  &amp#27;[31mEntão &amp#27;[0m&amp#27;[31mo status da resposta deve ser &amp#27;[0m&amp#27;[31m&amp#27;[1m401&amp#27;[0m                              &amp#27;[90m# steps.AutenticacaoSteps.oStatusDaRespostaDeveSer(int)&amp#27;[0m
      &amp#27;[31mjava.lang.NullPointerException: Cannot invoke "io.restassured.response.Response.getStatusCode()" because "this.autenticacaoService.response" is null
	at steps.AutenticacaoSteps.oStatusDaRespostaDeveSer(AutenticacaoSteps.java:43)
	at ✽.o status da resposta deve ser 401(classpath:features/colaborador-gestao.feature:57)
&amp#27;[0m
  &amp#27;[36mE &amp#27;[0m&amp#27;[36ma resposta deve indicar acesso não autorizado&amp#27;[0m                      &amp#27;[90m# steps.ColaboradorGestaoSteps.aRespostaDeveIndicarAcessoNãoAutorizado()&amp#27;[0m
]]></system-out>
  </testcase>
  <testcase name="Acessar endpoints de colaborador com token de autenticação inválido" classname="Gerenciamento de Colaboradores" time="0.016">
    <error message="Cannot invoke &quot;io.restassured.response.Response.getStatusCode()&quot; because &quot;this.autenticacaoService.response&quot; is null" type="java.lang.NullPointerException"><![CDATA[java.lang.NullPointerException: Cannot invoke "io.restassured.response.Response.getStatusCode()" because "this.autenticacaoService.response" is null
	at steps.AutenticacaoSteps.oStatusDaRespostaDeveSer(AutenticacaoSteps.java:43)
	at ✽.o status da resposta deve ser 401(classpath:features/colaborador-gestao.feature:63)
]]></error>
    <system-out><![CDATA[
Cenário: Acessar endpoints de colaborador com token de autenticação inválido &amp#27;[90m# features/colaborador-gestao.feature:60&amp#27;[0m
  &amp#27;[32mDado &amp#27;[0m&amp#27;[32mque a aplicação está rodando&amp#27;[0m                                          &amp#27;[90m# steps.AutenticacaoSteps.queAAplicaçãoEstáRodando()&amp#27;[0m
  &amp#27;[32mE &amp#27;[0m&amp#27;[32mo banco de dados está acessível&amp#27;[0m                                          &amp#27;[90m# steps.AutenticacaoSteps.oBancoDeDadosEstáAcessível()&amp#27;[0m
  &amp#27;[32mE &amp#27;[0m&amp#27;[32mtenho um token de autenticação válido&amp#27;[0m                                    &amp#27;[90m# steps.ColaboradorGestaoSteps.tenhoUmTokenDeAutenticaçãoVálido()&amp#27;[0m
  &amp#27;[32mDado &amp#27;[0m&amp#27;[32mque tenho um token de autenticação inválido &amp#27;[0m&amp#27;[32m&amp#27;[1m"invalid-token"&amp#27;[0m           &amp#27;[90m# steps.ColaboradorGestaoSteps.queTenhoUmTokenDeAutenticaçãoInválido(java.lang.String)&amp#27;[0m
  &amp#27;[32mQuando &amp#27;[0m&amp#27;[32menvio uma requisição GET para &amp#27;[0m&amp#27;[32m&amp#27;[1m"/colaboradores/countPorGenero"&amp#27;[0m       &amp#27;[90m# steps.ColaboradorGestaoSteps.envioUmaRequisiçãoGETPara(java.lang.String)&amp#27;[0m
  &amp#27;[31mEntão &amp#27;[0m&amp#27;[31mo status da resposta deve ser &amp#27;[0m&amp#27;[31m&amp#27;[1m401&amp#27;[0m                                    &amp#27;[90m# steps.AutenticacaoSteps.oStatusDaRespostaDeveSer(int)&amp#27;[0m
      &amp#27;[31mjava.lang.NullPointerException: Cannot invoke "io.restassured.response.Response.getStatusCode()" because "this.autenticacaoService.response" is null
	at steps.AutenticacaoSteps.oStatusDaRespostaDeveSer(AutenticacaoSteps.java:43)
	at ✽.o status da resposta deve ser 401(classpath:features/colaborador-gestao.feature:63)
&amp#27;[0m
  &amp#27;[36mE &amp#27;[0m&amp#27;[36ma resposta deve indicar acesso não autorizado&amp#27;[0m                            &amp#27;[90m# steps.ColaboradorGestaoSteps.aRespostaDeveIndicarAcessoNãoAutorizado()&amp#27;[0m
]]></system-out>
  </testcase>
  <testcase name="Lidar com JSON malformado no corpo da requisição" classname="Tratamento de Erros e Casos Extremos" time="0.031">
    <error message="Cannot invoke &quot;io.restassured.response.Response.getStatusCode()&quot; because &quot;this.autenticacaoService.response&quot; is null" type="java.lang.NullPointerException"><![CDATA[java.lang.NullPointerException: Cannot invoke "io.restassured.response.Response.getStatusCode()" because "this.autenticacaoService.response" is null
	at steps.AutenticacaoSteps.oStatusDaRespostaDeveSer(AutenticacaoSteps.java:43)
	at ✽.o status da resposta deve ser 400(classpath:features/erros.feature:14)
]]></error>
    <system-out><![CDATA[
Cenário: Lidar com JSON malformado no corpo da requisição                   &amp#27;[90m# features/erros.feature:11&amp#27;[0m
  &amp#27;[32mDado &amp#27;[0m&amp#27;[32mque a aplicação está rodando&amp#27;[0m                                         &amp#27;[90m# steps.AutenticacaoSteps.queAAplicaçãoEstáRodando()&amp#27;[0m
  &amp#27;[32mE &amp#27;[0m&amp#27;[32mo banco de dados está acessível&amp#27;[0m                                         &amp#27;[90m# steps.AutenticacaoSteps.oBancoDeDadosEstáAcessível()&amp#27;[0m
  &amp#27;[32mDado &amp#27;[0m&amp#27;[32mque tenho dados JSON malformados&amp#27;[0m                                     &amp#27;[90m# steps.ErrosSteps.queTenhoDadosJSONMalformados()&amp#27;[0m
  &amp#27;[32mQuando &amp#27;[0m&amp#27;[32menvio uma requisição POST para &amp#27;[0m&amp#27;[32m&amp#27;[1m"/treinamentos"&amp#27;[0m&amp#27;[32m com JSON malformado&amp#27;[0m &amp#27;[90m# steps.ErrosSteps.envioUmaRequisiçãoPOSTParaComJSONMalformado(java.lang.String)&amp#27;[0m
  &amp#27;[31mEntão &amp#27;[0m&amp#27;[31mo status da resposta deve ser &amp#27;[0m&amp#27;[31m&amp#27;[1m400&amp#27;[0m                                   &amp#27;[90m# steps.AutenticacaoSteps.oStatusDaRespostaDeveSer(int)&amp#27;[0m
      &amp#27;[31mjava.lang.NullPointerException: Cannot invoke "io.restassured.response.Response.getStatusCode()" because "this.autenticacaoService.response" is null
	at steps.AutenticacaoSteps.oStatusDaRespostaDeveSer(AutenticacaoSteps.java:43)
	at ✽.o status da resposta deve ser 400(classpath:features/erros.feature:14)
&amp#27;[0m
  &amp#27;[36mE &amp#27;[0m&amp#27;[36ma resposta deve indicar erro de parsing JSON&amp#27;[0m                            &amp#27;[90m# steps.ErrosSteps.aRespostaDeveIndicarErroDeParsingJSON()&amp#27;[0m
]]></system-out>
  </testcase>
  <testcase name="Lidar com requisição sem cabeçalho Content-Type" classname="Tratamento de Erros e Casos Extremos" time="0.021">
    <error message="Cannot invoke &quot;io.restassured.response.Response.getStatusCode()&quot; because &quot;this.autenticacaoService.response&quot; is null" type="java.lang.NullPointerException"><![CDATA[java.lang.NullPointerException: Cannot invoke "io.restassured.response.Response.getStatusCode()" because "this.autenticacaoService.response" is null
	at steps.AutenticacaoSteps.oStatusDaRespostaDeveSer(AutenticacaoSteps.java:43)
	at ✽.o status da resposta deve ser 400(classpath:features/erros.feature:21)
]]></error>
    <system-out><![CDATA[
Cenário: Lidar com requisição sem cabeçalho Content-Type             &amp#27;[90m# features/erros.feature:17&amp#27;[0m
  &amp#27;[32mDado &amp#27;[0m&amp#27;[32mque a aplicação está rodando&amp#27;[0m                                  &amp#27;[90m# steps.AutenticacaoSteps.queAAplicaçãoEstáRodando()&amp#27;[0m
  &amp#27;[32mE &amp#27;[0m&amp#27;[32mo banco de dados está acessível&amp#27;[0m                                  &amp#27;[90m# steps.AutenticacaoSteps.oBancoDeDadosEstáAcessível()&amp#27;[0m
  &amp#27;[32mDado &amp#27;[0m&amp#27;[32mque tenho dados de treinamento válidos&amp#27;[0m                        &amp#27;[90m# steps.ErrosSteps.queTenhoDadosDeTreinamentoVálidos()&amp#27;[0m
  &amp#27;[32mE &amp#27;[0m&amp#27;[32mnão incluo o cabeçalho Content-Type&amp#27;[0m                              &amp#27;[90m# steps.ErrosSteps.nãoIncluoOCabeçalhoContentType()&amp#27;[0m
  &amp#27;[32mQuando &amp#27;[0m&amp#27;[32menvio uma requisição POST para &amp#27;[0m&amp#27;[32m&amp#27;[1m"/treinamentos"&amp#27;[0m&amp#27;[32m com os dados&amp#27;[0m &amp#27;[90m# steps.ErrosSteps.envioUmaRequisiçãoPOSTParaComOsDados(java.lang.String)&amp#27;[0m
  &amp#27;[31mEntão &amp#27;[0m&amp#27;[31mo status da resposta deve ser &amp#27;[0m&amp#27;[31m&amp#27;[1m400&amp#27;[0m                            &amp#27;[90m# steps.AutenticacaoSteps.oStatusDaRespostaDeveSer(int)&amp#27;[0m
      &amp#27;[31mjava.lang.NullPointerException: Cannot invoke "io.restassured.response.Response.getStatusCode()" because "this.autenticacaoService.response" is null
	at steps.AutenticacaoSteps.oStatusDaRespostaDeveSer(AutenticacaoSteps.java:43)
	at ✽.o status da resposta deve ser 400(classpath:features/erros.feature:21)
&amp#27;[0m
  &amp#27;[36mE &amp#27;[0m&amp#27;[36ma resposta deve indicar erro de tipo de conteúdo&amp#27;[0m                 &amp#27;[90m# steps.ErrosSteps.aRespostaDeveIndicarErroDeTipoDeConteúdo()&amp#27;[0m
]]></system-out>
  </testcase>
  <testcase name="Lidar com requisição com Content-Type não suportado" classname="Tratamento de Erros e Casos Extremos" time="0.022">
    <error message="Cannot invoke &quot;io.restassured.response.Response.getStatusCode()&quot; because &quot;this.autenticacaoService.response&quot; is null" type="java.lang.NullPointerException"><![CDATA[java.lang.NullPointerException: Cannot invoke "io.restassured.response.Response.getStatusCode()" because "this.autenticacaoService.response" is null
	at steps.AutenticacaoSteps.oStatusDaRespostaDeveSer(AutenticacaoSteps.java:43)
	at ✽.o status da resposta deve ser 415(classpath:features/erros.feature:28)
]]></error>
    <system-out><![CDATA[
Cenário: Lidar com requisição com Content-Type não suportado         &amp#27;[90m# features/erros.feature:24&amp#27;[0m
  &amp#27;[32mDado &amp#27;[0m&amp#27;[32mque a aplicação está rodando&amp#27;[0m                                  &amp#27;[90m# steps.AutenticacaoSteps.queAAplicaçãoEstáRodando()&amp#27;[0m
  &amp#27;[32mE &amp#27;[0m&amp#27;[32mo banco de dados está acessível&amp#27;[0m                                  &amp#27;[90m# steps.AutenticacaoSteps.oBancoDeDadosEstáAcessível()&amp#27;[0m
  &amp#27;[32mDado &amp#27;[0m&amp#27;[32mque tenho dados de treinamento válidos&amp#27;[0m                        &amp#27;[90m# steps.ErrosSteps.queTenhoDadosDeTreinamentoVálidos()&amp#27;[0m
  &amp#27;[32mE &amp#27;[0m&amp#27;[32mdefino Content-Type como &amp#27;[0m&amp#27;[32m&amp#27;[1m"application/xml"&amp#27;[0m                       &amp#27;[90m# steps.ErrosSteps.definoContentTypeComo(java.lang.String)&amp#27;[0m
  &amp#27;[32mQuando &amp#27;[0m&amp#27;[32menvio uma requisição POST para &amp#27;[0m&amp#27;[32m&amp#27;[1m"/treinamentos"&amp#27;[0m&amp#27;[32m com os dados&amp#27;[0m &amp#27;[90m# steps.ErrosSteps.envioUmaRequisiçãoPOSTParaComOsDados(java.lang.String)&amp#27;[0m
  &amp#27;[31mEntão &amp#27;[0m&amp#27;[31mo status da resposta deve ser &amp#27;[0m&amp#27;[31m&amp#27;[1m415&amp#27;[0m                            &amp#27;[90m# steps.AutenticacaoSteps.oStatusDaRespostaDeveSer(int)&amp#27;[0m
      &amp#27;[31mjava.lang.NullPointerException: Cannot invoke "io.restassured.response.Response.getStatusCode()" because "this.autenticacaoService.response" is null
	at steps.AutenticacaoSteps.oStatusDaRespostaDeveSer(AutenticacaoSteps.java:43)
	at ✽.o status da resposta deve ser 415(classpath:features/erros.feature:28)
&amp#27;[0m
  &amp#27;[36mE &amp#27;[0m&amp#27;[36ma resposta deve indicar tipo de mídia não suportado&amp#27;[0m              &amp#27;[90m# steps.ErrosSteps.aRespostaDeveIndicarTipoDeMídiaNãoSuportado()&amp#27;[0m
]]></system-out>
  </testcase>
  <testcase name="Lidar com requisição com payload extremamente grande" classname="Tratamento de Erros e Casos Extremos" time="0.02">
    <error message="Step [que tenho dados de treinamento com descrição extremamente grande] is defined with 0 parameters at &apos;steps.ErrosSteps.queTenhoDadosDeTreinamentoComDescriçãoExtremamenteGrande()&apos;.&#10;However, the gherkin step has 1 arguments:&#10; * Table:&#10;      | titulo | descricao                | data       | obrigatorio |&#10;      | Test   | [10000 character string] | 2024-02-15 | true        |&#10;&#10;Step text: que tenho dados de treinamento com descrição extremamente grande" type="io.cucumber.core.exception.CucumberException"><![CDATA[io.cucumber.core.exception.CucumberException: 
Step [que tenho dados de treinamento com descrição extremamente grande] is defined with 0 parameters at 'steps.ErrosSteps.queTenhoDadosDeTreinamentoComDescriçãoExtremamenteGrande()'.
However, the gherkin step has 1 arguments:
 * Table:
      | titulo | descricao                | data       | obrigatorio |
      | Test   | [10000 character string] | 2024-02-15 | true        |

Step text: que tenho dados de treinamento com descrição extremamente grande
	at io.cucumber.core.runner.PickleStepDefinitionMatch.arityMismatch(PickleStepDefinitionMatch.java:83)
	at io.cucumber.core.runner.PickleStepDefinitionMatch.runStep(PickleStepDefinitionMatch.java:42)
	at io.cucumber.core.runner.ExecutionMode$1.execute(ExecutionMode.java:10)
	at io.cucumber.core.runner.TestStep.executeStep(TestStep.java:81)
	at io.cucumber.core.runner.TestStep.run(TestStep.java:53)
	at io.cucumber.core.runner.PickleStepTestStep.run(PickleStepTestStep.java:51)
	at io.cucumber.core.runner.TestCase.run(TestCase.java:84)
	at io.cucumber.core.runner.Runner.runPickle(Runner.java:75)
	at io.cucumber.junit.platform.engine.CucumberEngineExecutionContext.lambda$runTestCase$4(CucumberEngineExecutionContext.java:112)
	at io.cucumber.core.runtime.CucumberExecutionContext.lambda$runTestCase$5(CucumberExecutionContext.java:136)
	at io.cucumber.core.runtime.RethrowingThrowableCollector.executeAndThrow(RethrowingThrowableCollector.java:23)
	at io.cucumber.core.runtime.CucumberExecutionContext.runTestCase(CucumberExecutionContext.java:136)
	at io.cucumber.junit.platform.engine.CucumberEngineExecutionContext.runTestCase(CucumberEngineExecutionContext.java:109)
	at io.cucumber.junit.platform.engine.NodeDescriptor$PickleDescriptor.execute(NodeDescriptor.java:168)
	at io.cucumber.junit.platform.engine.NodeDescriptor$PickleDescriptor.execute(NodeDescriptor.java:90)
	at java.base/java.util.ArrayList.forEach(ArrayList.java:1596)
	at java.base/java.util.ArrayList.forEach(ArrayList.java:1596)
]]></error>
    <system-out><![CDATA[
Cenário: Lidar com requisição com payload extremamente grande                &amp#27;[90m# features/erros.feature:31&amp#27;[0m
  &amp#27;[32mDado &amp#27;[0m&amp#27;[32mque a aplicação está rodando&amp#27;[0m                                          &amp#27;[90m# steps.AutenticacaoSteps.queAAplicaçãoEstáRodando()&amp#27;[0m
  &amp#27;[32mE &amp#27;[0m&amp#27;[32mo banco de dados está acessível&amp#27;[0m                                          &amp#27;[90m# steps.AutenticacaoSteps.oBancoDeDadosEstáAcessível()&amp#27;[0m
  &amp#27;[31mDado &amp#27;[0m&amp#27;[31mque tenho dados de treinamento com descrição extremamente grande&amp#27;[0m      &amp#27;[90m# steps.ErrosSteps.queTenhoDadosDeTreinamentoComDescriçãoExtremamenteGrande()&amp#27;[0m
    | titulo | descricao                | data       | obrigatorio |
    | Test   | [10000 character string] | 2024-02-15 | true        |
      &amp#27;[31mio.cucumber.core.exception.CucumberException: Step [que tenho dados de treinamento com descrição extremamente grande] is defined with 0 parameters at 'steps.ErrosSteps.queTenhoDadosDeTreinamentoComDescriçãoExtremamenteGrande()'.
However, the gherkin step has 1 arguments:
 * Table:
      | titulo | descricao                | data       | obrigatorio |
      | Test   | [10000 character string] | 2024-02-15 | true        |

Step text: que tenho dados de treinamento com descrição extremamente grande
	at io.cucumber.core.runner.PickleStepDefinitionMatch.arityMismatch(PickleStepDefinitionMatch.java:83)
	at io.cucumber.core.runner.PickleStepDefinitionMatch.runStep(PickleStepDefinitionMatch.java:42)
	at io.cucumber.core.runner.ExecutionMode$1.execute(ExecutionMode.java:10)
	at io.cucumber.core.runner.TestStep.executeStep(TestStep.java:81)
	at io.cucumber.core.runner.TestStep.run(TestStep.java:53)
	at io.cucumber.core.runner.PickleStepTestStep.run(PickleStepTestStep.java:51)
	at io.cucumber.core.runner.TestCase.run(TestCase.java:84)
	at io.cucumber.core.runner.Runner.runPickle(Runner.java:75)
	at io.cucumber.junit.platform.engine.CucumberEngineExecutionContext.lambda$runTestCase$4(CucumberEngineExecutionContext.java:112)
	at io.cucumber.core.runtime.CucumberExecutionContext.lambda$runTestCase$5(CucumberExecutionContext.java:136)
	at io.cucumber.core.runtime.RethrowingThrowableCollector.executeAndThrow(RethrowingThrowableCollector.java:23)
	at io.cucumber.core.runtime.CucumberExecutionContext.runTestCase(CucumberExecutionContext.java:136)
	at io.cucumber.junit.platform.engine.CucumberEngineExecutionContext.runTestCase(CucumberEngineExecutionContext.java:109)
	at io.cucumber.junit.platform.engine.NodeDescriptor$PickleDescriptor.execute(NodeDescriptor.java:168)
	at io.cucumber.junit.platform.engine.NodeDescriptor$PickleDescriptor.execute(NodeDescriptor.java:90)
	at org.junit.platform.engine.support.hierarchical.NodeTestTask.lambda$executeRecursively$6(NodeTestTask.java:151)
	at org.junit.platform.engine.support.hierarchical.ThrowableCollector.execute(ThrowableCollector.java:73)
	at org.junit.platform.engine.support.hierarchical.NodeTestTask.lambda$executeRecursively$8(NodeTestTask.java:141)
	at org.junit.platform.engine.support.hierarchical.Node.around(Node.java:137)
	at org.junit.platform.engine.support.hierarchical.NodeTestTask.lambda$executeRecursively$9(NodeTestTask.java:139)
	at org.junit.platform.engine.support.hierarchical.ThrowableCollector.execute(ThrowableCollector.java:73)
	at org.junit.platform.engine.support.hierarchical.NodeTestTask.executeRecursively(NodeTestTask.java:138)
	at org.junit.platform.engine.support.hierarchical.NodeTestTask.execute(NodeTestTask.java:95)
	at java.base/java.util.ArrayList.forEach(ArrayList.java:1596)
	at org.junit.platform.engine.support.hierarchical.SameThreadHierarchicalTestExecutorService.invokeAll(SameThreadHierarchicalTestExecutorService.java:41)
	at org.junit.platform.engine.support.hierarchical.NodeTestTask.lambda$executeRecursively$6(NodeTestTask.java:155)
	at org.junit.platform.engine.support.hierarchical.ThrowableCollector.execute(ThrowableCollector.java:73)
	at org.junit.platform.engine.support.hierarchical.NodeTestTask.lambda$executeRecursively$8(NodeTestTask.java:141)
	at org.junit.platform.engine.support.hierarchical.Node.around(Node.java:137)
	at org.junit.platform.engine.support.hierarchical.NodeTestTask.lambda$executeRecursively$9(NodeTestTask.java:139)
	at org.junit.platform.engine.support.hierarchical.ThrowableCollector.execute(ThrowableCollector.java:73)
	at org.junit.platform.engine.support.hierarchical.NodeTestTask.executeRecursively(NodeTestTask.java:138)
	at org.junit.platform.engine.support.hierarchical.NodeTestTask.execute(NodeTestTask.java:95)
	at java.base/java.util.ArrayList.forEach(ArrayList.java:1596)
	at org.junit.platform.engine.support.hierarchical.SameThreadHierarchicalTestExecutorService.invokeAll(SameThreadHierarchicalTestExecutorService.java:41)
	at org.junit.platform.engine.support.hierarchical.NodeTestTask.lambda$executeRecursively$6(NodeTestTask.java:155)
	at org.junit.platform.engine.support.hierarchical.ThrowableCollector.execute(ThrowableCollector.java:73)
	at org.junit.platform.engine.support.hierarchical.NodeTestTask.lambda$executeRecursively$8(NodeTestTask.java:141)
	at org.junit.platform.engine.support.hierarchical.Node.around(Node.java:137)
	at org.junit.platform.engine.support.hierarchical.NodeTestTask.lambda$executeRecursively$9(NodeTestTask.java:139)
	at org.junit.platform.engine.support.hierarchical.ThrowableCollector.execute(ThrowableCollector.java:73)
	at org.junit.platform.engine.support.hierarchical.NodeTestTask.executeRecursively(NodeTestTask.java:138)
	at org.junit.platform.engine.support.hierarchical.NodeTestTask.execute(NodeTestTask.java:95)
	at org.junit.platform.engine.support.hierarchical.SameThreadHierarchicalTestExecutorService.submit(SameThreadHierarchicalTestExecutorService.java:35)
	at org.junit.platform.engine.support.hierarchical.HierarchicalTestExecutor.execute(HierarchicalTestExecutor.java:57)
	at org.junit.platform.engine.support.hierarchical.HierarchicalTestEngine.execute(HierarchicalTestEngine.java:54)
	at org.junit.platform.launcher.core.EngineExecutionOrchestrator.execute(EngineExecutionOrchestrator.java:198)
	at org.junit.platform.launcher.core.EngineExecutionOrchestrator.execute(EngineExecutionOrchestrator.java:169)
	at org.junit.platform.launcher.core.EngineExecutionOrchestrator.execute(EngineExecutionOrchestrator.java:93)
	at org.junit.platform.launcher.core.EngineExecutionOrchestrator.execute(EngineExecutionOrchestrator.java:76)
	at org.junit.platform.suite.engine.SuiteLauncher.execute(SuiteLauncher.java:63)
	at org.junit.platform.suite.engine.SuiteTestDescriptor.execute(SuiteTestDescriptor.java:128)
	at org.junit.platform.suite.engine.SuiteTestEngine.lambda$execute$0(SuiteTestEngine.java:73)
	at java.base/java.util.stream.ForEachOps$ForEachOp$OfRef.accept(ForEachOps.java:184)
	at java.base/java.util.stream.ReferencePipeline$3$1.accept(ReferencePipeline.java:197)
	at java.base/java.util.Iterator.forEachRemaining(Iterator.java:133)
	at java.base/java.util.Spliterators$IteratorSpliterator.forEachRemaining(Spliterators.java:1939)
	at java.base/java.util.stream.AbstractPipeline.copyInto(AbstractPipeline.java:509)
	at java.base/java.util.stream.AbstractPipeline.wrapAndCopyInto(AbstractPipeline.java:499)
	at java.base/java.util.stream.ForEachOps$ForEachOp.evaluateSequential(ForEachOps.java:151)
	at java.base/java.util.stream.ForEachOps$ForEachOp$OfRef.evaluateSequential(ForEachOps.java:174)
	at java.base/java.util.stream.AbstractPipeline.evaluate(AbstractPipeline.java:234)
	at java.base/java.util.stream.ReferencePipeline.forEach(ReferencePipeline.java:596)
	at org.junit.platform.suite.engine.SuiteTestEngine.execute(SuiteTestEngine.java:73)
	at org.junit.platform.launcher.core.EngineExecutionOrchestrator.execute(EngineExecutionOrchestrator.java:198)
	at org.junit.platform.launcher.core.EngineExecutionOrchestrator.execute(EngineExecutionOrchestrator.java:169)
	at org.junit.platform.launcher.core.EngineExecutionOrchestrator.execute(EngineExecutionOrchestrator.java:93)
	at org.junit.platform.launcher.core.EngineExecutionOrchestrator.lambda$execute$0(EngineExecutionOrchestrator.java:58)
	at org.junit.platform.launcher.core.EngineExecutionOrchestrator.withInterceptedStreams(EngineExecutionOrchestrator.java:141)
	at org.junit.platform.launcher.core.EngineExecutionOrchestrator.execute(EngineExecutionOrchestrator.java:57)
	at org.junit.platform.launcher.core.DefaultLauncher.execute(DefaultLauncher.java:103)
	at org.junit.platform.launcher.core.DefaultLauncher.execute(DefaultLauncher.java:85)
	at org.junit.platform.launcher.core.DelegatingLauncher.execute(DelegatingLauncher.java:47)
	at org.apache.maven.surefire.junitplatform.LazyLauncher.execute(LazyLauncher.java:50)
	at org.apache.maven.surefire.junitplatform.JUnitPlatformProvider.execute(JUnitPlatformProvider.java:184)
	at org.apache.maven.surefire.junitplatform.JUnitPlatformProvider.invokeAllTests(JUnitPlatformProvider.java:148)
	at org.apache.maven.surefire.junitplatform.JUnitPlatformProvider.invoke(JUnitPlatformProvider.java:122)
	at org.apache.maven.surefire.booter.ForkedBooter.runSuitesInProcess(ForkedBooter.java:385)
	at org.apache.maven.surefire.booter.ForkedBooter.execute(ForkedBooter.java:162)
	at org.apache.maven.surefire.booter.ForkedBooter.run(ForkedBooter.java:507)
	at org.apache.maven.surefire.booter.ForkedBooter.main(ForkedBooter.java:495)
&amp#27;[0m
  &amp#27;[36mQuando &amp#27;[0m&amp#27;[36menvio uma requisição POST para &amp#27;[0m&amp#27;[36m&amp#27;[1m"/treinamentos"&amp#27;[0m&amp#27;[36m com os dados grandes&amp#27;[0m &amp#27;[90m# steps.ErrosSteps.envioUmaRequisiçãoPOSTParaComOsDadosGrandes(java.lang.String)&amp#27;[0m
  &amp#27;[36mEntão &amp#27;[0m&amp#27;[36mo status da resposta deve ser &amp#27;[0m&amp#27;[36m&amp#27;[1m413&amp#27;[0m                                    &amp#27;[90m# steps.AutenticacaoSteps.oStatusDaRespostaDeveSer(int)&amp#27;[0m
  &amp#27;[36mE &amp#27;[0m&amp#27;[36ma resposta deve indicar payload muito grande&amp#27;[0m                             &amp#27;[90m# steps.ErrosSteps.aRespostaDeveIndicarPayloadMuitoGrande()&amp#27;[0m
]]></system-out>
  </testcase>
  <testcase name="Lidar com requisições concorrentes para o mesmo recurso" classname="Tratamento de Erros e Casos Extremos" time="0.022">
    <system-out><![CDATA[
Cenário: Lidar com requisições concorrentes para o mesmo recurso                 &amp#27;[90m# features/erros.feature:39&amp#27;[0m
  &amp#27;[32mDado &amp#27;[0m&amp#27;[32mque a aplicação está rodando&amp#27;[0m                                              &amp#27;[90m# steps.AutenticacaoSteps.queAAplicaçãoEstáRodando()&amp#27;[0m
  &amp#27;[32mE &amp#27;[0m&amp#27;[32mo banco de dados está acessível&amp#27;[0m                                              &amp#27;[90m# steps.AutenticacaoSteps.oBancoDeDadosEstáAcessível()&amp#27;[0m
  &amp#27;[32mDado &amp#27;[0m&amp#27;[32mque existe um programa de treinamento com ID &amp#27;[0m&amp#27;[32m&amp#27;[1m1&amp#27;[0m                            &amp#27;[90m# steps.ErrosSteps.queExisteUmProgramaDeTreinamentoComID(int)&amp#27;[0m
  &amp#27;[32mE &amp#27;[0m&amp#27;[32mmúltiplos usuários estão tentando atualizá-lo simultaneamente&amp#27;[0m                &amp#27;[90m# steps.ErrosSteps.múltiplosUsuáriosEstãoTentandoAtualizáLoSimultaneamente()&amp#27;[0m
  &amp#27;[32mQuando &amp#27;[0m&amp#27;[32mo Usuário A envia uma requisição PUT para &amp#27;[0m&amp#27;[32m&amp#27;[1m"/treinamentos/1"&amp#27;[0m&amp#27;[32m com dados A&amp#27;[0m &amp#27;[90m# steps.ErrosSteps.oUsuárioAEnviaUmaRequisiçãoPUTParaComDadosA(java.lang.String)&amp#27;[0m
  &amp#27;[32mE &amp#27;[0m&amp#27;[32mo Usuário B envia uma requisição PUT para &amp#27;[0m&amp#27;[32m&amp#27;[1m"/treinamentos/1"&amp#27;[0m&amp#27;[32m com dados B&amp#27;[0m      &amp#27;[90m# steps.ErrosSteps.oUsuárioBEnviaUmaRequisiçãoPUTParaComDadosB(java.lang.String)&amp#27;[0m
  &amp#27;[32mEntão &amp#27;[0m&amp#27;[32mambas as requisições devem ser processadas&amp#27;[0m                               &amp#27;[90m# steps.ErrosSteps.ambasAsRequisiçõesDevemSerProcessadas()&amp#27;[0m
  &amp#27;[32mE &amp#27;[0m&amp#27;[32mo estado final deve ser consistente&amp#27;[0m                                          &amp#27;[90m# steps.ErrosSteps.oEstadoFinalDeveSerConsistente()&amp#27;[0m
]]></system-out>
  </testcase>
  <testcase name="Lidar com timeout de conexão do banco de dados" classname="Tratamento de Erros e Casos Extremos" time="0.011">
    <error message="Cannot invoke &quot;io.restassured.response.Response.getStatusCode()&quot; because &quot;this.autenticacaoService.response&quot; is null" type="java.lang.NullPointerException"><![CDATA[java.lang.NullPointerException: Cannot invoke "io.restassured.response.Response.getStatusCode()" because "this.autenticacaoService.response" is null
	at steps.AutenticacaoSteps.oStatusDaRespostaDeveSer(AutenticacaoSteps.java:43)
	at ✽.o status da resposta deve ser 500(classpath:features/erros.feature:50)
]]></error>
    <system-out><![CDATA[
Cenário: Lidar com timeout de conexão do banco de dados              &amp#27;[90m# features/erros.feature:47&amp#27;[0m
  &amp#27;[32mDado &amp#27;[0m&amp#27;[32mque a aplicação está rodando&amp#27;[0m                                  &amp#27;[90m# steps.AutenticacaoSteps.queAAplicaçãoEstáRodando()&amp#27;[0m
  &amp#27;[32mE &amp#27;[0m&amp#27;[32mo banco de dados está acessível&amp#27;[0m                                  &amp#27;[90m# steps.AutenticacaoSteps.oBancoDeDadosEstáAcessível()&amp#27;[0m
  &amp#27;[32mDado &amp#27;[0m&amp#27;[32mque a conexão do banco de dados está com problemas de timeout&amp#27;[0m &amp#27;[90m# steps.ErrosSteps.queAConexãoDoBancoDeDadosEstáComProblemasDeTimeout()&amp#27;[0m
  &amp#27;[32mQuando &amp#27;[0m&amp#27;[32menvio uma requisição GET para &amp#27;[0m&amp#27;[32m&amp#27;[1m"/treinamentos"&amp#27;[0m               &amp#27;[90m# steps.ColaboradorGestaoSteps.envioUmaRequisiçãoGETPara(java.lang.String)&amp#27;[0m
  &amp#27;[31mEntão &amp#27;[0m&amp#27;[31mo status da resposta deve ser &amp#27;[0m&amp#27;[31m&amp#27;[1m500&amp#27;[0m                            &amp#27;[90m# steps.AutenticacaoSteps.oStatusDaRespostaDeveSer(int)&amp#27;[0m
      &amp#27;[31mjava.lang.NullPointerException: Cannot invoke "io.restassured.response.Response.getStatusCode()" because "this.autenticacaoService.response" is null
	at steps.AutenticacaoSteps.oStatusDaRespostaDeveSer(AutenticacaoSteps.java:43)
	at ✽.o status da resposta deve ser 500(classpath:features/erros.feature:50)
&amp#27;[0m
  &amp#27;[36mE &amp#27;[0m&amp#27;[36ma resposta deve indicar erro de conexão com o banco de dados&amp#27;[0m     &amp#27;[90m# steps.ErrosSteps.aRespostaDeveIndicarErroDeConexãoComOBancoDeDados()&amp#27;[0m
]]></system-out>
  </testcase>
  <testcase name="Lidar com formato de data inválido nos dados de treinamento" classname="Tratamento de Erros e Casos Extremos" time="0.059">
    <error message="Step [que tenho dados de treinamento com formato de data inválido] is defined with 0 parameters at &apos;steps.ErrosSteps.queTenhoDadosDeTreinamentoComFormatoDeDataInválido()&apos;.&#10;However, the gherkin step has 1 arguments:&#10; * Table:&#10;      | titulo | descricao | data         | obrigatorio |&#10;      | Test   | Test desc | invalid-date | true        |&#10;&#10;Step text: que tenho dados de treinamento com formato de data inválido" type="io.cucumber.core.exception.CucumberException"><![CDATA[io.cucumber.core.exception.CucumberException: 
Step [que tenho dados de treinamento com formato de data inválido] is defined with 0 parameters at 'steps.ErrosSteps.queTenhoDadosDeTreinamentoComFormatoDeDataInválido()'.
However, the gherkin step has 1 arguments:
 * Table:
      | titulo | descricao | data         | obrigatorio |
      | Test   | Test desc | invalid-date | true        |

Step text: que tenho dados de treinamento com formato de data inválido
	at io.cucumber.core.runner.PickleStepDefinitionMatch.arityMismatch(PickleStepDefinitionMatch.java:83)
	at io.cucumber.core.runner.PickleStepDefinitionMatch.runStep(PickleStepDefinitionMatch.java:42)
	at io.cucumber.core.runner.ExecutionMode$1.execute(ExecutionMode.java:10)
	at io.cucumber.core.runner.TestStep.executeStep(TestStep.java:81)
	at io.cucumber.core.runner.TestStep.run(TestStep.java:53)
	at io.cucumber.core.runner.PickleStepTestStep.run(PickleStepTestStep.java:51)
	at io.cucumber.core.runner.TestCase.run(TestCase.java:84)
	at io.cucumber.core.runner.Runner.runPickle(Runner.java:75)
	at io.cucumber.junit.platform.engine.CucumberEngineExecutionContext.lambda$runTestCase$4(CucumberEngineExecutionContext.java:112)
	at io.cucumber.core.runtime.CucumberExecutionContext.lambda$runTestCase$5(CucumberExecutionContext.java:136)
	at io.cucumber.core.runtime.RethrowingThrowableCollector.executeAndThrow(RethrowingThrowableCollector.java:23)
	at io.cucumber.core.runtime.CucumberExecutionContext.runTestCase(CucumberExecutionContext.java:136)
	at io.cucumber.junit.platform.engine.CucumberEngineExecutionContext.runTestCase(CucumberEngineExecutionContext.java:109)
	at io.cucumber.junit.platform.engine.NodeDescriptor$PickleDescriptor.execute(NodeDescriptor.java:168)
	at io.cucumber.junit.platform.engine.NodeDescriptor$PickleDescriptor.execute(NodeDescriptor.java:90)
	at java.base/java.util.ArrayList.forEach(ArrayList.java:1596)
	at java.base/java.util.ArrayList.forEach(ArrayList.java:1596)
]]></error>
    <system-out><![CDATA[
Cenário: Lidar com formato de data inválido nos dados de treinamento &amp#27;[90m# features/erros.feature:53&amp#27;[0m
  &amp#27;[32mDado &amp#27;[0m&amp#27;[32mque a aplicação está rodando&amp#27;[0m                                  &amp#27;[90m# steps.AutenticacaoSteps.queAAplicaçãoEstáRodando()&amp#27;[0m
  &amp#27;[32mE &amp#27;[0m&amp#27;[32mo banco de dados está acessível&amp#27;[0m                                  &amp#27;[90m# steps.AutenticacaoSteps.oBancoDeDadosEstáAcessível()&amp#27;[0m
  &amp#27;[31mDado &amp#27;[0m&amp#27;[31mque tenho dados de treinamento com formato de data inválido&amp#27;[0m   &amp#27;[90m# steps.ErrosSteps.queTenhoDadosDeTreinamentoComFormatoDeDataInválido()&amp#27;[0m
    | titulo | descricao | data         | obrigatorio |
    | Test   | Test desc | invalid-date | true        |
      &amp#27;[31mio.cucumber.core.exception.CucumberException: Step [que tenho dados de treinamento com formato de data inválido] is defined with 0 parameters at 'steps.ErrosSteps.queTenhoDadosDeTreinamentoComFormatoDeDataInválido()'.
However, the gherkin step has 1 arguments:
 * Table:
      | titulo | descricao | data         | obrigatorio |
      | Test   | Test desc | invalid-date | true        |

Step text: que tenho dados de treinamento com formato de data inválido
	at io.cucumber.core.runner.PickleStepDefinitionMatch.arityMismatch(PickleStepDefinitionMatch.java:83)
	at io.cucumber.core.runner.PickleStepDefinitionMatch.runStep(PickleStepDefinitionMatch.java:42)
	at io.cucumber.core.runner.ExecutionMode$1.execute(ExecutionMode.java:10)
	at io.cucumber.core.runner.TestStep.executeStep(TestStep.java:81)
	at io.cucumber.core.runner.TestStep.run(TestStep.java:53)
	at io.cucumber.core.runner.PickleStepTestStep.run(PickleStepTestStep.java:51)
	at io.cucumber.core.runner.TestCase.run(TestCase.java:84)
	at io.cucumber.core.runner.Runner.runPickle(Runner.java:75)
	at io.cucumber.junit.platform.engine.CucumberEngineExecutionContext.lambda$runTestCase$4(CucumberEngineExecutionContext.java:112)
	at io.cucumber.core.runtime.CucumberExecutionContext.lambda$runTestCase$5(CucumberExecutionContext.java:136)
	at io.cucumber.core.runtime.RethrowingThrowableCollector.executeAndThrow(RethrowingThrowableCollector.java:23)
	at io.cucumber.core.runtime.CucumberExecutionContext.runTestCase(CucumberExecutionContext.java:136)
	at io.cucumber.junit.platform.engine.CucumberEngineExecutionContext.runTestCase(CucumberEngineExecutionContext.java:109)
	at io.cucumber.junit.platform.engine.NodeDescriptor$PickleDescriptor.execute(NodeDescriptor.java:168)
	at io.cucumber.junit.platform.engine.NodeDescriptor$PickleDescriptor.execute(NodeDescriptor.java:90)
	at org.junit.platform.engine.support.hierarchical.NodeTestTask.lambda$executeRecursively$6(NodeTestTask.java:151)
	at org.junit.platform.engine.support.hierarchical.ThrowableCollector.execute(ThrowableCollector.java:73)
	at org.junit.platform.engine.support.hierarchical.NodeTestTask.lambda$executeRecursively$8(NodeTestTask.java:141)
	at org.junit.platform.engine.support.hierarchical.Node.around(Node.java:137)
	at org.junit.platform.engine.support.hierarchical.NodeTestTask.lambda$executeRecursively$9(NodeTestTask.java:139)
	at org.junit.platform.engine.support.hierarchical.ThrowableCollector.execute(ThrowableCollector.java:73)
	at org.junit.platform.engine.support.hierarchical.NodeTestTask.executeRecursively(NodeTestTask.java:138)
	at org.junit.platform.engine.support.hierarchical.NodeTestTask.execute(NodeTestTask.java:95)
	at java.base/java.util.ArrayList.forEach(ArrayList.java:1596)
	at org.junit.platform.engine.support.hierarchical.SameThreadHierarchicalTestExecutorService.invokeAll(SameThreadHierarchicalTestExecutorService.java:41)
	at org.junit.platform.engine.support.hierarchical.NodeTestTask.lambda$executeRecursively$6(NodeTestTask.java:155)
	at org.junit.platform.engine.support.hierarchical.ThrowableCollector.execute(ThrowableCollector.java:73)
	at org.junit.platform.engine.support.hierarchical.NodeTestTask.lambda$executeRecursively$8(NodeTestTask.java:141)
	at org.junit.platform.engine.support.hierarchical.Node.around(Node.java:137)
	at org.junit.platform.engine.support.hierarchical.NodeTestTask.lambda$executeRecursively$9(NodeTestTask.java:139)
	at org.junit.platform.engine.support.hierarchical.ThrowableCollector.execute(ThrowableCollector.java:73)
	at org.junit.platform.engine.support.hierarchical.NodeTestTask.executeRecursively(NodeTestTask.java:138)
	at org.junit.platform.engine.support.hierarchical.NodeTestTask.execute(NodeTestTask.java:95)
	at java.base/java.util.ArrayList.forEach(ArrayList.java:1596)
	at org.junit.platform.engine.support.hierarchical.SameThreadHierarchicalTestExecutorService.invokeAll(SameThreadHierarchicalTestExecutorService.java:41)
	at org.junit.platform.engine.support.hierarchical.NodeTestTask.lambda$executeRecursively$6(NodeTestTask.java:155)
	at org.junit.platform.engine.support.hierarchical.ThrowableCollector.execute(ThrowableCollector.java:73)
	at org.junit.platform.engine.support.hierarchical.NodeTestTask.lambda$executeRecursively$8(NodeTestTask.java:141)
	at org.junit.platform.engine.support.hierarchical.Node.around(Node.java:137)
	at org.junit.platform.engine.support.hierarchical.NodeTestTask.lambda$executeRecursively$9(NodeTestTask.java:139)
	at org.junit.platform.engine.support.hierarchical.ThrowableCollector.execute(ThrowableCollector.java:73)
	at org.junit.platform.engine.support.hierarchical.NodeTestTask.executeRecursively(NodeTestTask.java:138)
	at org.junit.platform.engine.support.hierarchical.NodeTestTask.execute(NodeTestTask.java:95)
	at org.junit.platform.engine.support.hierarchical.SameThreadHierarchicalTestExecutorService.submit(SameThreadHierarchicalTestExecutorService.java:35)
	at org.junit.platform.engine.support.hierarchical.HierarchicalTestExecutor.execute(HierarchicalTestExecutor.java:57)
	at org.junit.platform.engine.support.hierarchical.HierarchicalTestEngine.execute(HierarchicalTestEngine.java:54)
	at org.junit.platform.launcher.core.EngineExecutionOrchestrator.execute(EngineExecutionOrchestrator.java:198)
	at org.junit.platform.launcher.core.EngineExecutionOrchestrator.execute(EngineExecutionOrchestrator.java:169)
	at org.junit.platform.launcher.core.EngineExecutionOrchestrator.execute(EngineExecutionOrchestrator.java:93)
	at org.junit.platform.launcher.core.EngineExecutionOrchestrator.execute(EngineExecutionOrchestrator.java:76)
	at org.junit.platform.suite.engine.SuiteLauncher.execute(SuiteLauncher.java:63)
	at org.junit.platform.suite.engine.SuiteTestDescriptor.execute(SuiteTestDescriptor.java:128)
	at org.junit.platform.suite.engine.SuiteTestEngine.lambda$execute$0(SuiteTestEngine.java:73)
	at java.base/java.util.stream.ForEachOps$ForEachOp$OfRef.accept(ForEachOps.java:184)
	at java.base/java.util.stream.ReferencePipeline$3$1.accept(ReferencePipeline.java:197)
	at java.base/java.util.Iterator.forEachRemaining(Iterator.java:133)
	at java.base/java.util.Spliterators$IteratorSpliterator.forEachRemaining(Spliterators.java:1939)
	at java.base/java.util.stream.AbstractPipeline.copyInto(AbstractPipeline.java:509)
	at java.base/java.util.stream.AbstractPipeline.wrapAndCopyInto(AbstractPipeline.java:499)
	at java.base/java.util.stream.ForEachOps$ForEachOp.evaluateSequential(ForEachOps.java:151)
	at java.base/java.util.stream.ForEachOps$ForEachOp$OfRef.evaluateSequential(ForEachOps.java:174)
	at java.base/java.util.stream.AbstractPipeline.evaluate(AbstractPipeline.java:234)
	at java.base/java.util.stream.ReferencePipeline.forEach(ReferencePipeline.java:596)
	at org.junit.platform.suite.engine.SuiteTestEngine.execute(SuiteTestEngine.java:73)
	at org.junit.platform.launcher.core.EngineExecutionOrchestrator.execute(EngineExecutionOrchestrator.java:198)
	at org.junit.platform.launcher.core.EngineExecutionOrchestrator.execute(EngineExecutionOrchestrator.java:169)
	at org.junit.platform.launcher.core.EngineExecutionOrchestrator.execute(EngineExecutionOrchestrator.java:93)
	at org.junit.platform.launcher.core.EngineExecutionOrchestrator.lambda$execute$0(EngineExecutionOrchestrator.java:58)
	at org.junit.platform.launcher.core.EngineExecutionOrchestrator.withInterceptedStreams(EngineExecutionOrchestrator.java:141)
	at org.junit.platform.launcher.core.EngineExecutionOrchestrator.execute(EngineExecutionOrchestrator.java:57)
	at org.junit.platform.launcher.core.DefaultLauncher.execute(DefaultLauncher.java:103)
	at org.junit.platform.launcher.core.DefaultLauncher.execute(DefaultLauncher.java:85)
	at org.junit.platform.launcher.core.DelegatingLauncher.execute(DelegatingLauncher.java:47)
	at org.apache.maven.surefire.junitplatform.LazyLauncher.execute(LazyLauncher.java:50)
	at org.apache.maven.surefire.junitplatform.JUnitPlatformProvider.execute(JUnitPlatformProvider.java:184)
	at org.apache.maven.surefire.junitplatform.JUnitPlatformProvider.invokeAllTests(JUnitPlatformProvider.java:148)
	at org.apache.maven.surefire.junitplatform.JUnitPlatformProvider.invoke(JUnitPlatformProvider.java:122)
	at org.apache.maven.surefire.booter.ForkedBooter.runSuitesInProcess(ForkedBooter.java:385)
	at org.apache.maven.surefire.booter.ForkedBooter.execute(ForkedBooter.java:162)
	at org.apache.maven.surefire.booter.ForkedBooter.run(ForkedBooter.java:507)
	at org.apache.maven.surefire.booter.ForkedBooter.main(ForkedBooter.java:495)
&amp#27;[0m
  &amp#27;[36mQuando &amp#27;[0m&amp#27;[36menvio uma requisição POST para &amp#27;[0m&amp#27;[36m&amp#27;[1m"/treinamentos"&amp#27;[0m&amp#27;[36m com os dados&amp#27;[0m &amp#27;[90m# steps.ErrosSteps.envioUmaRequisiçãoPOSTParaComOsDados(java.lang.String)&amp#27;[0m
  &amp#27;[36mEntão &amp#27;[0m&amp#27;[36mo status da resposta deve ser &amp#27;[0m&amp#27;[36m&amp#27;[1m400&amp#27;[0m                            &amp#27;[90m# steps.AutenticacaoSteps.oStatusDaRespostaDeveSer(int)&amp#27;[0m
  &amp#27;[36mE &amp#27;[0m&amp#27;[36ma resposta deve indicar erro de formato de data&amp#27;[0m                  &amp#27;[90m# steps.ErrosSteps.aRespostaDeveIndicarErroDeFormatoDeData()&amp#27;[0m
]]></system-out>
  </testcase>
  <testcase name="Lidar com tentativas de injeção SQL em parâmetros de busca" classname="Tratamento de Erros e Casos Extremos" time="0.022">
    <error message="Step [uso injeção SQL no parâmetro de busca] is defined with 0 parameters at &apos;steps.ErrosSteps.usoInjeçãoSQLNoParâmetroDeBusca()&apos;.&#10;However, the gherkin step has 1 arguments:&#10; * Table:&#10;      | parameter | value                         |&#10;      | titulo    | &apos;; DROP TABLE treinamento; -- |&#10;&#10;Step text: uso injeção SQL no parâmetro de busca" type="io.cucumber.core.exception.CucumberException"><![CDATA[io.cucumber.core.exception.CucumberException: 
Step [uso injeção SQL no parâmetro de busca] is defined with 0 parameters at 'steps.ErrosSteps.usoInjeçãoSQLNoParâmetroDeBusca()'.
However, the gherkin step has 1 arguments:
 * Table:
      | parameter | value                         |
      | titulo    | '; DROP TABLE treinamento; -- |

Step text: uso injeção SQL no parâmetro de busca
	at io.cucumber.core.runner.PickleStepDefinitionMatch.arityMismatch(PickleStepDefinitionMatch.java:83)
	at io.cucumber.core.runner.PickleStepDefinitionMatch.runStep(PickleStepDefinitionMatch.java:42)
	at io.cucumber.core.runner.ExecutionMode$1.execute(ExecutionMode.java:10)
	at io.cucumber.core.runner.TestStep.executeStep(TestStep.java:81)
	at io.cucumber.core.runner.TestStep.run(TestStep.java:53)
	at io.cucumber.core.runner.PickleStepTestStep.run(PickleStepTestStep.java:51)
	at io.cucumber.core.runner.TestCase.run(TestCase.java:84)
	at io.cucumber.core.runner.Runner.runPickle(Runner.java:75)
	at io.cucumber.junit.platform.engine.CucumberEngineExecutionContext.lambda$runTestCase$4(CucumberEngineExecutionContext.java:112)
	at io.cucumber.core.runtime.CucumberExecutionContext.lambda$runTestCase$5(CucumberExecutionContext.java:136)
	at io.cucumber.core.runtime.RethrowingThrowableCollector.executeAndThrow(RethrowingThrowableCollector.java:23)
	at io.cucumber.core.runtime.CucumberExecutionContext.runTestCase(CucumberExecutionContext.java:136)
	at io.cucumber.junit.platform.engine.CucumberEngineExecutionContext.runTestCase(CucumberEngineExecutionContext.java:109)
	at io.cucumber.junit.platform.engine.NodeDescriptor$PickleDescriptor.execute(NodeDescriptor.java:168)
	at io.cucumber.junit.platform.engine.NodeDescriptor$PickleDescriptor.execute(NodeDescriptor.java:90)
	at java.base/java.util.ArrayList.forEach(ArrayList.java:1596)
	at java.base/java.util.ArrayList.forEach(ArrayList.java:1596)
]]></error>
    <system-out><![CDATA[
Cenário: Lidar com tentativas de injeção SQL em parâmetros de busca              &amp#27;[90m# features/erros.feature:61&amp#27;[0m
  &amp#27;[32mDado &amp#27;[0m&amp#27;[32mque a aplicação está rodando&amp#27;[0m                                              &amp#27;[90m# steps.AutenticacaoSteps.queAAplicaçãoEstáRodando()&amp#27;[0m
  &amp#27;[32mE &amp#27;[0m&amp#27;[32mo banco de dados está acessível&amp#27;[0m                                              &amp#27;[90m# steps.AutenticacaoSteps.oBancoDeDadosEstáAcessível()&amp#27;[0m
  &amp#27;[32mDado &amp#27;[0m&amp#27;[32mque quero buscar programas de treinamento&amp#27;[0m                                 &amp#27;[90m# steps.ErrosSteps.queQueroBuscarProgramasDeTreinamento()&amp#27;[0m
  &amp#27;[31mE &amp#27;[0m&amp#27;[31muso injeção SQL no parâmetro de busca&amp#27;[0m                                        &amp#27;[90m# steps.ErrosSteps.usoInjeçãoSQLNoParâmetroDeBusca()&amp#27;[0m
    | parameter | value                         |
    | titulo    | '; DROP TABLE treinamento; -- |
      &amp#27;[31mio.cucumber.core.exception.CucumberException: Step [uso injeção SQL no parâmetro de busca] is defined with 0 parameters at 'steps.ErrosSteps.usoInjeçãoSQLNoParâmetroDeBusca()'.
However, the gherkin step has 1 arguments:
 * Table:
      | parameter | value                         |
      | titulo    | '; DROP TABLE treinamento; -- |

Step text: uso injeção SQL no parâmetro de busca
	at io.cucumber.core.runner.PickleStepDefinitionMatch.arityMismatch(PickleStepDefinitionMatch.java:83)
	at io.cucumber.core.runner.PickleStepDefinitionMatch.runStep(PickleStepDefinitionMatch.java:42)
	at io.cucumber.core.runner.ExecutionMode$1.execute(ExecutionMode.java:10)
	at io.cucumber.core.runner.TestStep.executeStep(TestStep.java:81)
	at io.cucumber.core.runner.TestStep.run(TestStep.java:53)
	at io.cucumber.core.runner.PickleStepTestStep.run(PickleStepTestStep.java:51)
	at io.cucumber.core.runner.TestCase.run(TestCase.java:84)
	at io.cucumber.core.runner.Runner.runPickle(Runner.java:75)
	at io.cucumber.junit.platform.engine.CucumberEngineExecutionContext.lambda$runTestCase$4(CucumberEngineExecutionContext.java:112)
	at io.cucumber.core.runtime.CucumberExecutionContext.lambda$runTestCase$5(CucumberExecutionContext.java:136)
	at io.cucumber.core.runtime.RethrowingThrowableCollector.executeAndThrow(RethrowingThrowableCollector.java:23)
	at io.cucumber.core.runtime.CucumberExecutionContext.runTestCase(CucumberExecutionContext.java:136)
	at io.cucumber.junit.platform.engine.CucumberEngineExecutionContext.runTestCase(CucumberEngineExecutionContext.java:109)
	at io.cucumber.junit.platform.engine.NodeDescriptor$PickleDescriptor.execute(NodeDescriptor.java:168)
	at io.cucumber.junit.platform.engine.NodeDescriptor$PickleDescriptor.execute(NodeDescriptor.java:90)
	at org.junit.platform.engine.support.hierarchical.NodeTestTask.lambda$executeRecursively$6(NodeTestTask.java:151)
	at org.junit.platform.engine.support.hierarchical.ThrowableCollector.execute(ThrowableCollector.java:73)
	at org.junit.platform.engine.support.hierarchical.NodeTestTask.lambda$executeRecursively$8(NodeTestTask.java:141)
	at org.junit.platform.engine.support.hierarchical.Node.around(Node.java:137)
	at org.junit.platform.engine.support.hierarchical.NodeTestTask.lambda$executeRecursively$9(NodeTestTask.java:139)
	at org.junit.platform.engine.support.hierarchical.ThrowableCollector.execute(ThrowableCollector.java:73)
	at org.junit.platform.engine.support.hierarchical.NodeTestTask.executeRecursively(NodeTestTask.java:138)
	at org.junit.platform.engine.support.hierarchical.NodeTestTask.execute(NodeTestTask.java:95)
	at java.base/java.util.ArrayList.forEach(ArrayList.java:1596)
	at org.junit.platform.engine.support.hierarchical.SameThreadHierarchicalTestExecutorService.invokeAll(SameThreadHierarchicalTestExecutorService.java:41)
	at org.junit.platform.engine.support.hierarchical.NodeTestTask.lambda$executeRecursively$6(NodeTestTask.java:155)
	at org.junit.platform.engine.support.hierarchical.ThrowableCollector.execute(ThrowableCollector.java:73)
	at org.junit.platform.engine.support.hierarchical.NodeTestTask.lambda$executeRecursively$8(NodeTestTask.java:141)
	at org.junit.platform.engine.support.hierarchical.Node.around(Node.java:137)
	at org.junit.platform.engine.support.hierarchical.NodeTestTask.lambda$executeRecursively$9(NodeTestTask.java:139)
	at org.junit.platform.engine.support.hierarchical.ThrowableCollector.execute(ThrowableCollector.java:73)
	at org.junit.platform.engine.support.hierarchical.NodeTestTask.executeRecursively(NodeTestTask.java:138)
	at org.junit.platform.engine.support.hierarchical.NodeTestTask.execute(NodeTestTask.java:95)
	at java.base/java.util.ArrayList.forEach(ArrayList.java:1596)
	at org.junit.platform.engine.support.hierarchical.SameThreadHierarchicalTestExecutorService.invokeAll(SameThreadHierarchicalTestExecutorService.java:41)
	at org.junit.platform.engine.support.hierarchical.NodeTestTask.lambda$executeRecursively$6(NodeTestTask.java:155)
	at org.junit.platform.engine.support.hierarchical.ThrowableCollector.execute(ThrowableCollector.java:73)
	at org.junit.platform.engine.support.hierarchical.NodeTestTask.lambda$executeRecursively$8(NodeTestTask.java:141)
	at org.junit.platform.engine.support.hierarchical.Node.around(Node.java:137)
	at org.junit.platform.engine.support.hierarchical.NodeTestTask.lambda$executeRecursively$9(NodeTestTask.java:139)
	at org.junit.platform.engine.support.hierarchical.ThrowableCollector.execute(ThrowableCollector.java:73)
	at org.junit.platform.engine.support.hierarchical.NodeTestTask.executeRecursively(NodeTestTask.java:138)
	at org.junit.platform.engine.support.hierarchical.NodeTestTask.execute(NodeTestTask.java:95)
	at org.junit.platform.engine.support.hierarchical.SameThreadHierarchicalTestExecutorService.submit(SameThreadHierarchicalTestExecutorService.java:35)
	at org.junit.platform.engine.support.hierarchical.HierarchicalTestExecutor.execute(HierarchicalTestExecutor.java:57)
	at org.junit.platform.engine.support.hierarchical.HierarchicalTestEngine.execute(HierarchicalTestEngine.java:54)
	at org.junit.platform.launcher.core.EngineExecutionOrchestrator.execute(EngineExecutionOrchestrator.java:198)
	at org.junit.platform.launcher.core.EngineExecutionOrchestrator.execute(EngineExecutionOrchestrator.java:169)
	at org.junit.platform.launcher.core.EngineExecutionOrchestrator.execute(EngineExecutionOrchestrator.java:93)
	at org.junit.platform.launcher.core.EngineExecutionOrchestrator.execute(EngineExecutionOrchestrator.java:76)
	at org.junit.platform.suite.engine.SuiteLauncher.execute(SuiteLauncher.java:63)
	at org.junit.platform.suite.engine.SuiteTestDescriptor.execute(SuiteTestDescriptor.java:128)
	at org.junit.platform.suite.engine.SuiteTestEngine.lambda$execute$0(SuiteTestEngine.java:73)
	at java.base/java.util.stream.ForEachOps$ForEachOp$OfRef.accept(ForEachOps.java:184)
	at java.base/java.util.stream.ReferencePipeline$3$1.accept(ReferencePipeline.java:197)
	at java.base/java.util.Iterator.forEachRemaining(Iterator.java:133)
	at java.base/java.util.Spliterators$IteratorSpliterator.forEachRemaining(Spliterators.java:1939)
	at java.base/java.util.stream.AbstractPipeline.copyInto(AbstractPipeline.java:509)
	at java.base/java.util.stream.AbstractPipeline.wrapAndCopyInto(AbstractPipeline.java:499)
	at java.base/java.util.stream.ForEachOps$ForEachOp.evaluateSequential(ForEachOps.java:151)
	at java.base/java.util.stream.ForEachOps$ForEachOp$OfRef.evaluateSequential(ForEachOps.java:174)
	at java.base/java.util.stream.AbstractPipeline.evaluate(AbstractPipeline.java:234)
	at java.base/java.util.stream.ReferencePipeline.forEach(ReferencePipeline.java:596)
	at org.junit.platform.suite.engine.SuiteTestEngine.execute(SuiteTestEngine.java:73)
	at org.junit.platform.launcher.core.EngineExecutionOrchestrator.execute(EngineExecutionOrchestrator.java:198)
	at org.junit.platform.launcher.core.EngineExecutionOrchestrator.execute(EngineExecutionOrchestrator.java:169)
	at org.junit.platform.launcher.core.EngineExecutionOrchestrator.execute(EngineExecutionOrchestrator.java:93)
	at org.junit.platform.launcher.core.EngineExecutionOrchestrator.lambda$execute$0(EngineExecutionOrchestrator.java:58)
	at org.junit.platform.launcher.core.EngineExecutionOrchestrator.withInterceptedStreams(EngineExecutionOrchestrator.java:141)
	at org.junit.platform.launcher.core.EngineExecutionOrchestrator.execute(EngineExecutionOrchestrator.java:57)
	at org.junit.platform.launcher.core.DefaultLauncher.execute(DefaultLauncher.java:103)
	at org.junit.platform.launcher.core.DefaultLauncher.execute(DefaultLauncher.java:85)
	at org.junit.platform.launcher.core.DelegatingLauncher.execute(DelegatingLauncher.java:47)
	at org.apache.maven.surefire.junitplatform.LazyLauncher.execute(LazyLauncher.java:50)
	at org.apache.maven.surefire.junitplatform.JUnitPlatformProvider.execute(JUnitPlatformProvider.java:184)
	at org.apache.maven.surefire.junitplatform.JUnitPlatformProvider.invokeAllTests(JUnitPlatformProvider.java:148)
	at org.apache.maven.surefire.junitplatform.JUnitPlatformProvider.invoke(JUnitPlatformProvider.java:122)
	at org.apache.maven.surefire.booter.ForkedBooter.runSuitesInProcess(ForkedBooter.java:385)
	at org.apache.maven.surefire.booter.ForkedBooter.execute(ForkedBooter.java:162)
	at org.apache.maven.surefire.booter.ForkedBooter.run(ForkedBooter.java:507)
	at org.apache.maven.surefire.booter.ForkedBooter.main(ForkedBooter.java:495)
&amp#27;[0m
  &amp#27;[36mQuando &amp#27;[0m&amp#27;[36menvio uma requisição GET para &amp#27;[0m&amp#27;[36m&amp#27;[1m"/treinamentos"&amp#27;[0m&amp#27;[36m com o parâmetro malicioso&amp#27;[0m &amp#27;[90m# steps.ErrosSteps.envioUmaRequisiçãoGETParaComOParâmetroMalicioso(java.lang.String)&amp#27;[0m
  &amp#27;[36mEntão &amp#27;[0m&amp#27;[36mo status da resposta deve ser &amp#27;[0m&amp#27;[36m&amp#27;[1m400&amp#27;[0m                                        &amp#27;[90m# steps.AutenticacaoSteps.oStatusDaRespostaDeveSer(int)&amp#27;[0m
  &amp#27;[36mE &amp#27;[0m&amp#27;[36ma resposta deve indicar erro de validação de parâmetro&amp#27;[0m                       &amp#27;[90m# steps.ErrosSteps.aRespostaDeveIndicarErroDeValidaçãoDeParâmetro()&amp#27;[0m
  &amp#27;[36mE &amp#27;[0m&amp#27;[36mo banco de dados deve permanecer intacto&amp#27;[0m                                     &amp#27;[90m# steps.ErrosSteps.oBancoDeDadosDevePermanecerIntacto()&amp#27;[0m
]]></system-out>
  </testcase>
  <testcase name="Lidar com tentativas de XSS em campos de texto" classname="Tratamento de Erros e Casos Extremos" time="0.023">
    <error message="Step [que tenho dados de treinamento com payload XSS] is defined with 0 parameters at &apos;steps.ErrosSteps.queTenhoDadosDeTreinamentoComPayloadXSS()&apos;.&#10;However, the gherkin step has 1 arguments:&#10; * Table:&#10;      | titulo                        | descricao | data       | obrigatorio |&#10;      | &lt;script&gt;alert(&apos;XSS&apos;)&lt;/script&gt; | Test desc | 2024-02-15 | true        |&#10;&#10;Step text: que tenho dados de treinamento com payload XSS" type="io.cucumber.core.exception.CucumberException"><![CDATA[io.cucumber.core.exception.CucumberException: 
Step [que tenho dados de treinamento com payload XSS] is defined with 0 parameters at 'steps.ErrosSteps.queTenhoDadosDeTreinamentoComPayloadXSS()'.
However, the gherkin step has 1 arguments:
 * Table:
      | titulo                        | descricao | data       | obrigatorio |
      | <script>alert('XSS')</script> | Test desc | 2024-02-15 | true        |

Step text: que tenho dados de treinamento com payload XSS
	at io.cucumber.core.runner.PickleStepDefinitionMatch.arityMismatch(PickleStepDefinitionMatch.java:83)
	at io.cucumber.core.runner.PickleStepDefinitionMatch.runStep(PickleStepDefinitionMatch.java:42)
	at io.cucumber.core.runner.ExecutionMode$1.execute(ExecutionMode.java:10)
	at io.cucumber.core.runner.TestStep.executeStep(TestStep.java:81)
	at io.cucumber.core.runner.TestStep.run(TestStep.java:53)
	at io.cucumber.core.runner.PickleStepTestStep.run(PickleStepTestStep.java:51)
	at io.cucumber.core.runner.TestCase.run(TestCase.java:84)
	at io.cucumber.core.runner.Runner.runPickle(Runner.java:75)
	at io.cucumber.junit.platform.engine.CucumberEngineExecutionContext.lambda$runTestCase$4(CucumberEngineExecutionContext.java:112)
	at io.cucumber.core.runtime.CucumberExecutionContext.lambda$runTestCase$5(CucumberExecutionContext.java:136)
	at io.cucumber.core.runtime.RethrowingThrowableCollector.executeAndThrow(RethrowingThrowableCollector.java:23)
	at io.cucumber.core.runtime.CucumberExecutionContext.runTestCase(CucumberExecutionContext.java:136)
	at io.cucumber.junit.platform.engine.CucumberEngineExecutionContext.runTestCase(CucumberEngineExecutionContext.java:109)
	at io.cucumber.junit.platform.engine.NodeDescriptor$PickleDescriptor.execute(NodeDescriptor.java:168)
	at io.cucumber.junit.platform.engine.NodeDescriptor$PickleDescriptor.execute(NodeDescriptor.java:90)
	at java.base/java.util.ArrayList.forEach(ArrayList.java:1596)
	at java.base/java.util.ArrayList.forEach(ArrayList.java:1596)
]]></error>
    <system-out><![CDATA[
Cenário: Lidar com tentativas de XSS em campos de texto              &amp#27;[90m# features/erros.feature:71&amp#27;[0m
  &amp#27;[32mDado &amp#27;[0m&amp#27;[32mque a aplicação está rodando&amp#27;[0m                                  &amp#27;[90m# steps.AutenticacaoSteps.queAAplicaçãoEstáRodando()&amp#27;[0m
  &amp#27;[32mE &amp#27;[0m&amp#27;[32mo banco de dados está acessível&amp#27;[0m                                  &amp#27;[90m# steps.AutenticacaoSteps.oBancoDeDadosEstáAcessível()&amp#27;[0m
  &amp#27;[31mDado &amp#27;[0m&amp#27;[31mque tenho dados de treinamento com payload XSS&amp#27;[0m                &amp#27;[90m# steps.ErrosSteps.queTenhoDadosDeTreinamentoComPayloadXSS()&amp#27;[0m
    | titulo                        | descricao | data       | obrigatorio |
    | <script>alert('XSS')</script> | Test desc | 2024-02-15 | true        |
      &amp#27;[31mio.cucumber.core.exception.CucumberException: Step [que tenho dados de treinamento com payload XSS] is defined with 0 parameters at 'steps.ErrosSteps.queTenhoDadosDeTreinamentoComPayloadXSS()'.
However, the gherkin step has 1 arguments:
 * Table:
      | titulo                        | descricao | data       | obrigatorio |
      | <script>alert('XSS')</script> | Test desc | 2024-02-15 | true        |

Step text: que tenho dados de treinamento com payload XSS
	at io.cucumber.core.runner.PickleStepDefinitionMatch.arityMismatch(PickleStepDefinitionMatch.java:83)
	at io.cucumber.core.runner.PickleStepDefinitionMatch.runStep(PickleStepDefinitionMatch.java:42)
	at io.cucumber.core.runner.ExecutionMode$1.execute(ExecutionMode.java:10)
	at io.cucumber.core.runner.TestStep.executeStep(TestStep.java:81)
	at io.cucumber.core.runner.TestStep.run(TestStep.java:53)
	at io.cucumber.core.runner.PickleStepTestStep.run(PickleStepTestStep.java:51)
	at io.cucumber.core.runner.TestCase.run(TestCase.java:84)
	at io.cucumber.core.runner.Runner.runPickle(Runner.java:75)
	at io.cucumber.junit.platform.engine.CucumberEngineExecutionContext.lambda$runTestCase$4(CucumberEngineExecutionContext.java:112)
	at io.cucumber.core.runtime.CucumberExecutionContext.lambda$runTestCase$5(CucumberExecutionContext.java:136)
	at io.cucumber.core.runtime.RethrowingThrowableCollector.executeAndThrow(RethrowingThrowableCollector.java:23)
	at io.cucumber.core.runtime.CucumberExecutionContext.runTestCase(CucumberExecutionContext.java:136)
	at io.cucumber.junit.platform.engine.CucumberEngineExecutionContext.runTestCase(CucumberEngineExecutionContext.java:109)
	at io.cucumber.junit.platform.engine.NodeDescriptor$PickleDescriptor.execute(NodeDescriptor.java:168)
	at io.cucumber.junit.platform.engine.NodeDescriptor$PickleDescriptor.execute(NodeDescriptor.java:90)
	at org.junit.platform.engine.support.hierarchical.NodeTestTask.lambda$executeRecursively$6(NodeTestTask.java:151)
	at org.junit.platform.engine.support.hierarchical.ThrowableCollector.execute(ThrowableCollector.java:73)
	at org.junit.platform.engine.support.hierarchical.NodeTestTask.lambda$executeRecursively$8(NodeTestTask.java:141)
	at org.junit.platform.engine.support.hierarchical.Node.around(Node.java:137)
	at org.junit.platform.engine.support.hierarchical.NodeTestTask.lambda$executeRecursively$9(NodeTestTask.java:139)
	at org.junit.platform.engine.support.hierarchical.ThrowableCollector.execute(ThrowableCollector.java:73)
	at org.junit.platform.engine.support.hierarchical.NodeTestTask.executeRecursively(NodeTestTask.java:138)
	at org.junit.platform.engine.support.hierarchical.NodeTestTask.execute(NodeTestTask.java:95)
	at java.base/java.util.ArrayList.forEach(ArrayList.java:1596)
	at org.junit.platform.engine.support.hierarchical.SameThreadHierarchicalTestExecutorService.invokeAll(SameThreadHierarchicalTestExecutorService.java:41)
	at org.junit.platform.engine.support.hierarchical.NodeTestTask.lambda$executeRecursively$6(NodeTestTask.java:155)
	at org.junit.platform.engine.support.hierarchical.ThrowableCollector.execute(ThrowableCollector.java:73)
	at org.junit.platform.engine.support.hierarchical.NodeTestTask.lambda$executeRecursively$8(NodeTestTask.java:141)
	at org.junit.platform.engine.support.hierarchical.Node.around(Node.java:137)
	at org.junit.platform.engine.support.hierarchical.NodeTestTask.lambda$executeRecursively$9(NodeTestTask.java:139)
	at org.junit.platform.engine.support.hierarchical.ThrowableCollector.execute(ThrowableCollector.java:73)
	at org.junit.platform.engine.support.hierarchical.NodeTestTask.executeRecursively(NodeTestTask.java:138)
	at org.junit.platform.engine.support.hierarchical.NodeTestTask.execute(NodeTestTask.java:95)
	at java.base/java.util.ArrayList.forEach(ArrayList.java:1596)
	at org.junit.platform.engine.support.hierarchical.SameThreadHierarchicalTestExecutorService.invokeAll(SameThreadHierarchicalTestExecutorService.java:41)
	at org.junit.platform.engine.support.hierarchical.NodeTestTask.lambda$executeRecursively$6(NodeTestTask.java:155)
	at org.junit.platform.engine.support.hierarchical.ThrowableCollector.execute(ThrowableCollector.java:73)
	at org.junit.platform.engine.support.hierarchical.NodeTestTask.lambda$executeRecursively$8(NodeTestTask.java:141)
	at org.junit.platform.engine.support.hierarchical.Node.around(Node.java:137)
	at org.junit.platform.engine.support.hierarchical.NodeTestTask.lambda$executeRecursively$9(NodeTestTask.java:139)
	at org.junit.platform.engine.support.hierarchical.ThrowableCollector.execute(ThrowableCollector.java:73)
	at org.junit.platform.engine.support.hierarchical.NodeTestTask.executeRecursively(NodeTestTask.java:138)
	at org.junit.platform.engine.support.hierarchical.NodeTestTask.execute(NodeTestTask.java:95)
	at org.junit.platform.engine.support.hierarchical.SameThreadHierarchicalTestExecutorService.submit(SameThreadHierarchicalTestExecutorService.java:35)
	at org.junit.platform.engine.support.hierarchical.HierarchicalTestExecutor.execute(HierarchicalTestExecutor.java:57)
	at org.junit.platform.engine.support.hierarchical.HierarchicalTestEngine.execute(HierarchicalTestEngine.java:54)
	at org.junit.platform.launcher.core.EngineExecutionOrchestrator.execute(EngineExecutionOrchestrator.java:198)
	at org.junit.platform.launcher.core.EngineExecutionOrchestrator.execute(EngineExecutionOrchestrator.java:169)
	at org.junit.platform.launcher.core.EngineExecutionOrchestrator.execute(EngineExecutionOrchestrator.java:93)
	at org.junit.platform.launcher.core.EngineExecutionOrchestrator.execute(EngineExecutionOrchestrator.java:76)
	at org.junit.platform.suite.engine.SuiteLauncher.execute(SuiteLauncher.java:63)
	at org.junit.platform.suite.engine.SuiteTestDescriptor.execute(SuiteTestDescriptor.java:128)
	at org.junit.platform.suite.engine.SuiteTestEngine.lambda$execute$0(SuiteTestEngine.java:73)
	at java.base/java.util.stream.ForEachOps$ForEachOp$OfRef.accept(ForEachOps.java:184)
	at java.base/java.util.stream.ReferencePipeline$3$1.accept(ReferencePipeline.java:197)
	at java.base/java.util.Iterator.forEachRemaining(Iterator.java:133)
	at java.base/java.util.Spliterators$IteratorSpliterator.forEachRemaining(Spliterators.java:1939)
	at java.base/java.util.stream.AbstractPipeline.copyInto(AbstractPipeline.java:509)
	at java.base/java.util.stream.AbstractPipeline.wrapAndCopyInto(AbstractPipeline.java:499)
	at java.base/java.util.stream.ForEachOps$ForEachOp.evaluateSequential(ForEachOps.java:151)
	at java.base/java.util.stream.ForEachOps$ForEachOp$OfRef.evaluateSequential(ForEachOps.java:174)
	at java.base/java.util.stream.AbstractPipeline.evaluate(AbstractPipeline.java:234)
	at java.base/java.util.stream.ReferencePipeline.forEach(ReferencePipeline.java:596)
	at org.junit.platform.suite.engine.SuiteTestEngine.execute(SuiteTestEngine.java:73)
	at org.junit.platform.launcher.core.EngineExecutionOrchestrator.execute(EngineExecutionOrchestrator.java:198)
	at org.junit.platform.launcher.core.EngineExecutionOrchestrator.execute(EngineExecutionOrchestrator.java:169)
	at org.junit.platform.launcher.core.EngineExecutionOrchestrator.execute(EngineExecutionOrchestrator.java:93)
	at org.junit.platform.launcher.core.EngineExecutionOrchestrator.lambda$execute$0(EngineExecutionOrchestrator.java:58)
	at org.junit.platform.launcher.core.EngineExecutionOrchestrator.withInterceptedStreams(EngineExecutionOrchestrator.java:141)
	at org.junit.platform.launcher.core.EngineExecutionOrchestrator.execute(EngineExecutionOrchestrator.java:57)
	at org.junit.platform.launcher.core.DefaultLauncher.execute(DefaultLauncher.java:103)
	at org.junit.platform.launcher.core.DefaultLauncher.execute(DefaultLauncher.java:85)
	at org.junit.platform.launcher.core.DelegatingLauncher.execute(DelegatingLauncher.java:47)
	at org.apache.maven.surefire.junitplatform.LazyLauncher.execute(LazyLauncher.java:50)
	at org.apache.maven.surefire.junitplatform.JUnitPlatformProvider.execute(JUnitPlatformProvider.java:184)
	at org.apache.maven.surefire.junitplatform.JUnitPlatformProvider.invokeAllTests(JUnitPlatformProvider.java:148)
	at org.apache.maven.surefire.junitplatform.JUnitPlatformProvider.invoke(JUnitPlatformProvider.java:122)
	at org.apache.maven.surefire.booter.ForkedBooter.runSuitesInProcess(ForkedBooter.java:385)
	at org.apache.maven.surefire.booter.ForkedBooter.execute(ForkedBooter.java:162)
	at org.apache.maven.surefire.booter.ForkedBooter.run(ForkedBooter.java:507)
	at org.apache.maven.surefire.booter.ForkedBooter.main(ForkedBooter.java:495)
&amp#27;[0m
  &amp#27;[36mQuando &amp#27;[0m&amp#27;[36menvio uma requisição POST para &amp#27;[0m&amp#27;[36m&amp#27;[1m"/treinamentos"&amp#27;[0m&amp#27;[36m com os dados&amp#27;[0m &amp#27;[90m# steps.ErrosSteps.envioUmaRequisiçãoPOSTParaComOsDados(java.lang.String)&amp#27;[0m
  &amp#27;[36mEntão &amp#27;[0m&amp#27;[36mo status da resposta deve ser &amp#27;[0m&amp#27;[36m&amp#27;[1m200&amp#27;[0m                            &amp#27;[90m# steps.AutenticacaoSteps.oStatusDaRespostaDeveSer(int)&amp#27;[0m
  &amp#27;[36mE &amp#27;[0m&amp#27;[36ma resposta deve conter dados sanitizados&amp#27;[0m                         &amp#27;[90m# steps.ErrosSteps.aRespostaDeveConterDadosSanitizados()&amp#27;[0m
  &amp#27;[36mE &amp#27;[0m&amp#27;[36mas tags script devem estar escapadas&amp#27;[0m                             &amp#27;[90m# steps.ErrosSteps.asTagsScriptDevemEstarEscapadas()&amp#27;[0m
]]></system-out>
  </testcase>
  <testcase name="Lidar com valores nulos em campos obrigatórios" classname="Tratamento de Erros e Casos Extremos" time="0.025">
    <error message="Step [que tenho dados de treinamento com campos obrigatórios nulos] is defined with 0 parameters at &apos;steps.ErrosSteps.queTenhoDadosDeTreinamentoComCamposObrigatóriosNulos()&apos;.&#10;However, the gherkin step has 1 arguments:&#10; * Table:&#10;      | titulo | descricao | data | obrigatorio |&#10;      | null   | null      | null | true        |&#10;&#10;Step text: que tenho dados de treinamento com campos obrigatórios nulos" type="io.cucumber.core.exception.CucumberException"><![CDATA[io.cucumber.core.exception.CucumberException: 
Step [que tenho dados de treinamento com campos obrigatórios nulos] is defined with 0 parameters at 'steps.ErrosSteps.queTenhoDadosDeTreinamentoComCamposObrigatóriosNulos()'.
However, the gherkin step has 1 arguments:
 * Table:
      | titulo | descricao | data | obrigatorio |
      | null   | null      | null | true        |

Step text: que tenho dados de treinamento com campos obrigatórios nulos
	at io.cucumber.core.runner.PickleStepDefinitionMatch.arityMismatch(PickleStepDefinitionMatch.java:83)
	at io.cucumber.core.runner.PickleStepDefinitionMatch.runStep(PickleStepDefinitionMatch.java:42)
	at io.cucumber.core.runner.ExecutionMode$1.execute(ExecutionMode.java:10)
	at io.cucumber.core.runner.TestStep.executeStep(TestStep.java:81)
	at io.cucumber.core.runner.TestStep.run(TestStep.java:53)
	at io.cucumber.core.runner.PickleStepTestStep.run(PickleStepTestStep.java:51)
	at io.cucumber.core.runner.TestCase.run(TestCase.java:84)
	at io.cucumber.core.runner.Runner.runPickle(Runner.java:75)
	at io.cucumber.junit.platform.engine.CucumberEngineExecutionContext.lambda$runTestCase$4(CucumberEngineExecutionContext.java:112)
	at io.cucumber.core.runtime.CucumberExecutionContext.lambda$runTestCase$5(CucumberExecutionContext.java:136)
	at io.cucumber.core.runtime.RethrowingThrowableCollector.executeAndThrow(RethrowingThrowableCollector.java:23)
	at io.cucumber.core.runtime.CucumberExecutionContext.runTestCase(CucumberExecutionContext.java:136)
	at io.cucumber.junit.platform.engine.CucumberEngineExecutionContext.runTestCase(CucumberEngineExecutionContext.java:109)
	at io.cucumber.junit.platform.engine.NodeDescriptor$PickleDescriptor.execute(NodeDescriptor.java:168)
	at io.cucumber.junit.platform.engine.NodeDescriptor$PickleDescriptor.execute(NodeDescriptor.java:90)
	at java.base/java.util.ArrayList.forEach(ArrayList.java:1596)
	at java.base/java.util.ArrayList.forEach(ArrayList.java:1596)
]]></error>
    <system-out><![CDATA[
Cenário: Lidar com valores nulos em campos obrigatórios                 &amp#27;[90m# features/erros.feature:80&amp#27;[0m
  &amp#27;[32mDado &amp#27;[0m&amp#27;[32mque a aplicação está rodando&amp#27;[0m                                     &amp#27;[90m# steps.AutenticacaoSteps.queAAplicaçãoEstáRodando()&amp#27;[0m
  &amp#27;[32mE &amp#27;[0m&amp#27;[32mo banco de dados está acessível&amp#27;[0m                                     &amp#27;[90m# steps.AutenticacaoSteps.oBancoDeDadosEstáAcessível()&amp#27;[0m
  &amp#27;[31mDado &amp#27;[0m&amp#27;[31mque tenho dados de treinamento com campos obrigatórios nulos&amp#27;[0m     &amp#27;[90m# steps.ErrosSteps.queTenhoDadosDeTreinamentoComCamposObrigatóriosNulos()&amp#27;[0m
    | titulo | descricao | data | obrigatorio |
    | null   | null      | null | true        |
      &amp#27;[31mio.cucumber.core.exception.CucumberException: Step [que tenho dados de treinamento com campos obrigatórios nulos] is defined with 0 parameters at 'steps.ErrosSteps.queTenhoDadosDeTreinamentoComCamposObrigatóriosNulos()'.
However, the gherkin step has 1 arguments:
 * Table:
      | titulo | descricao | data | obrigatorio |
      | null   | null      | null | true        |

Step text: que tenho dados de treinamento com campos obrigatórios nulos
	at io.cucumber.core.runner.PickleStepDefinitionMatch.arityMismatch(PickleStepDefinitionMatch.java:83)
	at io.cucumber.core.runner.PickleStepDefinitionMatch.runStep(PickleStepDefinitionMatch.java:42)
	at io.cucumber.core.runner.ExecutionMode$1.execute(ExecutionMode.java:10)
	at io.cucumber.core.runner.TestStep.executeStep(TestStep.java:81)
	at io.cucumber.core.runner.TestStep.run(TestStep.java:53)
	at io.cucumber.core.runner.PickleStepTestStep.run(PickleStepTestStep.java:51)
	at io.cucumber.core.runner.TestCase.run(TestCase.java:84)
	at io.cucumber.core.runner.Runner.runPickle(Runner.java:75)
	at io.cucumber.junit.platform.engine.CucumberEngineExecutionContext.lambda$runTestCase$4(CucumberEngineExecutionContext.java:112)
	at io.cucumber.core.runtime.CucumberExecutionContext.lambda$runTestCase$5(CucumberExecutionContext.java:136)
	at io.cucumber.core.runtime.RethrowingThrowableCollector.executeAndThrow(RethrowingThrowableCollector.java:23)
	at io.cucumber.core.runtime.CucumberExecutionContext.runTestCase(CucumberExecutionContext.java:136)
	at io.cucumber.junit.platform.engine.CucumberEngineExecutionContext.runTestCase(CucumberEngineExecutionContext.java:109)
	at io.cucumber.junit.platform.engine.NodeDescriptor$PickleDescriptor.execute(NodeDescriptor.java:168)
	at io.cucumber.junit.platform.engine.NodeDescriptor$PickleDescriptor.execute(NodeDescriptor.java:90)
	at org.junit.platform.engine.support.hierarchical.NodeTestTask.lambda$executeRecursively$6(NodeTestTask.java:151)
	at org.junit.platform.engine.support.hierarchical.ThrowableCollector.execute(ThrowableCollector.java:73)
	at org.junit.platform.engine.support.hierarchical.NodeTestTask.lambda$executeRecursively$8(NodeTestTask.java:141)
	at org.junit.platform.engine.support.hierarchical.Node.around(Node.java:137)
	at org.junit.platform.engine.support.hierarchical.NodeTestTask.lambda$executeRecursively$9(NodeTestTask.java:139)
	at org.junit.platform.engine.support.hierarchical.ThrowableCollector.execute(ThrowableCollector.java:73)
	at org.junit.platform.engine.support.hierarchical.NodeTestTask.executeRecursively(NodeTestTask.java:138)
	at org.junit.platform.engine.support.hierarchical.NodeTestTask.execute(NodeTestTask.java:95)
	at java.base/java.util.ArrayList.forEach(ArrayList.java:1596)
	at org.junit.platform.engine.support.hierarchical.SameThreadHierarchicalTestExecutorService.invokeAll(SameThreadHierarchicalTestExecutorService.java:41)
	at org.junit.platform.engine.support.hierarchical.NodeTestTask.lambda$executeRecursively$6(NodeTestTask.java:155)
	at org.junit.platform.engine.support.hierarchical.ThrowableCollector.execute(ThrowableCollector.java:73)
	at org.junit.platform.engine.support.hierarchical.NodeTestTask.lambda$executeRecursively$8(NodeTestTask.java:141)
	at org.junit.platform.engine.support.hierarchical.Node.around(Node.java:137)
	at org.junit.platform.engine.support.hierarchical.NodeTestTask.lambda$executeRecursively$9(NodeTestTask.java:139)
	at org.junit.platform.engine.support.hierarchical.ThrowableCollector.execute(ThrowableCollector.java:73)
	at org.junit.platform.engine.support.hierarchical.NodeTestTask.executeRecursively(NodeTestTask.java:138)
	at org.junit.platform.engine.support.hierarchical.NodeTestTask.execute(NodeTestTask.java:95)
	at java.base/java.util.ArrayList.forEach(ArrayList.java:1596)
	at org.junit.platform.engine.support.hierarchical.SameThreadHierarchicalTestExecutorService.invokeAll(SameThreadHierarchicalTestExecutorService.java:41)
	at org.junit.platform.engine.support.hierarchical.NodeTestTask.lambda$executeRecursively$6(NodeTestTask.java:155)
	at org.junit.platform.engine.support.hierarchical.ThrowableCollector.execute(ThrowableCollector.java:73)
	at org.junit.platform.engine.support.hierarchical.NodeTestTask.lambda$executeRecursively$8(NodeTestTask.java:141)
	at org.junit.platform.engine.support.hierarchical.Node.around(Node.java:137)
	at org.junit.platform.engine.support.hierarchical.NodeTestTask.lambda$executeRecursively$9(NodeTestTask.java:139)
	at org.junit.platform.engine.support.hierarchical.ThrowableCollector.execute(ThrowableCollector.java:73)
	at org.junit.platform.engine.support.hierarchical.NodeTestTask.executeRecursively(NodeTestTask.java:138)
	at org.junit.platform.engine.support.hierarchical.NodeTestTask.execute(NodeTestTask.java:95)
	at org.junit.platform.engine.support.hierarchical.SameThreadHierarchicalTestExecutorService.submit(SameThreadHierarchicalTestExecutorService.java:35)
	at org.junit.platform.engine.support.hierarchical.HierarchicalTestExecutor.execute(HierarchicalTestExecutor.java:57)
	at org.junit.platform.engine.support.hierarchical.HierarchicalTestEngine.execute(HierarchicalTestEngine.java:54)
	at org.junit.platform.launcher.core.EngineExecutionOrchestrator.execute(EngineExecutionOrchestrator.java:198)
	at org.junit.platform.launcher.core.EngineExecutionOrchestrator.execute(EngineExecutionOrchestrator.java:169)
	at org.junit.platform.launcher.core.EngineExecutionOrchestrator.execute(EngineExecutionOrchestrator.java:93)
	at org.junit.platform.launcher.core.EngineExecutionOrchestrator.execute(EngineExecutionOrchestrator.java:76)
	at org.junit.platform.suite.engine.SuiteLauncher.execute(SuiteLauncher.java:63)
	at org.junit.platform.suite.engine.SuiteTestDescriptor.execute(SuiteTestDescriptor.java:128)
	at org.junit.platform.suite.engine.SuiteTestEngine.lambda$execute$0(SuiteTestEngine.java:73)
	at java.base/java.util.stream.ForEachOps$ForEachOp$OfRef.accept(ForEachOps.java:184)
	at java.base/java.util.stream.ReferencePipeline$3$1.accept(ReferencePipeline.java:197)
	at java.base/java.util.Iterator.forEachRemaining(Iterator.java:133)
	at java.base/java.util.Spliterators$IteratorSpliterator.forEachRemaining(Spliterators.java:1939)
	at java.base/java.util.stream.AbstractPipeline.copyInto(AbstractPipeline.java:509)
	at java.base/java.util.stream.AbstractPipeline.wrapAndCopyInto(AbstractPipeline.java:499)
	at java.base/java.util.stream.ForEachOps$ForEachOp.evaluateSequential(ForEachOps.java:151)
	at java.base/java.util.stream.ForEachOps$ForEachOp$OfRef.evaluateSequential(ForEachOps.java:174)
	at java.base/java.util.stream.AbstractPipeline.evaluate(AbstractPipeline.java:234)
	at java.base/java.util.stream.ReferencePipeline.forEach(ReferencePipeline.java:596)
	at org.junit.platform.suite.engine.SuiteTestEngine.execute(SuiteTestEngine.java:73)
	at org.junit.platform.launcher.core.EngineExecutionOrchestrator.execute(EngineExecutionOrchestrator.java:198)
	at org.junit.platform.launcher.core.EngineExecutionOrchestrator.execute(EngineExecutionOrchestrator.java:169)
	at org.junit.platform.launcher.core.EngineExecutionOrchestrator.execute(EngineExecutionOrchestrator.java:93)
	at org.junit.platform.launcher.core.EngineExecutionOrchestrator.lambda$execute$0(EngineExecutionOrchestrator.java:58)
	at org.junit.platform.launcher.core.EngineExecutionOrchestrator.withInterceptedStreams(EngineExecutionOrchestrator.java:141)
	at org.junit.platform.launcher.core.EngineExecutionOrchestrator.execute(EngineExecutionOrchestrator.java:57)
	at org.junit.platform.launcher.core.DefaultLauncher.execute(DefaultLauncher.java:103)
	at org.junit.platform.launcher.core.DefaultLauncher.execute(DefaultLauncher.java:85)
	at org.junit.platform.launcher.core.DelegatingLauncher.execute(DelegatingLauncher.java:47)
	at org.apache.maven.surefire.junitplatform.LazyLauncher.execute(LazyLauncher.java:50)
	at org.apache.maven.surefire.junitplatform.JUnitPlatformProvider.execute(JUnitPlatformProvider.java:184)
	at org.apache.maven.surefire.junitplatform.JUnitPlatformProvider.invokeAllTests(JUnitPlatformProvider.java:148)
	at org.apache.maven.surefire.junitplatform.JUnitPlatformProvider.invoke(JUnitPlatformProvider.java:122)
	at org.apache.maven.surefire.booter.ForkedBooter.runSuitesInProcess(ForkedBooter.java:385)
	at org.apache.maven.surefire.booter.ForkedBooter.execute(ForkedBooter.java:162)
	at org.apache.maven.surefire.booter.ForkedBooter.run(ForkedBooter.java:507)
	at org.apache.maven.surefire.booter.ForkedBooter.main(ForkedBooter.java:495)
&amp#27;[0m
  &amp#27;[36mQuando &amp#27;[0m&amp#27;[36menvio uma requisição POST para &amp#27;[0m&amp#27;[36m&amp#27;[1m"/treinamentos"&amp#27;[0m&amp#27;[36m com os dados&amp#27;[0m    &amp#27;[90m# steps.ErrosSteps.envioUmaRequisiçãoPOSTParaComOsDados(java.lang.String)&amp#27;[0m
  &amp#27;[36mEntão &amp#27;[0m&amp#27;[36mo status da resposta deve ser &amp#27;[0m&amp#27;[36m&amp#27;[1m400&amp#27;[0m                               &amp#27;[90m# steps.AutenticacaoSteps.oStatusDaRespostaDeveSer(int)&amp#27;[0m
  &amp#27;[36mE &amp#27;[0m&amp#27;[36ma resposta deve indicar erros de validação para campos obrigatórios&amp#27;[0m &amp#27;[90m# steps.ErrosSteps.aRespostaDeveIndicarErrosDeValidaçãoParaCamposObrigatórios()&amp#27;[0m
]]></system-out>
  </testcase>
  <testcase name="Lidar com valores de string vazia em campos obrigatórios" classname="Tratamento de Erros e Casos Extremos" time="0.025">
    <error message="Step [que tenho dados de treinamento com valores de string vazia] is defined with 0 parameters at &apos;steps.ErrosSteps.queTenhoDadosDeTreinamentoComValoresDeStringVazia()&apos;.&#10;However, the gherkin step has 1 arguments:&#10; * Table:&#10;      | titulo | descricao | data       | obrigatorio |&#10;      | &quot;&quot;     | &quot;&quot;        | 2024-02-15 | true        |&#10;&#10;Step text: que tenho dados de treinamento com valores de string vazia" type="io.cucumber.core.exception.CucumberException"><![CDATA[io.cucumber.core.exception.CucumberException: 
Step [que tenho dados de treinamento com valores de string vazia] is defined with 0 parameters at 'steps.ErrosSteps.queTenhoDadosDeTreinamentoComValoresDeStringVazia()'.
However, the gherkin step has 1 arguments:
 * Table:
      | titulo | descricao | data       | obrigatorio |
      | ""     | ""        | 2024-02-15 | true        |

Step text: que tenho dados de treinamento com valores de string vazia
	at io.cucumber.core.runner.PickleStepDefinitionMatch.arityMismatch(PickleStepDefinitionMatch.java:83)
	at io.cucumber.core.runner.PickleStepDefinitionMatch.runStep(PickleStepDefinitionMatch.java:42)
	at io.cucumber.core.runner.ExecutionMode$1.execute(ExecutionMode.java:10)
	at io.cucumber.core.runner.TestStep.executeStep(TestStep.java:81)
	at io.cucumber.core.runner.TestStep.run(TestStep.java:53)
	at io.cucumber.core.runner.PickleStepTestStep.run(PickleStepTestStep.java:51)
	at io.cucumber.core.runner.TestCase.run(TestCase.java:84)
	at io.cucumber.core.runner.Runner.runPickle(Runner.java:75)
	at io.cucumber.junit.platform.engine.CucumberEngineExecutionContext.lambda$runTestCase$4(CucumberEngineExecutionContext.java:112)
	at io.cucumber.core.runtime.CucumberExecutionContext.lambda$runTestCase$5(CucumberExecutionContext.java:136)
	at io.cucumber.core.runtime.RethrowingThrowableCollector.executeAndThrow(RethrowingThrowableCollector.java:23)
	at io.cucumber.core.runtime.CucumberExecutionContext.runTestCase(CucumberExecutionContext.java:136)
	at io.cucumber.junit.platform.engine.CucumberEngineExecutionContext.runTestCase(CucumberEngineExecutionContext.java:109)
	at io.cucumber.junit.platform.engine.NodeDescriptor$PickleDescriptor.execute(NodeDescriptor.java:168)
	at io.cucumber.junit.platform.engine.NodeDescriptor$PickleDescriptor.execute(NodeDescriptor.java:90)
	at java.base/java.util.ArrayList.forEach(ArrayList.java:1596)
	at java.base/java.util.ArrayList.forEach(ArrayList.java:1596)
]]></error>
    <system-out><![CDATA[
Cenário: Lidar com valores de string vazia em campos obrigatórios    &amp#27;[90m# features/erros.feature:88&amp#27;[0m
  &amp#27;[32mDado &amp#27;[0m&amp#27;[32mque a aplicação está rodando&amp#27;[0m                                  &amp#27;[90m# steps.AutenticacaoSteps.queAAplicaçãoEstáRodando()&amp#27;[0m
  &amp#27;[32mE &amp#27;[0m&amp#27;[32mo banco de dados está acessível&amp#27;[0m                                  &amp#27;[90m# steps.AutenticacaoSteps.oBancoDeDadosEstáAcessível()&amp#27;[0m
  &amp#27;[31mDado &amp#27;[0m&amp#27;[31mque tenho dados de treinamento com valores de string vazia&amp#27;[0m    &amp#27;[90m# steps.ErrosSteps.queTenhoDadosDeTreinamentoComValoresDeStringVazia()&amp#27;[0m
    | titulo | descricao | data       | obrigatorio |
    | ""     | ""        | 2024-02-15 | true        |
      &amp#27;[31mio.cucumber.core.exception.CucumberException: Step [que tenho dados de treinamento com valores de string vazia] is defined with 0 parameters at 'steps.ErrosSteps.queTenhoDadosDeTreinamentoComValoresDeStringVazia()'.
However, the gherkin step has 1 arguments:
 * Table:
      | titulo | descricao | data       | obrigatorio |
      | ""     | ""        | 2024-02-15 | true        |

Step text: que tenho dados de treinamento com valores de string vazia
	at io.cucumber.core.runner.PickleStepDefinitionMatch.arityMismatch(PickleStepDefinitionMatch.java:83)
	at io.cucumber.core.runner.PickleStepDefinitionMatch.runStep(PickleStepDefinitionMatch.java:42)
	at io.cucumber.core.runner.ExecutionMode$1.execute(ExecutionMode.java:10)
	at io.cucumber.core.runner.TestStep.executeStep(TestStep.java:81)
	at io.cucumber.core.runner.TestStep.run(TestStep.java:53)
	at io.cucumber.core.runner.PickleStepTestStep.run(PickleStepTestStep.java:51)
	at io.cucumber.core.runner.TestCase.run(TestCase.java:84)
	at io.cucumber.core.runner.Runner.runPickle(Runner.java:75)
	at io.cucumber.junit.platform.engine.CucumberEngineExecutionContext.lambda$runTestCase$4(CucumberEngineExecutionContext.java:112)
	at io.cucumber.core.runtime.CucumberExecutionContext.lambda$runTestCase$5(CucumberExecutionContext.java:136)
	at io.cucumber.core.runtime.RethrowingThrowableCollector.executeAndThrow(RethrowingThrowableCollector.java:23)
	at io.cucumber.core.runtime.CucumberExecutionContext.runTestCase(CucumberExecutionContext.java:136)
	at io.cucumber.junit.platform.engine.CucumberEngineExecutionContext.runTestCase(CucumberEngineExecutionContext.java:109)
	at io.cucumber.junit.platform.engine.NodeDescriptor$PickleDescriptor.execute(NodeDescriptor.java:168)
	at io.cucumber.junit.platform.engine.NodeDescriptor$PickleDescriptor.execute(NodeDescriptor.java:90)
	at org.junit.platform.engine.support.hierarchical.NodeTestTask.lambda$executeRecursively$6(NodeTestTask.java:151)
	at org.junit.platform.engine.support.hierarchical.ThrowableCollector.execute(ThrowableCollector.java:73)
	at org.junit.platform.engine.support.hierarchical.NodeTestTask.lambda$executeRecursively$8(NodeTestTask.java:141)
	at org.junit.platform.engine.support.hierarchical.Node.around(Node.java:137)
	at org.junit.platform.engine.support.hierarchical.NodeTestTask.lambda$executeRecursively$9(NodeTestTask.java:139)
	at org.junit.platform.engine.support.hierarchical.ThrowableCollector.execute(ThrowableCollector.java:73)
	at org.junit.platform.engine.support.hierarchical.NodeTestTask.executeRecursively(NodeTestTask.java:138)
	at org.junit.platform.engine.support.hierarchical.NodeTestTask.execute(NodeTestTask.java:95)
	at java.base/java.util.ArrayList.forEach(ArrayList.java:1596)
	at org.junit.platform.engine.support.hierarchical.SameThreadHierarchicalTestExecutorService.invokeAll(SameThreadHierarchicalTestExecutorService.java:41)
	at org.junit.platform.engine.support.hierarchical.NodeTestTask.lambda$executeRecursively$6(NodeTestTask.java:155)
	at org.junit.platform.engine.support.hierarchical.ThrowableCollector.execute(ThrowableCollector.java:73)
	at org.junit.platform.engine.support.hierarchical.NodeTestTask.lambda$executeRecursively$8(NodeTestTask.java:141)
	at org.junit.platform.engine.support.hierarchical.Node.around(Node.java:137)
	at org.junit.platform.engine.support.hierarchical.NodeTestTask.lambda$executeRecursively$9(NodeTestTask.java:139)
	at org.junit.platform.engine.support.hierarchical.ThrowableCollector.execute(ThrowableCollector.java:73)
	at org.junit.platform.engine.support.hierarchical.NodeTestTask.executeRecursively(NodeTestTask.java:138)
	at org.junit.platform.engine.support.hierarchical.NodeTestTask.execute(NodeTestTask.java:95)
	at java.base/java.util.ArrayList.forEach(ArrayList.java:1596)
	at org.junit.platform.engine.support.hierarchical.SameThreadHierarchicalTestExecutorService.invokeAll(SameThreadHierarchicalTestExecutorService.java:41)
	at org.junit.platform.engine.support.hierarchical.NodeTestTask.lambda$executeRecursively$6(NodeTestTask.java:155)
	at org.junit.platform.engine.support.hierarchical.ThrowableCollector.execute(ThrowableCollector.java:73)
	at org.junit.platform.engine.support.hierarchical.NodeTestTask.lambda$executeRecursively$8(NodeTestTask.java:141)
	at org.junit.platform.engine.support.hierarchical.Node.around(Node.java:137)
	at org.junit.platform.engine.support.hierarchical.NodeTestTask.lambda$executeRecursively$9(NodeTestTask.java:139)
	at org.junit.platform.engine.support.hierarchical.ThrowableCollector.execute(ThrowableCollector.java:73)
	at org.junit.platform.engine.support.hierarchical.NodeTestTask.executeRecursively(NodeTestTask.java:138)
	at org.junit.platform.engine.support.hierarchical.NodeTestTask.execute(NodeTestTask.java:95)
	at org.junit.platform.engine.support.hierarchical.SameThreadHierarchicalTestExecutorService.submit(SameThreadHierarchicalTestExecutorService.java:35)
	at org.junit.platform.engine.support.hierarchical.HierarchicalTestExecutor.execute(HierarchicalTestExecutor.java:57)
	at org.junit.platform.engine.support.hierarchical.HierarchicalTestEngine.execute(HierarchicalTestEngine.java:54)
	at org.junit.platform.launcher.core.EngineExecutionOrchestrator.execute(EngineExecutionOrchestrator.java:198)
	at org.junit.platform.launcher.core.EngineExecutionOrchestrator.execute(EngineExecutionOrchestrator.java:169)
	at org.junit.platform.launcher.core.EngineExecutionOrchestrator.execute(EngineExecutionOrchestrator.java:93)
	at org.junit.platform.launcher.core.EngineExecutionOrchestrator.execute(EngineExecutionOrchestrator.java:76)
	at org.junit.platform.suite.engine.SuiteLauncher.execute(SuiteLauncher.java:63)
	at org.junit.platform.suite.engine.SuiteTestDescriptor.execute(SuiteTestDescriptor.java:128)
	at org.junit.platform.suite.engine.SuiteTestEngine.lambda$execute$0(SuiteTestEngine.java:73)
	at java.base/java.util.stream.ForEachOps$ForEachOp$OfRef.accept(ForEachOps.java:184)
	at java.base/java.util.stream.ReferencePipeline$3$1.accept(ReferencePipeline.java:197)
	at java.base/java.util.Iterator.forEachRemaining(Iterator.java:133)
	at java.base/java.util.Spliterators$IteratorSpliterator.forEachRemaining(Spliterators.java:1939)
	at java.base/java.util.stream.AbstractPipeline.copyInto(AbstractPipeline.java:509)
	at java.base/java.util.stream.AbstractPipeline.wrapAndCopyInto(AbstractPipeline.java:499)
	at java.base/java.util.stream.ForEachOps$ForEachOp.evaluateSequential(ForEachOps.java:151)
	at java.base/java.util.stream.ForEachOps$ForEachOp$OfRef.evaluateSequential(ForEachOps.java:174)
	at java.base/java.util.stream.AbstractPipeline.evaluate(AbstractPipeline.java:234)
	at java.base/java.util.stream.ReferencePipeline.forEach(ReferencePipeline.java:596)
	at org.junit.platform.suite.engine.SuiteTestEngine.execute(SuiteTestEngine.java:73)
	at org.junit.platform.launcher.core.EngineExecutionOrchestrator.execute(EngineExecutionOrchestrator.java:198)
	at org.junit.platform.launcher.core.EngineExecutionOrchestrator.execute(EngineExecutionOrchestrator.java:169)
	at org.junit.platform.launcher.core.EngineExecutionOrchestrator.execute(EngineExecutionOrchestrator.java:93)
	at org.junit.platform.launcher.core.EngineExecutionOrchestrator.lambda$execute$0(EngineExecutionOrchestrator.java:58)
	at org.junit.platform.launcher.core.EngineExecutionOrchestrator.withInterceptedStreams(EngineExecutionOrchestrator.java:141)
	at org.junit.platform.launcher.core.EngineExecutionOrchestrator.execute(EngineExecutionOrchestrator.java:57)
	at org.junit.platform.launcher.core.DefaultLauncher.execute(DefaultLauncher.java:103)
	at org.junit.platform.launcher.core.DefaultLauncher.execute(DefaultLauncher.java:85)
	at org.junit.platform.launcher.core.DelegatingLauncher.execute(DelegatingLauncher.java:47)
	at org.apache.maven.surefire.junitplatform.LazyLauncher.execute(LazyLauncher.java:50)
	at org.apache.maven.surefire.junitplatform.JUnitPlatformProvider.execute(JUnitPlatformProvider.java:184)
	at org.apache.maven.surefire.junitplatform.JUnitPlatformProvider.invokeAllTests(JUnitPlatformProvider.java:148)
	at org.apache.maven.surefire.junitplatform.JUnitPlatformProvider.invoke(JUnitPlatformProvider.java:122)
	at org.apache.maven.surefire.booter.ForkedBooter.runSuitesInProcess(ForkedBooter.java:385)
	at org.apache.maven.surefire.booter.ForkedBooter.execute(ForkedBooter.java:162)
	at org.apache.maven.surefire.booter.ForkedBooter.run(ForkedBooter.java:507)
	at org.apache.maven.surefire.booter.ForkedBooter.main(ForkedBooter.java:495)
&amp#27;[0m
  &amp#27;[36mQuando &amp#27;[0m&amp#27;[36menvio uma requisição POST para &amp#27;[0m&amp#27;[36m&amp#27;[1m"/treinamentos"&amp#27;[0m&amp#27;[36m com os dados&amp#27;[0m &amp#27;[90m# steps.ErrosSteps.envioUmaRequisiçãoPOSTParaComOsDados(java.lang.String)&amp#27;[0m
  &amp#27;[36mEntão &amp#27;[0m&amp#27;[36mo status da resposta deve ser &amp#27;[0m&amp#27;[36m&amp#27;[1m400&amp#27;[0m                            &amp#27;[90m# steps.AutenticacaoSteps.oStatusDaRespostaDeveSer(int)&amp#27;[0m
  &amp#27;[36mE &amp#27;[0m&amp#27;[36ma resposta deve indicar erros de validação para campos vazios&amp#27;[0m    &amp#27;[90m# steps.ErrosSteps.aRespostaDeveIndicarErrosDeValidaçãoParaCamposVazios()&amp#27;[0m
]]></system-out>
  </testcase>
  <testcase name="Lidar com valores de string extremamente longos" classname="Tratamento de Erros e Casos Extremos" time="0.025">
    <error message="Step [que tenho dados de treinamento com strings extremamente longas] is defined with 0 parameters at &apos;steps.ErrosSteps.queTenhoDadosDeTreinamentoComStringsExtremamenteLongas()&apos;.&#10;However, the gherkin step has 1 arguments:&#10; * Table:&#10;      | titulo                 | descricao               | data       | obrigatorio |&#10;      | [500 character string] | [2000 character string] | 2024-02-15 | true        |&#10;&#10;Step text: que tenho dados de treinamento com strings extremamente longas" type="io.cucumber.core.exception.CucumberException"><![CDATA[io.cucumber.core.exception.CucumberException: 
Step [que tenho dados de treinamento com strings extremamente longas] is defined with 0 parameters at 'steps.ErrosSteps.queTenhoDadosDeTreinamentoComStringsExtremamenteLongas()'.
However, the gherkin step has 1 arguments:
 * Table:
      | titulo                 | descricao               | data       | obrigatorio |
      | [500 character string] | [2000 character string] | 2024-02-15 | true        |

Step text: que tenho dados de treinamento com strings extremamente longas
	at io.cucumber.core.runner.PickleStepDefinitionMatch.arityMismatch(PickleStepDefinitionMatch.java:83)
	at io.cucumber.core.runner.PickleStepDefinitionMatch.runStep(PickleStepDefinitionMatch.java:42)
	at io.cucumber.core.runner.ExecutionMode$1.execute(ExecutionMode.java:10)
	at io.cucumber.core.runner.TestStep.executeStep(TestStep.java:81)
	at io.cucumber.core.runner.TestStep.run(TestStep.java:53)
	at io.cucumber.core.runner.PickleStepTestStep.run(PickleStepTestStep.java:51)
	at io.cucumber.core.runner.TestCase.run(TestCase.java:84)
	at io.cucumber.core.runner.Runner.runPickle(Runner.java:75)
	at io.cucumber.junit.platform.engine.CucumberEngineExecutionContext.lambda$runTestCase$4(CucumberEngineExecutionContext.java:112)
	at io.cucumber.core.runtime.CucumberExecutionContext.lambda$runTestCase$5(CucumberExecutionContext.java:136)
	at io.cucumber.core.runtime.RethrowingThrowableCollector.executeAndThrow(RethrowingThrowableCollector.java:23)
	at io.cucumber.core.runtime.CucumberExecutionContext.runTestCase(CucumberExecutionContext.java:136)
	at io.cucumber.junit.platform.engine.CucumberEngineExecutionContext.runTestCase(CucumberEngineExecutionContext.java:109)
	at io.cucumber.junit.platform.engine.NodeDescriptor$PickleDescriptor.execute(NodeDescriptor.java:168)
	at io.cucumber.junit.platform.engine.NodeDescriptor$PickleDescriptor.execute(NodeDescriptor.java:90)
	at java.base/java.util.ArrayList.forEach(ArrayList.java:1596)
	at java.base/java.util.ArrayList.forEach(ArrayList.java:1596)
]]></error>
    <system-out><![CDATA[
Cenário: Lidar com valores de string extremamente longos              &amp#27;[90m# features/erros.feature:96&amp#27;[0m
  &amp#27;[32mDado &amp#27;[0m&amp#27;[32mque a aplicação está rodando&amp#27;[0m                                   &amp#27;[90m# steps.AutenticacaoSteps.queAAplicaçãoEstáRodando()&amp#27;[0m
  &amp#27;[32mE &amp#27;[0m&amp#27;[32mo banco de dados está acessível&amp#27;[0m                                   &amp#27;[90m# steps.AutenticacaoSteps.oBancoDeDadosEstáAcessível()&amp#27;[0m
  &amp#27;[31mDado &amp#27;[0m&amp#27;[31mque tenho dados de treinamento com strings extremamente longas&amp#27;[0m &amp#27;[90m# steps.ErrosSteps.queTenhoDadosDeTreinamentoComStringsExtremamenteLongas()&amp#27;[0m
    | titulo                 | descricao               | data       | obrigatorio |
    | [500 character string] | [2000 character string] | 2024-02-15 | true        |
      &amp#27;[31mio.cucumber.core.exception.CucumberException: Step [que tenho dados de treinamento com strings extremamente longas] is defined with 0 parameters at 'steps.ErrosSteps.queTenhoDadosDeTreinamentoComStringsExtremamenteLongas()'.
However, the gherkin step has 1 arguments:
 * Table:
      | titulo                 | descricao               | data       | obrigatorio |
      | [500 character string] | [2000 character string] | 2024-02-15 | true        |

Step text: que tenho dados de treinamento com strings extremamente longas
	at io.cucumber.core.runner.PickleStepDefinitionMatch.arityMismatch(PickleStepDefinitionMatch.java:83)
	at io.cucumber.core.runner.PickleStepDefinitionMatch.runStep(PickleStepDefinitionMatch.java:42)
	at io.cucumber.core.runner.ExecutionMode$1.execute(ExecutionMode.java:10)
	at io.cucumber.core.runner.TestStep.executeStep(TestStep.java:81)
	at io.cucumber.core.runner.TestStep.run(TestStep.java:53)
	at io.cucumber.core.runner.PickleStepTestStep.run(PickleStepTestStep.java:51)
	at io.cucumber.core.runner.TestCase.run(TestCase.java:84)
	at io.cucumber.core.runner.Runner.runPickle(Runner.java:75)
	at io.cucumber.junit.platform.engine.CucumberEngineExecutionContext.lambda$runTestCase$4(CucumberEngineExecutionContext.java:112)
	at io.cucumber.core.runtime.CucumberExecutionContext.lambda$runTestCase$5(CucumberExecutionContext.java:136)
	at io.cucumber.core.runtime.RethrowingThrowableCollector.executeAndThrow(RethrowingThrowableCollector.java:23)
	at io.cucumber.core.runtime.CucumberExecutionContext.runTestCase(CucumberExecutionContext.java:136)
	at io.cucumber.junit.platform.engine.CucumberEngineExecutionContext.runTestCase(CucumberEngineExecutionContext.java:109)
	at io.cucumber.junit.platform.engine.NodeDescriptor$PickleDescriptor.execute(NodeDescriptor.java:168)
	at io.cucumber.junit.platform.engine.NodeDescriptor$PickleDescriptor.execute(NodeDescriptor.java:90)
	at org.junit.platform.engine.support.hierarchical.NodeTestTask.lambda$executeRecursively$6(NodeTestTask.java:151)
	at org.junit.platform.engine.support.hierarchical.ThrowableCollector.execute(ThrowableCollector.java:73)
	at org.junit.platform.engine.support.hierarchical.NodeTestTask.lambda$executeRecursively$8(NodeTestTask.java:141)
	at org.junit.platform.engine.support.hierarchical.Node.around(Node.java:137)
	at org.junit.platform.engine.support.hierarchical.NodeTestTask.lambda$executeRecursively$9(NodeTestTask.java:139)
	at org.junit.platform.engine.support.hierarchical.ThrowableCollector.execute(ThrowableCollector.java:73)
	at org.junit.platform.engine.support.hierarchical.NodeTestTask.executeRecursively(NodeTestTask.java:138)
	at org.junit.platform.engine.support.hierarchical.NodeTestTask.execute(NodeTestTask.java:95)
	at java.base/java.util.ArrayList.forEach(ArrayList.java:1596)
	at org.junit.platform.engine.support.hierarchical.SameThreadHierarchicalTestExecutorService.invokeAll(SameThreadHierarchicalTestExecutorService.java:41)
	at org.junit.platform.engine.support.hierarchical.NodeTestTask.lambda$executeRecursively$6(NodeTestTask.java:155)
	at org.junit.platform.engine.support.hierarchical.ThrowableCollector.execute(ThrowableCollector.java:73)
	at org.junit.platform.engine.support.hierarchical.NodeTestTask.lambda$executeRecursively$8(NodeTestTask.java:141)
	at org.junit.platform.engine.support.hierarchical.Node.around(Node.java:137)
	at org.junit.platform.engine.support.hierarchical.NodeTestTask.lambda$executeRecursively$9(NodeTestTask.java:139)
	at org.junit.platform.engine.support.hierarchical.ThrowableCollector.execute(ThrowableCollector.java:73)
	at org.junit.platform.engine.support.hierarchical.NodeTestTask.executeRecursively(NodeTestTask.java:138)
	at org.junit.platform.engine.support.hierarchical.NodeTestTask.execute(NodeTestTask.java:95)
	at java.base/java.util.ArrayList.forEach(ArrayList.java:1596)
	at org.junit.platform.engine.support.hierarchical.SameThreadHierarchicalTestExecutorService.invokeAll(SameThreadHierarchicalTestExecutorService.java:41)
	at org.junit.platform.engine.support.hierarchical.NodeTestTask.lambda$executeRecursively$6(NodeTestTask.java:155)
	at org.junit.platform.engine.support.hierarchical.ThrowableCollector.execute(ThrowableCollector.java:73)
	at org.junit.platform.engine.support.hierarchical.NodeTestTask.lambda$executeRecursively$8(NodeTestTask.java:141)
	at org.junit.platform.engine.support.hierarchical.Node.around(Node.java:137)
	at org.junit.platform.engine.support.hierarchical.NodeTestTask.lambda$executeRecursively$9(NodeTestTask.java:139)
	at org.junit.platform.engine.support.hierarchical.ThrowableCollector.execute(ThrowableCollector.java:73)
	at org.junit.platform.engine.support.hierarchical.NodeTestTask.executeRecursively(NodeTestTask.java:138)
	at org.junit.platform.engine.support.hierarchical.NodeTestTask.execute(NodeTestTask.java:95)
	at org.junit.platform.engine.support.hierarchical.SameThreadHierarchicalTestExecutorService.submit(SameThreadHierarchicalTestExecutorService.java:35)
	at org.junit.platform.engine.support.hierarchical.HierarchicalTestExecutor.execute(HierarchicalTestExecutor.java:57)
	at org.junit.platform.engine.support.hierarchical.HierarchicalTestEngine.execute(HierarchicalTestEngine.java:54)
	at org.junit.platform.launcher.core.EngineExecutionOrchestrator.execute(EngineExecutionOrchestrator.java:198)
	at org.junit.platform.launcher.core.EngineExecutionOrchestrator.execute(EngineExecutionOrchestrator.java:169)
	at org.junit.platform.launcher.core.EngineExecutionOrchestrator.execute(EngineExecutionOrchestrator.java:93)
	at org.junit.platform.launcher.core.EngineExecutionOrchestrator.execute(EngineExecutionOrchestrator.java:76)
	at org.junit.platform.suite.engine.SuiteLauncher.execute(SuiteLauncher.java:63)
	at org.junit.platform.suite.engine.SuiteTestDescriptor.execute(SuiteTestDescriptor.java:128)
	at org.junit.platform.suite.engine.SuiteTestEngine.lambda$execute$0(SuiteTestEngine.java:73)
	at java.base/java.util.stream.ForEachOps$ForEachOp$OfRef.accept(ForEachOps.java:184)
	at java.base/java.util.stream.ReferencePipeline$3$1.accept(ReferencePipeline.java:197)
	at java.base/java.util.Iterator.forEachRemaining(Iterator.java:133)
	at java.base/java.util.Spliterators$IteratorSpliterator.forEachRemaining(Spliterators.java:1939)
	at java.base/java.util.stream.AbstractPipeline.copyInto(AbstractPipeline.java:509)
	at java.base/java.util.stream.AbstractPipeline.wrapAndCopyInto(AbstractPipeline.java:499)
	at java.base/java.util.stream.ForEachOps$ForEachOp.evaluateSequential(ForEachOps.java:151)
	at java.base/java.util.stream.ForEachOps$ForEachOp$OfRef.evaluateSequential(ForEachOps.java:174)
	at java.base/java.util.stream.AbstractPipeline.evaluate(AbstractPipeline.java:234)
	at java.base/java.util.stream.ReferencePipeline.forEach(ReferencePipeline.java:596)
	at org.junit.platform.suite.engine.SuiteTestEngine.execute(SuiteTestEngine.java:73)
	at org.junit.platform.launcher.core.EngineExecutionOrchestrator.execute(EngineExecutionOrchestrator.java:198)
	at org.junit.platform.launcher.core.EngineExecutionOrchestrator.execute(EngineExecutionOrchestrator.java:169)
	at org.junit.platform.launcher.core.EngineExecutionOrchestrator.execute(EngineExecutionOrchestrator.java:93)
	at org.junit.platform.launcher.core.EngineExecutionOrchestrator.lambda$execute$0(EngineExecutionOrchestrator.java:58)
	at org.junit.platform.launcher.core.EngineExecutionOrchestrator.withInterceptedStreams(EngineExecutionOrchestrator.java:141)
	at org.junit.platform.launcher.core.EngineExecutionOrchestrator.execute(EngineExecutionOrchestrator.java:57)
	at org.junit.platform.launcher.core.DefaultLauncher.execute(DefaultLauncher.java:103)
	at org.junit.platform.launcher.core.DefaultLauncher.execute(DefaultLauncher.java:85)
	at org.junit.platform.launcher.core.DelegatingLauncher.execute(DelegatingLauncher.java:47)
	at org.apache.maven.surefire.junitplatform.LazyLauncher.execute(LazyLauncher.java:50)
	at org.apache.maven.surefire.junitplatform.JUnitPlatformProvider.execute(JUnitPlatformProvider.java:184)
	at org.apache.maven.surefire.junitplatform.JUnitPlatformProvider.invokeAllTests(JUnitPlatformProvider.java:148)
	at org.apache.maven.surefire.junitplatform.JUnitPlatformProvider.invoke(JUnitPlatformProvider.java:122)
	at org.apache.maven.surefire.booter.ForkedBooter.runSuitesInProcess(ForkedBooter.java:385)
	at org.apache.maven.surefire.booter.ForkedBooter.execute(ForkedBooter.java:162)
	at org.apache.maven.surefire.booter.ForkedBooter.run(ForkedBooter.java:507)
	at org.apache.maven.surefire.booter.ForkedBooter.main(ForkedBooter.java:495)
&amp#27;[0m
  &amp#27;[36mQuando &amp#27;[0m&amp#27;[36menvio uma requisição POST para &amp#27;[0m&amp#27;[36m&amp#27;[1m"/treinamentos"&amp#27;[0m&amp#27;[36m com os dados&amp#27;[0m  &amp#27;[90m# steps.ErrosSteps.envioUmaRequisiçãoPOSTParaComOsDados(java.lang.String)&amp#27;[0m
  &amp#27;[36mEntão &amp#27;[0m&amp#27;[36mo status da resposta deve ser &amp#27;[0m&amp#27;[36m&amp#27;[1m400&amp#27;[0m                             &amp#27;[90m# steps.AutenticacaoSteps.oStatusDaRespostaDeveSer(int)&amp#27;[0m
  &amp#27;[36mE &amp#27;[0m&amp#27;[36ma resposta deve indicar erro de validação de comprimento do campo&amp#27;[0m &amp#27;[90m# steps.ErrosSteps.aRespostaDeveIndicarErroDeValidaçãoDeComprimentoDoCampo()&amp#27;[0m
]]></system-out>
  </testcase>
  <testcase name="Lidar com caracteres especiais em campos de texto" classname="Tratamento de Erros e Casos Extremos" time="0.03">
    <error message="Step [que tenho dados de treinamento com caracteres especiais] is defined with 0 parameters at &apos;steps.ErrosSteps.queTenhoDadosDeTreinamentoComCaracteresEspeciais()&apos;.&#10;However, the gherkin step has 1 arguments:&#10; * Table:&#10;      | titulo        | descricao                  | data       | obrigatorio |&#10;      | Test@#$%^&amp;*() | Description with émojis 🎯 | 2024-02-15 | true        |&#10;&#10;Step text: que tenho dados de treinamento com caracteres especiais" type="io.cucumber.core.exception.CucumberException"><![CDATA[io.cucumber.core.exception.CucumberException: 
Step [que tenho dados de treinamento com caracteres especiais] is defined with 0 parameters at 'steps.ErrosSteps.queTenhoDadosDeTreinamentoComCaracteresEspeciais()'.
However, the gherkin step has 1 arguments:
 * Table:
      | titulo        | descricao                  | data       | obrigatorio |
      | Test@#$%^&*() | Description with émojis 🎯 | 2024-02-15 | true        |

Step text: que tenho dados de treinamento com caracteres especiais
	at io.cucumber.core.runner.PickleStepDefinitionMatch.arityMismatch(PickleStepDefinitionMatch.java:83)
	at io.cucumber.core.runner.PickleStepDefinitionMatch.runStep(PickleStepDefinitionMatch.java:42)
	at io.cucumber.core.runner.ExecutionMode$1.execute(ExecutionMode.java:10)
	at io.cucumber.core.runner.TestStep.executeStep(TestStep.java:81)
	at io.cucumber.core.runner.TestStep.run(TestStep.java:53)
	at io.cucumber.core.runner.PickleStepTestStep.run(PickleStepTestStep.java:51)
	at io.cucumber.core.runner.TestCase.run(TestCase.java:84)
	at io.cucumber.core.runner.Runner.runPickle(Runner.java:75)
	at io.cucumber.junit.platform.engine.CucumberEngineExecutionContext.lambda$runTestCase$4(CucumberEngineExecutionContext.java:112)
	at io.cucumber.core.runtime.CucumberExecutionContext.lambda$runTestCase$5(CucumberExecutionContext.java:136)
	at io.cucumber.core.runtime.RethrowingThrowableCollector.executeAndThrow(RethrowingThrowableCollector.java:23)
	at io.cucumber.core.runtime.CucumberExecutionContext.runTestCase(CucumberExecutionContext.java:136)
	at io.cucumber.junit.platform.engine.CucumberEngineExecutionContext.runTestCase(CucumberEngineExecutionContext.java:109)
	at io.cucumber.junit.platform.engine.NodeDescriptor$PickleDescriptor.execute(NodeDescriptor.java:168)
	at io.cucumber.junit.platform.engine.NodeDescriptor$PickleDescriptor.execute(NodeDescriptor.java:90)
	at java.base/java.util.ArrayList.forEach(ArrayList.java:1596)
	at java.base/java.util.ArrayList.forEach(ArrayList.java:1596)
]]></error>
    <system-out><![CDATA[
Cenário: Lidar com caracteres especiais em campos de texto               &amp#27;[90m# features/erros.feature:104&amp#27;[0m
  &amp#27;[32mDado &amp#27;[0m&amp#27;[32mque a aplicação está rodando&amp#27;[0m                                      &amp#27;[90m# steps.AutenticacaoSteps.queAAplicaçãoEstáRodando()&amp#27;[0m
  &amp#27;[32mE &amp#27;[0m&amp#27;[32mo banco de dados está acessível&amp#27;[0m                                      &amp#27;[90m# steps.AutenticacaoSteps.oBancoDeDadosEstáAcessível()&amp#27;[0m
  &amp#27;[31mDado &amp#27;[0m&amp#27;[31mque tenho dados de treinamento com caracteres especiais&amp#27;[0m           &amp#27;[90m# steps.ErrosSteps.queTenhoDadosDeTreinamentoComCaracteresEspeciais()&amp#27;[0m
    | titulo        | descricao                  | data       | obrigatorio |
    | Test@#$%^&*() | Description with émojis 🎯 | 2024-02-15 | true        |
      &amp#27;[31mio.cucumber.core.exception.CucumberException: Step [que tenho dados de treinamento com caracteres especiais] is defined with 0 parameters at 'steps.ErrosSteps.queTenhoDadosDeTreinamentoComCaracteresEspeciais()'.
However, the gherkin step has 1 arguments:
 * Table:
      | titulo        | descricao                  | data       | obrigatorio |
      | Test@#$%^&*() | Description with émojis 🎯 | 2024-02-15 | true        |

Step text: que tenho dados de treinamento com caracteres especiais
	at io.cucumber.core.runner.PickleStepDefinitionMatch.arityMismatch(PickleStepDefinitionMatch.java:83)
	at io.cucumber.core.runner.PickleStepDefinitionMatch.runStep(PickleStepDefinitionMatch.java:42)
	at io.cucumber.core.runner.ExecutionMode$1.execute(ExecutionMode.java:10)
	at io.cucumber.core.runner.TestStep.executeStep(TestStep.java:81)
	at io.cucumber.core.runner.TestStep.run(TestStep.java:53)
	at io.cucumber.core.runner.PickleStepTestStep.run(PickleStepTestStep.java:51)
	at io.cucumber.core.runner.TestCase.run(TestCase.java:84)
	at io.cucumber.core.runner.Runner.runPickle(Runner.java:75)
	at io.cucumber.junit.platform.engine.CucumberEngineExecutionContext.lambda$runTestCase$4(CucumberEngineExecutionContext.java:112)
	at io.cucumber.core.runtime.CucumberExecutionContext.lambda$runTestCase$5(CucumberExecutionContext.java:136)
	at io.cucumber.core.runtime.RethrowingThrowableCollector.executeAndThrow(RethrowingThrowableCollector.java:23)
	at io.cucumber.core.runtime.CucumberExecutionContext.runTestCase(CucumberExecutionContext.java:136)
	at io.cucumber.junit.platform.engine.CucumberEngineExecutionContext.runTestCase(CucumberEngineExecutionContext.java:109)
	at io.cucumber.junit.platform.engine.NodeDescriptor$PickleDescriptor.execute(NodeDescriptor.java:168)
	at io.cucumber.junit.platform.engine.NodeDescriptor$PickleDescriptor.execute(NodeDescriptor.java:90)
	at org.junit.platform.engine.support.hierarchical.NodeTestTask.lambda$executeRecursively$6(NodeTestTask.java:151)
	at org.junit.platform.engine.support.hierarchical.ThrowableCollector.execute(ThrowableCollector.java:73)
	at org.junit.platform.engine.support.hierarchical.NodeTestTask.lambda$executeRecursively$8(NodeTestTask.java:141)
	at org.junit.platform.engine.support.hierarchical.Node.around(Node.java:137)
	at org.junit.platform.engine.support.hierarchical.NodeTestTask.lambda$executeRecursively$9(NodeTestTask.java:139)
	at org.junit.platform.engine.support.hierarchical.ThrowableCollector.execute(ThrowableCollector.java:73)
	at org.junit.platform.engine.support.hierarchical.NodeTestTask.executeRecursively(NodeTestTask.java:138)
	at org.junit.platform.engine.support.hierarchical.NodeTestTask.execute(NodeTestTask.java:95)
	at java.base/java.util.ArrayList.forEach(ArrayList.java:1596)
	at org.junit.platform.engine.support.hierarchical.SameThreadHierarchicalTestExecutorService.invokeAll(SameThreadHierarchicalTestExecutorService.java:41)
	at org.junit.platform.engine.support.hierarchical.NodeTestTask.lambda$executeRecursively$6(NodeTestTask.java:155)
	at org.junit.platform.engine.support.hierarchical.ThrowableCollector.execute(ThrowableCollector.java:73)
	at org.junit.platform.engine.support.hierarchical.NodeTestTask.lambda$executeRecursively$8(NodeTestTask.java:141)
	at org.junit.platform.engine.support.hierarchical.Node.around(Node.java:137)
	at org.junit.platform.engine.support.hierarchical.NodeTestTask.lambda$executeRecursively$9(NodeTestTask.java:139)
	at org.junit.platform.engine.support.hierarchical.ThrowableCollector.execute(ThrowableCollector.java:73)
	at org.junit.platform.engine.support.hierarchical.NodeTestTask.executeRecursively(NodeTestTask.java:138)
	at org.junit.platform.engine.support.hierarchical.NodeTestTask.execute(NodeTestTask.java:95)
	at java.base/java.util.ArrayList.forEach(ArrayList.java:1596)
	at org.junit.platform.engine.support.hierarchical.SameThreadHierarchicalTestExecutorService.invokeAll(SameThreadHierarchicalTestExecutorService.java:41)
	at org.junit.platform.engine.support.hierarchical.NodeTestTask.lambda$executeRecursively$6(NodeTestTask.java:155)
	at org.junit.platform.engine.support.hierarchical.ThrowableCollector.execute(ThrowableCollector.java:73)
	at org.junit.platform.engine.support.hierarchical.NodeTestTask.lambda$executeRecursively$8(NodeTestTask.java:141)
	at org.junit.platform.engine.support.hierarchical.Node.around(Node.java:137)
	at org.junit.platform.engine.support.hierarchical.NodeTestTask.lambda$executeRecursively$9(NodeTestTask.java:139)
	at org.junit.platform.engine.support.hierarchical.ThrowableCollector.execute(ThrowableCollector.java:73)
	at org.junit.platform.engine.support.hierarchical.NodeTestTask.executeRecursively(NodeTestTask.java:138)
	at org.junit.platform.engine.support.hierarchical.NodeTestTask.execute(NodeTestTask.java:95)
	at org.junit.platform.engine.support.hierarchical.SameThreadHierarchicalTestExecutorService.submit(SameThreadHierarchicalTestExecutorService.java:35)
	at org.junit.platform.engine.support.hierarchical.HierarchicalTestExecutor.execute(HierarchicalTestExecutor.java:57)
	at org.junit.platform.engine.support.hierarchical.HierarchicalTestEngine.execute(HierarchicalTestEngine.java:54)
	at org.junit.platform.launcher.core.EngineExecutionOrchestrator.execute(EngineExecutionOrchestrator.java:198)
	at org.junit.platform.launcher.core.EngineExecutionOrchestrator.execute(EngineExecutionOrchestrator.java:169)
	at org.junit.platform.launcher.core.EngineExecutionOrchestrator.execute(EngineExecutionOrchestrator.java:93)
	at org.junit.platform.launcher.core.EngineExecutionOrchestrator.execute(EngineExecutionOrchestrator.java:76)
	at org.junit.platform.suite.engine.SuiteLauncher.execute(SuiteLauncher.java:63)
	at org.junit.platform.suite.engine.SuiteTestDescriptor.execute(SuiteTestDescriptor.java:128)
	at org.junit.platform.suite.engine.SuiteTestEngine.lambda$execute$0(SuiteTestEngine.java:73)
	at java.base/java.util.stream.ForEachOps$ForEachOp$OfRef.accept(ForEachOps.java:184)
	at java.base/java.util.stream.ReferencePipeline$3$1.accept(ReferencePipeline.java:197)
	at java.base/java.util.Iterator.forEachRemaining(Iterator.java:133)
	at java.base/java.util.Spliterators$IteratorSpliterator.forEachRemaining(Spliterators.java:1939)
	at java.base/java.util.stream.AbstractPipeline.copyInto(AbstractPipeline.java:509)
	at java.base/java.util.stream.AbstractPipeline.wrapAndCopyInto(AbstractPipeline.java:499)
	at java.base/java.util.stream.ForEachOps$ForEachOp.evaluateSequential(ForEachOps.java:151)
	at java.base/java.util.stream.ForEachOps$ForEachOp$OfRef.evaluateSequential(ForEachOps.java:174)
	at java.base/java.util.stream.AbstractPipeline.evaluate(AbstractPipeline.java:234)
	at java.base/java.util.stream.ReferencePipeline.forEach(ReferencePipeline.java:596)
	at org.junit.platform.suite.engine.SuiteTestEngine.execute(SuiteTestEngine.java:73)
	at org.junit.platform.launcher.core.EngineExecutionOrchestrator.execute(EngineExecutionOrchestrator.java:198)
	at org.junit.platform.launcher.core.EngineExecutionOrchestrator.execute(EngineExecutionOrchestrator.java:169)
	at org.junit.platform.launcher.core.EngineExecutionOrchestrator.execute(EngineExecutionOrchestrator.java:93)
	at org.junit.platform.launcher.core.EngineExecutionOrchestrator.lambda$execute$0(EngineExecutionOrchestrator.java:58)
	at org.junit.platform.launcher.core.EngineExecutionOrchestrator.withInterceptedStreams(EngineExecutionOrchestrator.java:141)
	at org.junit.platform.launcher.core.EngineExecutionOrchestrator.execute(EngineExecutionOrchestrator.java:57)
	at org.junit.platform.launcher.core.DefaultLauncher.execute(DefaultLauncher.java:103)
	at org.junit.platform.launcher.core.DefaultLauncher.execute(DefaultLauncher.java:85)
	at org.junit.platform.launcher.core.DelegatingLauncher.execute(DelegatingLauncher.java:47)
	at org.apache.maven.surefire.junitplatform.LazyLauncher.execute(LazyLauncher.java:50)
	at org.apache.maven.surefire.junitplatform.JUnitPlatformProvider.execute(JUnitPlatformProvider.java:184)
	at org.apache.maven.surefire.junitplatform.JUnitPlatformProvider.invokeAllTests(JUnitPlatformProvider.java:148)
	at org.apache.maven.surefire.junitplatform.JUnitPlatformProvider.invoke(JUnitPlatformProvider.java:122)
	at org.apache.maven.surefire.booter.ForkedBooter.runSuitesInProcess(ForkedBooter.java:385)
	at org.apache.maven.surefire.booter.ForkedBooter.execute(ForkedBooter.java:162)
	at org.apache.maven.surefire.booter.ForkedBooter.run(ForkedBooter.java:507)
	at org.apache.maven.surefire.booter.ForkedBooter.main(ForkedBooter.java:495)
&amp#27;[0m
  &amp#27;[36mQuando &amp#27;[0m&amp#27;[36menvio uma requisição POST para &amp#27;[0m&amp#27;[36m&amp#27;[1m"/treinamentos"&amp#27;[0m&amp#27;[36m com os dados&amp#27;[0m     &amp#27;[90m# steps.ErrosSteps.envioUmaRequisiçãoPOSTParaComOsDados(java.lang.String)&amp#27;[0m
  &amp#27;[36mEntão &amp#27;[0m&amp#27;[36mo status da resposta deve ser &amp#27;[0m&amp#27;[36m&amp#27;[1m200&amp#27;[0m                                &amp#27;[90m# steps.AutenticacaoSteps.oStatusDaRespostaDeveSer(int)&amp#27;[0m
  &amp#27;[36mE &amp#27;[0m&amp#27;[36ma resposta deve conter os dados com caracteres especiais preservados&amp#27;[0m &amp#27;[90m# steps.ErrosSteps.aRespostaDeveConterOsDadosComCaracteresEspeciaisPreservados()&amp#27;[0m
]]></system-out>
  </testcase>
  <testcase name="Lidar com valores de ID negativos" classname="Tratamento de Erros e Casos Extremos" time="0.018">
    <error message="Cannot invoke &quot;io.restassured.response.Response.getStatusCode()&quot; because &quot;this.autenticacaoService.response&quot; is null" type="java.lang.NullPointerException"><![CDATA[java.lang.NullPointerException: Cannot invoke "io.restassured.response.Response.getStatusCode()" because "this.autenticacaoService.response" is null
	at steps.AutenticacaoSteps.oStatusDaRespostaDeveSer(AutenticacaoSteps.java:43)
	at ✽.o status da resposta deve ser 400(classpath:features/erros.feature:115)
]]></error>
    <system-out><![CDATA[
Cenário: Lidar com valores de ID negativos                &amp#27;[90m# features/erros.feature:112&amp#27;[0m
  &amp#27;[32mDado &amp#27;[0m&amp#27;[32mque a aplicação está rodando&amp#27;[0m                       &amp#27;[90m# steps.AutenticacaoSteps.queAAplicaçãoEstáRodando()&amp#27;[0m
  &amp#27;[32mE &amp#27;[0m&amp#27;[32mo banco de dados está acessível&amp#27;[0m                       &amp#27;[90m# steps.AutenticacaoSteps.oBancoDeDadosEstáAcessível()&amp#27;[0m
  &amp#27;[32mDado &amp#27;[0m&amp#27;[32mque quero acessar um recurso com ID negativo&amp#27;[0m       &amp#27;[90m# steps.ErrosSteps.queQueroAcessarUmRecursoComIDNegativo()&amp#27;[0m
  &amp#27;[32mQuando &amp#27;[0m&amp#27;[32menvio uma requisição GET para &amp#27;[0m&amp#27;[32m&amp#27;[1m"/treinamentos/-1"&amp#27;[0m &amp#27;[90m# steps.ColaboradorGestaoSteps.envioUmaRequisiçãoGETPara(java.lang.String)&amp#27;[0m
  &amp#27;[31mEntão &amp#27;[0m&amp#27;[31mo status da resposta deve ser &amp#27;[0m&amp#27;[31m&amp#27;[1m400&amp#27;[0m                 &amp#27;[90m# steps.AutenticacaoSteps.oStatusDaRespostaDeveSer(int)&amp#27;[0m
      &amp#27;[31mjava.lang.NullPointerException: Cannot invoke "io.restassured.response.Response.getStatusCode()" because "this.autenticacaoService.response" is null
	at steps.AutenticacaoSteps.oStatusDaRespostaDeveSer(AutenticacaoSteps.java:43)
	at ✽.o status da resposta deve ser 400(classpath:features/erros.feature:115)
&amp#27;[0m
  &amp#27;[36mE &amp#27;[0m&amp#27;[36ma resposta deve indicar formato de ID inválido&amp#27;[0m        &amp#27;[90m# steps.ErrosSteps.aRespostaDeveIndicarFormatoDeIDInválido()&amp#27;[0m
]]></system-out>
  </testcase>
  <testcase name="Lidar com valores de ID não numéricos" classname="Tratamento de Erros e Casos Extremos" time="0.014">
    <error message="Cannot invoke &quot;io.restassured.response.Response.getStatusCode()&quot; because &quot;this.autenticacaoService.response&quot; is null" type="java.lang.NullPointerException"><![CDATA[java.lang.NullPointerException: Cannot invoke "io.restassured.response.Response.getStatusCode()" because "this.autenticacaoService.response" is null
	at steps.AutenticacaoSteps.oStatusDaRespostaDeveSer(AutenticacaoSteps.java:43)
	at ✽.o status da resposta deve ser 400(classpath:features/erros.feature:121)
]]></error>
    <system-out><![CDATA[
Cenário: Lidar com valores de ID não numéricos             &amp#27;[90m# features/erros.feature:118&amp#27;[0m
  &amp#27;[32mDado &amp#27;[0m&amp#27;[32mque a aplicação está rodando&amp#27;[0m                        &amp#27;[90m# steps.AutenticacaoSteps.queAAplicaçãoEstáRodando()&amp#27;[0m
  &amp#27;[32mE &amp#27;[0m&amp#27;[32mo banco de dados está acessível&amp#27;[0m                        &amp#27;[90m# steps.AutenticacaoSteps.oBancoDeDadosEstáAcessível()&amp#27;[0m
  &amp#27;[32mDado &amp#27;[0m&amp#27;[32mque quero acessar um recurso com ID não numérico&amp#27;[0m    &amp#27;[90m# steps.ErrosSteps.queQueroAcessarUmRecursoComIDNãoNumérico()&amp#27;[0m
  &amp#27;[32mQuando &amp#27;[0m&amp#27;[32menvio uma requisição GET para &amp#27;[0m&amp#27;[32m&amp#27;[1m"/treinamentos/abc"&amp#27;[0m &amp#27;[90m# steps.ColaboradorGestaoSteps.envioUmaRequisiçãoGETPara(java.lang.String)&amp#27;[0m
  &amp#27;[31mEntão &amp#27;[0m&amp#27;[31mo status da resposta deve ser &amp#27;[0m&amp#27;[31m&amp#27;[1m400&amp#27;[0m                  &amp#27;[90m# steps.AutenticacaoSteps.oStatusDaRespostaDeveSer(int)&amp#27;[0m
      &amp#27;[31mjava.lang.NullPointerException: Cannot invoke "io.restassured.response.Response.getStatusCode()" because "this.autenticacaoService.response" is null
	at steps.AutenticacaoSteps.oStatusDaRespostaDeveSer(AutenticacaoSteps.java:43)
	at ✽.o status da resposta deve ser 400(classpath:features/erros.feature:121)
&amp#27;[0m
  &amp#27;[36mE &amp#27;[0m&amp#27;[36ma resposta deve indicar formato de ID inválido&amp#27;[0m         &amp#27;[90m# steps.ErrosSteps.aRespostaDeveIndicarFormatoDeIDInválido()&amp#27;[0m
]]></system-out>
  </testcase>
  <testcase name="Lidar com requisição sem cabeçalhos obrigatórios" classname="Tratamento de Erros e Casos Extremos" time="0.022">
    <error message="Cannot invoke &quot;io.restassured.response.Response.getStatusCode()&quot; because &quot;this.autenticacaoService.response&quot; is null" type="java.lang.NullPointerException"><![CDATA[java.lang.NullPointerException: Cannot invoke "io.restassured.response.Response.getStatusCode()" because "this.autenticacaoService.response" is null
	at steps.AutenticacaoSteps.oStatusDaRespostaDeveSer(AutenticacaoSteps.java:43)
	at ✽.o status da resposta deve ser 401(classpath:features/erros.feature:128)
]]></error>
    <system-out><![CDATA[
Cenário: Lidar com requisição sem cabeçalhos obrigatórios              &amp#27;[90m# features/erros.feature:124&amp#27;[0m
  &amp#27;[32mDado &amp#27;[0m&amp#27;[32mque a aplicação está rodando&amp#27;[0m                                    &amp#27;[90m# steps.AutenticacaoSteps.queAAplicaçãoEstáRodando()&amp#27;[0m
  &amp#27;[32mE &amp#27;[0m&amp#27;[32mo banco de dados está acessível&amp#27;[0m                                    &amp#27;[90m# steps.AutenticacaoSteps.oBancoDeDadosEstáAcessível()&amp#27;[0m
  &amp#27;[32mDado &amp#27;[0m&amp#27;[32mque tenho credenciais de autenticação válidas&amp#27;[0m                   &amp#27;[90m# steps.ErrosSteps.queTenhoCredenciaisDeAutenticaçãoVálidas()&amp#27;[0m
  &amp#27;[32mE &amp#27;[0m&amp#27;[32mnão incluo o cabeçalho Authorization&amp#27;[0m                               &amp#27;[90m# steps.ErrosSteps.nãoIncluoOCabeçalhoAuthorization()&amp#27;[0m
  &amp#27;[32mQuando &amp#27;[0m&amp#27;[32menvio uma requisição GET para &amp#27;[0m&amp#27;[32m&amp#27;[1m"/colaboradores/countPorGenero"&amp#27;[0m &amp#27;[90m# steps.ColaboradorGestaoSteps.envioUmaRequisiçãoGETPara(java.lang.String)&amp#27;[0m
  &amp#27;[31mEntão &amp#27;[0m&amp#27;[31mo status da resposta deve ser &amp#27;[0m&amp#27;[31m&amp#27;[1m401&amp#27;[0m                              &amp#27;[90m# steps.AutenticacaoSteps.oStatusDaRespostaDeveSer(int)&amp#27;[0m
      &amp#27;[31mjava.lang.NullPointerException: Cannot invoke "io.restassured.response.Response.getStatusCode()" because "this.autenticacaoService.response" is null
	at steps.AutenticacaoSteps.oStatusDaRespostaDeveSer(AutenticacaoSteps.java:43)
	at ✽.o status da resposta deve ser 401(classpath:features/erros.feature:128)
&amp#27;[0m
  &amp#27;[36mE &amp#27;[0m&amp#27;[36ma resposta deve indicar autorização ausente&amp#27;[0m                        &amp#27;[90m# steps.ErrosSteps.aRespostaDeveIndicarAutorizaçãoAusente()&amp#27;[0m
]]></system-out>
  </testcase>
  <testcase name="Lidar com token JWT expirado" classname="Tratamento de Erros e Casos Extremos" time="0.025">
    <error message="Cannot invoke &quot;io.restassured.response.Response.getStatusCode()&quot; because &quot;this.autenticacaoService.response&quot; is null" type="java.lang.NullPointerException"><![CDATA[java.lang.NullPointerException: Cannot invoke "io.restassured.response.Response.getStatusCode()" because "this.autenticacaoService.response" is null
	at steps.AutenticacaoSteps.oStatusDaRespostaDeveSer(AutenticacaoSteps.java:43)
	at ✽.o status da resposta deve ser 401(classpath:features/erros.feature:134)
]]></error>
    <system-out><![CDATA[
Cenário: Lidar com token JWT expirado                                                       &amp#27;[90m# features/erros.feature:131&amp#27;[0m
  &amp#27;[32mDado &amp#27;[0m&amp#27;[32mque a aplicação está rodando&amp#27;[0m                                                         &amp#27;[90m# steps.AutenticacaoSteps.queAAplicaçãoEstáRodando()&amp#27;[0m
  &amp#27;[32mE &amp#27;[0m&amp#27;[32mo banco de dados está acessível&amp#27;[0m                                                         &amp#27;[90m# steps.AutenticacaoSteps.oBancoDeDadosEstáAcessível()&amp#27;[0m
  &amp#27;[32mDado &amp#27;[0m&amp#27;[32mque tenho um token JWT expirado&amp#27;[0m                                                      &amp#27;[90m# steps.ErrosSteps.queTenhoUmTokenJWTExpirado()&amp#27;[0m
  &amp#27;[32mQuando &amp#27;[0m&amp#27;[32menvio uma requisição GET para &amp#27;[0m&amp#27;[32m&amp#27;[1m"/colaboradores/countPorGenero"&amp#27;[0m&amp#27;[32m com o token expirado&amp#27;[0m &amp#27;[90m# steps.ErrosSteps.envioUmaRequisiçãoGETParaComOTokenExpirado(java.lang.String)&amp#27;[0m
  &amp#27;[31mEntão &amp#27;[0m&amp#27;[31mo status da resposta deve ser &amp#27;[0m&amp#27;[31m&amp#27;[1m401&amp#27;[0m                                                   &amp#27;[90m# steps.AutenticacaoSteps.oStatusDaRespostaDeveSer(int)&amp#27;[0m
      &amp#27;[31mjava.lang.NullPointerException: Cannot invoke "io.restassured.response.Response.getStatusCode()" because "this.autenticacaoService.response" is null
	at steps.AutenticacaoSteps.oStatusDaRespostaDeveSer(AutenticacaoSteps.java:43)
	at ✽.o status da resposta deve ser 401(classpath:features/erros.feature:134)
&amp#27;[0m
  &amp#27;[36mE &amp#27;[0m&amp#27;[36ma resposta deve indicar token expirado&amp#27;[0m                                                  &amp#27;[90m# steps.ErrosSteps.aRespostaDeveIndicarTokenExpirado()&amp#27;[0m
]]></system-out>
  </testcase>
  <testcase name="Lidar com token JWT malformado" classname="Tratamento de Erros e Casos Extremos" time="0.019">
    <error message="Cannot invoke &quot;io.restassured.response.Response.getStatusCode()&quot; because &quot;this.autenticacaoService.response&quot; is null" type="java.lang.NullPointerException"><![CDATA[java.lang.NullPointerException: Cannot invoke "io.restassured.response.Response.getStatusCode()" because "this.autenticacaoService.response" is null
	at steps.AutenticacaoSteps.oStatusDaRespostaDeveSer(AutenticacaoSteps.java:43)
	at ✽.o status da resposta deve ser 401(classpath:features/erros.feature:140)
]]></error>
    <system-out><![CDATA[
Cenário: Lidar com token JWT malformado                                                       &amp#27;[90m# features/erros.feature:137&amp#27;[0m
  &amp#27;[32mDado &amp#27;[0m&amp#27;[32mque a aplicação está rodando&amp#27;[0m                                                           &amp#27;[90m# steps.AutenticacaoSteps.queAAplicaçãoEstáRodando()&amp#27;[0m
  &amp#27;[32mE &amp#27;[0m&amp#27;[32mo banco de dados está acessível&amp#27;[0m                                                           &amp#27;[90m# steps.AutenticacaoSteps.oBancoDeDadosEstáAcessível()&amp#27;[0m
  &amp#27;[32mDado &amp#27;[0m&amp#27;[32mque tenho um token JWT malformado &amp#27;[0m&amp#27;[32m&amp#27;[1m"malformed.token.here"&amp#27;[0m                               &amp#27;[90m# steps.ErrosSteps.queTenhoUmTokenJWTMalformado(java.lang.String)&amp#27;[0m
  &amp#27;[32mQuando &amp#27;[0m&amp#27;[32menvio uma requisição GET para &amp#27;[0m&amp#27;[32m&amp#27;[1m"/colaboradores/countPorGenero"&amp#27;[0m&amp#27;[32m com o token malformado&amp#27;[0m &amp#27;[90m# steps.ErrosSteps.envioUmaRequisiçãoGETParaComOTokenMalformado(java.lang.String)&amp#27;[0m
  &amp#27;[31mEntão &amp#27;[0m&amp#27;[31mo status da resposta deve ser &amp#27;[0m&amp#27;[31m&amp#27;[1m401&amp#27;[0m                                                     &amp#27;[90m# steps.AutenticacaoSteps.oStatusDaRespostaDeveSer(int)&amp#27;[0m
      &amp#27;[31mjava.lang.NullPointerException: Cannot invoke "io.restassured.response.Response.getStatusCode()" because "this.autenticacaoService.response" is null
	at steps.AutenticacaoSteps.oStatusDaRespostaDeveSer(AutenticacaoSteps.java:43)
	at ✽.o status da resposta deve ser 401(classpath:features/erros.feature:140)
&amp#27;[0m
  &amp#27;[36mE &amp#27;[0m&amp#27;[36ma resposta deve indicar token inválido&amp#27;[0m                                                    &amp#27;[90m# steps.ErrosSteps.aRespostaDeveIndicarTokenInválido()&amp#27;[0m
]]></system-out>
  </testcase>
  <testcase name="Lidar com requisição com método HTTP inválido" classname="Tratamento de Erros e Casos Extremos" time="0.017">
    <error message="Cannot invoke &quot;io.restassured.response.Response.getStatusCode()&quot; because &quot;this.autenticacaoService.response&quot; is null" type="java.lang.NullPointerException"><![CDATA[java.lang.NullPointerException: Cannot invoke "io.restassured.response.Response.getStatusCode()" because "this.autenticacaoService.response" is null
	at steps.AutenticacaoSteps.oStatusDaRespostaDeveSer(AutenticacaoSteps.java:43)
	at ✽.o status da resposta deve ser 405(classpath:features/erros.feature:146)
]]></error>
    <system-out><![CDATA[
Cenário: Lidar com requisição com método HTTP inválido       &amp#27;[90m# features/erros.feature:143&amp#27;[0m
  &amp#27;[32mDado &amp#27;[0m&amp#27;[32mque a aplicação está rodando&amp#27;[0m                          &amp#27;[90m# steps.AutenticacaoSteps.queAAplicaçãoEstáRodando()&amp#27;[0m
  &amp#27;[32mE &amp#27;[0m&amp#27;[32mo banco de dados está acessível&amp#27;[0m                          &amp#27;[90m# steps.AutenticacaoSteps.oBancoDeDadosEstáAcessível()&amp#27;[0m
  &amp#27;[32mDado &amp#27;[0m&amp#27;[32mque quero acessar o endpoint de lista de treinamentos&amp#27;[0m &amp#27;[90m# steps.ErrosSteps.queQueroAcessarOEndpointDeListaDeTreinamentos()&amp#27;[0m
  &amp#27;[32mQuando &amp#27;[0m&amp#27;[32menvio uma requisição PATCH para &amp#27;[0m&amp#27;[32m&amp#27;[1m"/treinamentos"&amp#27;[0m     &amp#27;[90m# steps.ErrosSteps.envioUmaRequisiçãoPATCHPara(java.lang.String)&amp#27;[0m
  &amp#27;[31mEntão &amp#27;[0m&amp#27;[31mo status da resposta deve ser &amp#27;[0m&amp#27;[31m&amp#27;[1m405&amp#27;[0m                    &amp#27;[90m# steps.AutenticacaoSteps.oStatusDaRespostaDeveSer(int)&amp#27;[0m
      &amp#27;[31mjava.lang.NullPointerException: Cannot invoke "io.restassured.response.Response.getStatusCode()" because "this.autenticacaoService.response" is null
	at steps.AutenticacaoSteps.oStatusDaRespostaDeveSer(AutenticacaoSteps.java:43)
	at ✽.o status da resposta deve ser 405(classpath:features/erros.feature:146)
&amp#27;[0m
  &amp#27;[36mE &amp#27;[0m&amp#27;[36ma resposta deve indicar método não permitido&amp#27;[0m             &amp#27;[90m# steps.ErrosSteps.aRespostaDeveIndicarMétodoNãoPermitido()&amp#27;[0m
]]></system-out>
  </testcase>
  <testcase name="Lidar com requisição para endpoint inexistente" classname="Tratamento de Erros e Casos Extremos" time="0.014">
    <error message="Cannot invoke &quot;io.restassured.response.Response.getStatusCode()&quot; because &quot;this.autenticacaoService.response&quot; is null" type="java.lang.NullPointerException"><![CDATA[java.lang.NullPointerException: Cannot invoke "io.restassured.response.Response.getStatusCode()" because "this.autenticacaoService.response" is null
	at steps.AutenticacaoSteps.oStatusDaRespostaDeveSer(AutenticacaoSteps.java:43)
	at ✽.o status da resposta deve ser 404(classpath:features/erros.feature:152)
]]></error>
    <system-out><![CDATA[
Cenário: Lidar com requisição para endpoint inexistente         &amp#27;[90m# features/erros.feature:149&amp#27;[0m
  &amp#27;[32mDado &amp#27;[0m&amp#27;[32mque a aplicação está rodando&amp#27;[0m                             &amp#27;[90m# steps.AutenticacaoSteps.queAAplicaçãoEstáRodando()&amp#27;[0m
  &amp#27;[32mE &amp#27;[0m&amp#27;[32mo banco de dados está acessível&amp#27;[0m                             &amp#27;[90m# steps.AutenticacaoSteps.oBancoDeDadosEstáAcessível()&amp#27;[0m
  &amp#27;[32mDado &amp#27;[0m&amp#27;[32mque quero acessar um endpoint inexistente&amp#27;[0m                &amp#27;[90m# steps.ErrosSteps.queQueroAcessarUmEndpointInexistente()&amp#27;[0m
  &amp#27;[32mQuando &amp#27;[0m&amp#27;[32menvio uma requisição GET para &amp#27;[0m&amp#27;[32m&amp#27;[1m"/non-existent-endpoint"&amp#27;[0m &amp#27;[90m# steps.ColaboradorGestaoSteps.envioUmaRequisiçãoGETPara(java.lang.String)&amp#27;[0m
  &amp#27;[31mEntão &amp#27;[0m&amp#27;[31mo status da resposta deve ser &amp#27;[0m&amp#27;[31m&amp#27;[1m404&amp#27;[0m                       &amp#27;[90m# steps.AutenticacaoSteps.oStatusDaRespostaDeveSer(int)&amp#27;[0m
      &amp#27;[31mjava.lang.NullPointerException: Cannot invoke "io.restassured.response.Response.getStatusCode()" because "this.autenticacaoService.response" is null
	at steps.AutenticacaoSteps.oStatusDaRespostaDeveSer(AutenticacaoSteps.java:43)
	at ✽.o status da resposta deve ser 404(classpath:features/erros.feature:152)
&amp#27;[0m
  &amp#27;[36mE &amp#27;[0m&amp#27;[36ma resposta deve indicar endpoint não encontrado&amp#27;[0m             &amp#27;[90m# steps.ErrosSteps.aRespostaDeveIndicarEndpointNãoEncontrado()&amp#27;[0m
]]></system-out>
  </testcase>
  <testcase name="Lidar com requisição com parâmetros de consulta inválidos" classname="Tratamento de Erros e Casos Extremos" time="0.021">
    <error message="Cannot invoke &quot;io.restassured.response.Response.getStatusCode()&quot; because &quot;this.autenticacaoService.response&quot; is null" type="java.lang.NullPointerException"><![CDATA[java.lang.NullPointerException: Cannot invoke "io.restassured.response.Response.getStatusCode()" because "this.autenticacaoService.response" is null
	at steps.AutenticacaoSteps.oStatusDaRespostaDeveSer(AutenticacaoSteps.java:43)
	at ✽.o status da resposta deve ser 400(classpath:features/erros.feature:158)
]]></error>
    <system-out><![CDATA[
Cenário: Lidar com requisição com parâmetros de consulta inválidos                            &amp#27;[90m# features/erros.feature:155&amp#27;[0m
  &amp#27;[32mDado &amp#27;[0m&amp#27;[32mque a aplicação está rodando&amp#27;[0m                                                           &amp#27;[90m# steps.AutenticacaoSteps.queAAplicaçãoEstáRodando()&amp#27;[0m
  &amp#27;[32mE &amp#27;[0m&amp#27;[32mo banco de dados está acessível&amp#27;[0m                                                           &amp#27;[90m# steps.AutenticacaoSteps.oBancoDeDadosEstáAcessível()&amp#27;[0m
  &amp#27;[32mDado &amp#27;[0m&amp#27;[32mque quero acessar a lista de treinamentos com parâmetros inválidos&amp#27;[0m                     &amp#27;[90m# steps.ErrosSteps.queQueroAcessarAListaDeTreinamentosComParâmetrosInválidos()&amp#27;[0m
  &amp#27;[32mQuando &amp#27;[0m&amp#27;[32menvio uma requisição GET para &amp#27;[0m&amp#27;[32m&amp#27;[1m"/treinamentos?invalidParam=value&anotherInvalid=test"&amp#27;[0m &amp#27;[90m# steps.ColaboradorGestaoSteps.envioUmaRequisiçãoGETPara(java.lang.String)&amp#27;[0m
  &amp#27;[31mEntão &amp#27;[0m&amp#27;[31mo status da resposta deve ser &amp#27;[0m&amp#27;[31m&amp#27;[1m400&amp#27;[0m                                                     &amp#27;[90m# steps.AutenticacaoSteps.oStatusDaRespostaDeveSer(int)&amp#27;[0m
      &amp#27;[31mjava.lang.NullPointerException: Cannot invoke "io.restassured.response.Response.getStatusCode()" because "this.autenticacaoService.response" is null
	at steps.AutenticacaoSteps.oStatusDaRespostaDeveSer(AutenticacaoSteps.java:43)
	at ✽.o status da resposta deve ser 400(classpath:features/erros.feature:158)
&amp#27;[0m
  &amp#27;[36mE &amp#27;[0m&amp#27;[36ma resposta deve indicar parâmetros inválidos&amp#27;[0m                                              &amp#27;[90m# steps.ErrosSteps.aRespostaDeveIndicarParâmetrosInválidos()&amp#27;[0m
]]></system-out>
  </testcase>
  <testcase name="Lidar com sistema sob alta carga" classname="Tratamento de Erros e Casos Extremos" time="0.019">
    <system-out><![CDATA[
Cenário: Lidar com sistema sob alta carga                                    &amp#27;[90m# features/erros.feature:161&amp#27;[0m
  &amp#27;[32mDado &amp#27;[0m&amp#27;[32mque a aplicação está rodando&amp#27;[0m                                          &amp#27;[90m# steps.AutenticacaoSteps.queAAplicaçãoEstáRodando()&amp#27;[0m
  &amp#27;[32mE &amp#27;[0m&amp#27;[32mo banco de dados está acessível&amp#27;[0m                                          &amp#27;[90m# steps.AutenticacaoSteps.oBancoDeDadosEstáAcessível()&amp#27;[0m
  &amp#27;[32mDado &amp#27;[0m&amp#27;[32mque o sistema está sob alta carga&amp#27;[0m                                     &amp#27;[90m# steps.ErrosSteps.queOSistemaEstáSobAltaCarga()&amp#27;[0m
  &amp#27;[32mE &amp#27;[0m&amp#27;[32mexistem &amp#27;[0m&amp#27;[32m&amp#27;[1m1000&amp#27;[0m&amp#27;[32m requisições concorrentes&amp#27;[0m                                    &amp#27;[90m# steps.ErrosSteps.existemRequisiçõesConcorrentes(int)&amp#27;[0m
  &amp#27;[32mQuando &amp#27;[0m&amp#27;[32menvio uma requisição GET para &amp#27;[0m&amp#27;[32m&amp#27;[1m"/treinamentos"&amp#27;[0m                       &amp#27;[90m# steps.ColaboradorGestaoSteps.envioUmaRequisiçãoGETPara(java.lang.String)&amp#27;[0m
  &amp#27;[32mEntão &amp#27;[0m&amp#27;[32ma resposta deve ser processada dentro de limites de tempo aceitáveis&amp#27;[0m &amp#27;[90m# steps.ErrosSteps.aRespostaDeveSerProcessadaDentroDeLimitesDeTempoAceitáveis()&amp#27;[0m
  &amp#27;[32mE &amp#27;[0m&amp#27;[32mo status da resposta deve ser &amp#27;[0m&amp#27;[32m&amp#27;[1m200&amp#27;[0m&amp#27;[32m ou &amp#27;[0m&amp#27;[32m&amp#27;[1m503&amp#27;[0m                                 &amp#27;[90m# steps.ErrosSteps.oStatusDaRespostaDeveSerOu(int,int)&amp#27;[0m
]]></system-out>
  </testcase>
  <testcase name="Criar um registro de participação em treinamento com sucesso" classname="Gerenciamento de Participações" time="0.033">
    <error message="Step [quero criar um registro de participação] is defined with 0 parameters at &apos;steps.ParticipacaoSteps.queroCriarUmRegistroDeParticipação()&apos;.&#10;However, the gherkin step has 1 arguments:&#10; * Table:&#10;      | colaborador_id | treinamento_id | concluido |&#10;      | 1              | 1              | false     |&#10;&#10;Step text: quero criar um registro de participação" type="io.cucumber.core.exception.CucumberException"><![CDATA[io.cucumber.core.exception.CucumberException: 
Step [quero criar um registro de participação] is defined with 0 parameters at 'steps.ParticipacaoSteps.queroCriarUmRegistroDeParticipação()'.
However, the gherkin step has 1 arguments:
 * Table:
      | colaborador_id | treinamento_id | concluido |
      | 1              | 1              | false     |

Step text: quero criar um registro de participação
	at io.cucumber.core.runner.PickleStepDefinitionMatch.arityMismatch(PickleStepDefinitionMatch.java:83)
	at io.cucumber.core.runner.PickleStepDefinitionMatch.runStep(PickleStepDefinitionMatch.java:42)
	at io.cucumber.core.runner.ExecutionMode$1.execute(ExecutionMode.java:10)
	at io.cucumber.core.runner.TestStep.executeStep(TestStep.java:81)
	at io.cucumber.core.runner.TestStep.run(TestStep.java:53)
	at io.cucumber.core.runner.PickleStepTestStep.run(PickleStepTestStep.java:51)
	at io.cucumber.core.runner.TestCase.run(TestCase.java:84)
	at io.cucumber.core.runner.Runner.runPickle(Runner.java:75)
	at io.cucumber.junit.platform.engine.CucumberEngineExecutionContext.lambda$runTestCase$4(CucumberEngineExecutionContext.java:112)
	at io.cucumber.core.runtime.CucumberExecutionContext.lambda$runTestCase$5(CucumberExecutionContext.java:136)
	at io.cucumber.core.runtime.RethrowingThrowableCollector.executeAndThrow(RethrowingThrowableCollector.java:23)
	at io.cucumber.core.runtime.CucumberExecutionContext.runTestCase(CucumberExecutionContext.java:136)
	at io.cucumber.junit.platform.engine.CucumberEngineExecutionContext.runTestCase(CucumberEngineExecutionContext.java:109)
	at io.cucumber.junit.platform.engine.NodeDescriptor$PickleDescriptor.execute(NodeDescriptor.java:168)
	at io.cucumber.junit.platform.engine.NodeDescriptor$PickleDescriptor.execute(NodeDescriptor.java:90)
	at java.base/java.util.ArrayList.forEach(ArrayList.java:1596)
	at java.base/java.util.ArrayList.forEach(ArrayList.java:1596)
]]></error>
    <system-out><![CDATA[
Cenário: Criar um registro de participação em treinamento com sucesso                 &amp#27;[90m# features/participacao.feature:12&amp#27;[0m
  &amp#27;[32mDado &amp#27;[0m&amp#27;[32mque a aplicação está rodando&amp#27;[0m                                                   &amp#27;[90m# steps.AutenticacaoSteps.queAAplicaçãoEstáRodando()&amp#27;[0m
  &amp#27;[32mE &amp#27;[0m&amp#27;[32mo banco de dados está acessível&amp#27;[0m                                                   &amp#27;[90m# steps.AutenticacaoSteps.oBancoDeDadosEstáAcessível()&amp#27;[0m
  &amp#27;[32mE &amp#27;[0m&amp#27;[32mtenho um token de autenticação válido&amp#27;[0m                                             &amp#27;[90m# steps.ColaboradorGestaoSteps.tenhoUmTokenDeAutenticaçãoVálido()&amp#27;[0m
  &amp#27;[32mDado &amp#27;[0m&amp#27;[32mque existe um funcionário com ID &amp#27;[0m&amp#27;[32m&amp#27;[1m1&amp#27;[0m                                             &amp#27;[90m# steps.ParticipacaoSteps.queExisteUmFuncionárioComID(int)&amp#27;[0m
  &amp#27;[32mE &amp#27;[0m&amp#27;[32mexiste um programa de treinamento com ID &amp#27;[0m&amp#27;[32m&amp#27;[1m1&amp#27;[0m                                        &amp#27;[90m# steps.ParticipacaoSteps.existeUmProgramaDeTreinamentoComID(int)&amp#27;[0m
  &amp#27;[31mE &amp#27;[0m&amp#27;[31mquero criar um registro de participação&amp#27;[0m                                           &amp#27;[90m# steps.ParticipacaoSteps.queroCriarUmRegistroDeParticipação()&amp#27;[0m
    | colaborador_id | treinamento_id | concluido |
    | 1              | 1              | false     |
      &amp#27;[31mio.cucumber.core.exception.CucumberException: Step [quero criar um registro de participação] is defined with 0 parameters at 'steps.ParticipacaoSteps.queroCriarUmRegistroDeParticipação()'.
However, the gherkin step has 1 arguments:
 * Table:
      | colaborador_id | treinamento_id | concluido |
      | 1              | 1              | false     |

Step text: quero criar um registro de participação
	at io.cucumber.core.runner.PickleStepDefinitionMatch.arityMismatch(PickleStepDefinitionMatch.java:83)
	at io.cucumber.core.runner.PickleStepDefinitionMatch.runStep(PickleStepDefinitionMatch.java:42)
	at io.cucumber.core.runner.ExecutionMode$1.execute(ExecutionMode.java:10)
	at io.cucumber.core.runner.TestStep.executeStep(TestStep.java:81)
	at io.cucumber.core.runner.TestStep.run(TestStep.java:53)
	at io.cucumber.core.runner.PickleStepTestStep.run(PickleStepTestStep.java:51)
	at io.cucumber.core.runner.TestCase.run(TestCase.java:84)
	at io.cucumber.core.runner.Runner.runPickle(Runner.java:75)
	at io.cucumber.junit.platform.engine.CucumberEngineExecutionContext.lambda$runTestCase$4(CucumberEngineExecutionContext.java:112)
	at io.cucumber.core.runtime.CucumberExecutionContext.lambda$runTestCase$5(CucumberExecutionContext.java:136)
	at io.cucumber.core.runtime.RethrowingThrowableCollector.executeAndThrow(RethrowingThrowableCollector.java:23)
	at io.cucumber.core.runtime.CucumberExecutionContext.runTestCase(CucumberExecutionContext.java:136)
	at io.cucumber.junit.platform.engine.CucumberEngineExecutionContext.runTestCase(CucumberEngineExecutionContext.java:109)
	at io.cucumber.junit.platform.engine.NodeDescriptor$PickleDescriptor.execute(NodeDescriptor.java:168)
	at io.cucumber.junit.platform.engine.NodeDescriptor$PickleDescriptor.execute(NodeDescriptor.java:90)
	at org.junit.platform.engine.support.hierarchical.NodeTestTask.lambda$executeRecursively$6(NodeTestTask.java:151)
	at org.junit.platform.engine.support.hierarchical.ThrowableCollector.execute(ThrowableCollector.java:73)
	at org.junit.platform.engine.support.hierarchical.NodeTestTask.lambda$executeRecursively$8(NodeTestTask.java:141)
	at org.junit.platform.engine.support.hierarchical.Node.around(Node.java:137)
	at org.junit.platform.engine.support.hierarchical.NodeTestTask.lambda$executeRecursively$9(NodeTestTask.java:139)
	at org.junit.platform.engine.support.hierarchical.ThrowableCollector.execute(ThrowableCollector.java:73)
	at org.junit.platform.engine.support.hierarchical.NodeTestTask.executeRecursively(NodeTestTask.java:138)
	at org.junit.platform.engine.support.hierarchical.NodeTestTask.execute(NodeTestTask.java:95)
	at java.base/java.util.ArrayList.forEach(ArrayList.java:1596)
	at org.junit.platform.engine.support.hierarchical.SameThreadHierarchicalTestExecutorService.invokeAll(SameThreadHierarchicalTestExecutorService.java:41)
	at org.junit.platform.engine.support.hierarchical.NodeTestTask.lambda$executeRecursively$6(NodeTestTask.java:155)
	at org.junit.platform.engine.support.hierarchical.ThrowableCollector.execute(ThrowableCollector.java:73)
	at org.junit.platform.engine.support.hierarchical.NodeTestTask.lambda$executeRecursively$8(NodeTestTask.java:141)
	at org.junit.platform.engine.support.hierarchical.Node.around(Node.java:137)
	at org.junit.platform.engine.support.hierarchical.NodeTestTask.lambda$executeRecursively$9(NodeTestTask.java:139)
	at org.junit.platform.engine.support.hierarchical.ThrowableCollector.execute(ThrowableCollector.java:73)
	at org.junit.platform.engine.support.hierarchical.NodeTestTask.executeRecursively(NodeTestTask.java:138)
	at org.junit.platform.engine.support.hierarchical.NodeTestTask.execute(NodeTestTask.java:95)
	at java.base/java.util.ArrayList.forEach(ArrayList.java:1596)
	at org.junit.platform.engine.support.hierarchical.SameThreadHierarchicalTestExecutorService.invokeAll(SameThreadHierarchicalTestExecutorService.java:41)
	at org.junit.platform.engine.support.hierarchical.NodeTestTask.lambda$executeRecursively$6(NodeTestTask.java:155)
	at org.junit.platform.engine.support.hierarchical.ThrowableCollector.execute(ThrowableCollector.java:73)
	at org.junit.platform.engine.support.hierarchical.NodeTestTask.lambda$executeRecursively$8(NodeTestTask.java:141)
	at org.junit.platform.engine.support.hierarchical.Node.around(Node.java:137)
	at org.junit.platform.engine.support.hierarchical.NodeTestTask.lambda$executeRecursively$9(NodeTestTask.java:139)
	at org.junit.platform.engine.support.hierarchical.ThrowableCollector.execute(ThrowableCollector.java:73)
	at org.junit.platform.engine.support.hierarchical.NodeTestTask.executeRecursively(NodeTestTask.java:138)
	at org.junit.platform.engine.support.hierarchical.NodeTestTask.execute(NodeTestTask.java:95)
	at org.junit.platform.engine.support.hierarchical.SameThreadHierarchicalTestExecutorService.submit(SameThreadHierarchicalTestExecutorService.java:35)
	at org.junit.platform.engine.support.hierarchical.HierarchicalTestExecutor.execute(HierarchicalTestExecutor.java:57)
	at org.junit.platform.engine.support.hierarchical.HierarchicalTestEngine.execute(HierarchicalTestEngine.java:54)
	at org.junit.platform.launcher.core.EngineExecutionOrchestrator.execute(EngineExecutionOrchestrator.java:198)
	at org.junit.platform.launcher.core.EngineExecutionOrchestrator.execute(EngineExecutionOrchestrator.java:169)
	at org.junit.platform.launcher.core.EngineExecutionOrchestrator.execute(EngineExecutionOrchestrator.java:93)
	at org.junit.platform.launcher.core.EngineExecutionOrchestrator.execute(EngineExecutionOrchestrator.java:76)
	at org.junit.platform.suite.engine.SuiteLauncher.execute(SuiteLauncher.java:63)
	at org.junit.platform.suite.engine.SuiteTestDescriptor.execute(SuiteTestDescriptor.java:128)
	at org.junit.platform.suite.engine.SuiteTestEngine.lambda$execute$0(SuiteTestEngine.java:73)
	at java.base/java.util.stream.ForEachOps$ForEachOp$OfRef.accept(ForEachOps.java:184)
	at java.base/java.util.stream.ReferencePipeline$3$1.accept(ReferencePipeline.java:197)
	at java.base/java.util.Iterator.forEachRemaining(Iterator.java:133)
	at java.base/java.util.Spliterators$IteratorSpliterator.forEachRemaining(Spliterators.java:1939)
	at java.base/java.util.stream.AbstractPipeline.copyInto(AbstractPipeline.java:509)
	at java.base/java.util.stream.AbstractPipeline.wrapAndCopyInto(AbstractPipeline.java:499)
	at java.base/java.util.stream.ForEachOps$ForEachOp.evaluateSequential(ForEachOps.java:151)
	at java.base/java.util.stream.ForEachOps$ForEachOp$OfRef.evaluateSequential(ForEachOps.java:174)
	at java.base/java.util.stream.AbstractPipeline.evaluate(AbstractPipeline.java:234)
	at java.base/java.util.stream.ReferencePipeline.forEach(ReferencePipeline.java:596)
	at org.junit.platform.suite.engine.SuiteTestEngine.execute(SuiteTestEngine.java:73)
	at org.junit.platform.launcher.core.EngineExecutionOrchestrator.execute(EngineExecutionOrchestrator.java:198)
	at org.junit.platform.launcher.core.EngineExecutionOrchestrator.execute(EngineExecutionOrchestrator.java:169)
	at org.junit.platform.launcher.core.EngineExecutionOrchestrator.execute(EngineExecutionOrchestrator.java:93)
	at org.junit.platform.launcher.core.EngineExecutionOrchestrator.lambda$execute$0(EngineExecutionOrchestrator.java:58)
	at org.junit.platform.launcher.core.EngineExecutionOrchestrator.withInterceptedStreams(EngineExecutionOrchestrator.java:141)
	at org.junit.platform.launcher.core.EngineExecutionOrchestrator.execute(EngineExecutionOrchestrator.java:57)
	at org.junit.platform.launcher.core.DefaultLauncher.execute(DefaultLauncher.java:103)
	at org.junit.platform.launcher.core.DefaultLauncher.execute(DefaultLauncher.java:85)
	at org.junit.platform.launcher.core.DelegatingLauncher.execute(DelegatingLauncher.java:47)
	at org.apache.maven.surefire.junitplatform.LazyLauncher.execute(LazyLauncher.java:50)
	at org.apache.maven.surefire.junitplatform.JUnitPlatformProvider.execute(JUnitPlatformProvider.java:184)
	at org.apache.maven.surefire.junitplatform.JUnitPlatformProvider.invokeAllTests(JUnitPlatformProvider.java:148)
	at org.apache.maven.surefire.junitplatform.JUnitPlatformProvider.invoke(JUnitPlatformProvider.java:122)
	at org.apache.maven.surefire.booter.ForkedBooter.runSuitesInProcess(ForkedBooter.java:385)
	at org.apache.maven.surefire.booter.ForkedBooter.execute(ForkedBooter.java:162)
	at org.apache.maven.surefire.booter.ForkedBooter.run(ForkedBooter.java:507)
	at org.apache.maven.surefire.booter.ForkedBooter.main(ForkedBooter.java:495)
&amp#27;[0m
  &amp#27;[36mQuando &amp#27;[0m&amp#27;[36menvio uma requisição POST para &amp#27;[0m&amp#27;[36m&amp#27;[1m"/participacoes"&amp#27;[0m&amp#27;[36m com os dados de participação&amp#27;[0m &amp#27;[90m# steps.ParticipacaoSteps.envioUmaRequisiçãoPOSTParaComOsDadosDeParticipação(java.lang.String)&amp#27;[0m
  &amp#27;[36mEntão &amp#27;[0m&amp#27;[36mo status da resposta deve ser &amp#27;[0m&amp#27;[36m&amp#27;[1m200&amp#27;[0m                                             &amp#27;[90m# steps.AutenticacaoSteps.oStatusDaRespostaDeveSer(int)&amp#27;[0m
  &amp#27;[36mE &amp#27;[0m&amp#27;[36ma resposta deve conter os detalhes da participação criada&amp#27;[0m                         &amp#27;[90m# steps.ParticipacaoSteps.aRespostaDeveConterOsDetalhesDaParticipaçãoCriada()&amp#27;[0m
  &amp#27;[36mE &amp#27;[0m&amp#27;[36ma participação deve ter um ID válido&amp#27;[0m                                              &amp#27;[90m# steps.ParticipacaoSteps.aParticipaçãoDeveTerUmIDVálido()&amp#27;[0m
]]></system-out>
  </testcase>
  <testcase name="Criar um registro de participação em treinamento com sucesso" classname="Gerenciamento de Participações" time="0.022">
    <error message="Step [quero criar um registro de participação] is defined with 0 parameters at &apos;steps.ParticipacaoSteps.queroCriarUmRegistroDeParticipação()&apos;.&#10;However, the gherkin step has 1 arguments:&#10; * Table:&#10;      | colaborador_id | treinamento_id | concluido |&#10;      | 1              | 1              | false     |&#10;&#10;Step text: quero criar um registro de participação" type="io.cucumber.core.exception.CucumberException"><![CDATA[io.cucumber.core.exception.CucumberException: 
Step [quero criar um registro de participação] is defined with 0 parameters at 'steps.ParticipacaoSteps.queroCriarUmRegistroDeParticipação()'.
However, the gherkin step has 1 arguments:
 * Table:
      | colaborador_id | treinamento_id | concluido |
      | 1              | 1              | false     |

Step text: quero criar um registro de participação
	at io.cucumber.core.runner.PickleStepDefinitionMatch.arityMismatch(PickleStepDefinitionMatch.java:83)
	at io.cucumber.core.runner.PickleStepDefinitionMatch.runStep(PickleStepDefinitionMatch.java:42)
	at io.cucumber.core.runner.ExecutionMode$1.execute(ExecutionMode.java:10)
	at io.cucumber.core.runner.TestStep.executeStep(TestStep.java:81)
	at io.cucumber.core.runner.TestStep.run(TestStep.java:53)
	at io.cucumber.core.runner.PickleStepTestStep.run(PickleStepTestStep.java:51)
	at io.cucumber.core.runner.TestCase.run(TestCase.java:84)
	at io.cucumber.core.runner.Runner.runPickle(Runner.java:75)
	at io.cucumber.junit.platform.engine.CucumberEngineExecutionContext.lambda$runTestCase$4(CucumberEngineExecutionContext.java:112)
	at io.cucumber.core.runtime.CucumberExecutionContext.lambda$runTestCase$5(CucumberExecutionContext.java:136)
	at io.cucumber.core.runtime.RethrowingThrowableCollector.executeAndThrow(RethrowingThrowableCollector.java:23)
	at io.cucumber.core.runtime.CucumberExecutionContext.runTestCase(CucumberExecutionContext.java:136)
	at io.cucumber.junit.platform.engine.CucumberEngineExecutionContext.runTestCase(CucumberEngineExecutionContext.java:109)
	at io.cucumber.junit.platform.engine.NodeDescriptor$PickleDescriptor.execute(NodeDescriptor.java:168)
	at io.cucumber.junit.platform.engine.NodeDescriptor$PickleDescriptor.execute(NodeDescriptor.java:90)
	at java.base/java.util.ArrayList.forEach(ArrayList.java:1596)
	at java.base/java.util.ArrayList.forEach(ArrayList.java:1596)
]]></error>
    <system-out><![CDATA[
Cenário: Criar um registro de participação em treinamento com sucesso                 &amp#27;[90m# features/treinamento.feature:12&amp#27;[0m
  &amp#27;[32mDado &amp#27;[0m&amp#27;[32mque a aplicação está rodando&amp#27;[0m                                                   &amp#27;[90m# steps.AutenticacaoSteps.queAAplicaçãoEstáRodando()&amp#27;[0m
  &amp#27;[32mE &amp#27;[0m&amp#27;[32mo banco de dados está acessível&amp#27;[0m                                                   &amp#27;[90m# steps.AutenticacaoSteps.oBancoDeDadosEstáAcessível()&amp#27;[0m
  &amp#27;[32mE &amp#27;[0m&amp#27;[32mtenho um token de autenticação válido&amp#27;[0m                                             &amp#27;[90m# steps.ColaboradorGestaoSteps.tenhoUmTokenDeAutenticaçãoVálido()&amp#27;[0m
  &amp#27;[32mDado &amp#27;[0m&amp#27;[32mque existe um funcionário com ID &amp#27;[0m&amp#27;[32m&amp#27;[1m1&amp#27;[0m                                             &amp#27;[90m# steps.ParticipacaoSteps.queExisteUmFuncionárioComID(int)&amp#27;[0m
  &amp#27;[32mE &amp#27;[0m&amp#27;[32mexiste um programa de treinamento com ID &amp#27;[0m&amp#27;[32m&amp#27;[1m1&amp#27;[0m                                        &amp#27;[90m# steps.ParticipacaoSteps.existeUmProgramaDeTreinamentoComID(int)&amp#27;[0m
  &amp#27;[31mE &amp#27;[0m&amp#27;[31mquero criar um registro de participação&amp#27;[0m                                           &amp#27;[90m# steps.ParticipacaoSteps.queroCriarUmRegistroDeParticipação()&amp#27;[0m
    | colaborador_id | treinamento_id | concluido |
    | 1              | 1              | false     |
      &amp#27;[31mio.cucumber.core.exception.CucumberException: Step [quero criar um registro de participação] is defined with 0 parameters at 'steps.ParticipacaoSteps.queroCriarUmRegistroDeParticipação()'.
However, the gherkin step has 1 arguments:
 * Table:
      | colaborador_id | treinamento_id | concluido |
      | 1              | 1              | false     |

Step text: quero criar um registro de participação
	at io.cucumber.core.runner.PickleStepDefinitionMatch.arityMismatch(PickleStepDefinitionMatch.java:83)
	at io.cucumber.core.runner.PickleStepDefinitionMatch.runStep(PickleStepDefinitionMatch.java:42)
	at io.cucumber.core.runner.ExecutionMode$1.execute(ExecutionMode.java:10)
	at io.cucumber.core.runner.TestStep.executeStep(TestStep.java:81)
	at io.cucumber.core.runner.TestStep.run(TestStep.java:53)
	at io.cucumber.core.runner.PickleStepTestStep.run(PickleStepTestStep.java:51)
	at io.cucumber.core.runner.TestCase.run(TestCase.java:84)
	at io.cucumber.core.runner.Runner.runPickle(Runner.java:75)
	at io.cucumber.junit.platform.engine.CucumberEngineExecutionContext.lambda$runTestCase$4(CucumberEngineExecutionContext.java:112)
	at io.cucumber.core.runtime.CucumberExecutionContext.lambda$runTestCase$5(CucumberExecutionContext.java:136)
	at io.cucumber.core.runtime.RethrowingThrowableCollector.executeAndThrow(RethrowingThrowableCollector.java:23)
	at io.cucumber.core.runtime.CucumberExecutionContext.runTestCase(CucumberExecutionContext.java:136)
	at io.cucumber.junit.platform.engine.CucumberEngineExecutionContext.runTestCase(CucumberEngineExecutionContext.java:109)
	at io.cucumber.junit.platform.engine.NodeDescriptor$PickleDescriptor.execute(NodeDescriptor.java:168)
	at io.cucumber.junit.platform.engine.NodeDescriptor$PickleDescriptor.execute(NodeDescriptor.java:90)
	at org.junit.platform.engine.support.hierarchical.NodeTestTask.lambda$executeRecursively$6(NodeTestTask.java:151)
	at org.junit.platform.engine.support.hierarchical.ThrowableCollector.execute(ThrowableCollector.java:73)
	at org.junit.platform.engine.support.hierarchical.NodeTestTask.lambda$executeRecursively$8(NodeTestTask.java:141)
	at org.junit.platform.engine.support.hierarchical.Node.around(Node.java:137)
	at org.junit.platform.engine.support.hierarchical.NodeTestTask.lambda$executeRecursively$9(NodeTestTask.java:139)
	at org.junit.platform.engine.support.hierarchical.ThrowableCollector.execute(ThrowableCollector.java:73)
	at org.junit.platform.engine.support.hierarchical.NodeTestTask.executeRecursively(NodeTestTask.java:138)
	at org.junit.platform.engine.support.hierarchical.NodeTestTask.execute(NodeTestTask.java:95)
	at java.base/java.util.ArrayList.forEach(ArrayList.java:1596)
	at org.junit.platform.engine.support.hierarchical.SameThreadHierarchicalTestExecutorService.invokeAll(SameThreadHierarchicalTestExecutorService.java:41)
	at org.junit.platform.engine.support.hierarchical.NodeTestTask.lambda$executeRecursively$6(NodeTestTask.java:155)
	at org.junit.platform.engine.support.hierarchical.ThrowableCollector.execute(ThrowableCollector.java:73)
	at org.junit.platform.engine.support.hierarchical.NodeTestTask.lambda$executeRecursively$8(NodeTestTask.java:141)
	at org.junit.platform.engine.support.hierarchical.Node.around(Node.java:137)
	at org.junit.platform.engine.support.hierarchical.NodeTestTask.lambda$executeRecursively$9(NodeTestTask.java:139)
	at org.junit.platform.engine.support.hierarchical.ThrowableCollector.execute(ThrowableCollector.java:73)
	at org.junit.platform.engine.support.hierarchical.NodeTestTask.executeRecursively(NodeTestTask.java:138)
	at org.junit.platform.engine.support.hierarchical.NodeTestTask.execute(NodeTestTask.java:95)
	at java.base/java.util.ArrayList.forEach(ArrayList.java:1596)
	at org.junit.platform.engine.support.hierarchical.SameThreadHierarchicalTestExecutorService.invokeAll(SameThreadHierarchicalTestExecutorService.java:41)
	at org.junit.platform.engine.support.hierarchical.NodeTestTask.lambda$executeRecursively$6(NodeTestTask.java:155)
	at org.junit.platform.engine.support.hierarchical.ThrowableCollector.execute(ThrowableCollector.java:73)
	at org.junit.platform.engine.support.hierarchical.NodeTestTask.lambda$executeRecursively$8(NodeTestTask.java:141)
	at org.junit.platform.engine.support.hierarchical.Node.around(Node.java:137)
	at org.junit.platform.engine.support.hierarchical.NodeTestTask.lambda$executeRecursively$9(NodeTestTask.java:139)
	at org.junit.platform.engine.support.hierarchical.ThrowableCollector.execute(ThrowableCollector.java:73)
	at org.junit.platform.engine.support.hierarchical.NodeTestTask.executeRecursively(NodeTestTask.java:138)
	at org.junit.platform.engine.support.hierarchical.NodeTestTask.execute(NodeTestTask.java:95)
	at org.junit.platform.engine.support.hierarchical.SameThreadHierarchicalTestExecutorService.submit(SameThreadHierarchicalTestExecutorService.java:35)
	at org.junit.platform.engine.support.hierarchical.HierarchicalTestExecutor.execute(HierarchicalTestExecutor.java:57)
	at org.junit.platform.engine.support.hierarchical.HierarchicalTestEngine.execute(HierarchicalTestEngine.java:54)
	at org.junit.platform.launcher.core.EngineExecutionOrchestrator.execute(EngineExecutionOrchestrator.java:198)
	at org.junit.platform.launcher.core.EngineExecutionOrchestrator.execute(EngineExecutionOrchestrator.java:169)
	at org.junit.platform.launcher.core.EngineExecutionOrchestrator.execute(EngineExecutionOrchestrator.java:93)
	at org.junit.platform.launcher.core.EngineExecutionOrchestrator.execute(EngineExecutionOrchestrator.java:76)
	at org.junit.platform.suite.engine.SuiteLauncher.execute(SuiteLauncher.java:63)
	at org.junit.platform.suite.engine.SuiteTestDescriptor.execute(SuiteTestDescriptor.java:128)
	at org.junit.platform.suite.engine.SuiteTestEngine.lambda$execute$0(SuiteTestEngine.java:73)
	at java.base/java.util.stream.ForEachOps$ForEachOp$OfRef.accept(ForEachOps.java:184)
	at java.base/java.util.stream.ReferencePipeline$3$1.accept(ReferencePipeline.java:197)
	at java.base/java.util.Iterator.forEachRemaining(Iterator.java:133)
	at java.base/java.util.Spliterators$IteratorSpliterator.forEachRemaining(Spliterators.java:1939)
	at java.base/java.util.stream.AbstractPipeline.copyInto(AbstractPipeline.java:509)
	at java.base/java.util.stream.AbstractPipeline.wrapAndCopyInto(AbstractPipeline.java:499)
	at java.base/java.util.stream.ForEachOps$ForEachOp.evaluateSequential(ForEachOps.java:151)
	at java.base/java.util.stream.ForEachOps$ForEachOp$OfRef.evaluateSequential(ForEachOps.java:174)
	at java.base/java.util.stream.AbstractPipeline.evaluate(AbstractPipeline.java:234)
	at java.base/java.util.stream.ReferencePipeline.forEach(ReferencePipeline.java:596)
	at org.junit.platform.suite.engine.SuiteTestEngine.execute(SuiteTestEngine.java:73)
	at org.junit.platform.launcher.core.EngineExecutionOrchestrator.execute(EngineExecutionOrchestrator.java:198)
	at org.junit.platform.launcher.core.EngineExecutionOrchestrator.execute(EngineExecutionOrchestrator.java:169)
	at org.junit.platform.launcher.core.EngineExecutionOrchestrator.execute(EngineExecutionOrchestrator.java:93)
	at org.junit.platform.launcher.core.EngineExecutionOrchestrator.lambda$execute$0(EngineExecutionOrchestrator.java:58)
	at org.junit.platform.launcher.core.EngineExecutionOrchestrator.withInterceptedStreams(EngineExecutionOrchestrator.java:141)
	at org.junit.platform.launcher.core.EngineExecutionOrchestrator.execute(EngineExecutionOrchestrator.java:57)
	at org.junit.platform.launcher.core.DefaultLauncher.execute(DefaultLauncher.java:103)
	at org.junit.platform.launcher.core.DefaultLauncher.execute(DefaultLauncher.java:85)
	at org.junit.platform.launcher.core.DelegatingLauncher.execute(DelegatingLauncher.java:47)
	at org.apache.maven.surefire.junitplatform.LazyLauncher.execute(LazyLauncher.java:50)
	at org.apache.maven.surefire.junitplatform.JUnitPlatformProvider.execute(JUnitPlatformProvider.java:184)
	at org.apache.maven.surefire.junitplatform.JUnitPlatformProvider.invokeAllTests(JUnitPlatformProvider.java:148)
	at org.apache.maven.surefire.junitplatform.JUnitPlatformProvider.invoke(JUnitPlatformProvider.java:122)
	at org.apache.maven.surefire.booter.ForkedBooter.runSuitesInProcess(ForkedBooter.java:385)
	at org.apache.maven.surefire.booter.ForkedBooter.execute(ForkedBooter.java:162)
	at org.apache.maven.surefire.booter.ForkedBooter.run(ForkedBooter.java:507)
	at org.apache.maven.surefire.booter.ForkedBooter.main(ForkedBooter.java:495)
&amp#27;[0m
  &amp#27;[36mQuando &amp#27;[0m&amp#27;[36menvio uma requisição POST para &amp#27;[0m&amp#27;[36m&amp#27;[1m"/participacoes"&amp#27;[0m&amp#27;[36m com os dados de participação&amp#27;[0m &amp#27;[90m# steps.ParticipacaoSteps.envioUmaRequisiçãoPOSTParaComOsDadosDeParticipação(java.lang.String)&amp#27;[0m
  &amp#27;[36mEntão &amp#27;[0m&amp#27;[36mo status da resposta deve ser &amp#27;[0m&amp#27;[36m&amp#27;[1m200&amp#27;[0m                                             &amp#27;[90m# steps.AutenticacaoSteps.oStatusDaRespostaDeveSer(int)&amp#27;[0m
  &amp#27;[36mE &amp#27;[0m&amp#27;[36ma resposta deve conter os detalhes da participação criada&amp#27;[0m                         &amp#27;[90m# steps.ParticipacaoSteps.aRespostaDeveConterOsDetalhesDaParticipaçãoCriada()&amp#27;[0m
  &amp#27;[36mE &amp#27;[0m&amp#27;[36ma participação deve ter um ID válido&amp#27;[0m                                              &amp#27;[90m# steps.ParticipacaoSteps.aParticipaçãoDeveTerUmIDVálido()&amp#27;[0m
]]></system-out>
  </testcase>
  <testcase name="Listar todas as participações em treinamento com sucesso" classname="Gerenciamento de Participações" time="0.032">
    <error message="Step [que existem participações em treinamento no sistema] is defined with 0 parameters at &apos;steps.ParticipacaoSteps.queExistemParticipaçõesEmTreinamentoNoSistema()&apos;.&#10;However, the gherkin step has 1 arguments:&#10; * Table:&#10;      | colaborador_id | treinamento_id | concluido |&#10;      | 1              | 1              | true      |&#10;      | 2              | 1              | false     |&#10;      | 1              | 2              | true      |&#10;&#10;Step text: que existem participações em treinamento no sistema" type="io.cucumber.core.exception.CucumberException"><![CDATA[io.cucumber.core.exception.CucumberException: 
Step [que existem participações em treinamento no sistema] is defined with 0 parameters at 'steps.ParticipacaoSteps.queExistemParticipaçõesEmTreinamentoNoSistema()'.
However, the gherkin step has 1 arguments:
 * Table:
      | colaborador_id | treinamento_id | concluido |
      | 1              | 1              | true      |
      | 2              | 1              | false     |
      | 1              | 2              | true      |

Step text: que existem participações em treinamento no sistema
	at io.cucumber.core.runner.PickleStepDefinitionMatch.arityMismatch(PickleStepDefinitionMatch.java:83)
	at io.cucumber.core.runner.PickleStepDefinitionMatch.runStep(PickleStepDefinitionMatch.java:42)
	at io.cucumber.core.runner.ExecutionMode$1.execute(ExecutionMode.java:10)
	at io.cucumber.core.runner.TestStep.executeStep(TestStep.java:81)
	at io.cucumber.core.runner.TestStep.run(TestStep.java:53)
	at io.cucumber.core.runner.PickleStepTestStep.run(PickleStepTestStep.java:51)
	at io.cucumber.core.runner.TestCase.run(TestCase.java:84)
	at io.cucumber.core.runner.Runner.runPickle(Runner.java:75)
	at io.cucumber.junit.platform.engine.CucumberEngineExecutionContext.lambda$runTestCase$4(CucumberEngineExecutionContext.java:112)
	at io.cucumber.core.runtime.CucumberExecutionContext.lambda$runTestCase$5(CucumberExecutionContext.java:136)
	at io.cucumber.core.runtime.RethrowingThrowableCollector.executeAndThrow(RethrowingThrowableCollector.java:23)
	at io.cucumber.core.runtime.CucumberExecutionContext.runTestCase(CucumberExecutionContext.java:136)
	at io.cucumber.junit.platform.engine.CucumberEngineExecutionContext.runTestCase(CucumberEngineExecutionContext.java:109)
	at io.cucumber.junit.platform.engine.NodeDescriptor$PickleDescriptor.execute(NodeDescriptor.java:168)
	at io.cucumber.junit.platform.engine.NodeDescriptor$PickleDescriptor.execute(NodeDescriptor.java:90)
	at java.base/java.util.ArrayList.forEach(ArrayList.java:1596)
	at java.base/java.util.ArrayList.forEach(ArrayList.java:1596)
]]></error>
    <system-out><![CDATA[
Cenário: Listar todas as participações em treinamento com sucesso &amp#27;[90m# features/participacao.feature:23&amp#27;[0m
  &amp#27;[32mDado &amp#27;[0m&amp#27;[32mque a aplicação está rodando&amp#27;[0m                               &amp#27;[90m# steps.AutenticacaoSteps.queAAplicaçãoEstáRodando()&amp#27;[0m
  &amp#27;[32mE &amp#27;[0m&amp#27;[32mo banco de dados está acessível&amp#27;[0m                               &amp#27;[90m# steps.AutenticacaoSteps.oBancoDeDadosEstáAcessível()&amp#27;[0m
  &amp#27;[32mE &amp#27;[0m&amp#27;[32mtenho um token de autenticação válido&amp#27;[0m                         &amp#27;[90m# steps.ColaboradorGestaoSteps.tenhoUmTokenDeAutenticaçãoVálido()&amp#27;[0m
  &amp#27;[31mDado &amp#27;[0m&amp#27;[31mque existem participações em treinamento no sistema&amp#27;[0m        &amp#27;[90m# steps.ParticipacaoSteps.queExistemParticipaçõesEmTreinamentoNoSistema()&amp#27;[0m
    | colaborador_id | treinamento_id | concluido |
    | 1              | 1              | true      |
    | 2              | 1              | false     |
    | 1              | 2              | true      |
      &amp#27;[31mio.cucumber.core.exception.CucumberException: Step [que existem participações em treinamento no sistema] is defined with 0 parameters at 'steps.ParticipacaoSteps.queExistemParticipaçõesEmTreinamentoNoSistema()'.
However, the gherkin step has 1 arguments:
 * Table:
      | colaborador_id | treinamento_id | concluido |
      | 1              | 1              | true      |
      | 2              | 1              | false     |
      | 1              | 2              | true      |

Step text: que existem participações em treinamento no sistema
	at io.cucumber.core.runner.PickleStepDefinitionMatch.arityMismatch(PickleStepDefinitionMatch.java:83)
	at io.cucumber.core.runner.PickleStepDefinitionMatch.runStep(PickleStepDefinitionMatch.java:42)
	at io.cucumber.core.runner.ExecutionMode$1.execute(ExecutionMode.java:10)
	at io.cucumber.core.runner.TestStep.executeStep(TestStep.java:81)
	at io.cucumber.core.runner.TestStep.run(TestStep.java:53)
	at io.cucumber.core.runner.PickleStepTestStep.run(PickleStepTestStep.java:51)
	at io.cucumber.core.runner.TestCase.run(TestCase.java:84)
	at io.cucumber.core.runner.Runner.runPickle(Runner.java:75)
	at io.cucumber.junit.platform.engine.CucumberEngineExecutionContext.lambda$runTestCase$4(CucumberEngineExecutionContext.java:112)
	at io.cucumber.core.runtime.CucumberExecutionContext.lambda$runTestCase$5(CucumberExecutionContext.java:136)
	at io.cucumber.core.runtime.RethrowingThrowableCollector.executeAndThrow(RethrowingThrowableCollector.java:23)
	at io.cucumber.core.runtime.CucumberExecutionContext.runTestCase(CucumberExecutionContext.java:136)
	at io.cucumber.junit.platform.engine.CucumberEngineExecutionContext.runTestCase(CucumberEngineExecutionContext.java:109)
	at io.cucumber.junit.platform.engine.NodeDescriptor$PickleDescriptor.execute(NodeDescriptor.java:168)
	at io.cucumber.junit.platform.engine.NodeDescriptor$PickleDescriptor.execute(NodeDescriptor.java:90)
	at org.junit.platform.engine.support.hierarchical.NodeTestTask.lambda$executeRecursively$6(NodeTestTask.java:151)
	at org.junit.platform.engine.support.hierarchical.ThrowableCollector.execute(ThrowableCollector.java:73)
	at org.junit.platform.engine.support.hierarchical.NodeTestTask.lambda$executeRecursively$8(NodeTestTask.java:141)
	at org.junit.platform.engine.support.hierarchical.Node.around(Node.java:137)
	at org.junit.platform.engine.support.hierarchical.NodeTestTask.lambda$executeRecursively$9(NodeTestTask.java:139)
	at org.junit.platform.engine.support.hierarchical.ThrowableCollector.execute(ThrowableCollector.java:73)
	at org.junit.platform.engine.support.hierarchical.NodeTestTask.executeRecursively(NodeTestTask.java:138)
	at org.junit.platform.engine.support.hierarchical.NodeTestTask.execute(NodeTestTask.java:95)
	at java.base/java.util.ArrayList.forEach(ArrayList.java:1596)
	at org.junit.platform.engine.support.hierarchical.SameThreadHierarchicalTestExecutorService.invokeAll(SameThreadHierarchicalTestExecutorService.java:41)
	at org.junit.platform.engine.support.hierarchical.NodeTestTask.lambda$executeRecursively$6(NodeTestTask.java:155)
	at org.junit.platform.engine.support.hierarchical.ThrowableCollector.execute(ThrowableCollector.java:73)
	at org.junit.platform.engine.support.hierarchical.NodeTestTask.lambda$executeRecursively$8(NodeTestTask.java:141)
	at org.junit.platform.engine.support.hierarchical.Node.around(Node.java:137)
	at org.junit.platform.engine.support.hierarchical.NodeTestTask.lambda$executeRecursively$9(NodeTestTask.java:139)
	at org.junit.platform.engine.support.hierarchical.ThrowableCollector.execute(ThrowableCollector.java:73)
	at org.junit.platform.engine.support.hierarchical.NodeTestTask.executeRecursively(NodeTestTask.java:138)
	at org.junit.platform.engine.support.hierarchical.NodeTestTask.execute(NodeTestTask.java:95)
	at java.base/java.util.ArrayList.forEach(ArrayList.java:1596)
	at org.junit.platform.engine.support.hierarchical.SameThreadHierarchicalTestExecutorService.invokeAll(SameThreadHierarchicalTestExecutorService.java:41)
	at org.junit.platform.engine.support.hierarchical.NodeTestTask.lambda$executeRecursively$6(NodeTestTask.java:155)
	at org.junit.platform.engine.support.hierarchical.ThrowableCollector.execute(ThrowableCollector.java:73)
	at org.junit.platform.engine.support.hierarchical.NodeTestTask.lambda$executeRecursively$8(NodeTestTask.java:141)
	at org.junit.platform.engine.support.hierarchical.Node.around(Node.java:137)
	at org.junit.platform.engine.support.hierarchical.NodeTestTask.lambda$executeRecursively$9(NodeTestTask.java:139)
	at org.junit.platform.engine.support.hierarchical.ThrowableCollector.execute(ThrowableCollector.java:73)
	at org.junit.platform.engine.support.hierarchical.NodeTestTask.executeRecursively(NodeTestTask.java:138)
	at org.junit.platform.engine.support.hierarchical.NodeTestTask.execute(NodeTestTask.java:95)
	at org.junit.platform.engine.support.hierarchical.SameThreadHierarchicalTestExecutorService.submit(SameThreadHierarchicalTestExecutorService.java:35)
	at org.junit.platform.engine.support.hierarchical.HierarchicalTestExecutor.execute(HierarchicalTestExecutor.java:57)
	at org.junit.platform.engine.support.hierarchical.HierarchicalTestEngine.execute(HierarchicalTestEngine.java:54)
	at org.junit.platform.launcher.core.EngineExecutionOrchestrator.execute(EngineExecutionOrchestrator.java:198)
	at org.junit.platform.launcher.core.EngineExecutionOrchestrator.execute(EngineExecutionOrchestrator.java:169)
	at org.junit.platform.launcher.core.EngineExecutionOrchestrator.execute(EngineExecutionOrchestrator.java:93)
	at org.junit.platform.launcher.core.EngineExecutionOrchestrator.execute(EngineExecutionOrchestrator.java:76)
	at org.junit.platform.suite.engine.SuiteLauncher.execute(SuiteLauncher.java:63)
	at org.junit.platform.suite.engine.SuiteTestDescriptor.execute(SuiteTestDescriptor.java:128)
	at org.junit.platform.suite.engine.SuiteTestEngine.lambda$execute$0(SuiteTestEngine.java:73)
	at java.base/java.util.stream.ForEachOps$ForEachOp$OfRef.accept(ForEachOps.java:184)
	at java.base/java.util.stream.ReferencePipeline$3$1.accept(ReferencePipeline.java:197)
	at java.base/java.util.Iterator.forEachRemaining(Iterator.java:133)
	at java.base/java.util.Spliterators$IteratorSpliterator.forEachRemaining(Spliterators.java:1939)
	at java.base/java.util.stream.AbstractPipeline.copyInto(AbstractPipeline.java:509)
	at java.base/java.util.stream.AbstractPipeline.wrapAndCopyInto(AbstractPipeline.java:499)
	at java.base/java.util.stream.ForEachOps$ForEachOp.evaluateSequential(ForEachOps.java:151)
	at java.base/java.util.stream.ForEachOps$ForEachOp$OfRef.evaluateSequential(ForEachOps.java:174)
	at java.base/java.util.stream.AbstractPipeline.evaluate(AbstractPipeline.java:234)
	at java.base/java.util.stream.ReferencePipeline.forEach(ReferencePipeline.java:596)
	at org.junit.platform.suite.engine.SuiteTestEngine.execute(SuiteTestEngine.java:73)
	at org.junit.platform.launcher.core.EngineExecutionOrchestrator.execute(EngineExecutionOrchestrator.java:198)
	at org.junit.platform.launcher.core.EngineExecutionOrchestrator.execute(EngineExecutionOrchestrator.java:169)
	at org.junit.platform.launcher.core.EngineExecutionOrchestrator.execute(EngineExecutionOrchestrator.java:93)
	at org.junit.platform.launcher.core.EngineExecutionOrchestrator.lambda$execute$0(EngineExecutionOrchestrator.java:58)
	at org.junit.platform.launcher.core.EngineExecutionOrchestrator.withInterceptedStreams(EngineExecutionOrchestrator.java:141)
	at org.junit.platform.launcher.core.EngineExecutionOrchestrator.execute(EngineExecutionOrchestrator.java:57)
	at org.junit.platform.launcher.core.DefaultLauncher.execute(DefaultLauncher.java:103)
	at org.junit.platform.launcher.core.DefaultLauncher.execute(DefaultLauncher.java:85)
	at org.junit.platform.launcher.core.DelegatingLauncher.execute(DelegatingLauncher.java:47)
	at org.apache.maven.surefire.junitplatform.LazyLauncher.execute(LazyLauncher.java:50)
	at org.apache.maven.surefire.junitplatform.JUnitPlatformProvider.execute(JUnitPlatformProvider.java:184)
	at org.apache.maven.surefire.junitplatform.JUnitPlatformProvider.invokeAllTests(JUnitPlatformProvider.java:148)
	at org.apache.maven.surefire.junitplatform.JUnitPlatformProvider.invoke(JUnitPlatformProvider.java:122)
	at org.apache.maven.surefire.booter.ForkedBooter.runSuitesInProcess(ForkedBooter.java:385)
	at org.apache.maven.surefire.booter.ForkedBooter.execute(ForkedBooter.java:162)
	at org.apache.maven.surefire.booter.ForkedBooter.run(ForkedBooter.java:507)
	at org.apache.maven.surefire.booter.ForkedBooter.main(ForkedBooter.java:495)
&amp#27;[0m
  &amp#27;[36mQuando &amp#27;[0m&amp#27;[36menvio uma requisição GET para &amp#27;[0m&amp#27;[36m&amp#27;[1m"/participacoes"&amp#27;[0m           &amp#27;[90m# steps.ColaboradorGestaoSteps.envioUmaRequisiçãoGETPara(java.lang.String)&amp#27;[0m
  &amp#27;[36mEntão &amp#27;[0m&amp#27;[36mo status da resposta deve ser &amp#27;[0m&amp#27;[36m&amp#27;[1m200&amp#27;[0m                         &amp#27;[90m# steps.AutenticacaoSteps.oStatusDaRespostaDeveSer(int)&amp#27;[0m
  &amp#27;[36mE &amp#27;[0m&amp#27;[36ma resposta deve conter uma lista de participações&amp#27;[0m             &amp#27;[90m# steps.ParticipacaoSteps.aRespostaDeveConterUmaListaDeParticipações()&amp#27;[0m
  &amp#27;[36mE &amp#27;[0m&amp#27;[36ma lista deve conter &amp#27;[0m&amp#27;[36m&amp#27;[1m3&amp#27;[0m&amp#27;[36m registros de participação&amp#27;[0m               &amp#27;[90m# steps.ParticipacaoSteps.aListaDeveConterRegistrosDeParticipação(int)&amp#27;[0m
]]></system-out>
  </testcase>
  <testcase name="Listar todas as participações em treinamento com sucesso" classname="Gerenciamento de Participações" time="0.018">
    <error message="Step [que existem participações em treinamento no sistema] is defined with 0 parameters at &apos;steps.ParticipacaoSteps.queExistemParticipaçõesEmTreinamentoNoSistema()&apos;.&#10;However, the gherkin step has 1 arguments:&#10; * Table:&#10;      | colaborador_id | treinamento_id | concluido |&#10;      | 1              | 1              | true      |&#10;      | 2              | 1              | false     |&#10;      | 1              | 2              | true      |&#10;&#10;Step text: que existem participações em treinamento no sistema" type="io.cucumber.core.exception.CucumberException"><![CDATA[io.cucumber.core.exception.CucumberException: 
Step [que existem participações em treinamento no sistema] is defined with 0 parameters at 'steps.ParticipacaoSteps.queExistemParticipaçõesEmTreinamentoNoSistema()'.
However, the gherkin step has 1 arguments:
 * Table:
      | colaborador_id | treinamento_id | concluido |
      | 1              | 1              | true      |
      | 2              | 1              | false     |
      | 1              | 2              | true      |

Step text: que existem participações em treinamento no sistema
	at io.cucumber.core.runner.PickleStepDefinitionMatch.arityMismatch(PickleStepDefinitionMatch.java:83)
	at io.cucumber.core.runner.PickleStepDefinitionMatch.runStep(PickleStepDefinitionMatch.java:42)
	at io.cucumber.core.runner.ExecutionMode$1.execute(ExecutionMode.java:10)
	at io.cucumber.core.runner.TestStep.executeStep(TestStep.java:81)
	at io.cucumber.core.runner.TestStep.run(TestStep.java:53)
	at io.cucumber.core.runner.PickleStepTestStep.run(PickleStepTestStep.java:51)
	at io.cucumber.core.runner.TestCase.run(TestCase.java:84)
	at io.cucumber.core.runner.Runner.runPickle(Runner.java:75)
	at io.cucumber.junit.platform.engine.CucumberEngineExecutionContext.lambda$runTestCase$4(CucumberEngineExecutionContext.java:112)
	at io.cucumber.core.runtime.CucumberExecutionContext.lambda$runTestCase$5(CucumberExecutionContext.java:136)
	at io.cucumber.core.runtime.RethrowingThrowableCollector.executeAndThrow(RethrowingThrowableCollector.java:23)
	at io.cucumber.core.runtime.CucumberExecutionContext.runTestCase(CucumberExecutionContext.java:136)
	at io.cucumber.junit.platform.engine.CucumberEngineExecutionContext.runTestCase(CucumberEngineExecutionContext.java:109)
	at io.cucumber.junit.platform.engine.NodeDescriptor$PickleDescriptor.execute(NodeDescriptor.java:168)
	at io.cucumber.junit.platform.engine.NodeDescriptor$PickleDescriptor.execute(NodeDescriptor.java:90)
	at java.base/java.util.ArrayList.forEach(ArrayList.java:1596)
	at java.base/java.util.ArrayList.forEach(ArrayList.java:1596)
]]></error>
    <system-out><![CDATA[
Cenário: Listar todas as participações em treinamento com sucesso &amp#27;[90m# features/treinamento.feature:23&amp#27;[0m
  &amp#27;[32mDado &amp#27;[0m&amp#27;[32mque a aplicação está rodando&amp#27;[0m                               &amp#27;[90m# steps.AutenticacaoSteps.queAAplicaçãoEstáRodando()&amp#27;[0m
  &amp#27;[32mE &amp#27;[0m&amp#27;[32mo banco de dados está acessível&amp#27;[0m                               &amp#27;[90m# steps.AutenticacaoSteps.oBancoDeDadosEstáAcessível()&amp#27;[0m
  &amp#27;[32mE &amp#27;[0m&amp#27;[32mtenho um token de autenticação válido&amp#27;[0m                         &amp#27;[90m# steps.ColaboradorGestaoSteps.tenhoUmTokenDeAutenticaçãoVálido()&amp#27;[0m
  &amp#27;[31mDado &amp#27;[0m&amp#27;[31mque existem participações em treinamento no sistema&amp#27;[0m        &amp#27;[90m# steps.ParticipacaoSteps.queExistemParticipaçõesEmTreinamentoNoSistema()&amp#27;[0m
    | colaborador_id | treinamento_id | concluido |
    | 1              | 1              | true      |
    | 2              | 1              | false     |
    | 1              | 2              | true      |
      &amp#27;[31mio.cucumber.core.exception.CucumberException: Step [que existem participações em treinamento no sistema] is defined with 0 parameters at 'steps.ParticipacaoSteps.queExistemParticipaçõesEmTreinamentoNoSistema()'.
However, the gherkin step has 1 arguments:
 * Table:
      | colaborador_id | treinamento_id | concluido |
      | 1              | 1              | true      |
      | 2              | 1              | false     |
      | 1              | 2              | true      |

Step text: que existem participações em treinamento no sistema
	at io.cucumber.core.runner.PickleStepDefinitionMatch.arityMismatch(PickleStepDefinitionMatch.java:83)
	at io.cucumber.core.runner.PickleStepDefinitionMatch.runStep(PickleStepDefinitionMatch.java:42)
	at io.cucumber.core.runner.ExecutionMode$1.execute(ExecutionMode.java:10)
	at io.cucumber.core.runner.TestStep.executeStep(TestStep.java:81)
	at io.cucumber.core.runner.TestStep.run(TestStep.java:53)
	at io.cucumber.core.runner.PickleStepTestStep.run(PickleStepTestStep.java:51)
	at io.cucumber.core.runner.TestCase.run(TestCase.java:84)
	at io.cucumber.core.runner.Runner.runPickle(Runner.java:75)
	at io.cucumber.junit.platform.engine.CucumberEngineExecutionContext.lambda$runTestCase$4(CucumberEngineExecutionContext.java:112)
	at io.cucumber.core.runtime.CucumberExecutionContext.lambda$runTestCase$5(CucumberExecutionContext.java:136)
	at io.cucumber.core.runtime.RethrowingThrowableCollector.executeAndThrow(RethrowingThrowableCollector.java:23)
	at io.cucumber.core.runtime.CucumberExecutionContext.runTestCase(CucumberExecutionContext.java:136)
	at io.cucumber.junit.platform.engine.CucumberEngineExecutionContext.runTestCase(CucumberEngineExecutionContext.java:109)
	at io.cucumber.junit.platform.engine.NodeDescriptor$PickleDescriptor.execute(NodeDescriptor.java:168)
	at io.cucumber.junit.platform.engine.NodeDescriptor$PickleDescriptor.execute(NodeDescriptor.java:90)
	at org.junit.platform.engine.support.hierarchical.NodeTestTask.lambda$executeRecursively$6(NodeTestTask.java:151)
	at org.junit.platform.engine.support.hierarchical.ThrowableCollector.execute(ThrowableCollector.java:73)
	at org.junit.platform.engine.support.hierarchical.NodeTestTask.lambda$executeRecursively$8(NodeTestTask.java:141)
	at org.junit.platform.engine.support.hierarchical.Node.around(Node.java:137)
	at org.junit.platform.engine.support.hierarchical.NodeTestTask.lambda$executeRecursively$9(NodeTestTask.java:139)
	at org.junit.platform.engine.support.hierarchical.ThrowableCollector.execute(ThrowableCollector.java:73)
	at org.junit.platform.engine.support.hierarchical.NodeTestTask.executeRecursively(NodeTestTask.java:138)
	at org.junit.platform.engine.support.hierarchical.NodeTestTask.execute(NodeTestTask.java:95)
	at java.base/java.util.ArrayList.forEach(ArrayList.java:1596)
	at org.junit.platform.engine.support.hierarchical.SameThreadHierarchicalTestExecutorService.invokeAll(SameThreadHierarchicalTestExecutorService.java:41)
	at org.junit.platform.engine.support.hierarchical.NodeTestTask.lambda$executeRecursively$6(NodeTestTask.java:155)
	at org.junit.platform.engine.support.hierarchical.ThrowableCollector.execute(ThrowableCollector.java:73)
	at org.junit.platform.engine.support.hierarchical.NodeTestTask.lambda$executeRecursively$8(NodeTestTask.java:141)
	at org.junit.platform.engine.support.hierarchical.Node.around(Node.java:137)
	at org.junit.platform.engine.support.hierarchical.NodeTestTask.lambda$executeRecursively$9(NodeTestTask.java:139)
	at org.junit.platform.engine.support.hierarchical.ThrowableCollector.execute(ThrowableCollector.java:73)
	at org.junit.platform.engine.support.hierarchical.NodeTestTask.executeRecursively(NodeTestTask.java:138)
	at org.junit.platform.engine.support.hierarchical.NodeTestTask.execute(NodeTestTask.java:95)
	at java.base/java.util.ArrayList.forEach(ArrayList.java:1596)
	at org.junit.platform.engine.support.hierarchical.SameThreadHierarchicalTestExecutorService.invokeAll(SameThreadHierarchicalTestExecutorService.java:41)
	at org.junit.platform.engine.support.hierarchical.NodeTestTask.lambda$executeRecursively$6(NodeTestTask.java:155)
	at org.junit.platform.engine.support.hierarchical.ThrowableCollector.execute(ThrowableCollector.java:73)
	at org.junit.platform.engine.support.hierarchical.NodeTestTask.lambda$executeRecursively$8(NodeTestTask.java:141)
	at org.junit.platform.engine.support.hierarchical.Node.around(Node.java:137)
	at org.junit.platform.engine.support.hierarchical.NodeTestTask.lambda$executeRecursively$9(NodeTestTask.java:139)
	at org.junit.platform.engine.support.hierarchical.ThrowableCollector.execute(ThrowableCollector.java:73)
	at org.junit.platform.engine.support.hierarchical.NodeTestTask.executeRecursively(NodeTestTask.java:138)
	at org.junit.platform.engine.support.hierarchical.NodeTestTask.execute(NodeTestTask.java:95)
	at org.junit.platform.engine.support.hierarchical.SameThreadHierarchicalTestExecutorService.submit(SameThreadHierarchicalTestExecutorService.java:35)
	at org.junit.platform.engine.support.hierarchical.HierarchicalTestExecutor.execute(HierarchicalTestExecutor.java:57)
	at org.junit.platform.engine.support.hierarchical.HierarchicalTestEngine.execute(HierarchicalTestEngine.java:54)
	at org.junit.platform.launcher.core.EngineExecutionOrchestrator.execute(EngineExecutionOrchestrator.java:198)
	at org.junit.platform.launcher.core.EngineExecutionOrchestrator.execute(EngineExecutionOrchestrator.java:169)
	at org.junit.platform.launcher.core.EngineExecutionOrchestrator.execute(EngineExecutionOrchestrator.java:93)
	at org.junit.platform.launcher.core.EngineExecutionOrchestrator.execute(EngineExecutionOrchestrator.java:76)
	at org.junit.platform.suite.engine.SuiteLauncher.execute(SuiteLauncher.java:63)
	at org.junit.platform.suite.engine.SuiteTestDescriptor.execute(SuiteTestDescriptor.java:128)
	at org.junit.platform.suite.engine.SuiteTestEngine.lambda$execute$0(SuiteTestEngine.java:73)
	at java.base/java.util.stream.ForEachOps$ForEachOp$OfRef.accept(ForEachOps.java:184)
	at java.base/java.util.stream.ReferencePipeline$3$1.accept(ReferencePipeline.java:197)
	at java.base/java.util.Iterator.forEachRemaining(Iterator.java:133)
	at java.base/java.util.Spliterators$IteratorSpliterator.forEachRemaining(Spliterators.java:1939)
	at java.base/java.util.stream.AbstractPipeline.copyInto(AbstractPipeline.java:509)
	at java.base/java.util.stream.AbstractPipeline.wrapAndCopyInto(AbstractPipeline.java:499)
	at java.base/java.util.stream.ForEachOps$ForEachOp.evaluateSequential(ForEachOps.java:151)
	at java.base/java.util.stream.ForEachOps$ForEachOp$OfRef.evaluateSequential(ForEachOps.java:174)
	at java.base/java.util.stream.AbstractPipeline.evaluate(AbstractPipeline.java:234)
	at java.base/java.util.stream.ReferencePipeline.forEach(ReferencePipeline.java:596)
	at org.junit.platform.suite.engine.SuiteTestEngine.execute(SuiteTestEngine.java:73)
	at org.junit.platform.launcher.core.EngineExecutionOrchestrator.execute(EngineExecutionOrchestrator.java:198)
	at org.junit.platform.launcher.core.EngineExecutionOrchestrator.execute(EngineExecutionOrchestrator.java:169)
	at org.junit.platform.launcher.core.EngineExecutionOrchestrator.execute(EngineExecutionOrchestrator.java:93)
	at org.junit.platform.launcher.core.EngineExecutionOrchestrator.lambda$execute$0(EngineExecutionOrchestrator.java:58)
	at org.junit.platform.launcher.core.EngineExecutionOrchestrator.withInterceptedStreams(EngineExecutionOrchestrator.java:141)
	at org.junit.platform.launcher.core.EngineExecutionOrchestrator.execute(EngineExecutionOrchestrator.java:57)
	at org.junit.platform.launcher.core.DefaultLauncher.execute(DefaultLauncher.java:103)
	at org.junit.platform.launcher.core.DefaultLauncher.execute(DefaultLauncher.java:85)
	at org.junit.platform.launcher.core.DelegatingLauncher.execute(DelegatingLauncher.java:47)
	at org.apache.maven.surefire.junitplatform.LazyLauncher.execute(LazyLauncher.java:50)
	at org.apache.maven.surefire.junitplatform.JUnitPlatformProvider.execute(JUnitPlatformProvider.java:184)
	at org.apache.maven.surefire.junitplatform.JUnitPlatformProvider.invokeAllTests(JUnitPlatformProvider.java:148)
	at org.apache.maven.surefire.junitplatform.JUnitPlatformProvider.invoke(JUnitPlatformProvider.java:122)
	at org.apache.maven.surefire.booter.ForkedBooter.runSuitesInProcess(ForkedBooter.java:385)
	at org.apache.maven.surefire.booter.ForkedBooter.execute(ForkedBooter.java:162)
	at org.apache.maven.surefire.booter.ForkedBooter.run(ForkedBooter.java:507)
	at org.apache.maven.surefire.booter.ForkedBooter.main(ForkedBooter.java:495)
&amp#27;[0m
  &amp#27;[36mQuando &amp#27;[0m&amp#27;[36menvio uma requisição GET para &amp#27;[0m&amp#27;[36m&amp#27;[1m"/participacoes"&amp#27;[0m           &amp#27;[90m# steps.ColaboradorGestaoSteps.envioUmaRequisiçãoGETPara(java.lang.String)&amp#27;[0m
  &amp#27;[36mEntão &amp#27;[0m&amp#27;[36mo status da resposta deve ser &amp#27;[0m&amp#27;[36m&amp#27;[1m200&amp#27;[0m                         &amp#27;[90m# steps.AutenticacaoSteps.oStatusDaRespostaDeveSer(int)&amp#27;[0m
  &amp#27;[36mE &amp#27;[0m&amp#27;[36ma resposta deve conter uma lista de participações&amp#27;[0m             &amp#27;[90m# steps.ParticipacaoSteps.aRespostaDeveConterUmaListaDeParticipações()&amp#27;[0m
  &amp#27;[36mE &amp#27;[0m&amp#27;[36ma lista deve conter &amp#27;[0m&amp#27;[36m&amp#27;[1m3&amp#27;[0m&amp#27;[36m registros de participação&amp#27;[0m               &amp#27;[90m# steps.ParticipacaoSteps.aListaDeveConterRegistrosDeParticipação(int)&amp#27;[0m
]]></system-out>
  </testcase>
  <testcase name="Listar participações por funcionário com sucesso" classname="Gerenciamento de Participações" time="0.061">
    <error message="Step [que existem participações em treinamento para o funcionário ID {int}] is defined with 1 parameters at &apos;steps.ParticipacaoSteps.queExistemParticipaçõesEmTreinamentoParaOFuncionárioID(int)&apos;.&#10;However, the gherkin step has 2 arguments:&#10; * 1&#10; * Table:&#10;      | colaborador_id | treinamento_id | concluido |&#10;      | 1              | 1              | true      |&#10;      | 1              | 2              | false     |&#10;      | 1              | 3              | true      |&#10;&#10;Step text: que existem participações em treinamento para o funcionário ID 1" type="io.cucumber.core.exception.CucumberException"><![CDATA[io.cucumber.core.exception.CucumberException: 
Step [que existem participações em treinamento para o funcionário ID {int}] is defined with 1 parameters at 'steps.ParticipacaoSteps.queExistemParticipaçõesEmTreinamentoParaOFuncionárioID(int)'.
However, the gherkin step has 2 arguments:
 * 1
 * Table:
      | colaborador_id | treinamento_id | concluido |
      | 1              | 1              | true      |
      | 1              | 2              | false     |
      | 1              | 3              | true      |

Step text: que existem participações em treinamento para o funcionário ID 1
	at io.cucumber.core.runner.PickleStepDefinitionMatch.arityMismatch(PickleStepDefinitionMatch.java:83)
	at io.cucumber.core.runner.PickleStepDefinitionMatch.runStep(PickleStepDefinitionMatch.java:42)
	at io.cucumber.core.runner.ExecutionMode$1.execute(ExecutionMode.java:10)
	at io.cucumber.core.runner.TestStep.executeStep(TestStep.java:81)
	at io.cucumber.core.runner.TestStep.run(TestStep.java:53)
	at io.cucumber.core.runner.PickleStepTestStep.run(PickleStepTestStep.java:51)
	at io.cucumber.core.runner.TestCase.run(TestCase.java:84)
	at io.cucumber.core.runner.Runner.runPickle(Runner.java:75)
	at io.cucumber.junit.platform.engine.CucumberEngineExecutionContext.lambda$runTestCase$4(CucumberEngineExecutionContext.java:112)
	at io.cucumber.core.runtime.CucumberExecutionContext.lambda$runTestCase$5(CucumberExecutionContext.java:136)
	at io.cucumber.core.runtime.RethrowingThrowableCollector.executeAndThrow(RethrowingThrowableCollector.java:23)
	at io.cucumber.core.runtime.CucumberExecutionContext.runTestCase(CucumberExecutionContext.java:136)
	at io.cucumber.junit.platform.engine.CucumberEngineExecutionContext.runTestCase(CucumberEngineExecutionContext.java:109)
	at io.cucumber.junit.platform.engine.NodeDescriptor$PickleDescriptor.execute(NodeDescriptor.java:168)
	at io.cucumber.junit.platform.engine.NodeDescriptor$PickleDescriptor.execute(NodeDescriptor.java:90)
	at java.base/java.util.ArrayList.forEach(ArrayList.java:1596)
	at java.base/java.util.ArrayList.forEach(ArrayList.java:1596)
]]></error>
    <system-out><![CDATA[
Cenário: Listar participações por funcionário com sucesso               &amp#27;[90m# features/participacao.feature:34&amp#27;[0m
  &amp#27;[32mDado &amp#27;[0m&amp#27;[32mque a aplicação está rodando&amp#27;[0m                                     &amp#27;[90m# steps.AutenticacaoSteps.queAAplicaçãoEstáRodando()&amp#27;[0m
  &amp#27;[32mE &amp#27;[0m&amp#27;[32mo banco de dados está acessível&amp#27;[0m                                     &amp#27;[90m# steps.AutenticacaoSteps.oBancoDeDadosEstáAcessível()&amp#27;[0m
  &amp#27;[32mE &amp#27;[0m&amp#27;[32mtenho um token de autenticação válido&amp#27;[0m                               &amp#27;[90m# steps.ColaboradorGestaoSteps.tenhoUmTokenDeAutenticaçãoVálido()&amp#27;[0m
  &amp#27;[31mDado &amp#27;[0m&amp#27;[31mque existem participações em treinamento para o funcionário ID &amp#27;[0m&amp#27;[31m&amp#27;[1m1&amp#27;[0m &amp#27;[90m# steps.ParticipacaoSteps.queExistemParticipaçõesEmTreinamentoParaOFuncionárioID(int)&amp#27;[0m
    | colaborador_id | treinamento_id | concluido |
    | 1              | 1              | true      |
    | 1              | 2              | false     |
    | 1              | 3              | true      |
      &amp#27;[31mio.cucumber.core.exception.CucumberException: Step [que existem participações em treinamento para o funcionário ID {int}] is defined with 1 parameters at 'steps.ParticipacaoSteps.queExistemParticipaçõesEmTreinamentoParaOFuncionárioID(int)'.
However, the gherkin step has 2 arguments:
 * 1
 * Table:
      | colaborador_id | treinamento_id | concluido |
      | 1              | 1              | true      |
      | 1              | 2              | false     |
      | 1              | 3              | true      |

Step text: que existem participações em treinamento para o funcionário ID 1
	at io.cucumber.core.runner.PickleStepDefinitionMatch.arityMismatch(PickleStepDefinitionMatch.java:83)
	at io.cucumber.core.runner.PickleStepDefinitionMatch.runStep(PickleStepDefinitionMatch.java:42)
	at io.cucumber.core.runner.ExecutionMode$1.execute(ExecutionMode.java:10)
	at io.cucumber.core.runner.TestStep.executeStep(TestStep.java:81)
	at io.cucumber.core.runner.TestStep.run(TestStep.java:53)
	at io.cucumber.core.runner.PickleStepTestStep.run(PickleStepTestStep.java:51)
	at io.cucumber.core.runner.TestCase.run(TestCase.java:84)
	at io.cucumber.core.runner.Runner.runPickle(Runner.java:75)
	at io.cucumber.junit.platform.engine.CucumberEngineExecutionContext.lambda$runTestCase$4(CucumberEngineExecutionContext.java:112)
	at io.cucumber.core.runtime.CucumberExecutionContext.lambda$runTestCase$5(CucumberExecutionContext.java:136)
	at io.cucumber.core.runtime.RethrowingThrowableCollector.executeAndThrow(RethrowingThrowableCollector.java:23)
	at io.cucumber.core.runtime.CucumberExecutionContext.runTestCase(CucumberExecutionContext.java:136)
	at io.cucumber.junit.platform.engine.CucumberEngineExecutionContext.runTestCase(CucumberEngineExecutionContext.java:109)
	at io.cucumber.junit.platform.engine.NodeDescriptor$PickleDescriptor.execute(NodeDescriptor.java:168)
	at io.cucumber.junit.platform.engine.NodeDescriptor$PickleDescriptor.execute(NodeDescriptor.java:90)
	at org.junit.platform.engine.support.hierarchical.NodeTestTask.lambda$executeRecursively$6(NodeTestTask.java:151)
	at org.junit.platform.engine.support.hierarchical.ThrowableCollector.execute(ThrowableCollector.java:73)
	at org.junit.platform.engine.support.hierarchical.NodeTestTask.lambda$executeRecursively$8(NodeTestTask.java:141)
	at org.junit.platform.engine.support.hierarchical.Node.around(Node.java:137)
	at org.junit.platform.engine.support.hierarchical.NodeTestTask.lambda$executeRecursively$9(NodeTestTask.java:139)
	at org.junit.platform.engine.support.hierarchical.ThrowableCollector.execute(ThrowableCollector.java:73)
	at org.junit.platform.engine.support.hierarchical.NodeTestTask.executeRecursively(NodeTestTask.java:138)
	at org.junit.platform.engine.support.hierarchical.NodeTestTask.execute(NodeTestTask.java:95)
	at java.base/java.util.ArrayList.forEach(ArrayList.java:1596)
	at org.junit.platform.engine.support.hierarchical.SameThreadHierarchicalTestExecutorService.invokeAll(SameThreadHierarchicalTestExecutorService.java:41)
	at org.junit.platform.engine.support.hierarchical.NodeTestTask.lambda$executeRecursively$6(NodeTestTask.java:155)
	at org.junit.platform.engine.support.hierarchical.ThrowableCollector.execute(ThrowableCollector.java:73)
	at org.junit.platform.engine.support.hierarchical.NodeTestTask.lambda$executeRecursively$8(NodeTestTask.java:141)
	at org.junit.platform.engine.support.hierarchical.Node.around(Node.java:137)
	at org.junit.platform.engine.support.hierarchical.NodeTestTask.lambda$executeRecursively$9(NodeTestTask.java:139)
	at org.junit.platform.engine.support.hierarchical.ThrowableCollector.execute(ThrowableCollector.java:73)
	at org.junit.platform.engine.support.hierarchical.NodeTestTask.executeRecursively(NodeTestTask.java:138)
	at org.junit.platform.engine.support.hierarchical.NodeTestTask.execute(NodeTestTask.java:95)
	at java.base/java.util.ArrayList.forEach(ArrayList.java:1596)
	at org.junit.platform.engine.support.hierarchical.SameThreadHierarchicalTestExecutorService.invokeAll(SameThreadHierarchicalTestExecutorService.java:41)
	at org.junit.platform.engine.support.hierarchical.NodeTestTask.lambda$executeRecursively$6(NodeTestTask.java:155)
	at org.junit.platform.engine.support.hierarchical.ThrowableCollector.execute(ThrowableCollector.java:73)
	at org.junit.platform.engine.support.hierarchical.NodeTestTask.lambda$executeRecursively$8(NodeTestTask.java:141)
	at org.junit.platform.engine.support.hierarchical.Node.around(Node.java:137)
	at org.junit.platform.engine.support.hierarchical.NodeTestTask.lambda$executeRecursively$9(NodeTestTask.java:139)
	at org.junit.platform.engine.support.hierarchical.ThrowableCollector.execute(ThrowableCollector.java:73)
	at org.junit.platform.engine.support.hierarchical.NodeTestTask.executeRecursively(NodeTestTask.java:138)
	at org.junit.platform.engine.support.hierarchical.NodeTestTask.execute(NodeTestTask.java:95)
	at org.junit.platform.engine.support.hierarchical.SameThreadHierarchicalTestExecutorService.submit(SameThreadHierarchicalTestExecutorService.java:35)
	at org.junit.platform.engine.support.hierarchical.HierarchicalTestExecutor.execute(HierarchicalTestExecutor.java:57)
	at org.junit.platform.engine.support.hierarchical.HierarchicalTestEngine.execute(HierarchicalTestEngine.java:54)
	at org.junit.platform.launcher.core.EngineExecutionOrchestrator.execute(EngineExecutionOrchestrator.java:198)
	at org.junit.platform.launcher.core.EngineExecutionOrchestrator.execute(EngineExecutionOrchestrator.java:169)
	at org.junit.platform.launcher.core.EngineExecutionOrchestrator.execute(EngineExecutionOrchestrator.java:93)
	at org.junit.platform.launcher.core.EngineExecutionOrchestrator.execute(EngineExecutionOrchestrator.java:76)
	at org.junit.platform.suite.engine.SuiteLauncher.execute(SuiteLauncher.java:63)
	at org.junit.platform.suite.engine.SuiteTestDescriptor.execute(SuiteTestDescriptor.java:128)
	at org.junit.platform.suite.engine.SuiteTestEngine.lambda$execute$0(SuiteTestEngine.java:73)
	at java.base/java.util.stream.ForEachOps$ForEachOp$OfRef.accept(ForEachOps.java:184)
	at java.base/java.util.stream.ReferencePipeline$3$1.accept(ReferencePipeline.java:197)
	at java.base/java.util.Iterator.forEachRemaining(Iterator.java:133)
	at java.base/java.util.Spliterators$IteratorSpliterator.forEachRemaining(Spliterators.java:1939)
	at java.base/java.util.stream.AbstractPipeline.copyInto(AbstractPipeline.java:509)
	at java.base/java.util.stream.AbstractPipeline.wrapAndCopyInto(AbstractPipeline.java:499)
	at java.base/java.util.stream.ForEachOps$ForEachOp.evaluateSequential(ForEachOps.java:151)
	at java.base/java.util.stream.ForEachOps$ForEachOp$OfRef.evaluateSequential(ForEachOps.java:174)
	at java.base/java.util.stream.AbstractPipeline.evaluate(AbstractPipeline.java:234)
	at java.base/java.util.stream.ReferencePipeline.forEach(ReferencePipeline.java:596)
	at org.junit.platform.suite.engine.SuiteTestEngine.execute(SuiteTestEngine.java:73)
	at org.junit.platform.launcher.core.EngineExecutionOrchestrator.execute(EngineExecutionOrchestrator.java:198)
	at org.junit.platform.launcher.core.EngineExecutionOrchestrator.execute(EngineExecutionOrchestrator.java:169)
	at org.junit.platform.launcher.core.EngineExecutionOrchestrator.execute(EngineExecutionOrchestrator.java:93)
	at org.junit.platform.launcher.core.EngineExecutionOrchestrator.lambda$execute$0(EngineExecutionOrchestrator.java:58)
	at org.junit.platform.launcher.core.EngineExecutionOrchestrator.withInterceptedStreams(EngineExecutionOrchestrator.java:141)
	at org.junit.platform.launcher.core.EngineExecutionOrchestrator.execute(EngineExecutionOrchestrator.java:57)
	at org.junit.platform.launcher.core.DefaultLauncher.execute(DefaultLauncher.java:103)
	at org.junit.platform.launcher.core.DefaultLauncher.execute(DefaultLauncher.java:85)
	at org.junit.platform.launcher.core.DelegatingLauncher.execute(DelegatingLauncher.java:47)
	at org.apache.maven.surefire.junitplatform.LazyLauncher.execute(LazyLauncher.java:50)
	at org.apache.maven.surefire.junitplatform.JUnitPlatformProvider.execute(JUnitPlatformProvider.java:184)
	at org.apache.maven.surefire.junitplatform.JUnitPlatformProvider.invokeAllTests(JUnitPlatformProvider.java:148)
	at org.apache.maven.surefire.junitplatform.JUnitPlatformProvider.invoke(JUnitPlatformProvider.java:122)
	at org.apache.maven.surefire.booter.ForkedBooter.runSuitesInProcess(ForkedBooter.java:385)
	at org.apache.maven.surefire.booter.ForkedBooter.execute(ForkedBooter.java:162)
	at org.apache.maven.surefire.booter.ForkedBooter.run(ForkedBooter.java:507)
	at org.apache.maven.surefire.booter.ForkedBooter.main(ForkedBooter.java:495)
&amp#27;[0m
  &amp#27;[36mE &amp#27;[0m&amp#27;[36mexistem participações para outros funcionários&amp#27;[0m                      &amp#27;[90m# steps.ParticipacaoSteps.existemParticipaçõesParaOutrosFuncionários()&amp#27;[0m
    | colaborador_id | treinamento_id | concluido |
    | 2              | 1              | false     |
  &amp#27;[36mQuando &amp#27;[0m&amp#27;[36menvio uma requisição GET para &amp#27;[0m&amp#27;[36m&amp#27;[1m"/participacoes/colaborador/1"&amp#27;[0m   &amp#27;[90m# steps.ColaboradorGestaoSteps.envioUmaRequisiçãoGETPara(java.lang.String)&amp#27;[0m
  &amp#27;[36mEntão &amp#27;[0m&amp#27;[36mo status da resposta deve ser &amp#27;[0m&amp#27;[36m&amp#27;[1m200&amp#27;[0m                               &amp#27;[90m# steps.AutenticacaoSteps.oStatusDaRespostaDeveSer(int)&amp#27;[0m
  &amp#27;[36mE &amp#27;[0m&amp#27;[36ma resposta deve conter apenas participações do funcionário &amp#27;[0m&amp#27;[36m&amp#27;[1m1&amp#27;[0m        &amp#27;[90m# steps.ParticipacaoSteps.aRespostaDeveConterApenasParticipaçõesDoFuncionário(int)&amp#27;[0m
  &amp#27;[36mE &amp#27;[0m&amp#27;[36ma lista deve conter &amp#27;[0m&amp#27;[36m&amp#27;[1m3&amp#27;[0m&amp#27;[36m registros de participação&amp#27;[0m                     &amp#27;[90m# steps.ParticipacaoSteps.aListaDeveConterRegistrosDeParticipação(int)&amp#27;[0m
]]></system-out>
  </testcase>
  <testcase name="Listar participações por funcionário com sucesso" classname="Gerenciamento de Participações" time="0.011">
    <error message="Step [que existem participações em treinamento para o funcionário ID {int}] is defined with 1 parameters at &apos;steps.ParticipacaoSteps.queExistemParticipaçõesEmTreinamentoParaOFuncionárioID(int)&apos;.&#10;However, the gherkin step has 2 arguments:&#10; * 1&#10; * Table:&#10;      | colaborador_id | treinamento_id | concluido |&#10;      | 1              | 1              | true      |&#10;      | 1              | 2              | false     |&#10;      | 1              | 3              | true      |&#10;&#10;Step text: que existem participações em treinamento para o funcionário ID 1" type="io.cucumber.core.exception.CucumberException"><![CDATA[io.cucumber.core.exception.CucumberException: 
Step [que existem participações em treinamento para o funcionário ID {int}] is defined with 1 parameters at 'steps.ParticipacaoSteps.queExistemParticipaçõesEmTreinamentoParaOFuncionárioID(int)'.
However, the gherkin step has 2 arguments:
 * 1
 * Table:
      | colaborador_id | treinamento_id | concluido |
      | 1              | 1              | true      |
      | 1              | 2              | false     |
      | 1              | 3              | true      |

Step text: que existem participações em treinamento para o funcionário ID 1
	at io.cucumber.core.runner.PickleStepDefinitionMatch.arityMismatch(PickleStepDefinitionMatch.java:83)
	at io.cucumber.core.runner.PickleStepDefinitionMatch.runStep(PickleStepDefinitionMatch.java:42)
	at io.cucumber.core.runner.ExecutionMode$1.execute(ExecutionMode.java:10)
	at io.cucumber.core.runner.TestStep.executeStep(TestStep.java:81)
	at io.cucumber.core.runner.TestStep.run(TestStep.java:53)
	at io.cucumber.core.runner.PickleStepTestStep.run(PickleStepTestStep.java:51)
	at io.cucumber.core.runner.TestCase.run(TestCase.java:84)
	at io.cucumber.core.runner.Runner.runPickle(Runner.java:75)
	at io.cucumber.junit.platform.engine.CucumberEngineExecutionContext.lambda$runTestCase$4(CucumberEngineExecutionContext.java:112)
	at io.cucumber.core.runtime.CucumberExecutionContext.lambda$runTestCase$5(CucumberExecutionContext.java:136)
	at io.cucumber.core.runtime.RethrowingThrowableCollector.executeAndThrow(RethrowingThrowableCollector.java:23)
	at io.cucumber.core.runtime.CucumberExecutionContext.runTestCase(CucumberExecutionContext.java:136)
	at io.cucumber.junit.platform.engine.CucumberEngineExecutionContext.runTestCase(CucumberEngineExecutionContext.java:109)
	at io.cucumber.junit.platform.engine.NodeDescriptor$PickleDescriptor.execute(NodeDescriptor.java:168)
	at io.cucumber.junit.platform.engine.NodeDescriptor$PickleDescriptor.execute(NodeDescriptor.java:90)
	at java.base/java.util.ArrayList.forEach(ArrayList.java:1596)
	at java.base/java.util.ArrayList.forEach(ArrayList.java:1596)
]]></error>
    <system-out><![CDATA[
Cenário: Listar participações por funcionário com sucesso               &amp#27;[90m# features/treinamento.feature:34&amp#27;[0m
  &amp#27;[32mDado &amp#27;[0m&amp#27;[32mque a aplicação está rodando&amp#27;[0m                                     &amp#27;[90m# steps.AutenticacaoSteps.queAAplicaçãoEstáRodando()&amp#27;[0m
  &amp#27;[32mE &amp#27;[0m&amp#27;[32mo banco de dados está acessível&amp#27;[0m                                     &amp#27;[90m# steps.AutenticacaoSteps.oBancoDeDadosEstáAcessível()&amp#27;[0m
  &amp#27;[32mE &amp#27;[0m&amp#27;[32mtenho um token de autenticação válido&amp#27;[0m                               &amp#27;[90m# steps.ColaboradorGestaoSteps.tenhoUmTokenDeAutenticaçãoVálido()&amp#27;[0m
  &amp#27;[31mDado &amp#27;[0m&amp#27;[31mque existem participações em treinamento para o funcionário ID &amp#27;[0m&amp#27;[31m&amp#27;[1m1&amp#27;[0m &amp#27;[90m# steps.ParticipacaoSteps.queExistemParticipaçõesEmTreinamentoParaOFuncionárioID(int)&amp#27;[0m
    | colaborador_id | treinamento_id | concluido |
    | 1              | 1              | true      |
    | 1              | 2              | false     |
    | 1              | 3              | true      |
      &amp#27;[31mio.cucumber.core.exception.CucumberException: Step [que existem participações em treinamento para o funcionário ID {int}] is defined with 1 parameters at 'steps.ParticipacaoSteps.queExistemParticipaçõesEmTreinamentoParaOFuncionárioID(int)'.
However, the gherkin step has 2 arguments:
 * 1
 * Table:
      | colaborador_id | treinamento_id | concluido |
      | 1              | 1              | true      |
      | 1              | 2              | false     |
      | 1              | 3              | true      |

Step text: que existem participações em treinamento para o funcionário ID 1
	at io.cucumber.core.runner.PickleStepDefinitionMatch.arityMismatch(PickleStepDefinitionMatch.java:83)
	at io.cucumber.core.runner.PickleStepDefinitionMatch.runStep(PickleStepDefinitionMatch.java:42)
	at io.cucumber.core.runner.ExecutionMode$1.execute(ExecutionMode.java:10)
	at io.cucumber.core.runner.TestStep.executeStep(TestStep.java:81)
	at io.cucumber.core.runner.TestStep.run(TestStep.java:53)
	at io.cucumber.core.runner.PickleStepTestStep.run(PickleStepTestStep.java:51)
	at io.cucumber.core.runner.TestCase.run(TestCase.java:84)
	at io.cucumber.core.runner.Runner.runPickle(Runner.java:75)
	at io.cucumber.junit.platform.engine.CucumberEngineExecutionContext.lambda$runTestCase$4(CucumberEngineExecutionContext.java:112)
	at io.cucumber.core.runtime.CucumberExecutionContext.lambda$runTestCase$5(CucumberExecutionContext.java:136)
	at io.cucumber.core.runtime.RethrowingThrowableCollector.executeAndThrow(RethrowingThrowableCollector.java:23)
	at io.cucumber.core.runtime.CucumberExecutionContext.runTestCase(CucumberExecutionContext.java:136)
	at io.cucumber.junit.platform.engine.CucumberEngineExecutionContext.runTestCase(CucumberEngineExecutionContext.java:109)
	at io.cucumber.junit.platform.engine.NodeDescriptor$PickleDescriptor.execute(NodeDescriptor.java:168)
	at io.cucumber.junit.platform.engine.NodeDescriptor$PickleDescriptor.execute(NodeDescriptor.java:90)
	at org.junit.platform.engine.support.hierarchical.NodeTestTask.lambda$executeRecursively$6(NodeTestTask.java:151)
	at org.junit.platform.engine.support.hierarchical.ThrowableCollector.execute(ThrowableCollector.java:73)
	at org.junit.platform.engine.support.hierarchical.NodeTestTask.lambda$executeRecursively$8(NodeTestTask.java:141)
	at org.junit.platform.engine.support.hierarchical.Node.around(Node.java:137)
	at org.junit.platform.engine.support.hierarchical.NodeTestTask.lambda$executeRecursively$9(NodeTestTask.java:139)
	at org.junit.platform.engine.support.hierarchical.ThrowableCollector.execute(ThrowableCollector.java:73)
	at org.junit.platform.engine.support.hierarchical.NodeTestTask.executeRecursively(NodeTestTask.java:138)
	at org.junit.platform.engine.support.hierarchical.NodeTestTask.execute(NodeTestTask.java:95)
	at java.base/java.util.ArrayList.forEach(ArrayList.java:1596)
	at org.junit.platform.engine.support.hierarchical.SameThreadHierarchicalTestExecutorService.invokeAll(SameThreadHierarchicalTestExecutorService.java:41)
	at org.junit.platform.engine.support.hierarchical.NodeTestTask.lambda$executeRecursively$6(NodeTestTask.java:155)
	at org.junit.platform.engine.support.hierarchical.ThrowableCollector.execute(ThrowableCollector.java:73)
	at org.junit.platform.engine.support.hierarchical.NodeTestTask.lambda$executeRecursively$8(NodeTestTask.java:141)
	at org.junit.platform.engine.support.hierarchical.Node.around(Node.java:137)
	at org.junit.platform.engine.support.hierarchical.NodeTestTask.lambda$executeRecursively$9(NodeTestTask.java:139)
	at org.junit.platform.engine.support.hierarchical.ThrowableCollector.execute(ThrowableCollector.java:73)
	at org.junit.platform.engine.support.hierarchical.NodeTestTask.executeRecursively(NodeTestTask.java:138)
	at org.junit.platform.engine.support.hierarchical.NodeTestTask.execute(NodeTestTask.java:95)
	at java.base/java.util.ArrayList.forEach(ArrayList.java:1596)
	at org.junit.platform.engine.support.hierarchical.SameThreadHierarchicalTestExecutorService.invokeAll(SameThreadHierarchicalTestExecutorService.java:41)
	at org.junit.platform.engine.support.hierarchical.NodeTestTask.lambda$executeRecursively$6(NodeTestTask.java:155)
	at org.junit.platform.engine.support.hierarchical.ThrowableCollector.execute(ThrowableCollector.java:73)
	at org.junit.platform.engine.support.hierarchical.NodeTestTask.lambda$executeRecursively$8(NodeTestTask.java:141)
	at org.junit.platform.engine.support.hierarchical.Node.around(Node.java:137)
	at org.junit.platform.engine.support.hierarchical.NodeTestTask.lambda$executeRecursively$9(NodeTestTask.java:139)
	at org.junit.platform.engine.support.hierarchical.ThrowableCollector.execute(ThrowableCollector.java:73)
	at org.junit.platform.engine.support.hierarchical.NodeTestTask.executeRecursively(NodeTestTask.java:138)
	at org.junit.platform.engine.support.hierarchical.NodeTestTask.execute(NodeTestTask.java:95)
	at org.junit.platform.engine.support.hierarchical.SameThreadHierarchicalTestExecutorService.submit(SameThreadHierarchicalTestExecutorService.java:35)
	at org.junit.platform.engine.support.hierarchical.HierarchicalTestExecutor.execute(HierarchicalTestExecutor.java:57)
	at org.junit.platform.engine.support.hierarchical.HierarchicalTestEngine.execute(HierarchicalTestEngine.java:54)
	at org.junit.platform.launcher.core.EngineExecutionOrchestrator.execute(EngineExecutionOrchestrator.java:198)
	at org.junit.platform.launcher.core.EngineExecutionOrchestrator.execute(EngineExecutionOrchestrator.java:169)
	at org.junit.platform.launcher.core.EngineExecutionOrchestrator.execute(EngineExecutionOrchestrator.java:93)
	at org.junit.platform.launcher.core.EngineExecutionOrchestrator.execute(EngineExecutionOrchestrator.java:76)
	at org.junit.platform.suite.engine.SuiteLauncher.execute(SuiteLauncher.java:63)
	at org.junit.platform.suite.engine.SuiteTestDescriptor.execute(SuiteTestDescriptor.java:128)
	at org.junit.platform.suite.engine.SuiteTestEngine.lambda$execute$0(SuiteTestEngine.java:73)
	at java.base/java.util.stream.ForEachOps$ForEachOp$OfRef.accept(ForEachOps.java:184)
	at java.base/java.util.stream.ReferencePipeline$3$1.accept(ReferencePipeline.java:197)
	at java.base/java.util.Iterator.forEachRemaining(Iterator.java:133)
	at java.base/java.util.Spliterators$IteratorSpliterator.forEachRemaining(Spliterators.java:1939)
	at java.base/java.util.stream.AbstractPipeline.copyInto(AbstractPipeline.java:509)
	at java.base/java.util.stream.AbstractPipeline.wrapAndCopyInto(AbstractPipeline.java:499)
	at java.base/java.util.stream.ForEachOps$ForEachOp.evaluateSequential(ForEachOps.java:151)
	at java.base/java.util.stream.ForEachOps$ForEachOp$OfRef.evaluateSequential(ForEachOps.java:174)
	at java.base/java.util.stream.AbstractPipeline.evaluate(AbstractPipeline.java:234)
	at java.base/java.util.stream.ReferencePipeline.forEach(ReferencePipeline.java:596)
	at org.junit.platform.suite.engine.SuiteTestEngine.execute(SuiteTestEngine.java:73)
	at org.junit.platform.launcher.core.EngineExecutionOrchestrator.execute(EngineExecutionOrchestrator.java:198)
	at org.junit.platform.launcher.core.EngineExecutionOrchestrator.execute(EngineExecutionOrchestrator.java:169)
	at org.junit.platform.launcher.core.EngineExecutionOrchestrator.execute(EngineExecutionOrchestrator.java:93)
	at org.junit.platform.launcher.core.EngineExecutionOrchestrator.lambda$execute$0(EngineExecutionOrchestrator.java:58)
	at org.junit.platform.launcher.core.EngineExecutionOrchestrator.withInterceptedStreams(EngineExecutionOrchestrator.java:141)
	at org.junit.platform.launcher.core.EngineExecutionOrchestrator.execute(EngineExecutionOrchestrator.java:57)
	at org.junit.platform.launcher.core.DefaultLauncher.execute(DefaultLauncher.java:103)
	at org.junit.platform.launcher.core.DefaultLauncher.execute(DefaultLauncher.java:85)
	at org.junit.platform.launcher.core.DelegatingLauncher.execute(DelegatingLauncher.java:47)
	at org.apache.maven.surefire.junitplatform.LazyLauncher.execute(LazyLauncher.java:50)
	at org.apache.maven.surefire.junitplatform.JUnitPlatformProvider.execute(JUnitPlatformProvider.java:184)
	at org.apache.maven.surefire.junitplatform.JUnitPlatformProvider.invokeAllTests(JUnitPlatformProvider.java:148)
	at org.apache.maven.surefire.junitplatform.JUnitPlatformProvider.invoke(JUnitPlatformProvider.java:122)
	at org.apache.maven.surefire.booter.ForkedBooter.runSuitesInProcess(ForkedBooter.java:385)
	at org.apache.maven.surefire.booter.ForkedBooter.execute(ForkedBooter.java:162)
	at org.apache.maven.surefire.booter.ForkedBooter.run(ForkedBooter.java:507)
	at org.apache.maven.surefire.booter.ForkedBooter.main(ForkedBooter.java:495)
&amp#27;[0m
  &amp#27;[36mE &amp#27;[0m&amp#27;[36mexistem participações para outros funcionários&amp#27;[0m                      &amp#27;[90m# steps.ParticipacaoSteps.existemParticipaçõesParaOutrosFuncionários()&amp#27;[0m
    | colaborador_id | treinamento_id | concluido |
    | 2              | 1              | false     |
  &amp#27;[36mQuando &amp#27;[0m&amp#27;[36menvio uma requisição GET para &amp#27;[0m&amp#27;[36m&amp#27;[1m"/participacoes/colaborador/1"&amp#27;[0m   &amp#27;[90m# steps.ColaboradorGestaoSteps.envioUmaRequisiçãoGETPara(java.lang.String)&amp#27;[0m
  &amp#27;[36mEntão &amp#27;[0m&amp#27;[36mo status da resposta deve ser &amp#27;[0m&amp#27;[36m&amp#27;[1m200&amp#27;[0m                               &amp#27;[90m# steps.AutenticacaoSteps.oStatusDaRespostaDeveSer(int)&amp#27;[0m
  &amp#27;[36mE &amp#27;[0m&amp#27;[36ma resposta deve conter apenas participações do funcionário &amp#27;[0m&amp#27;[36m&amp#27;[1m1&amp#27;[0m        &amp#27;[90m# steps.ParticipacaoSteps.aRespostaDeveConterApenasParticipaçõesDoFuncionário(int)&amp#27;[0m
  &amp#27;[36mE &amp#27;[0m&amp#27;[36ma lista deve conter &amp#27;[0m&amp#27;[36m&amp#27;[1m3&amp#27;[0m&amp#27;[36m registros de participação&amp#27;[0m                     &amp#27;[90m# steps.ParticipacaoSteps.aListaDeveConterRegistrosDeParticipação(int)&amp#27;[0m
]]></system-out>
  </testcase>
  <testcase name="Marcar participação como concluída com sucesso" classname="Gerenciamento de Participações" time="0.027">
    <error message="Step [que existe um registro de participação com ID {int}] is defined with 1 parameters at &apos;steps.ParticipacaoSteps.queExisteUmRegistroDeParticipaçãoComID(int)&apos;.&#10;However, the gherkin step has 2 arguments:&#10; * 1&#10; * Table:&#10;      | colaborador_id | treinamento_id | concluido |&#10;      | 1              | 1              | false     |&#10;&#10;Step text: que existe um registro de participação com ID 1" type="io.cucumber.core.exception.CucumberException"><![CDATA[io.cucumber.core.exception.CucumberException: 
Step [que existe um registro de participação com ID {int}] is defined with 1 parameters at 'steps.ParticipacaoSteps.queExisteUmRegistroDeParticipaçãoComID(int)'.
However, the gherkin step has 2 arguments:
 * 1
 * Table:
      | colaborador_id | treinamento_id | concluido |
      | 1              | 1              | false     |

Step text: que existe um registro de participação com ID 1
	at io.cucumber.core.runner.PickleStepDefinitionMatch.arityMismatch(PickleStepDefinitionMatch.java:83)
	at io.cucumber.core.runner.PickleStepDefinitionMatch.runStep(PickleStepDefinitionMatch.java:42)
	at io.cucumber.core.runner.ExecutionMode$1.execute(ExecutionMode.java:10)
	at io.cucumber.core.runner.TestStep.executeStep(TestStep.java:81)
	at io.cucumber.core.runner.TestStep.run(TestStep.java:53)
	at io.cucumber.core.runner.PickleStepTestStep.run(PickleStepTestStep.java:51)
	at io.cucumber.core.runner.TestCase.run(TestCase.java:84)
	at io.cucumber.core.runner.Runner.runPickle(Runner.java:75)
	at io.cucumber.junit.platform.engine.CucumberEngineExecutionContext.lambda$runTestCase$4(CucumberEngineExecutionContext.java:112)
	at io.cucumber.core.runtime.CucumberExecutionContext.lambda$runTestCase$5(CucumberExecutionContext.java:136)
	at io.cucumber.core.runtime.RethrowingThrowableCollector.executeAndThrow(RethrowingThrowableCollector.java:23)
	at io.cucumber.core.runtime.CucumberExecutionContext.runTestCase(CucumberExecutionContext.java:136)
	at io.cucumber.junit.platform.engine.CucumberEngineExecutionContext.runTestCase(CucumberEngineExecutionContext.java:109)
	at io.cucumber.junit.platform.engine.NodeDescriptor$PickleDescriptor.execute(NodeDescriptor.java:168)
	at io.cucumber.junit.platform.engine.NodeDescriptor$PickleDescriptor.execute(NodeDescriptor.java:90)
	at java.base/java.util.ArrayList.forEach(ArrayList.java:1596)
	at java.base/java.util.ArrayList.forEach(ArrayList.java:1596)
]]></error>
    <system-out><![CDATA[
Cenário: Marcar participação como concluída com sucesso                            &amp#27;[90m# features/participacao.feature:48&amp#27;[0m
  &amp#27;[32mDado &amp#27;[0m&amp#27;[32mque a aplicação está rodando&amp#27;[0m                                                &amp#27;[90m# steps.AutenticacaoSteps.queAAplicaçãoEstáRodando()&amp#27;[0m
  &amp#27;[32mE &amp#27;[0m&amp#27;[32mo banco de dados está acessível&amp#27;[0m                                                &amp#27;[90m# steps.AutenticacaoSteps.oBancoDeDadosEstáAcessível()&amp#27;[0m
  &amp#27;[32mE &amp#27;[0m&amp#27;[32mtenho um token de autenticação válido&amp#27;[0m                                          &amp#27;[90m# steps.ColaboradorGestaoSteps.tenhoUmTokenDeAutenticaçãoVálido()&amp#27;[0m
  &amp#27;[31mDado &amp#27;[0m&amp#27;[31mque existe um registro de participação com ID &amp#27;[0m&amp#27;[31m&amp#27;[1m1&amp#27;[0m                             &amp#27;[90m# steps.ParticipacaoSteps.queExisteUmRegistroDeParticipaçãoComID(int)&amp#27;[0m
    | colaborador_id | treinamento_id | concluido |
    | 1              | 1              | false     |
      &amp#27;[31mio.cucumber.core.exception.CucumberException: Step [que existe um registro de participação com ID {int}] is defined with 1 parameters at 'steps.ParticipacaoSteps.queExisteUmRegistroDeParticipaçãoComID(int)'.
However, the gherkin step has 2 arguments:
 * 1
 * Table:
      | colaborador_id | treinamento_id | concluido |
      | 1              | 1              | false     |

Step text: que existe um registro de participação com ID 1
	at io.cucumber.core.runner.PickleStepDefinitionMatch.arityMismatch(PickleStepDefinitionMatch.java:83)
	at io.cucumber.core.runner.PickleStepDefinitionMatch.runStep(PickleStepDefinitionMatch.java:42)
	at io.cucumber.core.runner.ExecutionMode$1.execute(ExecutionMode.java:10)
	at io.cucumber.core.runner.TestStep.executeStep(TestStep.java:81)
	at io.cucumber.core.runner.TestStep.run(TestStep.java:53)
	at io.cucumber.core.runner.PickleStepTestStep.run(PickleStepTestStep.java:51)
	at io.cucumber.core.runner.TestCase.run(TestCase.java:84)
	at io.cucumber.core.runner.Runner.runPickle(Runner.java:75)
	at io.cucumber.junit.platform.engine.CucumberEngineExecutionContext.lambda$runTestCase$4(CucumberEngineExecutionContext.java:112)
	at io.cucumber.core.runtime.CucumberExecutionContext.lambda$runTestCase$5(CucumberExecutionContext.java:136)
	at io.cucumber.core.runtime.RethrowingThrowableCollector.executeAndThrow(RethrowingThrowableCollector.java:23)
	at io.cucumber.core.runtime.CucumberExecutionContext.runTestCase(CucumberExecutionContext.java:136)
	at io.cucumber.junit.platform.engine.CucumberEngineExecutionContext.runTestCase(CucumberEngineExecutionContext.java:109)
	at io.cucumber.junit.platform.engine.NodeDescriptor$PickleDescriptor.execute(NodeDescriptor.java:168)
	at io.cucumber.junit.platform.engine.NodeDescriptor$PickleDescriptor.execute(NodeDescriptor.java:90)
	at org.junit.platform.engine.support.hierarchical.NodeTestTask.lambda$executeRecursively$6(NodeTestTask.java:151)
	at org.junit.platform.engine.support.hierarchical.ThrowableCollector.execute(ThrowableCollector.java:73)
	at org.junit.platform.engine.support.hierarchical.NodeTestTask.lambda$executeRecursively$8(NodeTestTask.java:141)
	at org.junit.platform.engine.support.hierarchical.Node.around(Node.java:137)
	at org.junit.platform.engine.support.hierarchical.NodeTestTask.lambda$executeRecursively$9(NodeTestTask.java:139)
	at org.junit.platform.engine.support.hierarchical.ThrowableCollector.execute(ThrowableCollector.java:73)
	at org.junit.platform.engine.support.hierarchical.NodeTestTask.executeRecursively(NodeTestTask.java:138)
	at org.junit.platform.engine.support.hierarchical.NodeTestTask.execute(NodeTestTask.java:95)
	at java.base/java.util.ArrayList.forEach(ArrayList.java:1596)
	at org.junit.platform.engine.support.hierarchical.SameThreadHierarchicalTestExecutorService.invokeAll(SameThreadHierarchicalTestExecutorService.java:41)
	at org.junit.platform.engine.support.hierarchical.NodeTestTask.lambda$executeRecursively$6(NodeTestTask.java:155)
	at org.junit.platform.engine.support.hierarchical.ThrowableCollector.execute(ThrowableCollector.java:73)
	at org.junit.platform.engine.support.hierarchical.NodeTestTask.lambda$executeRecursively$8(NodeTestTask.java:141)
	at org.junit.platform.engine.support.hierarchical.Node.around(Node.java:137)
	at org.junit.platform.engine.support.hierarchical.NodeTestTask.lambda$executeRecursively$9(NodeTestTask.java:139)
	at org.junit.platform.engine.support.hierarchical.ThrowableCollector.execute(ThrowableCollector.java:73)
	at org.junit.platform.engine.support.hierarchical.NodeTestTask.executeRecursively(NodeTestTask.java:138)
	at org.junit.platform.engine.support.hierarchical.NodeTestTask.execute(NodeTestTask.java:95)
	at java.base/java.util.ArrayList.forEach(ArrayList.java:1596)
	at org.junit.platform.engine.support.hierarchical.SameThreadHierarchicalTestExecutorService.invokeAll(SameThreadHierarchicalTestExecutorService.java:41)
	at org.junit.platform.engine.support.hierarchical.NodeTestTask.lambda$executeRecursively$6(NodeTestTask.java:155)
	at org.junit.platform.engine.support.hierarchical.ThrowableCollector.execute(ThrowableCollector.java:73)
	at org.junit.platform.engine.support.hierarchical.NodeTestTask.lambda$executeRecursively$8(NodeTestTask.java:141)
	at org.junit.platform.engine.support.hierarchical.Node.around(Node.java:137)
	at org.junit.platform.engine.support.hierarchical.NodeTestTask.lambda$executeRecursively$9(NodeTestTask.java:139)
	at org.junit.platform.engine.support.hierarchical.ThrowableCollector.execute(ThrowableCollector.java:73)
	at org.junit.platform.engine.support.hierarchical.NodeTestTask.executeRecursively(NodeTestTask.java:138)
	at org.junit.platform.engine.support.hierarchical.NodeTestTask.execute(NodeTestTask.java:95)
	at org.junit.platform.engine.support.hierarchical.SameThreadHierarchicalTestExecutorService.submit(SameThreadHierarchicalTestExecutorService.java:35)
	at org.junit.platform.engine.support.hierarchical.HierarchicalTestExecutor.execute(HierarchicalTestExecutor.java:57)
	at org.junit.platform.engine.support.hierarchical.HierarchicalTestEngine.execute(HierarchicalTestEngine.java:54)
	at org.junit.platform.launcher.core.EngineExecutionOrchestrator.execute(EngineExecutionOrchestrator.java:198)
	at org.junit.platform.launcher.core.EngineExecutionOrchestrator.execute(EngineExecutionOrchestrator.java:169)
	at org.junit.platform.launcher.core.EngineExecutionOrchestrator.execute(EngineExecutionOrchestrator.java:93)
	at org.junit.platform.launcher.core.EngineExecutionOrchestrator.execute(EngineExecutionOrchestrator.java:76)
	at org.junit.platform.suite.engine.SuiteLauncher.execute(SuiteLauncher.java:63)
	at org.junit.platform.suite.engine.SuiteTestDescriptor.execute(SuiteTestDescriptor.java:128)
	at org.junit.platform.suite.engine.SuiteTestEngine.lambda$execute$0(SuiteTestEngine.java:73)
	at java.base/java.util.stream.ForEachOps$ForEachOp$OfRef.accept(ForEachOps.java:184)
	at java.base/java.util.stream.ReferencePipeline$3$1.accept(ReferencePipeline.java:197)
	at java.base/java.util.Iterator.forEachRemaining(Iterator.java:133)
	at java.base/java.util.Spliterators$IteratorSpliterator.forEachRemaining(Spliterators.java:1939)
	at java.base/java.util.stream.AbstractPipeline.copyInto(AbstractPipeline.java:509)
	at java.base/java.util.stream.AbstractPipeline.wrapAndCopyInto(AbstractPipeline.java:499)
	at java.base/java.util.stream.ForEachOps$ForEachOp.evaluateSequential(ForEachOps.java:151)
	at java.base/java.util.stream.ForEachOps$ForEachOp$OfRef.evaluateSequential(ForEachOps.java:174)
	at java.base/java.util.stream.AbstractPipeline.evaluate(AbstractPipeline.java:234)
	at java.base/java.util.stream.ReferencePipeline.forEach(ReferencePipeline.java:596)
	at org.junit.platform.suite.engine.SuiteTestEngine.execute(SuiteTestEngine.java:73)
	at org.junit.platform.launcher.core.EngineExecutionOrchestrator.execute(EngineExecutionOrchestrator.java:198)
	at org.junit.platform.launcher.core.EngineExecutionOrchestrator.execute(EngineExecutionOrchestrator.java:169)
	at org.junit.platform.launcher.core.EngineExecutionOrchestrator.execute(EngineExecutionOrchestrator.java:93)
	at org.junit.platform.launcher.core.EngineExecutionOrchestrator.lambda$execute$0(EngineExecutionOrchestrator.java:58)
	at org.junit.platform.launcher.core.EngineExecutionOrchestrator.withInterceptedStreams(EngineExecutionOrchestrator.java:141)
	at org.junit.platform.launcher.core.EngineExecutionOrchestrator.execute(EngineExecutionOrchestrator.java:57)
	at org.junit.platform.launcher.core.DefaultLauncher.execute(DefaultLauncher.java:103)
	at org.junit.platform.launcher.core.DefaultLauncher.execute(DefaultLauncher.java:85)
	at org.junit.platform.launcher.core.DelegatingLauncher.execute(DelegatingLauncher.java:47)
	at org.apache.maven.surefire.junitplatform.LazyLauncher.execute(LazyLauncher.java:50)
	at org.apache.maven.surefire.junitplatform.JUnitPlatformProvider.execute(JUnitPlatformProvider.java:184)
	at org.apache.maven.surefire.junitplatform.JUnitPlatformProvider.invokeAllTests(JUnitPlatformProvider.java:148)
	at org.apache.maven.surefire.junitplatform.JUnitPlatformProvider.invoke(JUnitPlatformProvider.java:122)
	at org.apache.maven.surefire.booter.ForkedBooter.runSuitesInProcess(ForkedBooter.java:385)
	at org.apache.maven.surefire.booter.ForkedBooter.execute(ForkedBooter.java:162)
	at org.apache.maven.surefire.booter.ForkedBooter.run(ForkedBooter.java:507)
	at org.apache.maven.surefire.booter.ForkedBooter.main(ForkedBooter.java:495)
&amp#27;[0m
  &amp#27;[36mE &amp#27;[0m&amp#27;[36mquero marcá-la como concluída&amp#27;[0m                                                  &amp#27;[90m# steps.ParticipacaoSteps.queroMarcáLaComoConcluída()&amp#27;[0m
    | colaborador_id | treinamento_id | concluido |
    | 1              | 1              | true      |
  &amp#27;[36mQuando &amp#27;[0m&amp#27;[36menvio uma requisição PUT para &amp#27;[0m&amp#27;[36m&amp#27;[1m"/participacoes/1"&amp#27;[0m&amp#27;[36m com os dados atualizados&amp#27;[0m &amp#27;[90m# steps.ParticipacaoSteps.envioUmaRequisiçãoPUTParaComOsDadosAtualizados(java.lang.String)&amp#27;[0m
  &amp#27;[36mEntão &amp#27;[0m&amp#27;[36mo status da resposta deve ser &amp#27;[0m&amp#27;[36m&amp#27;[1m200&amp#27;[0m                                          &amp#27;[90m# steps.AutenticacaoSteps.oStatusDaRespostaDeveSer(int)&amp#27;[0m
  &amp#27;[36mE &amp#27;[0m&amp#27;[36ma resposta deve conter os detalhes da participação atualizada&amp#27;[0m                  &amp#27;[90m# steps.ParticipacaoSteps.aRespostaDeveConterOsDetalhesDaParticipaçãoAtualizada()&amp#27;[0m
  &amp#27;[36mE &amp#27;[0m&amp#27;[36ma participação deve estar marcada como concluída&amp#27;[0m                               &amp#27;[90m# steps.ParticipacaoSteps.aParticipaçãoDeveEstarMarcadaComoConcluída()&amp#27;[0m
]]></system-out>
  </testcase>
  <testcase name="Marcar participação como concluída com sucesso" classname="Gerenciamento de Participações" time="0.025">
    <error message="Step [que existe um registro de participação com ID {int}] is defined with 1 parameters at &apos;steps.ParticipacaoSteps.queExisteUmRegistroDeParticipaçãoComID(int)&apos;.&#10;However, the gherkin step has 2 arguments:&#10; * 1&#10; * Table:&#10;      | colaborador_id | treinamento_id | concluido |&#10;      | 1              | 1              | false     |&#10;&#10;Step text: que existe um registro de participação com ID 1" type="io.cucumber.core.exception.CucumberException"><![CDATA[io.cucumber.core.exception.CucumberException: 
Step [que existe um registro de participação com ID {int}] is defined with 1 parameters at 'steps.ParticipacaoSteps.queExisteUmRegistroDeParticipaçãoComID(int)'.
However, the gherkin step has 2 arguments:
 * 1
 * Table:
      | colaborador_id | treinamento_id | concluido |
      | 1              | 1              | false     |

Step text: que existe um registro de participação com ID 1
	at io.cucumber.core.runner.PickleStepDefinitionMatch.arityMismatch(PickleStepDefinitionMatch.java:83)
	at io.cucumber.core.runner.PickleStepDefinitionMatch.runStep(PickleStepDefinitionMatch.java:42)
	at io.cucumber.core.runner.ExecutionMode$1.execute(ExecutionMode.java:10)
	at io.cucumber.core.runner.TestStep.executeStep(TestStep.java:81)
	at io.cucumber.core.runner.TestStep.run(TestStep.java:53)
	at io.cucumber.core.runner.PickleStepTestStep.run(PickleStepTestStep.java:51)
	at io.cucumber.core.runner.TestCase.run(TestCase.java:84)
	at io.cucumber.core.runner.Runner.runPickle(Runner.java:75)
	at io.cucumber.junit.platform.engine.CucumberEngineExecutionContext.lambda$runTestCase$4(CucumberEngineExecutionContext.java:112)
	at io.cucumber.core.runtime.CucumberExecutionContext.lambda$runTestCase$5(CucumberExecutionContext.java:136)
	at io.cucumber.core.runtime.RethrowingThrowableCollector.executeAndThrow(RethrowingThrowableCollector.java:23)
	at io.cucumber.core.runtime.CucumberExecutionContext.runTestCase(CucumberExecutionContext.java:136)
	at io.cucumber.junit.platform.engine.CucumberEngineExecutionContext.runTestCase(CucumberEngineExecutionContext.java:109)
	at io.cucumber.junit.platform.engine.NodeDescriptor$PickleDescriptor.execute(NodeDescriptor.java:168)
	at io.cucumber.junit.platform.engine.NodeDescriptor$PickleDescriptor.execute(NodeDescriptor.java:90)
	at java.base/java.util.ArrayList.forEach(ArrayList.java:1596)
	at java.base/java.util.ArrayList.forEach(ArrayList.java:1596)
]]></error>
    <system-out><![CDATA[
Cenário: Marcar participação como concluída com sucesso                            &amp#27;[90m# features/treinamento.feature:48&amp#27;[0m
  &amp#27;[32mDado &amp#27;[0m&amp#27;[32mque a aplicação está rodando&amp#27;[0m                                                &amp#27;[90m# steps.AutenticacaoSteps.queAAplicaçãoEstáRodando()&amp#27;[0m
  &amp#27;[32mE &amp#27;[0m&amp#27;[32mo banco de dados está acessível&amp#27;[0m                                                &amp#27;[90m# steps.AutenticacaoSteps.oBancoDeDadosEstáAcessível()&amp#27;[0m
  &amp#27;[32mE &amp#27;[0m&amp#27;[32mtenho um token de autenticação válido&amp#27;[0m                                          &amp#27;[90m# steps.ColaboradorGestaoSteps.tenhoUmTokenDeAutenticaçãoVálido()&amp#27;[0m
  &amp#27;[31mDado &amp#27;[0m&amp#27;[31mque existe um registro de participação com ID &amp#27;[0m&amp#27;[31m&amp#27;[1m1&amp#27;[0m                             &amp#27;[90m# steps.ParticipacaoSteps.queExisteUmRegistroDeParticipaçãoComID(int)&amp#27;[0m
    | colaborador_id | treinamento_id | concluido |
    | 1              | 1              | false     |
      &amp#27;[31mio.cucumber.core.exception.CucumberException: Step [que existe um registro de participação com ID {int}] is defined with 1 parameters at 'steps.ParticipacaoSteps.queExisteUmRegistroDeParticipaçãoComID(int)'.
However, the gherkin step has 2 arguments:
 * 1
 * Table:
      | colaborador_id | treinamento_id | concluido |
      | 1              | 1              | false     |

Step text: que existe um registro de participação com ID 1
	at io.cucumber.core.runner.PickleStepDefinitionMatch.arityMismatch(PickleStepDefinitionMatch.java:83)
	at io.cucumber.core.runner.PickleStepDefinitionMatch.runStep(PickleStepDefinitionMatch.java:42)
	at io.cucumber.core.runner.ExecutionMode$1.execute(ExecutionMode.java:10)
	at io.cucumber.core.runner.TestStep.executeStep(TestStep.java:81)
	at io.cucumber.core.runner.TestStep.run(TestStep.java:53)
	at io.cucumber.core.runner.PickleStepTestStep.run(PickleStepTestStep.java:51)
	at io.cucumber.core.runner.TestCase.run(TestCase.java:84)
	at io.cucumber.core.runner.Runner.runPickle(Runner.java:75)
	at io.cucumber.junit.platform.engine.CucumberEngineExecutionContext.lambda$runTestCase$4(CucumberEngineExecutionContext.java:112)
	at io.cucumber.core.runtime.CucumberExecutionContext.lambda$runTestCase$5(CucumberExecutionContext.java:136)
	at io.cucumber.core.runtime.RethrowingThrowableCollector.executeAndThrow(RethrowingThrowableCollector.java:23)
	at io.cucumber.core.runtime.CucumberExecutionContext.runTestCase(CucumberExecutionContext.java:136)
	at io.cucumber.junit.platform.engine.CucumberEngineExecutionContext.runTestCase(CucumberEngineExecutionContext.java:109)
	at io.cucumber.junit.platform.engine.NodeDescriptor$PickleDescriptor.execute(NodeDescriptor.java:168)
	at io.cucumber.junit.platform.engine.NodeDescriptor$PickleDescriptor.execute(NodeDescriptor.java:90)
	at org.junit.platform.engine.support.hierarchical.NodeTestTask.lambda$executeRecursively$6(NodeTestTask.java:151)
	at org.junit.platform.engine.support.hierarchical.ThrowableCollector.execute(ThrowableCollector.java:73)
	at org.junit.platform.engine.support.hierarchical.NodeTestTask.lambda$executeRecursively$8(NodeTestTask.java:141)
	at org.junit.platform.engine.support.hierarchical.Node.around(Node.java:137)
	at org.junit.platform.engine.support.hierarchical.NodeTestTask.lambda$executeRecursively$9(NodeTestTask.java:139)
	at org.junit.platform.engine.support.hierarchical.ThrowableCollector.execute(ThrowableCollector.java:73)
	at org.junit.platform.engine.support.hierarchical.NodeTestTask.executeRecursively(NodeTestTask.java:138)
	at org.junit.platform.engine.support.hierarchical.NodeTestTask.execute(NodeTestTask.java:95)
	at java.base/java.util.ArrayList.forEach(ArrayList.java:1596)
	at org.junit.platform.engine.support.hierarchical.SameThreadHierarchicalTestExecutorService.invokeAll(SameThreadHierarchicalTestExecutorService.java:41)
	at org.junit.platform.engine.support.hierarchical.NodeTestTask.lambda$executeRecursively$6(NodeTestTask.java:155)
	at org.junit.platform.engine.support.hierarchical.ThrowableCollector.execute(ThrowableCollector.java:73)
	at org.junit.platform.engine.support.hierarchical.NodeTestTask.lambda$executeRecursively$8(NodeTestTask.java:141)
	at org.junit.platform.engine.support.hierarchical.Node.around(Node.java:137)
	at org.junit.platform.engine.support.hierarchical.NodeTestTask.lambda$executeRecursively$9(NodeTestTask.java:139)
	at org.junit.platform.engine.support.hierarchical.ThrowableCollector.execute(ThrowableCollector.java:73)
	at org.junit.platform.engine.support.hierarchical.NodeTestTask.executeRecursively(NodeTestTask.java:138)
	at org.junit.platform.engine.support.hierarchical.NodeTestTask.execute(NodeTestTask.java:95)
	at java.base/java.util.ArrayList.forEach(ArrayList.java:1596)
	at org.junit.platform.engine.support.hierarchical.SameThreadHierarchicalTestExecutorService.invokeAll(SameThreadHierarchicalTestExecutorService.java:41)
	at org.junit.platform.engine.support.hierarchical.NodeTestTask.lambda$executeRecursively$6(NodeTestTask.java:155)
	at org.junit.platform.engine.support.hierarchical.ThrowableCollector.execute(ThrowableCollector.java:73)
	at org.junit.platform.engine.support.hierarchical.NodeTestTask.lambda$executeRecursively$8(NodeTestTask.java:141)
	at org.junit.platform.engine.support.hierarchical.Node.around(Node.java:137)
	at org.junit.platform.engine.support.hierarchical.NodeTestTask.lambda$executeRecursively$9(NodeTestTask.java:139)
	at org.junit.platform.engine.support.hierarchical.ThrowableCollector.execute(ThrowableCollector.java:73)
	at org.junit.platform.engine.support.hierarchical.NodeTestTask.executeRecursively(NodeTestTask.java:138)
	at org.junit.platform.engine.support.hierarchical.NodeTestTask.execute(NodeTestTask.java:95)
	at org.junit.platform.engine.support.hierarchical.SameThreadHierarchicalTestExecutorService.submit(SameThreadHierarchicalTestExecutorService.java:35)
	at org.junit.platform.engine.support.hierarchical.HierarchicalTestExecutor.execute(HierarchicalTestExecutor.java:57)
	at org.junit.platform.engine.support.hierarchical.HierarchicalTestEngine.execute(HierarchicalTestEngine.java:54)
	at org.junit.platform.launcher.core.EngineExecutionOrchestrator.execute(EngineExecutionOrchestrator.java:198)
	at org.junit.platform.launcher.core.EngineExecutionOrchestrator.execute(EngineExecutionOrchestrator.java:169)
	at org.junit.platform.launcher.core.EngineExecutionOrchestrator.execute(EngineExecutionOrchestrator.java:93)
	at org.junit.platform.launcher.core.EngineExecutionOrchestrator.execute(EngineExecutionOrchestrator.java:76)
	at org.junit.platform.suite.engine.SuiteLauncher.execute(SuiteLauncher.java:63)
	at org.junit.platform.suite.engine.SuiteTestDescriptor.execute(SuiteTestDescriptor.java:128)
	at org.junit.platform.suite.engine.SuiteTestEngine.lambda$execute$0(SuiteTestEngine.java:73)
	at java.base/java.util.stream.ForEachOps$ForEachOp$OfRef.accept(ForEachOps.java:184)
	at java.base/java.util.stream.ReferencePipeline$3$1.accept(ReferencePipeline.java:197)
	at java.base/java.util.Iterator.forEachRemaining(Iterator.java:133)
	at java.base/java.util.Spliterators$IteratorSpliterator.forEachRemaining(Spliterators.java:1939)
	at java.base/java.util.stream.AbstractPipeline.copyInto(AbstractPipeline.java:509)
	at java.base/java.util.stream.AbstractPipeline.wrapAndCopyInto(AbstractPipeline.java:499)
	at java.base/java.util.stream.ForEachOps$ForEachOp.evaluateSequential(ForEachOps.java:151)
	at java.base/java.util.stream.ForEachOps$ForEachOp$OfRef.evaluateSequential(ForEachOps.java:174)
	at java.base/java.util.stream.AbstractPipeline.evaluate(AbstractPipeline.java:234)
	at java.base/java.util.stream.ReferencePipeline.forEach(ReferencePipeline.java:596)
	at org.junit.platform.suite.engine.SuiteTestEngine.execute(SuiteTestEngine.java:73)
	at org.junit.platform.launcher.core.EngineExecutionOrchestrator.execute(EngineExecutionOrchestrator.java:198)
	at org.junit.platform.launcher.core.EngineExecutionOrchestrator.execute(EngineExecutionOrchestrator.java:169)
	at org.junit.platform.launcher.core.EngineExecutionOrchestrator.execute(EngineExecutionOrchestrator.java:93)
	at org.junit.platform.launcher.core.EngineExecutionOrchestrator.lambda$execute$0(EngineExecutionOrchestrator.java:58)
	at org.junit.platform.launcher.core.EngineExecutionOrchestrator.withInterceptedStreams(EngineExecutionOrchestrator.java:141)
	at org.junit.platform.launcher.core.EngineExecutionOrchestrator.execute(EngineExecutionOrchestrator.java:57)
	at org.junit.platform.launcher.core.DefaultLauncher.execute(DefaultLauncher.java:103)
	at org.junit.platform.launcher.core.DefaultLauncher.execute(DefaultLauncher.java:85)
	at org.junit.platform.launcher.core.DelegatingLauncher.execute(DelegatingLauncher.java:47)
	at org.apache.maven.surefire.junitplatform.LazyLauncher.execute(LazyLauncher.java:50)
	at org.apache.maven.surefire.junitplatform.JUnitPlatformProvider.execute(JUnitPlatformProvider.java:184)
	at org.apache.maven.surefire.junitplatform.JUnitPlatformProvider.invokeAllTests(JUnitPlatformProvider.java:148)
	at org.apache.maven.surefire.junitplatform.JUnitPlatformProvider.invoke(JUnitPlatformProvider.java:122)
	at org.apache.maven.surefire.booter.ForkedBooter.runSuitesInProcess(ForkedBooter.java:385)
	at org.apache.maven.surefire.booter.ForkedBooter.execute(ForkedBooter.java:162)
	at org.apache.maven.surefire.booter.ForkedBooter.run(ForkedBooter.java:507)
	at org.apache.maven.surefire.booter.ForkedBooter.main(ForkedBooter.java:495)
&amp#27;[0m
  &amp#27;[36mE &amp#27;[0m&amp#27;[36mquero marcá-la como concluída&amp#27;[0m                                                  &amp#27;[90m# steps.ParticipacaoSteps.queroMarcáLaComoConcluída()&amp#27;[0m
    | colaborador_id | treinamento_id | concluido |
    | 1              | 1              | true      |
  &amp#27;[36mQuando &amp#27;[0m&amp#27;[36menvio uma requisição PUT para &amp#27;[0m&amp#27;[36m&amp#27;[1m"/participacoes/1"&amp#27;[0m&amp#27;[36m com os dados atualizados&amp#27;[0m &amp#27;[90m# steps.ParticipacaoSteps.envioUmaRequisiçãoPUTParaComOsDadosAtualizados(java.lang.String)&amp#27;[0m
  &amp#27;[36mEntão &amp#27;[0m&amp#27;[36mo status da resposta deve ser &amp#27;[0m&amp#27;[36m&amp#27;[1m200&amp#27;[0m                                          &amp#27;[90m# steps.AutenticacaoSteps.oStatusDaRespostaDeveSer(int)&amp#27;[0m
  &amp#27;[36mE &amp#27;[0m&amp#27;[36ma resposta deve conter os detalhes da participação atualizada&amp#27;[0m                  &amp#27;[90m# steps.ParticipacaoSteps.aRespostaDeveConterOsDetalhesDaParticipaçãoAtualizada()&amp#27;[0m
  &amp#27;[36mE &amp#27;[0m&amp#27;[36ma participação deve estar marcada como concluída&amp#27;[0m                               &amp#27;[90m# steps.ParticipacaoSteps.aParticipaçãoDeveEstarMarcadaComoConcluída()&amp#27;[0m
]]></system-out>
  </testcase>
  <testcase name="Listar participações para funcionário inexistente" classname="Gerenciamento de Participações" time="0.09">
    <error message="Cannot invoke &quot;io.restassured.response.Response.getStatusCode()&quot; because &quot;this.autenticacaoService.response&quot; is null" type="java.lang.NullPointerException"><![CDATA[java.lang.NullPointerException: Cannot invoke "io.restassured.response.Response.getStatusCode()" because "this.autenticacaoService.response" is null
	at steps.AutenticacaoSteps.oStatusDaRespostaDeveSer(AutenticacaoSteps.java:43)
	at ✽.o status da resposta deve ser 200(classpath:features/participacao.feature:63)
]]></error>
    <system-out><![CDATA[
Cenário: Listar participações para funcionário inexistente              &amp#27;[90m# features/participacao.feature:60&amp#27;[0m
  &amp#27;[32mDado &amp#27;[0m&amp#27;[32mque a aplicação está rodando&amp#27;[0m                                     &amp#27;[90m# steps.AutenticacaoSteps.queAAplicaçãoEstáRodando()&amp#27;[0m
  &amp#27;[32mE &amp#27;[0m&amp#27;[32mo banco de dados está acessível&amp#27;[0m                                     &amp#27;[90m# steps.AutenticacaoSteps.oBancoDeDadosEstáAcessível()&amp#27;[0m
  &amp#27;[32mE &amp#27;[0m&amp#27;[32mtenho um token de autenticação válido&amp#27;[0m                               &amp#27;[90m# steps.ColaboradorGestaoSteps.tenhoUmTokenDeAutenticaçãoVálido()&amp#27;[0m
  &amp#27;[32mDado &amp#27;[0m&amp#27;[32mque não existe um funcionário com ID &amp#27;[0m&amp#27;[32m&amp#27;[1m999&amp#27;[0m                         &amp#27;[90m# steps.ParticipacaoSteps.queNãoExisteUmFuncionárioComID(int)&amp#27;[0m
  &amp#27;[32mQuando &amp#27;[0m&amp#27;[32menvio uma requisição GET para &amp#27;[0m&amp#27;[32m&amp#27;[1m"/participacoes/colaborador/999"&amp#27;[0m &amp#27;[90m# steps.ColaboradorGestaoSteps.envioUmaRequisiçãoGETPara(java.lang.String)&amp#27;[0m
  &amp#27;[31mEntão &amp#27;[0m&amp#27;[31mo status da resposta deve ser &amp#27;[0m&amp#27;[31m&amp#27;[1m200&amp#27;[0m                               &amp#27;[90m# steps.AutenticacaoSteps.oStatusDaRespostaDeveSer(int)&amp#27;[0m
      &amp#27;[31mjava.lang.NullPointerException: Cannot invoke "io.restassured.response.Response.getStatusCode()" because "this.autenticacaoService.response" is null
	at steps.AutenticacaoSteps.oStatusDaRespostaDeveSer(AutenticacaoSteps.java:43)
	at ✽.o status da resposta deve ser 200(classpath:features/participacao.feature:63)
&amp#27;[0m
  &amp#27;[36mE &amp#27;[0m&amp#27;[36ma resposta deve ser uma lista vazia&amp#27;[0m                                 &amp#27;[90m# steps.ParticipacaoSteps.aRespostaDeveSerUmaListaVazia()&amp#27;[0m
]]></system-out>
  </testcase>
  <testcase name="Listar participações para funcionário inexistente" classname="Gerenciamento de Participações" time="0.025">
    <error message="Cannot invoke &quot;io.restassured.response.Response.getStatusCode()&quot; because &quot;this.autenticacaoService.response&quot; is null" type="java.lang.NullPointerException"><![CDATA[java.lang.NullPointerException: Cannot invoke "io.restassured.response.Response.getStatusCode()" because "this.autenticacaoService.response" is null
	at steps.AutenticacaoSteps.oStatusDaRespostaDeveSer(AutenticacaoSteps.java:43)
	at ✽.o status da resposta deve ser 200(classpath:features/treinamento.feature:63)
]]></error>
    <system-out><![CDATA[
Cenário: Listar participações para funcionário inexistente              &amp#27;[90m# features/treinamento.feature:60&amp#27;[0m
  &amp#27;[32mDado &amp#27;[0m&amp#27;[32mque a aplicação está rodando&amp#27;[0m                                     &amp#27;[90m# steps.AutenticacaoSteps.queAAplicaçãoEstáRodando()&amp#27;[0m
  &amp#27;[32mE &amp#27;[0m&amp#27;[32mo banco de dados está acessível&amp#27;[0m                                     &amp#27;[90m# steps.AutenticacaoSteps.oBancoDeDadosEstáAcessível()&amp#27;[0m
  &amp#27;[32mE &amp#27;[0m&amp#27;[32mtenho um token de autenticação válido&amp#27;[0m                               &amp#27;[90m# steps.ColaboradorGestaoSteps.tenhoUmTokenDeAutenticaçãoVálido()&amp#27;[0m
  &amp#27;[32mDado &amp#27;[0m&amp#27;[32mque não existe um funcionário com ID &amp#27;[0m&amp#27;[32m&amp#27;[1m999&amp#27;[0m                         &amp#27;[90m# steps.ParticipacaoSteps.queNãoExisteUmFuncionárioComID(int)&amp#27;[0m
  &amp#27;[32mQuando &amp#27;[0m&amp#27;[32menvio uma requisição GET para &amp#27;[0m&amp#27;[32m&amp#27;[1m"/participacoes/colaborador/999"&amp#27;[0m &amp#27;[90m# steps.ColaboradorGestaoSteps.envioUmaRequisiçãoGETPara(java.lang.String)&amp#27;[0m
  &amp#27;[31mEntão &amp#27;[0m&amp#27;[31mo status da resposta deve ser &amp#27;[0m&amp#27;[31m&amp#27;[1m200&amp#27;[0m                               &amp#27;[90m# steps.AutenticacaoSteps.oStatusDaRespostaDeveSer(int)&amp#27;[0m
      &amp#27;[31mjava.lang.NullPointerException: Cannot invoke "io.restassured.response.Response.getStatusCode()" because "this.autenticacaoService.response" is null
	at steps.AutenticacaoSteps.oStatusDaRespostaDeveSer(AutenticacaoSteps.java:43)
	at ✽.o status da resposta deve ser 200(classpath:features/treinamento.feature:63)
&amp#27;[0m
  &amp#27;[36mE &amp#27;[0m&amp#27;[36ma resposta deve ser uma lista vazia&amp#27;[0m                                 &amp#27;[90m# steps.ParticipacaoSteps.aRespostaDeveSerUmaListaVazia()&amp#27;[0m
]]></system-out>
  </testcase>
  <testcase name="Listar todas as participações quando nenhuma existe" classname="Gerenciamento de Participações" time="0.089">
    <error message="Cannot invoke &quot;io.restassured.response.Response.getStatusCode()&quot; because &quot;this.autenticacaoService.response&quot; is null" type="java.lang.NullPointerException"><![CDATA[java.lang.NullPointerException: Cannot invoke "io.restassured.response.Response.getStatusCode()" because "this.autenticacaoService.response" is null
	at steps.AutenticacaoSteps.oStatusDaRespostaDeveSer(AutenticacaoSteps.java:43)
	at ✽.o status da resposta deve ser 200(classpath:features/participacao.feature:69)
]]></error>
    <system-out><![CDATA[
Cenário: Listar todas as participações quando nenhuma existe &amp#27;[90m# features/participacao.feature:66&amp#27;[0m
  &amp#27;[32mDado &amp#27;[0m&amp#27;[32mque a aplicação está rodando&amp#27;[0m                          &amp#27;[90m# steps.AutenticacaoSteps.queAAplicaçãoEstáRodando()&amp#27;[0m
  &amp#27;[32mE &amp#27;[0m&amp#27;[32mo banco de dados está acessível&amp#27;[0m                          &amp#27;[90m# steps.AutenticacaoSteps.oBancoDeDadosEstáAcessível()&amp#27;[0m
  &amp#27;[32mE &amp#27;[0m&amp#27;[32mtenho um token de autenticação válido&amp#27;[0m                    &amp#27;[90m# steps.ColaboradorGestaoSteps.tenhoUmTokenDeAutenticaçãoVálido()&amp#27;[0m
  &amp#27;[32mDado &amp#27;[0m&amp#27;[32mque não existem registros de participação no sistema&amp#27;[0m  &amp#27;[90m# steps.ParticipacaoSteps.queNãoExistemRegistrosDeParticipaçãoNoSistema()&amp#27;[0m
  &amp#27;[32mQuando &amp#27;[0m&amp#27;[32menvio uma requisição GET para &amp#27;[0m&amp#27;[32m&amp#27;[1m"/participacoes"&amp#27;[0m      &amp#27;[90m# steps.ColaboradorGestaoSteps.envioUmaRequisiçãoGETPara(java.lang.String)&amp#27;[0m
  &amp#27;[31mEntão &amp#27;[0m&amp#27;[31mo status da resposta deve ser &amp#27;[0m&amp#27;[31m&amp#27;[1m200&amp#27;[0m                    &amp#27;[90m# steps.AutenticacaoSteps.oStatusDaRespostaDeveSer(int)&amp#27;[0m
      &amp#27;[31mjava.lang.NullPointerException: Cannot invoke "io.restassured.response.Response.getStatusCode()" because "this.autenticacaoService.response" is null
	at steps.AutenticacaoSteps.oStatusDaRespostaDeveSer(AutenticacaoSteps.java:43)
	at ✽.o status da resposta deve ser 200(classpath:features/participacao.feature:69)
&amp#27;[0m
  &amp#27;[36mE &amp#27;[0m&amp#27;[36ma resposta deve ser uma lista vazia&amp#27;[0m                      &amp#27;[90m# steps.ParticipacaoSteps.aRespostaDeveSerUmaListaVazia()&amp#27;[0m
]]></system-out>
  </testcase>
  <testcase name="Listar todas as participações quando nenhuma existe" classname="Gerenciamento de Participações" time="0.023">
    <error message="Cannot invoke &quot;io.restassured.response.Response.getStatusCode()&quot; because &quot;this.autenticacaoService.response&quot; is null" type="java.lang.NullPointerException"><![CDATA[java.lang.NullPointerException: Cannot invoke "io.restassured.response.Response.getStatusCode()" because "this.autenticacaoService.response" is null
	at steps.AutenticacaoSteps.oStatusDaRespostaDeveSer(AutenticacaoSteps.java:43)
	at ✽.o status da resposta deve ser 200(classpath:features/treinamento.feature:69)
]]></error>
    <system-out><![CDATA[
Cenário: Listar todas as participações quando nenhuma existe &amp#27;[90m# features/treinamento.feature:66&amp#27;[0m
  &amp#27;[32mDado &amp#27;[0m&amp#27;[32mque a aplicação está rodando&amp#27;[0m                          &amp#27;[90m# steps.AutenticacaoSteps.queAAplicaçãoEstáRodando()&amp#27;[0m
  &amp#27;[32mE &amp#27;[0m&amp#27;[32mo banco de dados está acessível&amp#27;[0m                          &amp#27;[90m# steps.AutenticacaoSteps.oBancoDeDadosEstáAcessível()&amp#27;[0m
  &amp#27;[32mE &amp#27;[0m&amp#27;[32mtenho um token de autenticação válido&amp#27;[0m                    &amp#27;[90m# steps.ColaboradorGestaoSteps.tenhoUmTokenDeAutenticaçãoVálido()&amp#27;[0m
  &amp#27;[32mDado &amp#27;[0m&amp#27;[32mque não existem registros de participação no sistema&amp#27;[0m  &amp#27;[90m# steps.ParticipacaoSteps.queNãoExistemRegistrosDeParticipaçãoNoSistema()&amp#27;[0m
  &amp#27;[32mQuando &amp#27;[0m&amp#27;[32menvio uma requisição GET para &amp#27;[0m&amp#27;[32m&amp#27;[1m"/participacoes"&amp#27;[0m      &amp#27;[90m# steps.ColaboradorGestaoSteps.envioUmaRequisiçãoGETPara(java.lang.String)&amp#27;[0m
  &amp#27;[31mEntão &amp#27;[0m&amp#27;[31mo status da resposta deve ser &amp#27;[0m&amp#27;[31m&amp#27;[1m200&amp#27;[0m                    &amp#27;[90m# steps.AutenticacaoSteps.oStatusDaRespostaDeveSer(int)&amp#27;[0m
      &amp#27;[31mjava.lang.NullPointerException: Cannot invoke "io.restassured.response.Response.getStatusCode()" because "this.autenticacaoService.response" is null
	at steps.AutenticacaoSteps.oStatusDaRespostaDeveSer(AutenticacaoSteps.java:43)
	at ✽.o status da resposta deve ser 200(classpath:features/treinamento.feature:69)
&amp#27;[0m
  &amp#27;[36mE &amp#27;[0m&amp#27;[36ma resposta deve ser uma lista vazia&amp#27;[0m                      &amp#27;[90m# steps.ParticipacaoSteps.aRespostaDeveSerUmaListaVazia()&amp#27;[0m
]]></system-out>
  </testcase>
  <testcase name="Criar participação com funcionário inexistente" classname="Gerenciamento de Participações" time="0.111">
    <error message="Step [envio uma requisição POST para {string} com dados de participação] is defined with 1 parameters at &apos;steps.ParticipacaoSteps.envioUmaRequisiçãoPOSTParaComDadosDeParticipação(java.lang.String)&apos;.&#10;However, the gherkin step has 2 arguments:&#10; * &quot;/participacoes&quot;&#10; * Table:&#10;      | colaborador_id | treinamento_id | concluido |&#10;      | 999            | 1              | false     |&#10;&#10;Step text: envio uma requisição POST para &quot;/participacoes&quot; com dados de participação" type="io.cucumber.core.exception.CucumberException"><![CDATA[io.cucumber.core.exception.CucumberException: 
Step [envio uma requisição POST para {string} com dados de participação] is defined with 1 parameters at 'steps.ParticipacaoSteps.envioUmaRequisiçãoPOSTParaComDadosDeParticipação(java.lang.String)'.
However, the gherkin step has 2 arguments:
 * "/participacoes"
 * Table:
      | colaborador_id | treinamento_id | concluido |
      | 999            | 1              | false     |

Step text: envio uma requisição POST para "/participacoes" com dados de participação
	at io.cucumber.core.runner.PickleStepDefinitionMatch.arityMismatch(PickleStepDefinitionMatch.java:83)
	at io.cucumber.core.runner.PickleStepDefinitionMatch.runStep(PickleStepDefinitionMatch.java:42)
	at io.cucumber.core.runner.ExecutionMode$1.execute(ExecutionMode.java:10)
	at io.cucumber.core.runner.TestStep.executeStep(TestStep.java:81)
	at io.cucumber.core.runner.TestStep.run(TestStep.java:53)
	at io.cucumber.core.runner.PickleStepTestStep.run(PickleStepTestStep.java:51)
	at io.cucumber.core.runner.TestCase.run(TestCase.java:84)
	at io.cucumber.core.runner.Runner.runPickle(Runner.java:75)
	at io.cucumber.junit.platform.engine.CucumberEngineExecutionContext.lambda$runTestCase$4(CucumberEngineExecutionContext.java:112)
	at io.cucumber.core.runtime.CucumberExecutionContext.lambda$runTestCase$5(CucumberExecutionContext.java:136)
	at io.cucumber.core.runtime.RethrowingThrowableCollector.executeAndThrow(RethrowingThrowableCollector.java:23)
	at io.cucumber.core.runtime.CucumberExecutionContext.runTestCase(CucumberExecutionContext.java:136)
	at io.cucumber.junit.platform.engine.CucumberEngineExecutionContext.runTestCase(CucumberEngineExecutionContext.java:109)
	at io.cucumber.junit.platform.engine.NodeDescriptor$PickleDescriptor.execute(NodeDescriptor.java:168)
	at io.cucumber.junit.platform.engine.NodeDescriptor$PickleDescriptor.execute(NodeDescriptor.java:90)
	at java.base/java.util.ArrayList.forEach(ArrayList.java:1596)
	at java.base/java.util.ArrayList.forEach(ArrayList.java:1596)
]]></error>
    <system-out><![CDATA[
Cenário: Criar participação com funcionário inexistente                            &amp#27;[90m# features/participacao.feature:72&amp#27;[0m
  &amp#27;[32mDado &amp#27;[0m&amp#27;[32mque a aplicação está rodando&amp#27;[0m                                                &amp#27;[90m# steps.AutenticacaoSteps.queAAplicaçãoEstáRodando()&amp#27;[0m
  &amp#27;[32mE &amp#27;[0m&amp#27;[32mo banco de dados está acessível&amp#27;[0m                                                &amp#27;[90m# steps.AutenticacaoSteps.oBancoDeDadosEstáAcessível()&amp#27;[0m
  &amp#27;[32mE &amp#27;[0m&amp#27;[32mtenho um token de autenticação válido&amp#27;[0m                                          &amp#27;[90m# steps.ColaboradorGestaoSteps.tenhoUmTokenDeAutenticaçãoVálido()&amp#27;[0m
  &amp#27;[32mDado &amp#27;[0m&amp#27;[32mque não existe um funcionário com ID &amp#27;[0m&amp#27;[32m&amp#27;[1m999&amp#27;[0m                                    &amp#27;[90m# steps.ParticipacaoSteps.queNãoExisteUmFuncionárioComID(int)&amp#27;[0m
  &amp#27;[32mE &amp#27;[0m&amp#27;[32mexiste um programa de treinamento com ID &amp#27;[0m&amp#27;[32m&amp#27;[1m1&amp#27;[0m                                     &amp#27;[90m# steps.ParticipacaoSteps.existeUmProgramaDeTreinamentoComID(int)&amp#27;[0m
  &amp#27;[31mQuando &amp#27;[0m&amp#27;[31menvio uma requisição POST para &amp#27;[0m&amp#27;[31m&amp#27;[1m"/participacoes"&amp#27;[0m&amp#27;[31m com dados de participação&amp#27;[0m &amp#27;[90m# steps.ParticipacaoSteps.envioUmaRequisiçãoPOSTParaComDadosDeParticipação(java.lang.String)&amp#27;[0m
    | colaborador_id | treinamento_id | concluido |
    | 999            | 1              | false     |
      &amp#27;[31mio.cucumber.core.exception.CucumberException: Step [envio uma requisição POST para {string} com dados de participação] is defined with 1 parameters at 'steps.ParticipacaoSteps.envioUmaRequisiçãoPOSTParaComDadosDeParticipação(java.lang.String)'.
However, the gherkin step has 2 arguments:
 * "/participacoes"
 * Table:
      | colaborador_id | treinamento_id | concluido |
      | 999            | 1              | false     |

Step text: envio uma requisição POST para "/participacoes" com dados de participação
	at io.cucumber.core.runner.PickleStepDefinitionMatch.arityMismatch(PickleStepDefinitionMatch.java:83)
	at io.cucumber.core.runner.PickleStepDefinitionMatch.runStep(PickleStepDefinitionMatch.java:42)
	at io.cucumber.core.runner.ExecutionMode$1.execute(ExecutionMode.java:10)
	at io.cucumber.core.runner.TestStep.executeStep(TestStep.java:81)
	at io.cucumber.core.runner.TestStep.run(TestStep.java:53)
	at io.cucumber.core.runner.PickleStepTestStep.run(PickleStepTestStep.java:51)
	at io.cucumber.core.runner.TestCase.run(TestCase.java:84)
	at io.cucumber.core.runner.Runner.runPickle(Runner.java:75)
	at io.cucumber.junit.platform.engine.CucumberEngineExecutionContext.lambda$runTestCase$4(CucumberEngineExecutionContext.java:112)
	at io.cucumber.core.runtime.CucumberExecutionContext.lambda$runTestCase$5(CucumberExecutionContext.java:136)
	at io.cucumber.core.runtime.RethrowingThrowableCollector.executeAndThrow(RethrowingThrowableCollector.java:23)
	at io.cucumber.core.runtime.CucumberExecutionContext.runTestCase(CucumberExecutionContext.java:136)
	at io.cucumber.junit.platform.engine.CucumberEngineExecutionContext.runTestCase(CucumberEngineExecutionContext.java:109)
	at io.cucumber.junit.platform.engine.NodeDescriptor$PickleDescriptor.execute(NodeDescriptor.java:168)
	at io.cucumber.junit.platform.engine.NodeDescriptor$PickleDescriptor.execute(NodeDescriptor.java:90)
	at org.junit.platform.engine.support.hierarchical.NodeTestTask.lambda$executeRecursively$6(NodeTestTask.java:151)
	at org.junit.platform.engine.support.hierarchical.ThrowableCollector.execute(ThrowableCollector.java:73)
	at org.junit.platform.engine.support.hierarchical.NodeTestTask.lambda$executeRecursively$8(NodeTestTask.java:141)
	at org.junit.platform.engine.support.hierarchical.Node.around(Node.java:137)
	at org.junit.platform.engine.support.hierarchical.NodeTestTask.lambda$executeRecursively$9(NodeTestTask.java:139)
	at org.junit.platform.engine.support.hierarchical.ThrowableCollector.execute(ThrowableCollector.java:73)
	at org.junit.platform.engine.support.hierarchical.NodeTestTask.executeRecursively(NodeTestTask.java:138)
	at org.junit.platform.engine.support.hierarchical.NodeTestTask.execute(NodeTestTask.java:95)
	at java.base/java.util.ArrayList.forEach(ArrayList.java:1596)
	at org.junit.platform.engine.support.hierarchical.SameThreadHierarchicalTestExecutorService.invokeAll(SameThreadHierarchicalTestExecutorService.java:41)
	at org.junit.platform.engine.support.hierarchical.NodeTestTask.lambda$executeRecursively$6(NodeTestTask.java:155)
	at org.junit.platform.engine.support.hierarchical.ThrowableCollector.execute(ThrowableCollector.java:73)
	at org.junit.platform.engine.support.hierarchical.NodeTestTask.lambda$executeRecursively$8(NodeTestTask.java:141)
	at org.junit.platform.engine.support.hierarchical.Node.around(Node.java:137)
	at org.junit.platform.engine.support.hierarchical.NodeTestTask.lambda$executeRecursively$9(NodeTestTask.java:139)
	at org.junit.platform.engine.support.hierarchical.ThrowableCollector.execute(ThrowableCollector.java:73)
	at org.junit.platform.engine.support.hierarchical.NodeTestTask.executeRecursively(NodeTestTask.java:138)
	at org.junit.platform.engine.support.hierarchical.NodeTestTask.execute(NodeTestTask.java:95)
	at java.base/java.util.ArrayList.forEach(ArrayList.java:1596)
	at org.junit.platform.engine.support.hierarchical.SameThreadHierarchicalTestExecutorService.invokeAll(SameThreadHierarchicalTestExecutorService.java:41)
	at org.junit.platform.engine.support.hierarchical.NodeTestTask.lambda$executeRecursively$6(NodeTestTask.java:155)
	at org.junit.platform.engine.support.hierarchical.ThrowableCollector.execute(ThrowableCollector.java:73)
	at org.junit.platform.engine.support.hierarchical.NodeTestTask.lambda$executeRecursively$8(NodeTestTask.java:141)
	at org.junit.platform.engine.support.hierarchical.Node.around(Node.java:137)
	at org.junit.platform.engine.support.hierarchical.NodeTestTask.lambda$executeRecursively$9(NodeTestTask.java:139)
	at org.junit.platform.engine.support.hierarchical.ThrowableCollector.execute(ThrowableCollector.java:73)
	at org.junit.platform.engine.support.hierarchical.NodeTestTask.executeRecursively(NodeTestTask.java:138)
	at org.junit.platform.engine.support.hierarchical.NodeTestTask.execute(NodeTestTask.java:95)
	at org.junit.platform.engine.support.hierarchical.SameThreadHierarchicalTestExecutorService.submit(SameThreadHierarchicalTestExecutorService.java:35)
	at org.junit.platform.engine.support.hierarchical.HierarchicalTestExecutor.execute(HierarchicalTestExecutor.java:57)
	at org.junit.platform.engine.support.hierarchical.HierarchicalTestEngine.execute(HierarchicalTestEngine.java:54)
	at org.junit.platform.launcher.core.EngineExecutionOrchestrator.execute(EngineExecutionOrchestrator.java:198)
	at org.junit.platform.launcher.core.EngineExecutionOrchestrator.execute(EngineExecutionOrchestrator.java:169)
	at org.junit.platform.launcher.core.EngineExecutionOrchestrator.execute(EngineExecutionOrchestrator.java:93)
	at org.junit.platform.launcher.core.EngineExecutionOrchestrator.execute(EngineExecutionOrchestrator.java:76)
	at org.junit.platform.suite.engine.SuiteLauncher.execute(SuiteLauncher.java:63)
	at org.junit.platform.suite.engine.SuiteTestDescriptor.execute(SuiteTestDescriptor.java:128)
	at org.junit.platform.suite.engine.SuiteTestEngine.lambda$execute$0(SuiteTestEngine.java:73)
	at java.base/java.util.stream.ForEachOps$ForEachOp$OfRef.accept(ForEachOps.java:184)
	at java.base/java.util.stream.ReferencePipeline$3$1.accept(ReferencePipeline.java:197)
	at java.base/java.util.Iterator.forEachRemaining(Iterator.java:133)
	at java.base/java.util.Spliterators$IteratorSpliterator.forEachRemaining(Spliterators.java:1939)
	at java.base/java.util.stream.AbstractPipeline.copyInto(AbstractPipeline.java:509)
	at java.base/java.util.stream.AbstractPipeline.wrapAndCopyInto(AbstractPipeline.java:499)
	at java.base/java.util.stream.ForEachOps$ForEachOp.evaluateSequential(ForEachOps.java:151)
	at java.base/java.util.stream.ForEachOps$ForEachOp$OfRef.evaluateSequential(ForEachOps.java:174)
	at java.base/java.util.stream.AbstractPipeline.evaluate(AbstractPipeline.java:234)
	at java.base/java.util.stream.ReferencePipeline.forEach(ReferencePipeline.java:596)
	at org.junit.platform.suite.engine.SuiteTestEngine.execute(SuiteTestEngine.java:73)
	at org.junit.platform.launcher.core.EngineExecutionOrchestrator.execute(EngineExecutionOrchestrator.java:198)
	at org.junit.platform.launcher.core.EngineExecutionOrchestrator.execute(EngineExecutionOrchestrator.java:169)
	at org.junit.platform.launcher.core.EngineExecutionOrchestrator.execute(EngineExecutionOrchestrator.java:93)
	at org.junit.platform.launcher.core.EngineExecutionOrchestrator.lambda$execute$0(EngineExecutionOrchestrator.java:58)
	at org.junit.platform.launcher.core.EngineExecutionOrchestrator.withInterceptedStreams(EngineExecutionOrchestrator.java:141)
	at org.junit.platform.launcher.core.EngineExecutionOrchestrator.execute(EngineExecutionOrchestrator.java:57)
	at org.junit.platform.launcher.core.DefaultLauncher.execute(DefaultLauncher.java:103)
	at org.junit.platform.launcher.core.DefaultLauncher.execute(DefaultLauncher.java:85)
	at org.junit.platform.launcher.core.DelegatingLauncher.execute(DelegatingLauncher.java:47)
	at org.apache.maven.surefire.junitplatform.LazyLauncher.execute(LazyLauncher.java:50)
	at org.apache.maven.surefire.junitplatform.JUnitPlatformProvider.execute(JUnitPlatformProvider.java:184)
	at org.apache.maven.surefire.junitplatform.JUnitPlatformProvider.invokeAllTests(JUnitPlatformProvider.java:148)
	at org.apache.maven.surefire.junitplatform.JUnitPlatformProvider.invoke(JUnitPlatformProvider.java:122)
	at org.apache.maven.surefire.booter.ForkedBooter.runSuitesInProcess(ForkedBooter.java:385)
	at org.apache.maven.surefire.booter.ForkedBooter.execute(ForkedBooter.java:162)
	at org.apache.maven.surefire.booter.ForkedBooter.run(ForkedBooter.java:507)
	at org.apache.maven.surefire.booter.ForkedBooter.main(ForkedBooter.java:495)
&amp#27;[0m
  &amp#27;[36mEntão &amp#27;[0m&amp#27;[36mo status da resposta deve ser &amp#27;[0m&amp#27;[36m&amp#27;[1m400&amp#27;[0m                                          &amp#27;[90m# steps.AutenticacaoSteps.oStatusDaRespostaDeveSer(int)&amp#27;[0m
  &amp#27;[36mE &amp#27;[0m&amp#27;[36ma resposta deve indicar erros de validação&amp#27;[0m                                     &amp#27;[90m# steps.ParticipacaoSteps.aRespostaDeveIndicarErrosDeValidação()&amp#27;[0m
]]></system-out>
  </testcase>
  <testcase name="Criar participação com funcionário inexistente" classname="Gerenciamento de Participações" time="0.046">
    <error message="Step [envio uma requisição POST para {string} com dados de participação] is defined with 1 parameters at &apos;steps.ParticipacaoSteps.envioUmaRequisiçãoPOSTParaComDadosDeParticipação(java.lang.String)&apos;.&#10;However, the gherkin step has 2 arguments:&#10; * &quot;/participacoes&quot;&#10; * Table:&#10;      | colaborador_id | treinamento_id | concluido |&#10;      | 999            | 1              | false     |&#10;&#10;Step text: envio uma requisição POST para &quot;/participacoes&quot; com dados de participação" type="io.cucumber.core.exception.CucumberException"><![CDATA[io.cucumber.core.exception.CucumberException: 
Step [envio uma requisição POST para {string} com dados de participação] is defined with 1 parameters at 'steps.ParticipacaoSteps.envioUmaRequisiçãoPOSTParaComDadosDeParticipação(java.lang.String)'.
However, the gherkin step has 2 arguments:
 * "/participacoes"
 * Table:
      | colaborador_id | treinamento_id | concluido |
      | 999            | 1              | false     |

Step text: envio uma requisição POST para "/participacoes" com dados de participação
	at io.cucumber.core.runner.PickleStepDefinitionMatch.arityMismatch(PickleStepDefinitionMatch.java:83)
	at io.cucumber.core.runner.PickleStepDefinitionMatch.runStep(PickleStepDefinitionMatch.java:42)
	at io.cucumber.core.runner.ExecutionMode$1.execute(ExecutionMode.java:10)
	at io.cucumber.core.runner.TestStep.executeStep(TestStep.java:81)
	at io.cucumber.core.runner.TestStep.run(TestStep.java:53)
	at io.cucumber.core.runner.PickleStepTestStep.run(PickleStepTestStep.java:51)
	at io.cucumber.core.runner.TestCase.run(TestCase.java:84)
	at io.cucumber.core.runner.Runner.runPickle(Runner.java:75)
	at io.cucumber.junit.platform.engine.CucumberEngineExecutionContext.lambda$runTestCase$4(CucumberEngineExecutionContext.java:112)
	at io.cucumber.core.runtime.CucumberExecutionContext.lambda$runTestCase$5(CucumberExecutionContext.java:136)
	at io.cucumber.core.runtime.RethrowingThrowableCollector.executeAndThrow(RethrowingThrowableCollector.java:23)
	at io.cucumber.core.runtime.CucumberExecutionContext.runTestCase(CucumberExecutionContext.java:136)
	at io.cucumber.junit.platform.engine.CucumberEngineExecutionContext.runTestCase(CucumberEngineExecutionContext.java:109)
	at io.cucumber.junit.platform.engine.NodeDescriptor$PickleDescriptor.execute(NodeDescriptor.java:168)
	at io.cucumber.junit.platform.engine.NodeDescriptor$PickleDescriptor.execute(NodeDescriptor.java:90)
	at java.base/java.util.ArrayList.forEach(ArrayList.java:1596)
	at java.base/java.util.ArrayList.forEach(ArrayList.java:1596)
]]></error>
    <system-out><![CDATA[
Cenário: Criar participação com funcionário inexistente                            &amp#27;[90m# features/treinamento.feature:72&amp#27;[0m
  &amp#27;[32mDado &amp#27;[0m&amp#27;[32mque a aplicação está rodando&amp#27;[0m                                                &amp#27;[90m# steps.AutenticacaoSteps.queAAplicaçãoEstáRodando()&amp#27;[0m
  &amp#27;[32mE &amp#27;[0m&amp#27;[32mo banco de dados está acessível&amp#27;[0m                                                &amp#27;[90m# steps.AutenticacaoSteps.oBancoDeDadosEstáAcessível()&amp#27;[0m
  &amp#27;[32mE &amp#27;[0m&amp#27;[32mtenho um token de autenticação válido&amp#27;[0m                                          &amp#27;[90m# steps.ColaboradorGestaoSteps.tenhoUmTokenDeAutenticaçãoVálido()&amp#27;[0m
  &amp#27;[32mDado &amp#27;[0m&amp#27;[32mque não existe um funcionário com ID &amp#27;[0m&amp#27;[32m&amp#27;[1m999&amp#27;[0m                                    &amp#27;[90m# steps.ParticipacaoSteps.queNãoExisteUmFuncionárioComID(int)&amp#27;[0m
  &amp#27;[32mE &amp#27;[0m&amp#27;[32mexiste um programa de treinamento com ID &amp#27;[0m&amp#27;[32m&amp#27;[1m1&amp#27;[0m                                     &amp#27;[90m# steps.ParticipacaoSteps.existeUmProgramaDeTreinamentoComID(int)&amp#27;[0m
  &amp#27;[31mQuando &amp#27;[0m&amp#27;[31menvio uma requisição POST para &amp#27;[0m&amp#27;[31m&amp#27;[1m"/participacoes"&amp#27;[0m&amp#27;[31m com dados de participação&amp#27;[0m &amp#27;[90m# steps.ParticipacaoSteps.envioUmaRequisiçãoPOSTParaComDadosDeParticipação(java.lang.String)&amp#27;[0m
    | colaborador_id | treinamento_id | concluido |
    | 999            | 1              | false     |
      &amp#27;[31mio.cucumber.core.exception.CucumberException: Step [envio uma requisição POST para {string} com dados de participação] is defined with 1 parameters at 'steps.ParticipacaoSteps.envioUmaRequisiçãoPOSTParaComDadosDeParticipação(java.lang.String)'.
However, the gherkin step has 2 arguments:
 * "/participacoes"
 * Table:
      | colaborador_id | treinamento_id | concluido |
      | 999            | 1              | false     |

Step text: envio uma requisição POST para "/participacoes" com dados de participação
	at io.cucumber.core.runner.PickleStepDefinitionMatch.arityMismatch(PickleStepDefinitionMatch.java:83)
	at io.cucumber.core.runner.PickleStepDefinitionMatch.runStep(PickleStepDefinitionMatch.java:42)
	at io.cucumber.core.runner.ExecutionMode$1.execute(ExecutionMode.java:10)
	at io.cucumber.core.runner.TestStep.executeStep(TestStep.java:81)
	at io.cucumber.core.runner.TestStep.run(TestStep.java:53)
	at io.cucumber.core.runner.PickleStepTestStep.run(PickleStepTestStep.java:51)
	at io.cucumber.core.runner.TestCase.run(TestCase.java:84)
	at io.cucumber.core.runner.Runner.runPickle(Runner.java:75)
	at io.cucumber.junit.platform.engine.CucumberEngineExecutionContext.lambda$runTestCase$4(CucumberEngineExecutionContext.java:112)
	at io.cucumber.core.runtime.CucumberExecutionContext.lambda$runTestCase$5(CucumberExecutionContext.java:136)
	at io.cucumber.core.runtime.RethrowingThrowableCollector.executeAndThrow(RethrowingThrowableCollector.java:23)
	at io.cucumber.core.runtime.CucumberExecutionContext.runTestCase(CucumberExecutionContext.java:136)
	at io.cucumber.junit.platform.engine.CucumberEngineExecutionContext.runTestCase(CucumberEngineExecutionContext.java:109)
	at io.cucumber.junit.platform.engine.NodeDescriptor$PickleDescriptor.execute(NodeDescriptor.java:168)
	at io.cucumber.junit.platform.engine.NodeDescriptor$PickleDescriptor.execute(NodeDescriptor.java:90)
	at org.junit.platform.engine.support.hierarchical.NodeTestTask.lambda$executeRecursively$6(NodeTestTask.java:151)
	at org.junit.platform.engine.support.hierarchical.ThrowableCollector.execute(ThrowableCollector.java:73)
	at org.junit.platform.engine.support.hierarchical.NodeTestTask.lambda$executeRecursively$8(NodeTestTask.java:141)
	at org.junit.platform.engine.support.hierarchical.Node.around(Node.java:137)
	at org.junit.platform.engine.support.hierarchical.NodeTestTask.lambda$executeRecursively$9(NodeTestTask.java:139)
	at org.junit.platform.engine.support.hierarchical.ThrowableCollector.execute(ThrowableCollector.java:73)
	at org.junit.platform.engine.support.hierarchical.NodeTestTask.executeRecursively(NodeTestTask.java:138)
	at org.junit.platform.engine.support.hierarchical.NodeTestTask.execute(NodeTestTask.java:95)
	at java.base/java.util.ArrayList.forEach(ArrayList.java:1596)
	at org.junit.platform.engine.support.hierarchical.SameThreadHierarchicalTestExecutorService.invokeAll(SameThreadHierarchicalTestExecutorService.java:41)
	at org.junit.platform.engine.support.hierarchical.NodeTestTask.lambda$executeRecursively$6(NodeTestTask.java:155)
	at org.junit.platform.engine.support.hierarchical.ThrowableCollector.execute(ThrowableCollector.java:73)
	at org.junit.platform.engine.support.hierarchical.NodeTestTask.lambda$executeRecursively$8(NodeTestTask.java:141)
	at org.junit.platform.engine.support.hierarchical.Node.around(Node.java:137)
	at org.junit.platform.engine.support.hierarchical.NodeTestTask.lambda$executeRecursively$9(NodeTestTask.java:139)
	at org.junit.platform.engine.support.hierarchical.ThrowableCollector.execute(ThrowableCollector.java:73)
	at org.junit.platform.engine.support.hierarchical.NodeTestTask.executeRecursively(NodeTestTask.java:138)
	at org.junit.platform.engine.support.hierarchical.NodeTestTask.execute(NodeTestTask.java:95)
	at java.base/java.util.ArrayList.forEach(ArrayList.java:1596)
	at org.junit.platform.engine.support.hierarchical.SameThreadHierarchicalTestExecutorService.invokeAll(SameThreadHierarchicalTestExecutorService.java:41)
	at org.junit.platform.engine.support.hierarchical.NodeTestTask.lambda$executeRecursively$6(NodeTestTask.java:155)
	at org.junit.platform.engine.support.hierarchical.ThrowableCollector.execute(ThrowableCollector.java:73)
	at org.junit.platform.engine.support.hierarchical.NodeTestTask.lambda$executeRecursively$8(NodeTestTask.java:141)
	at org.junit.platform.engine.support.hierarchical.Node.around(Node.java:137)
	at org.junit.platform.engine.support.hierarchical.NodeTestTask.lambda$executeRecursively$9(NodeTestTask.java:139)
	at org.junit.platform.engine.support.hierarchical.ThrowableCollector.execute(ThrowableCollector.java:73)
	at org.junit.platform.engine.support.hierarchical.NodeTestTask.executeRecursively(NodeTestTask.java:138)
	at org.junit.platform.engine.support.hierarchical.NodeTestTask.execute(NodeTestTask.java:95)
	at org.junit.platform.engine.support.hierarchical.SameThreadHierarchicalTestExecutorService.submit(SameThreadHierarchicalTestExecutorService.java:35)
	at org.junit.platform.engine.support.hierarchical.HierarchicalTestExecutor.execute(HierarchicalTestExecutor.java:57)
	at org.junit.platform.engine.support.hierarchical.HierarchicalTestEngine.execute(HierarchicalTestEngine.java:54)
	at org.junit.platform.launcher.core.EngineExecutionOrchestrator.execute(EngineExecutionOrchestrator.java:198)
	at org.junit.platform.launcher.core.EngineExecutionOrchestrator.execute(EngineExecutionOrchestrator.java:169)
	at org.junit.platform.launcher.core.EngineExecutionOrchestrator.execute(EngineExecutionOrchestrator.java:93)
	at org.junit.platform.launcher.core.EngineExecutionOrchestrator.execute(EngineExecutionOrchestrator.java:76)
	at org.junit.platform.suite.engine.SuiteLauncher.execute(SuiteLauncher.java:63)
	at org.junit.platform.suite.engine.SuiteTestDescriptor.execute(SuiteTestDescriptor.java:128)
	at org.junit.platform.suite.engine.SuiteTestEngine.lambda$execute$0(SuiteTestEngine.java:73)
	at java.base/java.util.stream.ForEachOps$ForEachOp$OfRef.accept(ForEachOps.java:184)
	at java.base/java.util.stream.ReferencePipeline$3$1.accept(ReferencePipeline.java:197)
	at java.base/java.util.Iterator.forEachRemaining(Iterator.java:133)
	at java.base/java.util.Spliterators$IteratorSpliterator.forEachRemaining(Spliterators.java:1939)
	at java.base/java.util.stream.AbstractPipeline.copyInto(AbstractPipeline.java:509)
	at java.base/java.util.stream.AbstractPipeline.wrapAndCopyInto(AbstractPipeline.java:499)
	at java.base/java.util.stream.ForEachOps$ForEachOp.evaluateSequential(ForEachOps.java:151)
	at java.base/java.util.stream.ForEachOps$ForEachOp$OfRef.evaluateSequential(ForEachOps.java:174)
	at java.base/java.util.stream.AbstractPipeline.evaluate(AbstractPipeline.java:234)
	at java.base/java.util.stream.ReferencePipeline.forEach(ReferencePipeline.java:596)
	at org.junit.platform.suite.engine.SuiteTestEngine.execute(SuiteTestEngine.java:73)
	at org.junit.platform.launcher.core.EngineExecutionOrchestrator.execute(EngineExecutionOrchestrator.java:198)
	at org.junit.platform.launcher.core.EngineExecutionOrchestrator.execute(EngineExecutionOrchestrator.java:169)
	at org.junit.platform.launcher.core.EngineExecutionOrchestrator.execute(EngineExecutionOrchestrator.java:93)
	at org.junit.platform.launcher.core.EngineExecutionOrchestrator.lambda$execute$0(EngineExecutionOrchestrator.java:58)
	at org.junit.platform.launcher.core.EngineExecutionOrchestrator.withInterceptedStreams(EngineExecutionOrchestrator.java:141)
	at org.junit.platform.launcher.core.EngineExecutionOrchestrator.execute(EngineExecutionOrchestrator.java:57)
	at org.junit.platform.launcher.core.DefaultLauncher.execute(DefaultLauncher.java:103)
	at org.junit.platform.launcher.core.DefaultLauncher.execute(DefaultLauncher.java:85)
	at org.junit.platform.launcher.core.DelegatingLauncher.execute(DelegatingLauncher.java:47)
	at org.apache.maven.surefire.junitplatform.LazyLauncher.execute(LazyLauncher.java:50)
	at org.apache.maven.surefire.junitplatform.JUnitPlatformProvider.execute(JUnitPlatformProvider.java:184)
	at org.apache.maven.surefire.junitplatform.JUnitPlatformProvider.invokeAllTests(JUnitPlatformProvider.java:148)
	at org.apache.maven.surefire.junitplatform.JUnitPlatformProvider.invoke(JUnitPlatformProvider.java:122)
	at org.apache.maven.surefire.booter.ForkedBooter.runSuitesInProcess(ForkedBooter.java:385)
	at org.apache.maven.surefire.booter.ForkedBooter.execute(ForkedBooter.java:162)
	at org.apache.maven.surefire.booter.ForkedBooter.run(ForkedBooter.java:507)
	at org.apache.maven.surefire.booter.ForkedBooter.main(ForkedBooter.java:495)
&amp#27;[0m
  &amp#27;[36mEntão &amp#27;[0m&amp#27;[36mo status da resposta deve ser &amp#27;[0m&amp#27;[36m&amp#27;[1m400&amp#27;[0m                                          &amp#27;[90m# steps.AutenticacaoSteps.oStatusDaRespostaDeveSer(int)&amp#27;[0m
  &amp#27;[36mE &amp#27;[0m&amp#27;[36ma resposta deve indicar erros de validação&amp#27;[0m                                     &amp#27;[90m# steps.ParticipacaoSteps.aRespostaDeveIndicarErrosDeValidação()&amp#27;[0m
]]></system-out>
  </testcase>
  <testcase name="Criar participação com programa de treinamento inexistente" classname="Gerenciamento de Participações" time="0.097">
    <error message="Step [envio uma requisição POST para {string} com dados de participação] is defined with 1 parameters at &apos;steps.ParticipacaoSteps.envioUmaRequisiçãoPOSTParaComDadosDeParticipação(java.lang.String)&apos;.&#10;However, the gherkin step has 2 arguments:&#10; * &quot;/participacoes&quot;&#10; * Table:&#10;      | colaborador_id | treinamento_id | concluido |&#10;      | 1              | 999            | false     |&#10;&#10;Step text: envio uma requisição POST para &quot;/participacoes&quot; com dados de participação" type="io.cucumber.core.exception.CucumberException"><![CDATA[io.cucumber.core.exception.CucumberException: 
Step [envio uma requisição POST para {string} com dados de participação] is defined with 1 parameters at 'steps.ParticipacaoSteps.envioUmaRequisiçãoPOSTParaComDadosDeParticipação(java.lang.String)'.
However, the gherkin step has 2 arguments:
 * "/participacoes"
 * Table:
      | colaborador_id | treinamento_id | concluido |
      | 1              | 999            | false     |

Step text: envio uma requisição POST para "/participacoes" com dados de participação
	at io.cucumber.core.runner.PickleStepDefinitionMatch.arityMismatch(PickleStepDefinitionMatch.java:83)
	at io.cucumber.core.runner.PickleStepDefinitionMatch.runStep(PickleStepDefinitionMatch.java:42)
	at io.cucumber.core.runner.ExecutionMode$1.execute(ExecutionMode.java:10)
	at io.cucumber.core.runner.TestStep.executeStep(TestStep.java:81)
	at io.cucumber.core.runner.TestStep.run(TestStep.java:53)
	at io.cucumber.core.runner.PickleStepTestStep.run(PickleStepTestStep.java:51)
	at io.cucumber.core.runner.TestCase.run(TestCase.java:84)
	at io.cucumber.core.runner.Runner.runPickle(Runner.java:75)
	at io.cucumber.junit.platform.engine.CucumberEngineExecutionContext.lambda$runTestCase$4(CucumberEngineExecutionContext.java:112)
	at io.cucumber.core.runtime.CucumberExecutionContext.lambda$runTestCase$5(CucumberExecutionContext.java:136)
	at io.cucumber.core.runtime.RethrowingThrowableCollector.executeAndThrow(RethrowingThrowableCollector.java:23)
	at io.cucumber.core.runtime.CucumberExecutionContext.runTestCase(CucumberExecutionContext.java:136)
	at io.cucumber.junit.platform.engine.CucumberEngineExecutionContext.runTestCase(CucumberEngineExecutionContext.java:109)
	at io.cucumber.junit.platform.engine.NodeDescriptor$PickleDescriptor.execute(NodeDescriptor.java:168)
	at io.cucumber.junit.platform.engine.NodeDescriptor$PickleDescriptor.execute(NodeDescriptor.java:90)
	at java.base/java.util.ArrayList.forEach(ArrayList.java:1596)
	at java.base/java.util.ArrayList.forEach(ArrayList.java:1596)
]]></error>
    <system-out><![CDATA[
Cenário: Criar participação com programa de treinamento inexistente                &amp#27;[90m# features/participacao.feature:81&amp#27;[0m
  &amp#27;[32mDado &amp#27;[0m&amp#27;[32mque a aplicação está rodando&amp#27;[0m                                                &amp#27;[90m# steps.AutenticacaoSteps.queAAplicaçãoEstáRodando()&amp#27;[0m
  &amp#27;[32mE &amp#27;[0m&amp#27;[32mo banco de dados está acessível&amp#27;[0m                                                &amp#27;[90m# steps.AutenticacaoSteps.oBancoDeDadosEstáAcessível()&amp#27;[0m
  &amp#27;[32mE &amp#27;[0m&amp#27;[32mtenho um token de autenticação válido&amp#27;[0m                                          &amp#27;[90m# steps.ColaboradorGestaoSteps.tenhoUmTokenDeAutenticaçãoVálido()&amp#27;[0m
  &amp#27;[32mDado &amp#27;[0m&amp#27;[32mque existe um funcionário com ID &amp#27;[0m&amp#27;[32m&amp#27;[1m1&amp#27;[0m                                          &amp#27;[90m# steps.ParticipacaoSteps.queExisteUmFuncionárioComID(int)&amp#27;[0m
  &amp#27;[32mE &amp#27;[0m&amp#27;[32mnão existe um programa de treinamento com ID &amp#27;[0m&amp#27;[32m&amp#27;[1m999&amp#27;[0m                               &amp#27;[90m# steps.ParticipacaoSteps.nãoExisteUmProgramaDeTreinamentoComID(int)&amp#27;[0m
  &amp#27;[31mQuando &amp#27;[0m&amp#27;[31menvio uma requisição POST para &amp#27;[0m&amp#27;[31m&amp#27;[1m"/participacoes"&amp#27;[0m&amp#27;[31m com dados de participação&amp#27;[0m &amp#27;[90m# steps.ParticipacaoSteps.envioUmaRequisiçãoPOSTParaComDadosDeParticipação(java.lang.String)&amp#27;[0m
    | colaborador_id | treinamento_id | concluido |
    | 1              | 999            | false     |
      &amp#27;[31mio.cucumber.core.exception.CucumberException: Step [envio uma requisição POST para {string} com dados de participação] is defined with 1 parameters at 'steps.ParticipacaoSteps.envioUmaRequisiçãoPOSTParaComDadosDeParticipação(java.lang.String)'.
However, the gherkin step has 2 arguments:
 * "/participacoes"
 * Table:
      | colaborador_id | treinamento_id | concluido |
      | 1              | 999            | false     |

Step text: envio uma requisição POST para "/participacoes" com dados de participação
	at io.cucumber.core.runner.PickleStepDefinitionMatch.arityMismatch(PickleStepDefinitionMatch.java:83)
	at io.cucumber.core.runner.PickleStepDefinitionMatch.runStep(PickleStepDefinitionMatch.java:42)
	at io.cucumber.core.runner.ExecutionMode$1.execute(ExecutionMode.java:10)
	at io.cucumber.core.runner.TestStep.executeStep(TestStep.java:81)
	at io.cucumber.core.runner.TestStep.run(TestStep.java:53)
	at io.cucumber.core.runner.PickleStepTestStep.run(PickleStepTestStep.java:51)
	at io.cucumber.core.runner.TestCase.run(TestCase.java:84)
	at io.cucumber.core.runner.Runner.runPickle(Runner.java:75)
	at io.cucumber.junit.platform.engine.CucumberEngineExecutionContext.lambda$runTestCase$4(CucumberEngineExecutionContext.java:112)
	at io.cucumber.core.runtime.CucumberExecutionContext.lambda$runTestCase$5(CucumberExecutionContext.java:136)
	at io.cucumber.core.runtime.RethrowingThrowableCollector.executeAndThrow(RethrowingThrowableCollector.java:23)
	at io.cucumber.core.runtime.CucumberExecutionContext.runTestCase(CucumberExecutionContext.java:136)
	at io.cucumber.junit.platform.engine.CucumberEngineExecutionContext.runTestCase(CucumberEngineExecutionContext.java:109)
	at io.cucumber.junit.platform.engine.NodeDescriptor$PickleDescriptor.execute(NodeDescriptor.java:168)
	at io.cucumber.junit.platform.engine.NodeDescriptor$PickleDescriptor.execute(NodeDescriptor.java:90)
	at org.junit.platform.engine.support.hierarchical.NodeTestTask.lambda$executeRecursively$6(NodeTestTask.java:151)
	at org.junit.platform.engine.support.hierarchical.ThrowableCollector.execute(ThrowableCollector.java:73)
	at org.junit.platform.engine.support.hierarchical.NodeTestTask.lambda$executeRecursively$8(NodeTestTask.java:141)
	at org.junit.platform.engine.support.hierarchical.Node.around(Node.java:137)
	at org.junit.platform.engine.support.hierarchical.NodeTestTask.lambda$executeRecursively$9(NodeTestTask.java:139)
	at org.junit.platform.engine.support.hierarchical.ThrowableCollector.execute(ThrowableCollector.java:73)
	at org.junit.platform.engine.support.hierarchical.NodeTestTask.executeRecursively(NodeTestTask.java:138)
	at org.junit.platform.engine.support.hierarchical.NodeTestTask.execute(NodeTestTask.java:95)
	at java.base/java.util.ArrayList.forEach(ArrayList.java:1596)
	at org.junit.platform.engine.support.hierarchical.SameThreadHierarchicalTestExecutorService.invokeAll(SameThreadHierarchicalTestExecutorService.java:41)
	at org.junit.platform.engine.support.hierarchical.NodeTestTask.lambda$executeRecursively$6(NodeTestTask.java:155)
	at org.junit.platform.engine.support.hierarchical.ThrowableCollector.execute(ThrowableCollector.java:73)
	at org.junit.platform.engine.support.hierarchical.NodeTestTask.lambda$executeRecursively$8(NodeTestTask.java:141)
	at org.junit.platform.engine.support.hierarchical.Node.around(Node.java:137)
	at org.junit.platform.engine.support.hierarchical.NodeTestTask.lambda$executeRecursively$9(NodeTestTask.java:139)
	at org.junit.platform.engine.support.hierarchical.ThrowableCollector.execute(ThrowableCollector.java:73)
	at org.junit.platform.engine.support.hierarchical.NodeTestTask.executeRecursively(NodeTestTask.java:138)
	at org.junit.platform.engine.support.hierarchical.NodeTestTask.execute(NodeTestTask.java:95)
	at java.base/java.util.ArrayList.forEach(ArrayList.java:1596)
	at org.junit.platform.engine.support.hierarchical.SameThreadHierarchicalTestExecutorService.invokeAll(SameThreadHierarchicalTestExecutorService.java:41)
	at org.junit.platform.engine.support.hierarchical.NodeTestTask.lambda$executeRecursively$6(NodeTestTask.java:155)
	at org.junit.platform.engine.support.hierarchical.ThrowableCollector.execute(ThrowableCollector.java:73)
	at org.junit.platform.engine.support.hierarchical.NodeTestTask.lambda$executeRecursively$8(NodeTestTask.java:141)
	at org.junit.platform.engine.support.hierarchical.Node.around(Node.java:137)
	at org.junit.platform.engine.support.hierarchical.NodeTestTask.lambda$executeRecursively$9(NodeTestTask.java:139)
	at org.junit.platform.engine.support.hierarchical.ThrowableCollector.execute(ThrowableCollector.java:73)
	at org.junit.platform.engine.support.hierarchical.NodeTestTask.executeRecursively(NodeTestTask.java:138)
	at org.junit.platform.engine.support.hierarchical.NodeTestTask.execute(NodeTestTask.java:95)
	at org.junit.platform.engine.support.hierarchical.SameThreadHierarchicalTestExecutorService.submit(SameThreadHierarchicalTestExecutorService.java:35)
	at org.junit.platform.engine.support.hierarchical.HierarchicalTestExecutor.execute(HierarchicalTestExecutor.java:57)
	at org.junit.platform.engine.support.hierarchical.HierarchicalTestEngine.execute(HierarchicalTestEngine.java:54)
	at org.junit.platform.launcher.core.EngineExecutionOrchestrator.execute(EngineExecutionOrchestrator.java:198)
	at org.junit.platform.launcher.core.EngineExecutionOrchestrator.execute(EngineExecutionOrchestrator.java:169)
	at org.junit.platform.launcher.core.EngineExecutionOrchestrator.execute(EngineExecutionOrchestrator.java:93)
	at org.junit.platform.launcher.core.EngineExecutionOrchestrator.execute(EngineExecutionOrchestrator.java:76)
	at org.junit.platform.suite.engine.SuiteLauncher.execute(SuiteLauncher.java:63)
	at org.junit.platform.suite.engine.SuiteTestDescriptor.execute(SuiteTestDescriptor.java:128)
	at org.junit.platform.suite.engine.SuiteTestEngine.lambda$execute$0(SuiteTestEngine.java:73)
	at java.base/java.util.stream.ForEachOps$ForEachOp$OfRef.accept(ForEachOps.java:184)
	at java.base/java.util.stream.ReferencePipeline$3$1.accept(ReferencePipeline.java:197)
	at java.base/java.util.Iterator.forEachRemaining(Iterator.java:133)
	at java.base/java.util.Spliterators$IteratorSpliterator.forEachRemaining(Spliterators.java:1939)
	at java.base/java.util.stream.AbstractPipeline.copyInto(AbstractPipeline.java:509)
	at java.base/java.util.stream.AbstractPipeline.wrapAndCopyInto(AbstractPipeline.java:499)
	at java.base/java.util.stream.ForEachOps$ForEachOp.evaluateSequential(ForEachOps.java:151)
	at java.base/java.util.stream.ForEachOps$ForEachOp$OfRef.evaluateSequential(ForEachOps.java:174)
	at java.base/java.util.stream.AbstractPipeline.evaluate(AbstractPipeline.java:234)
	at java.base/java.util.stream.ReferencePipeline.forEach(ReferencePipeline.java:596)
	at org.junit.platform.suite.engine.SuiteTestEngine.execute(SuiteTestEngine.java:73)
	at org.junit.platform.launcher.core.EngineExecutionOrchestrator.execute(EngineExecutionOrchestrator.java:198)
	at org.junit.platform.launcher.core.EngineExecutionOrchestrator.execute(EngineExecutionOrchestrator.java:169)
	at org.junit.platform.launcher.core.EngineExecutionOrchestrator.execute(EngineExecutionOrchestrator.java:93)
	at org.junit.platform.launcher.core.EngineExecutionOrchestrator.lambda$execute$0(EngineExecutionOrchestrator.java:58)
	at org.junit.platform.launcher.core.EngineExecutionOrchestrator.withInterceptedStreams(EngineExecutionOrchestrator.java:141)
	at org.junit.platform.launcher.core.EngineExecutionOrchestrator.execute(EngineExecutionOrchestrator.java:57)
	at org.junit.platform.launcher.core.DefaultLauncher.execute(DefaultLauncher.java:103)
	at org.junit.platform.launcher.core.DefaultLauncher.execute(DefaultLauncher.java:85)
	at org.junit.platform.launcher.core.DelegatingLauncher.execute(DelegatingLauncher.java:47)
	at org.apache.maven.surefire.junitplatform.LazyLauncher.execute(LazyLauncher.java:50)
	at org.apache.maven.surefire.junitplatform.JUnitPlatformProvider.execute(JUnitPlatformProvider.java:184)
	at org.apache.maven.surefire.junitplatform.JUnitPlatformProvider.invokeAllTests(JUnitPlatformProvider.java:148)
	at org.apache.maven.surefire.junitplatform.JUnitPlatformProvider.invoke(JUnitPlatformProvider.java:122)
	at org.apache.maven.surefire.booter.ForkedBooter.runSuitesInProcess(ForkedBooter.java:385)
	at org.apache.maven.surefire.booter.ForkedBooter.execute(ForkedBooter.java:162)
	at org.apache.maven.surefire.booter.ForkedBooter.run(ForkedBooter.java:507)
	at org.apache.maven.surefire.booter.ForkedBooter.main(ForkedBooter.java:495)
&amp#27;[0m
  &amp#27;[36mEntão &amp#27;[0m&amp#27;[36mo status da resposta deve ser &amp#27;[0m&amp#27;[36m&amp#27;[1m400&amp#27;[0m                                          &amp#27;[90m# steps.AutenticacaoSteps.oStatusDaRespostaDeveSer(int)&amp#27;[0m
  &amp#27;[36mE &amp#27;[0m&amp#27;[36ma resposta deve indicar erros de validação&amp#27;[0m                                     &amp#27;[90m# steps.ParticipacaoSteps.aRespostaDeveIndicarErrosDeValidação()&amp#27;[0m
]]></system-out>
  </testcase>
  <testcase name="Criar participação com programa de treinamento inexistente" classname="Gerenciamento de Participações" time="0.02">
    <error message="Step [envio uma requisição POST para {string} com dados de participação] is defined with 1 parameters at &apos;steps.ParticipacaoSteps.envioUmaRequisiçãoPOSTParaComDadosDeParticipação(java.lang.String)&apos;.&#10;However, the gherkin step has 2 arguments:&#10; * &quot;/participacoes&quot;&#10; * Table:&#10;      | colaborador_id | treinamento_id | concluido |&#10;      | 1              | 999            | false     |&#10;&#10;Step text: envio uma requisição POST para &quot;/participacoes&quot; com dados de participação" type="io.cucumber.core.exception.CucumberException"><![CDATA[io.cucumber.core.exception.CucumberException: 
Step [envio uma requisição POST para {string} com dados de participação] is defined with 1 parameters at 'steps.ParticipacaoSteps.envioUmaRequisiçãoPOSTParaComDadosDeParticipação(java.lang.String)'.
However, the gherkin step has 2 arguments:
 * "/participacoes"
 * Table:
      | colaborador_id | treinamento_id | concluido |
      | 1              | 999            | false     |

Step text: envio uma requisição POST para "/participacoes" com dados de participação
	at io.cucumber.core.runner.PickleStepDefinitionMatch.arityMismatch(PickleStepDefinitionMatch.java:83)
	at io.cucumber.core.runner.PickleStepDefinitionMatch.runStep(PickleStepDefinitionMatch.java:42)
	at io.cucumber.core.runner.ExecutionMode$1.execute(ExecutionMode.java:10)
	at io.cucumber.core.runner.TestStep.executeStep(TestStep.java:81)
	at io.cucumber.core.runner.TestStep.run(TestStep.java:53)
	at io.cucumber.core.runner.PickleStepTestStep.run(PickleStepTestStep.java:51)
	at io.cucumber.core.runner.TestCase.run(TestCase.java:84)
	at io.cucumber.core.runner.Runner.runPickle(Runner.java:75)
	at io.cucumber.junit.platform.engine.CucumberEngineExecutionContext.lambda$runTestCase$4(CucumberEngineExecutionContext.java:112)
	at io.cucumber.core.runtime.CucumberExecutionContext.lambda$runTestCase$5(CucumberExecutionContext.java:136)
	at io.cucumber.core.runtime.RethrowingThrowableCollector.executeAndThrow(RethrowingThrowableCollector.java:23)
	at io.cucumber.core.runtime.CucumberExecutionContext.runTestCase(CucumberExecutionContext.java:136)
	at io.cucumber.junit.platform.engine.CucumberEngineExecutionContext.runTestCase(CucumberEngineExecutionContext.java:109)
	at io.cucumber.junit.platform.engine.NodeDescriptor$PickleDescriptor.execute(NodeDescriptor.java:168)
	at io.cucumber.junit.platform.engine.NodeDescriptor$PickleDescriptor.execute(NodeDescriptor.java:90)
	at java.base/java.util.ArrayList.forEach(ArrayList.java:1596)
	at java.base/java.util.ArrayList.forEach(ArrayList.java:1596)
]]></error>
    <system-out><![CDATA[
Cenário: Criar participação com programa de treinamento inexistente                &amp#27;[90m# features/treinamento.feature:81&amp#27;[0m
  &amp#27;[32mDado &amp#27;[0m&amp#27;[32mque a aplicação está rodando&amp#27;[0m                                                &amp#27;[90m# steps.AutenticacaoSteps.queAAplicaçãoEstáRodando()&amp#27;[0m
  &amp#27;[32mE &amp#27;[0m&amp#27;[32mo banco de dados está acessível&amp#27;[0m                                                &amp#27;[90m# steps.AutenticacaoSteps.oBancoDeDadosEstáAcessível()&amp#27;[0m
  &amp#27;[32mE &amp#27;[0m&amp#27;[32mtenho um token de autenticação válido&amp#27;[0m                                          &amp#27;[90m# steps.ColaboradorGestaoSteps.tenhoUmTokenDeAutenticaçãoVálido()&amp#27;[0m
  &amp#27;[32mDado &amp#27;[0m&amp#27;[32mque existe um funcionário com ID &amp#27;[0m&amp#27;[32m&amp#27;[1m1&amp#27;[0m                                          &amp#27;[90m# steps.ParticipacaoSteps.queExisteUmFuncionárioComID(int)&amp#27;[0m
  &amp#27;[32mE &amp#27;[0m&amp#27;[32mnão existe um programa de treinamento com ID &amp#27;[0m&amp#27;[32m&amp#27;[1m999&amp#27;[0m                               &amp#27;[90m# steps.ParticipacaoSteps.nãoExisteUmProgramaDeTreinamentoComID(int)&amp#27;[0m
  &amp#27;[31mQuando &amp#27;[0m&amp#27;[31menvio uma requisição POST para &amp#27;[0m&amp#27;[31m&amp#27;[1m"/participacoes"&amp#27;[0m&amp#27;[31m com dados de participação&amp#27;[0m &amp#27;[90m# steps.ParticipacaoSteps.envioUmaRequisiçãoPOSTParaComDadosDeParticipação(java.lang.String)&amp#27;[0m
    | colaborador_id | treinamento_id | concluido |
    | 1              | 999            | false     |
      &amp#27;[31mio.cucumber.core.exception.CucumberException: Step [envio uma requisição POST para {string} com dados de participação] is defined with 1 parameters at 'steps.ParticipacaoSteps.envioUmaRequisiçãoPOSTParaComDadosDeParticipação(java.lang.String)'.
However, the gherkin step has 2 arguments:
 * "/participacoes"
 * Table:
      | colaborador_id | treinamento_id | concluido |
      | 1              | 999            | false     |

Step text: envio uma requisição POST para "/participacoes" com dados de participação
	at io.cucumber.core.runner.PickleStepDefinitionMatch.arityMismatch(PickleStepDefinitionMatch.java:83)
	at io.cucumber.core.runner.PickleStepDefinitionMatch.runStep(PickleStepDefinitionMatch.java:42)
	at io.cucumber.core.runner.ExecutionMode$1.execute(ExecutionMode.java:10)
	at io.cucumber.core.runner.TestStep.executeStep(TestStep.java:81)
	at io.cucumber.core.runner.TestStep.run(TestStep.java:53)
	at io.cucumber.core.runner.PickleStepTestStep.run(PickleStepTestStep.java:51)
	at io.cucumber.core.runner.TestCase.run(TestCase.java:84)
	at io.cucumber.core.runner.Runner.runPickle(Runner.java:75)
	at io.cucumber.junit.platform.engine.CucumberEngineExecutionContext.lambda$runTestCase$4(CucumberEngineExecutionContext.java:112)
	at io.cucumber.core.runtime.CucumberExecutionContext.lambda$runTestCase$5(CucumberExecutionContext.java:136)
	at io.cucumber.core.runtime.RethrowingThrowableCollector.executeAndThrow(RethrowingThrowableCollector.java:23)
	at io.cucumber.core.runtime.CucumberExecutionContext.runTestCase(CucumberExecutionContext.java:136)
	at io.cucumber.junit.platform.engine.CucumberEngineExecutionContext.runTestCase(CucumberEngineExecutionContext.java:109)
	at io.cucumber.junit.platform.engine.NodeDescriptor$PickleDescriptor.execute(NodeDescriptor.java:168)
	at io.cucumber.junit.platform.engine.NodeDescriptor$PickleDescriptor.execute(NodeDescriptor.java:90)
	at org.junit.platform.engine.support.hierarchical.NodeTestTask.lambda$executeRecursively$6(NodeTestTask.java:151)
	at org.junit.platform.engine.support.hierarchical.ThrowableCollector.execute(ThrowableCollector.java:73)
	at org.junit.platform.engine.support.hierarchical.NodeTestTask.lambda$executeRecursively$8(NodeTestTask.java:141)
	at org.junit.platform.engine.support.hierarchical.Node.around(Node.java:137)
	at org.junit.platform.engine.support.hierarchical.NodeTestTask.lambda$executeRecursively$9(NodeTestTask.java:139)
	at org.junit.platform.engine.support.hierarchical.ThrowableCollector.execute(ThrowableCollector.java:73)
	at org.junit.platform.engine.support.hierarchical.NodeTestTask.executeRecursively(NodeTestTask.java:138)
	at org.junit.platform.engine.support.hierarchical.NodeTestTask.execute(NodeTestTask.java:95)
	at java.base/java.util.ArrayList.forEach(ArrayList.java:1596)
	at org.junit.platform.engine.support.hierarchical.SameThreadHierarchicalTestExecutorService.invokeAll(SameThreadHierarchicalTestExecutorService.java:41)
	at org.junit.platform.engine.support.hierarchical.NodeTestTask.lambda$executeRecursively$6(NodeTestTask.java:155)
	at org.junit.platform.engine.support.hierarchical.ThrowableCollector.execute(ThrowableCollector.java:73)
	at org.junit.platform.engine.support.hierarchical.NodeTestTask.lambda$executeRecursively$8(NodeTestTask.java:141)
	at org.junit.platform.engine.support.hierarchical.Node.around(Node.java:137)
	at org.junit.platform.engine.support.hierarchical.NodeTestTask.lambda$executeRecursively$9(NodeTestTask.java:139)
	at org.junit.platform.engine.support.hierarchical.ThrowableCollector.execute(ThrowableCollector.java:73)
	at org.junit.platform.engine.support.hierarchical.NodeTestTask.executeRecursively(NodeTestTask.java:138)
	at org.junit.platform.engine.support.hierarchical.NodeTestTask.execute(NodeTestTask.java:95)
	at java.base/java.util.ArrayList.forEach(ArrayList.java:1596)
	at org.junit.platform.engine.support.hierarchical.SameThreadHierarchicalTestExecutorService.invokeAll(SameThreadHierarchicalTestExecutorService.java:41)
	at org.junit.platform.engine.support.hierarchical.NodeTestTask.lambda$executeRecursively$6(NodeTestTask.java:155)
	at org.junit.platform.engine.support.hierarchical.ThrowableCollector.execute(ThrowableCollector.java:73)
	at org.junit.platform.engine.support.hierarchical.NodeTestTask.lambda$executeRecursively$8(NodeTestTask.java:141)
	at org.junit.platform.engine.support.hierarchical.Node.around(Node.java:137)
	at org.junit.platform.engine.support.hierarchical.NodeTestTask.lambda$executeRecursively$9(NodeTestTask.java:139)
	at org.junit.platform.engine.support.hierarchical.ThrowableCollector.execute(ThrowableCollector.java:73)
	at org.junit.platform.engine.support.hierarchical.NodeTestTask.executeRecursively(NodeTestTask.java:138)
	at org.junit.platform.engine.support.hierarchical.NodeTestTask.execute(NodeTestTask.java:95)
	at org.junit.platform.engine.support.hierarchical.SameThreadHierarchicalTestExecutorService.submit(SameThreadHierarchicalTestExecutorService.java:35)
	at org.junit.platform.engine.support.hierarchical.HierarchicalTestExecutor.execute(HierarchicalTestExecutor.java:57)
	at org.junit.platform.engine.support.hierarchical.HierarchicalTestEngine.execute(HierarchicalTestEngine.java:54)
	at org.junit.platform.launcher.core.EngineExecutionOrchestrator.execute(EngineExecutionOrchestrator.java:198)
	at org.junit.platform.launcher.core.EngineExecutionOrchestrator.execute(EngineExecutionOrchestrator.java:169)
	at org.junit.platform.launcher.core.EngineExecutionOrchestrator.execute(EngineExecutionOrchestrator.java:93)
	at org.junit.platform.launcher.core.EngineExecutionOrchestrator.execute(EngineExecutionOrchestrator.java:76)
	at org.junit.platform.suite.engine.SuiteLauncher.execute(SuiteLauncher.java:63)
	at org.junit.platform.suite.engine.SuiteTestDescriptor.execute(SuiteTestDescriptor.java:128)
	at org.junit.platform.suite.engine.SuiteTestEngine.lambda$execute$0(SuiteTestEngine.java:73)
	at java.base/java.util.stream.ForEachOps$ForEachOp$OfRef.accept(ForEachOps.java:184)
	at java.base/java.util.stream.ReferencePipeline$3$1.accept(ReferencePipeline.java:197)
	at java.base/java.util.Iterator.forEachRemaining(Iterator.java:133)
	at java.base/java.util.Spliterators$IteratorSpliterator.forEachRemaining(Spliterators.java:1939)
	at java.base/java.util.stream.AbstractPipeline.copyInto(AbstractPipeline.java:509)
	at java.base/java.util.stream.AbstractPipeline.wrapAndCopyInto(AbstractPipeline.java:499)
	at java.base/java.util.stream.ForEachOps$ForEachOp.evaluateSequential(ForEachOps.java:151)
	at java.base/java.util.stream.ForEachOps$ForEachOp$OfRef.evaluateSequential(ForEachOps.java:174)
	at java.base/java.util.stream.AbstractPipeline.evaluate(AbstractPipeline.java:234)
	at java.base/java.util.stream.ReferencePipeline.forEach(ReferencePipeline.java:596)
	at org.junit.platform.suite.engine.SuiteTestEngine.execute(SuiteTestEngine.java:73)
	at org.junit.platform.launcher.core.EngineExecutionOrchestrator.execute(EngineExecutionOrchestrator.java:198)
	at org.junit.platform.launcher.core.EngineExecutionOrchestrator.execute(EngineExecutionOrchestrator.java:169)
	at org.junit.platform.launcher.core.EngineExecutionOrchestrator.execute(EngineExecutionOrchestrator.java:93)
	at org.junit.platform.launcher.core.EngineExecutionOrchestrator.lambda$execute$0(EngineExecutionOrchestrator.java:58)
	at org.junit.platform.launcher.core.EngineExecutionOrchestrator.withInterceptedStreams(EngineExecutionOrchestrator.java:141)
	at org.junit.platform.launcher.core.EngineExecutionOrchestrator.execute(EngineExecutionOrchestrator.java:57)
	at org.junit.platform.launcher.core.DefaultLauncher.execute(DefaultLauncher.java:103)
	at org.junit.platform.launcher.core.DefaultLauncher.execute(DefaultLauncher.java:85)
	at org.junit.platform.launcher.core.DelegatingLauncher.execute(DelegatingLauncher.java:47)
	at org.apache.maven.surefire.junitplatform.LazyLauncher.execute(LazyLauncher.java:50)
	at org.apache.maven.surefire.junitplatform.JUnitPlatformProvider.execute(JUnitPlatformProvider.java:184)
	at org.apache.maven.surefire.junitplatform.JUnitPlatformProvider.invokeAllTests(JUnitPlatformProvider.java:148)
	at org.apache.maven.surefire.junitplatform.JUnitPlatformProvider.invoke(JUnitPlatformProvider.java:122)
	at org.apache.maven.surefire.booter.ForkedBooter.runSuitesInProcess(ForkedBooter.java:385)
	at org.apache.maven.surefire.booter.ForkedBooter.execute(ForkedBooter.java:162)
	at org.apache.maven.surefire.booter.ForkedBooter.run(ForkedBooter.java:507)
	at org.apache.maven.surefire.booter.ForkedBooter.main(ForkedBooter.java:495)
&amp#27;[0m
  &amp#27;[36mEntão &amp#27;[0m&amp#27;[36mo status da resposta deve ser &amp#27;[0m&amp#27;[36m&amp#27;[1m400&amp#27;[0m                                          &amp#27;[90m# steps.AutenticacaoSteps.oStatusDaRespostaDeveSer(int)&amp#27;[0m
  &amp#27;[36mE &amp#27;[0m&amp#27;[36ma resposta deve indicar erros de validação&amp#27;[0m                                     &amp#27;[90m# steps.ParticipacaoSteps.aRespostaDeveIndicarErrosDeValidação()&amp#27;[0m
]]></system-out>
  </testcase>
  <testcase name="Criar participação com campos obrigatórios ausentes" classname="Gerenciamento de Participações" time="0.145">
    <error message="Step [que quero criar um registro de participação com dados ausentes] is defined with 0 parameters at &apos;steps.ParticipacaoSteps.queQueroCriarUmRegistroDeParticipaçãoComDadosAusentes()&apos;.&#10;However, the gherkin step has 1 arguments:&#10; * Table:&#10;      | colaborador_id | treinamento_id | concluido |&#10;      |                | 1              | false     |&#10;&#10;Step text: que quero criar um registro de participação com dados ausentes" type="io.cucumber.core.exception.CucumberException"><![CDATA[io.cucumber.core.exception.CucumberException: 
Step [que quero criar um registro de participação com dados ausentes] is defined with 0 parameters at 'steps.ParticipacaoSteps.queQueroCriarUmRegistroDeParticipaçãoComDadosAusentes()'.
However, the gherkin step has 1 arguments:
 * Table:
      | colaborador_id | treinamento_id | concluido |
      |                | 1              | false     |

Step text: que quero criar um registro de participação com dados ausentes
	at io.cucumber.core.runner.PickleStepDefinitionMatch.arityMismatch(PickleStepDefinitionMatch.java:83)
	at io.cucumber.core.runner.PickleStepDefinitionMatch.runStep(PickleStepDefinitionMatch.java:42)
	at io.cucumber.core.runner.ExecutionMode$1.execute(ExecutionMode.java:10)
	at io.cucumber.core.runner.TestStep.executeStep(TestStep.java:81)
	at io.cucumber.core.runner.TestStep.run(TestStep.java:53)
	at io.cucumber.core.runner.PickleStepTestStep.run(PickleStepTestStep.java:51)
	at io.cucumber.core.runner.TestCase.run(TestCase.java:84)
	at io.cucumber.core.runner.Runner.runPickle(Runner.java:75)
	at io.cucumber.junit.platform.engine.CucumberEngineExecutionContext.lambda$runTestCase$4(CucumberEngineExecutionContext.java:112)
	at io.cucumber.core.runtime.CucumberExecutionContext.lambda$runTestCase$5(CucumberExecutionContext.java:136)
	at io.cucumber.core.runtime.RethrowingThrowableCollector.executeAndThrow(RethrowingThrowableCollector.java:23)
	at io.cucumber.core.runtime.CucumberExecutionContext.runTestCase(CucumberExecutionContext.java:136)
	at io.cucumber.junit.platform.engine.CucumberEngineExecutionContext.runTestCase(CucumberEngineExecutionContext.java:109)
	at io.cucumber.junit.platform.engine.NodeDescriptor$PickleDescriptor.execute(NodeDescriptor.java:168)
	at io.cucumber.junit.platform.engine.NodeDescriptor$PickleDescriptor.execute(NodeDescriptor.java:90)
	at java.base/java.util.ArrayList.forEach(ArrayList.java:1596)
	at java.base/java.util.ArrayList.forEach(ArrayList.java:1596)
]]></error>
    <system-out><![CDATA[
Cenário: Criar participação com campos obrigatórios ausentes                      &amp#27;[90m# features/participacao.feature:90&amp#27;[0m
  &amp#27;[32mDado &amp#27;[0m&amp#27;[32mque a aplicação está rodando&amp#27;[0m                                               &amp#27;[90m# steps.AutenticacaoSteps.queAAplicaçãoEstáRodando()&amp#27;[0m
  &amp#27;[32mE &amp#27;[0m&amp#27;[32mo banco de dados está acessível&amp#27;[0m                                               &amp#27;[90m# steps.AutenticacaoSteps.oBancoDeDadosEstáAcessível()&amp#27;[0m
  &amp#27;[32mE &amp#27;[0m&amp#27;[32mtenho um token de autenticação válido&amp#27;[0m                                         &amp#27;[90m# steps.ColaboradorGestaoSteps.tenhoUmTokenDeAutenticaçãoVálido()&amp#27;[0m
  &amp#27;[31mDado &amp#27;[0m&amp#27;[31mque quero criar um registro de participação com dados ausentes&amp#27;[0m             &amp#27;[90m# steps.ParticipacaoSteps.queQueroCriarUmRegistroDeParticipaçãoComDadosAusentes()&amp#27;[0m
    | colaborador_id | treinamento_id | concluido |
    | [empty]        | 1              | false     |
      &amp#27;[31mio.cucumber.core.exception.CucumberException: Step [que quero criar um registro de participação com dados ausentes] is defined with 0 parameters at 'steps.ParticipacaoSteps.queQueroCriarUmRegistroDeParticipaçãoComDadosAusentes()'.
However, the gherkin step has 1 arguments:
 * Table:
      | colaborador_id | treinamento_id | concluido |
      |                | 1              | false     |

Step text: que quero criar um registro de participação com dados ausentes
	at io.cucumber.core.runner.PickleStepDefinitionMatch.arityMismatch(PickleStepDefinitionMatch.java:83)
	at io.cucumber.core.runner.PickleStepDefinitionMatch.runStep(PickleStepDefinitionMatch.java:42)
	at io.cucumber.core.runner.ExecutionMode$1.execute(ExecutionMode.java:10)
	at io.cucumber.core.runner.TestStep.executeStep(TestStep.java:81)
	at io.cucumber.core.runner.TestStep.run(TestStep.java:53)
	at io.cucumber.core.runner.PickleStepTestStep.run(PickleStepTestStep.java:51)
	at io.cucumber.core.runner.TestCase.run(TestCase.java:84)
	at io.cucumber.core.runner.Runner.runPickle(Runner.java:75)
	at io.cucumber.junit.platform.engine.CucumberEngineExecutionContext.lambda$runTestCase$4(CucumberEngineExecutionContext.java:112)
	at io.cucumber.core.runtime.CucumberExecutionContext.lambda$runTestCase$5(CucumberExecutionContext.java:136)
	at io.cucumber.core.runtime.RethrowingThrowableCollector.executeAndThrow(RethrowingThrowableCollector.java:23)
	at io.cucumber.core.runtime.CucumberExecutionContext.runTestCase(CucumberExecutionContext.java:136)
	at io.cucumber.junit.platform.engine.CucumberEngineExecutionContext.runTestCase(CucumberEngineExecutionContext.java:109)
	at io.cucumber.junit.platform.engine.NodeDescriptor$PickleDescriptor.execute(NodeDescriptor.java:168)
	at io.cucumber.junit.platform.engine.NodeDescriptor$PickleDescriptor.execute(NodeDescriptor.java:90)
	at org.junit.platform.engine.support.hierarchical.NodeTestTask.lambda$executeRecursively$6(NodeTestTask.java:151)
	at org.junit.platform.engine.support.hierarchical.ThrowableCollector.execute(ThrowableCollector.java:73)
	at org.junit.platform.engine.support.hierarchical.NodeTestTask.lambda$executeRecursively$8(NodeTestTask.java:141)
	at org.junit.platform.engine.support.hierarchical.Node.around(Node.java:137)
	at org.junit.platform.engine.support.hierarchical.NodeTestTask.lambda$executeRecursively$9(NodeTestTask.java:139)
	at org.junit.platform.engine.support.hierarchical.ThrowableCollector.execute(ThrowableCollector.java:73)
	at org.junit.platform.engine.support.hierarchical.NodeTestTask.executeRecursively(NodeTestTask.java:138)
	at org.junit.platform.engine.support.hierarchical.NodeTestTask.execute(NodeTestTask.java:95)
	at java.base/java.util.ArrayList.forEach(ArrayList.java:1596)
	at org.junit.platform.engine.support.hierarchical.SameThreadHierarchicalTestExecutorService.invokeAll(SameThreadHierarchicalTestExecutorService.java:41)
	at org.junit.platform.engine.support.hierarchical.NodeTestTask.lambda$executeRecursively$6(NodeTestTask.java:155)
	at org.junit.platform.engine.support.hierarchical.ThrowableCollector.execute(ThrowableCollector.java:73)
	at org.junit.platform.engine.support.hierarchical.NodeTestTask.lambda$executeRecursively$8(NodeTestTask.java:141)
	at org.junit.platform.engine.support.hierarchical.Node.around(Node.java:137)
	at org.junit.platform.engine.support.hierarchical.NodeTestTask.lambda$executeRecursively$9(NodeTestTask.java:139)
	at org.junit.platform.engine.support.hierarchical.ThrowableCollector.execute(ThrowableCollector.java:73)
	at org.junit.platform.engine.support.hierarchical.NodeTestTask.executeRecursively(NodeTestTask.java:138)
	at org.junit.platform.engine.support.hierarchical.NodeTestTask.execute(NodeTestTask.java:95)
	at java.base/java.util.ArrayList.forEach(ArrayList.java:1596)
	at org.junit.platform.engine.support.hierarchical.SameThreadHierarchicalTestExecutorService.invokeAll(SameThreadHierarchicalTestExecutorService.java:41)
	at org.junit.platform.engine.support.hierarchical.NodeTestTask.lambda$executeRecursively$6(NodeTestTask.java:155)
	at org.junit.platform.engine.support.hierarchical.ThrowableCollector.execute(ThrowableCollector.java:73)
	at org.junit.platform.engine.support.hierarchical.NodeTestTask.lambda$executeRecursively$8(NodeTestTask.java:141)
	at org.junit.platform.engine.support.hierarchical.Node.around(Node.java:137)
	at org.junit.platform.engine.support.hierarchical.NodeTestTask.lambda$executeRecursively$9(NodeTestTask.java:139)
	at org.junit.platform.engine.support.hierarchical.ThrowableCollector.execute(ThrowableCollector.java:73)
	at org.junit.platform.engine.support.hierarchical.NodeTestTask.executeRecursively(NodeTestTask.java:138)
	at org.junit.platform.engine.support.hierarchical.NodeTestTask.execute(NodeTestTask.java:95)
	at org.junit.platform.engine.support.hierarchical.SameThreadHierarchicalTestExecutorService.submit(SameThreadHierarchicalTestExecutorService.java:35)
	at org.junit.platform.engine.support.hierarchical.HierarchicalTestExecutor.execute(HierarchicalTestExecutor.java:57)
	at org.junit.platform.engine.support.hierarchical.HierarchicalTestEngine.execute(HierarchicalTestEngine.java:54)
	at org.junit.platform.launcher.core.EngineExecutionOrchestrator.execute(EngineExecutionOrchestrator.java:198)
	at org.junit.platform.launcher.core.EngineExecutionOrchestrator.execute(EngineExecutionOrchestrator.java:169)
	at org.junit.platform.launcher.core.EngineExecutionOrchestrator.execute(EngineExecutionOrchestrator.java:93)
	at org.junit.platform.launcher.core.EngineExecutionOrchestrator.execute(EngineExecutionOrchestrator.java:76)
	at org.junit.platform.suite.engine.SuiteLauncher.execute(SuiteLauncher.java:63)
	at org.junit.platform.suite.engine.SuiteTestDescriptor.execute(SuiteTestDescriptor.java:128)
	at org.junit.platform.suite.engine.SuiteTestEngine.lambda$execute$0(SuiteTestEngine.java:73)
	at java.base/java.util.stream.ForEachOps$ForEachOp$OfRef.accept(ForEachOps.java:184)
	at java.base/java.util.stream.ReferencePipeline$3$1.accept(ReferencePipeline.java:197)
	at java.base/java.util.Iterator.forEachRemaining(Iterator.java:133)
	at java.base/java.util.Spliterators$IteratorSpliterator.forEachRemaining(Spliterators.java:1939)
	at java.base/java.util.stream.AbstractPipeline.copyInto(AbstractPipeline.java:509)
	at java.base/java.util.stream.AbstractPipeline.wrapAndCopyInto(AbstractPipeline.java:499)
	at java.base/java.util.stream.ForEachOps$ForEachOp.evaluateSequential(ForEachOps.java:151)
	at java.base/java.util.stream.ForEachOps$ForEachOp$OfRef.evaluateSequential(ForEachOps.java:174)
	at java.base/java.util.stream.AbstractPipeline.evaluate(AbstractPipeline.java:234)
	at java.base/java.util.stream.ReferencePipeline.forEach(ReferencePipeline.java:596)
	at org.junit.platform.suite.engine.SuiteTestEngine.execute(SuiteTestEngine.java:73)
	at org.junit.platform.launcher.core.EngineExecutionOrchestrator.execute(EngineExecutionOrchestrator.java:198)
	at org.junit.platform.launcher.core.EngineExecutionOrchestrator.execute(EngineExecutionOrchestrator.java:169)
	at org.junit.platform.launcher.core.EngineExecutionOrchestrator.execute(EngineExecutionOrchestrator.java:93)
	at org.junit.platform.launcher.core.EngineExecutionOrchestrator.lambda$execute$0(EngineExecutionOrchestrator.java:58)
	at org.junit.platform.launcher.core.EngineExecutionOrchestrator.withInterceptedStreams(EngineExecutionOrchestrator.java:141)
	at org.junit.platform.launcher.core.EngineExecutionOrchestrator.execute(EngineExecutionOrchestrator.java:57)
	at org.junit.platform.launcher.core.DefaultLauncher.execute(DefaultLauncher.java:103)
	at org.junit.platform.launcher.core.DefaultLauncher.execute(DefaultLauncher.java:85)
	at org.junit.platform.launcher.core.DelegatingLauncher.execute(DelegatingLauncher.java:47)
	at org.apache.maven.surefire.junitplatform.LazyLauncher.execute(LazyLauncher.java:50)
	at org.apache.maven.surefire.junitplatform.JUnitPlatformProvider.execute(JUnitPlatformProvider.java:184)
	at org.apache.maven.surefire.junitplatform.JUnitPlatformProvider.invokeAllTests(JUnitPlatformProvider.java:148)
	at org.apache.maven.surefire.junitplatform.JUnitPlatformProvider.invoke(JUnitPlatformProvider.java:122)
	at org.apache.maven.surefire.booter.ForkedBooter.runSuitesInProcess(ForkedBooter.java:385)
	at org.apache.maven.surefire.booter.ForkedBooter.execute(ForkedBooter.java:162)
	at org.apache.maven.surefire.booter.ForkedBooter.run(ForkedBooter.java:507)
	at org.apache.maven.surefire.booter.ForkedBooter.main(ForkedBooter.java:495)
&amp#27;[0m
  &amp#27;[36mQuando &amp#27;[0m&amp#27;[36menvio uma requisição POST para &amp#27;[0m&amp#27;[36m&amp#27;[1m"/participacoes"&amp#27;[0m&amp#27;[36m com os dados incompletos&amp#27;[0m &amp#27;[90m# steps.ParticipacaoSteps.envioUmaRequisiçãoPOSTParaComOsDadosIncompletos(java.lang.String)&amp#27;[0m
  &amp#27;[36mEntão &amp#27;[0m&amp#27;[36mo status da resposta deve ser &amp#27;[0m&amp#27;[36m&amp#27;[1m400&amp#27;[0m                                         &amp#27;[90m# steps.AutenticacaoSteps.oStatusDaRespostaDeveSer(int)&amp#27;[0m
  &amp#27;[36mE &amp#27;[0m&amp#27;[36ma resposta deve indicar erros de validação&amp#27;[0m                                    &amp#27;[90m# steps.ParticipacaoSteps.aRespostaDeveIndicarErrosDeValidação()&amp#27;[0m
]]></system-out>
  </testcase>
  <testcase name="Criar participação com campos obrigatórios ausentes" classname="Gerenciamento de Participações" time="0.011">
    <error message="Step [que quero criar um registro de participação com dados ausentes] is defined with 0 parameters at &apos;steps.ParticipacaoSteps.queQueroCriarUmRegistroDeParticipaçãoComDadosAusentes()&apos;.&#10;However, the gherkin step has 1 arguments:&#10; * Table:&#10;      | colaborador_id | treinamento_id | concluido |&#10;      |                | 1              | false     |&#10;&#10;Step text: que quero criar um registro de participação com dados ausentes" type="io.cucumber.core.exception.CucumberException"><![CDATA[io.cucumber.core.exception.CucumberException: 
Step [que quero criar um registro de participação com dados ausentes] is defined with 0 parameters at 'steps.ParticipacaoSteps.queQueroCriarUmRegistroDeParticipaçãoComDadosAusentes()'.
However, the gherkin step has 1 arguments:
 * Table:
      | colaborador_id | treinamento_id | concluido |
      |                | 1              | false     |

Step text: que quero criar um registro de participação com dados ausentes
	at io.cucumber.core.runner.PickleStepDefinitionMatch.arityMismatch(PickleStepDefinitionMatch.java:83)
	at io.cucumber.core.runner.PickleStepDefinitionMatch.runStep(PickleStepDefinitionMatch.java:42)
	at io.cucumber.core.runner.ExecutionMode$1.execute(ExecutionMode.java:10)
	at io.cucumber.core.runner.TestStep.executeStep(TestStep.java:81)
	at io.cucumber.core.runner.TestStep.run(TestStep.java:53)
	at io.cucumber.core.runner.PickleStepTestStep.run(PickleStepTestStep.java:51)
	at io.cucumber.core.runner.TestCase.run(TestCase.java:84)
	at io.cucumber.core.runner.Runner.runPickle(Runner.java:75)
	at io.cucumber.junit.platform.engine.CucumberEngineExecutionContext.lambda$runTestCase$4(CucumberEngineExecutionContext.java:112)
	at io.cucumber.core.runtime.CucumberExecutionContext.lambda$runTestCase$5(CucumberExecutionContext.java:136)
	at io.cucumber.core.runtime.RethrowingThrowableCollector.executeAndThrow(RethrowingThrowableCollector.java:23)
	at io.cucumber.core.runtime.CucumberExecutionContext.runTestCase(CucumberExecutionContext.java:136)
	at io.cucumber.junit.platform.engine.CucumberEngineExecutionContext.runTestCase(CucumberEngineExecutionContext.java:109)
	at io.cucumber.junit.platform.engine.NodeDescriptor$PickleDescriptor.execute(NodeDescriptor.java:168)
	at io.cucumber.junit.platform.engine.NodeDescriptor$PickleDescriptor.execute(NodeDescriptor.java:90)
	at java.base/java.util.ArrayList.forEach(ArrayList.java:1596)
	at java.base/java.util.ArrayList.forEach(ArrayList.java:1596)
]]></error>
    <system-out><![CDATA[
Cenário: Criar participação com campos obrigatórios ausentes                      &amp#27;[90m# features/treinamento.feature:90&amp#27;[0m
  &amp#27;[32mDado &amp#27;[0m&amp#27;[32mque a aplicação está rodando&amp#27;[0m                                               &amp#27;[90m# steps.AutenticacaoSteps.queAAplicaçãoEstáRodando()&amp#27;[0m
  &amp#27;[32mE &amp#27;[0m&amp#27;[32mo banco de dados está acessível&amp#27;[0m                                               &amp#27;[90m# steps.AutenticacaoSteps.oBancoDeDadosEstáAcessível()&amp#27;[0m
  &amp#27;[32mE &amp#27;[0m&amp#27;[32mtenho um token de autenticação válido&amp#27;[0m                                         &amp#27;[90m# steps.ColaboradorGestaoSteps.tenhoUmTokenDeAutenticaçãoVálido()&amp#27;[0m
  &amp#27;[31mDado &amp#27;[0m&amp#27;[31mque quero criar um registro de participação com dados ausentes&amp#27;[0m             &amp#27;[90m# steps.ParticipacaoSteps.queQueroCriarUmRegistroDeParticipaçãoComDadosAusentes()&amp#27;[0m
    | colaborador_id | treinamento_id | concluido |
    | [empty]        | 1              | false     |
      &amp#27;[31mio.cucumber.core.exception.CucumberException: Step [que quero criar um registro de participação com dados ausentes] is defined with 0 parameters at 'steps.ParticipacaoSteps.queQueroCriarUmRegistroDeParticipaçãoComDadosAusentes()'.
However, the gherkin step has 1 arguments:
 * Table:
      | colaborador_id | treinamento_id | concluido |
      |                | 1              | false     |

Step text: que quero criar um registro de participação com dados ausentes
	at io.cucumber.core.runner.PickleStepDefinitionMatch.arityMismatch(PickleStepDefinitionMatch.java:83)
	at io.cucumber.core.runner.PickleStepDefinitionMatch.runStep(PickleStepDefinitionMatch.java:42)
	at io.cucumber.core.runner.ExecutionMode$1.execute(ExecutionMode.java:10)
	at io.cucumber.core.runner.TestStep.executeStep(TestStep.java:81)
	at io.cucumber.core.runner.TestStep.run(TestStep.java:53)
	at io.cucumber.core.runner.PickleStepTestStep.run(PickleStepTestStep.java:51)
	at io.cucumber.core.runner.TestCase.run(TestCase.java:84)
	at io.cucumber.core.runner.Runner.runPickle(Runner.java:75)
	at io.cucumber.junit.platform.engine.CucumberEngineExecutionContext.lambda$runTestCase$4(CucumberEngineExecutionContext.java:112)
	at io.cucumber.core.runtime.CucumberExecutionContext.lambda$runTestCase$5(CucumberExecutionContext.java:136)
	at io.cucumber.core.runtime.RethrowingThrowableCollector.executeAndThrow(RethrowingThrowableCollector.java:23)
	at io.cucumber.core.runtime.CucumberExecutionContext.runTestCase(CucumberExecutionContext.java:136)
	at io.cucumber.junit.platform.engine.CucumberEngineExecutionContext.runTestCase(CucumberEngineExecutionContext.java:109)
	at io.cucumber.junit.platform.engine.NodeDescriptor$PickleDescriptor.execute(NodeDescriptor.java:168)
	at io.cucumber.junit.platform.engine.NodeDescriptor$PickleDescriptor.execute(NodeDescriptor.java:90)
	at org.junit.platform.engine.support.hierarchical.NodeTestTask.lambda$executeRecursively$6(NodeTestTask.java:151)
	at org.junit.platform.engine.support.hierarchical.ThrowableCollector.execute(ThrowableCollector.java:73)
	at org.junit.platform.engine.support.hierarchical.NodeTestTask.lambda$executeRecursively$8(NodeTestTask.java:141)
	at org.junit.platform.engine.support.hierarchical.Node.around(Node.java:137)
	at org.junit.platform.engine.support.hierarchical.NodeTestTask.lambda$executeRecursively$9(NodeTestTask.java:139)
	at org.junit.platform.engine.support.hierarchical.ThrowableCollector.execute(ThrowableCollector.java:73)
	at org.junit.platform.engine.support.hierarchical.NodeTestTask.executeRecursively(NodeTestTask.java:138)
	at org.junit.platform.engine.support.hierarchical.NodeTestTask.execute(NodeTestTask.java:95)
	at java.base/java.util.ArrayList.forEach(ArrayList.java:1596)
	at org.junit.platform.engine.support.hierarchical.SameThreadHierarchicalTestExecutorService.invokeAll(SameThreadHierarchicalTestExecutorService.java:41)
	at org.junit.platform.engine.support.hierarchical.NodeTestTask.lambda$executeRecursively$6(NodeTestTask.java:155)
	at org.junit.platform.engine.support.hierarchical.ThrowableCollector.execute(ThrowableCollector.java:73)
	at org.junit.platform.engine.support.hierarchical.NodeTestTask.lambda$executeRecursively$8(NodeTestTask.java:141)
	at org.junit.platform.engine.support.hierarchical.Node.around(Node.java:137)
	at org.junit.platform.engine.support.hierarchical.NodeTestTask.lambda$executeRecursively$9(NodeTestTask.java:139)
	at org.junit.platform.engine.support.hierarchical.ThrowableCollector.execute(ThrowableCollector.java:73)
	at org.junit.platform.engine.support.hierarchical.NodeTestTask.executeRecursively(NodeTestTask.java:138)
	at org.junit.platform.engine.support.hierarchical.NodeTestTask.execute(NodeTestTask.java:95)
	at java.base/java.util.ArrayList.forEach(ArrayList.java:1596)
	at org.junit.platform.engine.support.hierarchical.SameThreadHierarchicalTestExecutorService.invokeAll(SameThreadHierarchicalTestExecutorService.java:41)
	at org.junit.platform.engine.support.hierarchical.NodeTestTask.lambda$executeRecursively$6(NodeTestTask.java:155)
	at org.junit.platform.engine.support.hierarchical.ThrowableCollector.execute(ThrowableCollector.java:73)
	at org.junit.platform.engine.support.hierarchical.NodeTestTask.lambda$executeRecursively$8(NodeTestTask.java:141)
	at org.junit.platform.engine.support.hierarchical.Node.around(Node.java:137)
	at org.junit.platform.engine.support.hierarchical.NodeTestTask.lambda$executeRecursively$9(NodeTestTask.java:139)
	at org.junit.platform.engine.support.hierarchical.ThrowableCollector.execute(ThrowableCollector.java:73)
	at org.junit.platform.engine.support.hierarchical.NodeTestTask.executeRecursively(NodeTestTask.java:138)
	at org.junit.platform.engine.support.hierarchical.NodeTestTask.execute(NodeTestTask.java:95)
	at org.junit.platform.engine.support.hierarchical.SameThreadHierarchicalTestExecutorService.submit(SameThreadHierarchicalTestExecutorService.java:35)
	at org.junit.platform.engine.support.hierarchical.HierarchicalTestExecutor.execute(HierarchicalTestExecutor.java:57)
	at org.junit.platform.engine.support.hierarchical.HierarchicalTestEngine.execute(HierarchicalTestEngine.java:54)
	at org.junit.platform.launcher.core.EngineExecutionOrchestrator.execute(EngineExecutionOrchestrator.java:198)
	at org.junit.platform.launcher.core.EngineExecutionOrchestrator.execute(EngineExecutionOrchestrator.java:169)
	at org.junit.platform.launcher.core.EngineExecutionOrchestrator.execute(EngineExecutionOrchestrator.java:93)
	at org.junit.platform.launcher.core.EngineExecutionOrchestrator.execute(EngineExecutionOrchestrator.java:76)
	at org.junit.platform.suite.engine.SuiteLauncher.execute(SuiteLauncher.java:63)
	at org.junit.platform.suite.engine.SuiteTestDescriptor.execute(SuiteTestDescriptor.java:128)
	at org.junit.platform.suite.engine.SuiteTestEngine.lambda$execute$0(SuiteTestEngine.java:73)
	at java.base/java.util.stream.ForEachOps$ForEachOp$OfRef.accept(ForEachOps.java:184)
	at java.base/java.util.stream.ReferencePipeline$3$1.accept(ReferencePipeline.java:197)
	at java.base/java.util.Iterator.forEachRemaining(Iterator.java:133)
	at java.base/java.util.Spliterators$IteratorSpliterator.forEachRemaining(Spliterators.java:1939)
	at java.base/java.util.stream.AbstractPipeline.copyInto(AbstractPipeline.java:509)
	at java.base/java.util.stream.AbstractPipeline.wrapAndCopyInto(AbstractPipeline.java:499)
	at java.base/java.util.stream.ForEachOps$ForEachOp.evaluateSequential(ForEachOps.java:151)
	at java.base/java.util.stream.ForEachOps$ForEachOp$OfRef.evaluateSequential(ForEachOps.java:174)
	at java.base/java.util.stream.AbstractPipeline.evaluate(AbstractPipeline.java:234)
	at java.base/java.util.stream.ReferencePipeline.forEach(ReferencePipeline.java:596)
	at org.junit.platform.suite.engine.SuiteTestEngine.execute(SuiteTestEngine.java:73)
	at org.junit.platform.launcher.core.EngineExecutionOrchestrator.execute(EngineExecutionOrchestrator.java:198)
	at org.junit.platform.launcher.core.EngineExecutionOrchestrator.execute(EngineExecutionOrchestrator.java:169)
	at org.junit.platform.launcher.core.EngineExecutionOrchestrator.execute(EngineExecutionOrchestrator.java:93)
	at org.junit.platform.launcher.core.EngineExecutionOrchestrator.lambda$execute$0(EngineExecutionOrchestrator.java:58)
	at org.junit.platform.launcher.core.EngineExecutionOrchestrator.withInterceptedStreams(EngineExecutionOrchestrator.java:141)
	at org.junit.platform.launcher.core.EngineExecutionOrchestrator.execute(EngineExecutionOrchestrator.java:57)
	at org.junit.platform.launcher.core.DefaultLauncher.execute(DefaultLauncher.java:103)
	at org.junit.platform.launcher.core.DefaultLauncher.execute(DefaultLauncher.java:85)
	at org.junit.platform.launcher.core.DelegatingLauncher.execute(DelegatingLauncher.java:47)
	at org.apache.maven.surefire.junitplatform.LazyLauncher.execute(LazyLauncher.java:50)
	at org.apache.maven.surefire.junitplatform.JUnitPlatformProvider.execute(JUnitPlatformProvider.java:184)
	at org.apache.maven.surefire.junitplatform.JUnitPlatformProvider.invokeAllTests(JUnitPlatformProvider.java:148)
	at org.apache.maven.surefire.junitplatform.JUnitPlatformProvider.invoke(JUnitPlatformProvider.java:122)
	at org.apache.maven.surefire.booter.ForkedBooter.runSuitesInProcess(ForkedBooter.java:385)
	at org.apache.maven.surefire.booter.ForkedBooter.execute(ForkedBooter.java:162)
	at org.apache.maven.surefire.booter.ForkedBooter.run(ForkedBooter.java:507)
	at org.apache.maven.surefire.booter.ForkedBooter.main(ForkedBooter.java:495)
&amp#27;[0m
  &amp#27;[36mQuando &amp#27;[0m&amp#27;[36menvio uma requisição POST para &amp#27;[0m&amp#27;[36m&amp#27;[1m"/participacoes"&amp#27;[0m&amp#27;[36m com os dados incompletos&amp#27;[0m &amp#27;[90m# steps.ParticipacaoSteps.envioUmaRequisiçãoPOSTParaComOsDadosIncompletos(java.lang.String)&amp#27;[0m
  &amp#27;[36mEntão &amp#27;[0m&amp#27;[36mo status da resposta deve ser &amp#27;[0m&amp#27;[36m&amp#27;[1m400&amp#27;[0m                                         &amp#27;[90m# steps.AutenticacaoSteps.oStatusDaRespostaDeveSer(int)&amp#27;[0m
  &amp#27;[36mE &amp#27;[0m&amp#27;[36ma resposta deve indicar erros de validação&amp#27;[0m                                    &amp#27;[90m# steps.ParticipacaoSteps.aRespostaDeveIndicarErrosDeValidação()&amp#27;[0m
]]></system-out>
  </testcase>
  <testcase name="Atualizar registro de participação inexistente" classname="Gerenciamento de Participações" time="0.031">
    <error message="Cannot invoke &quot;io.restassured.response.Response.getStatusCode()&quot; because &quot;this.autenticacaoService.response&quot; is null" type="java.lang.NullPointerException"><![CDATA[java.lang.NullPointerException: Cannot invoke "io.restassured.response.Response.getStatusCode()" because "this.autenticacaoService.response" is null
	at steps.AutenticacaoSteps.oStatusDaRespostaDeveSer(AutenticacaoSteps.java:43)
	at ✽.o status da resposta deve ser 404(classpath:features/participacao.feature:101)
]]></error>
    <system-out><![CDATA[
Cenário: Atualizar registro de participação inexistente                           &amp#27;[90m# features/participacao.feature:98&amp#27;[0m
  &amp#27;[32mDado &amp#27;[0m&amp#27;[32mque a aplicação está rodando&amp#27;[0m                                               &amp#27;[90m# steps.AutenticacaoSteps.queAAplicaçãoEstáRodando()&amp#27;[0m
  &amp#27;[32mE &amp#27;[0m&amp#27;[32mo banco de dados está acessível&amp#27;[0m                                               &amp#27;[90m# steps.AutenticacaoSteps.oBancoDeDadosEstáAcessível()&amp#27;[0m
  &amp#27;[32mE &amp#27;[0m&amp#27;[32mtenho um token de autenticação válido&amp#27;[0m                                         &amp#27;[90m# steps.ColaboradorGestaoSteps.tenhoUmTokenDeAutenticaçãoVálido()&amp#27;[0m
  &amp#27;[32mDado &amp#27;[0m&amp#27;[32mque não existe um registro de participação com ID &amp#27;[0m&amp#27;[32m&amp#27;[1m999&amp#27;[0m                      &amp#27;[90m# steps.ParticipacaoSteps.queNãoExisteUmRegistroDeParticipaçãoComID(int)&amp#27;[0m
  &amp#27;[32mQuando &amp#27;[0m&amp#27;[32menvio uma requisição PUT para &amp#27;[0m&amp#27;[32m&amp#27;[1m"/participacoes/999"&amp#27;[0m&amp#27;[32m com dados atualizados&amp#27;[0m &amp#27;[90m# steps.ParticipacaoSteps.envioUmaRequisiçãoPUTParaComDadosAtualizados(java.lang.String)&amp#27;[0m
  &amp#27;[31mEntão &amp#27;[0m&amp#27;[31mo status da resposta deve ser &amp#27;[0m&amp#27;[31m&amp#27;[1m404&amp#27;[0m                                         &amp#27;[90m# steps.AutenticacaoSteps.oStatusDaRespostaDeveSer(int)&amp#27;[0m
      &amp#27;[31mjava.lang.NullPointerException: Cannot invoke "io.restassured.response.Response.getStatusCode()" because "this.autenticacaoService.response" is null
	at steps.AutenticacaoSteps.oStatusDaRespostaDeveSer(AutenticacaoSteps.java:43)
	at ✽.o status da resposta deve ser 404(classpath:features/participacao.feature:101)
&amp#27;[0m
]]></system-out>
  </testcase>
  <testcase name="Atualizar registro de participação inexistente" classname="Gerenciamento de Participações" time="0.013">
    <error message="Cannot invoke &quot;io.restassured.response.Response.getStatusCode()&quot; because &quot;this.autenticacaoService.response&quot; is null" type="java.lang.NullPointerException"><![CDATA[java.lang.NullPointerException: Cannot invoke "io.restassured.response.Response.getStatusCode()" because "this.autenticacaoService.response" is null
	at steps.AutenticacaoSteps.oStatusDaRespostaDeveSer(AutenticacaoSteps.java:43)
	at ✽.o status da resposta deve ser 404(classpath:features/treinamento.feature:101)
]]></error>
    <system-out><![CDATA[
Cenário: Atualizar registro de participação inexistente                           &amp#27;[90m# features/treinamento.feature:98&amp#27;[0m
  &amp#27;[32mDado &amp#27;[0m&amp#27;[32mque a aplicação está rodando&amp#27;[0m                                               &amp#27;[90m# steps.AutenticacaoSteps.queAAplicaçãoEstáRodando()&amp#27;[0m
  &amp#27;[32mE &amp#27;[0m&amp#27;[32mo banco de dados está acessível&amp#27;[0m                                               &amp#27;[90m# steps.AutenticacaoSteps.oBancoDeDadosEstáAcessível()&amp#27;[0m
  &amp#27;[32mE &amp#27;[0m&amp#27;[32mtenho um token de autenticação válido&amp#27;[0m                                         &amp#27;[90m# steps.ColaboradorGestaoSteps.tenhoUmTokenDeAutenticaçãoVálido()&amp#27;[0m
  &amp#27;[32mDado &amp#27;[0m&amp#27;[32mque não existe um registro de participação com ID &amp#27;[0m&amp#27;[32m&amp#27;[1m999&amp#27;[0m                      &amp#27;[90m# steps.ParticipacaoSteps.queNãoExisteUmRegistroDeParticipaçãoComID(int)&amp#27;[0m
  &amp#27;[32mQuando &amp#27;[0m&amp#27;[32menvio uma requisição PUT para &amp#27;[0m&amp#27;[32m&amp#27;[1m"/participacoes/999"&amp#27;[0m&amp#27;[32m com dados atualizados&amp#27;[0m &amp#27;[90m# steps.ParticipacaoSteps.envioUmaRequisiçãoPUTParaComDadosAtualizados(java.lang.String)&amp#27;[0m
  &amp#27;[31mEntão &amp#27;[0m&amp#27;[31mo status da resposta deve ser &amp#27;[0m&amp#27;[31m&amp#27;[1m404&amp#27;[0m                                         &amp#27;[90m# steps.AutenticacaoSteps.oStatusDaRespostaDeveSer(int)&amp#27;[0m
      &amp#27;[31mjava.lang.NullPointerException: Cannot invoke "io.restassured.response.Response.getStatusCode()" because "this.autenticacaoService.response" is null
	at steps.AutenticacaoSteps.oStatusDaRespostaDeveSer(AutenticacaoSteps.java:43)
	at ✽.o status da resposta deve ser 404(classpath:features/treinamento.feature:101)
&amp#27;[0m
]]></system-out>
  </testcase>
  <testcase name="Acessar endpoints de participação sem autenticação" classname="Gerenciamento de Participações" time="0.019">
    <error message="Cannot invoke &quot;io.restassured.response.Response.getStatusCode()&quot; because &quot;this.autenticacaoService.response&quot; is null" type="java.lang.NullPointerException"><![CDATA[java.lang.NullPointerException: Cannot invoke "io.restassured.response.Response.getStatusCode()" because "this.autenticacaoService.response" is null
	at steps.AutenticacaoSteps.oStatusDaRespostaDeveSer(AutenticacaoSteps.java:43)
	at ✽.o status da resposta deve ser 401(classpath:features/participacao.feature:106)
]]></error>
    <system-out><![CDATA[
Cenário: Acessar endpoints de participação sem autenticação &amp#27;[90m# features/participacao.feature:103&amp#27;[0m
  &amp#27;[32mDado &amp#27;[0m&amp#27;[32mque a aplicação está rodando&amp#27;[0m                         &amp#27;[90m# steps.AutenticacaoSteps.queAAplicaçãoEstáRodando()&amp#27;[0m
  &amp#27;[32mE &amp#27;[0m&amp#27;[32mo banco de dados está acessível&amp#27;[0m                         &amp#27;[90m# steps.AutenticacaoSteps.oBancoDeDadosEstáAcessível()&amp#27;[0m
  &amp#27;[32mE &amp#27;[0m&amp#27;[32mtenho um token de autenticação válido&amp#27;[0m                   &amp#27;[90m# steps.ColaboradorGestaoSteps.tenhoUmTokenDeAutenticaçãoVálido()&amp#27;[0m
  &amp#27;[32mDado &amp#27;[0m&amp#27;[32mque não tenho um token de autenticação válido&amp#27;[0m        &amp#27;[90m# steps.ColaboradorGestaoSteps.queNãoTenhoUmTokenDeAutenticaçãoVálido()&amp#27;[0m
  &amp#27;[32mQuando &amp#27;[0m&amp#27;[32menvio uma requisição GET para &amp#27;[0m&amp#27;[32m&amp#27;[1m"/participacoes"&amp#27;[0m     &amp#27;[90m# steps.ColaboradorGestaoSteps.envioUmaRequisiçãoGETPara(java.lang.String)&amp#27;[0m
  &amp#27;[31mEntão &amp#27;[0m&amp#27;[31mo status da resposta deve ser &amp#27;[0m&amp#27;[31m&amp#27;[1m401&amp#27;[0m                   &amp#27;[90m# steps.AutenticacaoSteps.oStatusDaRespostaDeveSer(int)&amp#27;[0m
      &amp#27;[31mjava.lang.NullPointerException: Cannot invoke "io.restassured.response.Response.getStatusCode()" because "this.autenticacaoService.response" is null
	at steps.AutenticacaoSteps.oStatusDaRespostaDeveSer(AutenticacaoSteps.java:43)
	at ✽.o status da resposta deve ser 401(classpath:features/participacao.feature:106)
&amp#27;[0m
  &amp#27;[36mE &amp#27;[0m&amp#27;[36ma resposta deve indicar acesso não autorizado&amp#27;[0m           &amp#27;[90m# steps.ColaboradorGestaoSteps.aRespostaDeveIndicarAcessoNãoAutorizado()&amp#27;[0m
]]></system-out>
  </testcase>
  <testcase name="Acessar endpoints de participação sem autenticação" classname="Gerenciamento de Participações" time="0.016">
    <error message="Cannot invoke &quot;io.restassured.response.Response.getStatusCode()&quot; because &quot;this.autenticacaoService.response&quot; is null" type="java.lang.NullPointerException"><![CDATA[java.lang.NullPointerException: Cannot invoke "io.restassured.response.Response.getStatusCode()" because "this.autenticacaoService.response" is null
	at steps.AutenticacaoSteps.oStatusDaRespostaDeveSer(AutenticacaoSteps.java:43)
	at ✽.o status da resposta deve ser 401(classpath:features/treinamento.feature:106)
]]></error>
    <system-out><![CDATA[
Cenário: Acessar endpoints de participação sem autenticação &amp#27;[90m# features/treinamento.feature:103&amp#27;[0m
  &amp#27;[32mDado &amp#27;[0m&amp#27;[32mque a aplicação está rodando&amp#27;[0m                         &amp#27;[90m# steps.AutenticacaoSteps.queAAplicaçãoEstáRodando()&amp#27;[0m
  &amp#27;[32mE &amp#27;[0m&amp#27;[32mo banco de dados está acessível&amp#27;[0m                         &amp#27;[90m# steps.AutenticacaoSteps.oBancoDeDadosEstáAcessível()&amp#27;[0m
  &amp#27;[32mE &amp#27;[0m&amp#27;[32mtenho um token de autenticação válido&amp#27;[0m                   &amp#27;[90m# steps.ColaboradorGestaoSteps.tenhoUmTokenDeAutenticaçãoVálido()&amp#27;[0m
  &amp#27;[32mDado &amp#27;[0m&amp#27;[32mque não tenho um token de autenticação válido&amp#27;[0m        &amp#27;[90m# steps.ColaboradorGestaoSteps.queNãoTenhoUmTokenDeAutenticaçãoVálido()&amp#27;[0m
  &amp#27;[32mQuando &amp#27;[0m&amp#27;[32menvio uma requisição GET para &amp#27;[0m&amp#27;[32m&amp#27;[1m"/participacoes"&amp#27;[0m     &amp#27;[90m# steps.ColaboradorGestaoSteps.envioUmaRequisiçãoGETPara(java.lang.String)&amp#27;[0m
  &amp#27;[31mEntão &amp#27;[0m&amp#27;[31mo status da resposta deve ser &amp#27;[0m&amp#27;[31m&amp#27;[1m401&amp#27;[0m                   &amp#27;[90m# steps.AutenticacaoSteps.oStatusDaRespostaDeveSer(int)&amp#27;[0m
      &amp#27;[31mjava.lang.NullPointerException: Cannot invoke "io.restassured.response.Response.getStatusCode()" because "this.autenticacaoService.response" is null
	at steps.AutenticacaoSteps.oStatusDaRespostaDeveSer(AutenticacaoSteps.java:43)
	at ✽.o status da resposta deve ser 401(classpath:features/treinamento.feature:106)
&amp#27;[0m
  &amp#27;[36mE &amp#27;[0m&amp#27;[36ma resposta deve indicar acesso não autorizado&amp#27;[0m           &amp#27;[90m# steps.ColaboradorGestaoSteps.aRespostaDeveIndicarAcessoNãoAutorizado()&amp#27;[0m
]]></system-out>
  </testcase>
  <testcase name="Acompanhar taxa de conclusão de participações" classname="Gerenciamento de Participações" time="0.021">
    <error message="Step [que existem múltiplas participações com diferentes status de conclusão] is defined with 0 parameters at &apos;steps.ParticipacaoSteps.queExistemMúltiplasParticipaçõesComDiferentesStatusDeConclusão()&apos;.&#10;However, the gherkin step has 1 arguments:&#10; * Table:&#10;      | colaborador_id | treinamento_id | concluido |&#10;      | 1              | 1              | true      |&#10;      | 2              | 1              | false     |&#10;      | 3              | 1              | true      |&#10;      | 4              | 1              | false     |&#10;&#10;Step text: que existem múltiplas participações com diferentes status de conclusão" type="io.cucumber.core.exception.CucumberException"><![CDATA[io.cucumber.core.exception.CucumberException: 
Step [que existem múltiplas participações com diferentes status de conclusão] is defined with 0 parameters at 'steps.ParticipacaoSteps.queExistemMúltiplasParticipaçõesComDiferentesStatusDeConclusão()'.
However, the gherkin step has 1 arguments:
 * Table:
      | colaborador_id | treinamento_id | concluido |
      | 1              | 1              | true      |
      | 2              | 1              | false     |
      | 3              | 1              | true      |
      | 4              | 1              | false     |

Step text: que existem múltiplas participações com diferentes status de conclusão
	at io.cucumber.core.runner.PickleStepDefinitionMatch.arityMismatch(PickleStepDefinitionMatch.java:83)
	at io.cucumber.core.runner.PickleStepDefinitionMatch.runStep(PickleStepDefinitionMatch.java:42)
	at io.cucumber.core.runner.ExecutionMode$1.execute(ExecutionMode.java:10)
	at io.cucumber.core.runner.TestStep.executeStep(TestStep.java:81)
	at io.cucumber.core.runner.TestStep.run(TestStep.java:53)
	at io.cucumber.core.runner.PickleStepTestStep.run(PickleStepTestStep.java:51)
	at io.cucumber.core.runner.TestCase.run(TestCase.java:84)
	at io.cucumber.core.runner.Runner.runPickle(Runner.java:75)
	at io.cucumber.junit.platform.engine.CucumberEngineExecutionContext.lambda$runTestCase$4(CucumberEngineExecutionContext.java:112)
	at io.cucumber.core.runtime.CucumberExecutionContext.lambda$runTestCase$5(CucumberExecutionContext.java:136)
	at io.cucumber.core.runtime.RethrowingThrowableCollector.executeAndThrow(RethrowingThrowableCollector.java:23)
	at io.cucumber.core.runtime.CucumberExecutionContext.runTestCase(CucumberExecutionContext.java:136)
	at io.cucumber.junit.platform.engine.CucumberEngineExecutionContext.runTestCase(CucumberEngineExecutionContext.java:109)
	at io.cucumber.junit.platform.engine.NodeDescriptor$PickleDescriptor.execute(NodeDescriptor.java:168)
	at io.cucumber.junit.platform.engine.NodeDescriptor$PickleDescriptor.execute(NodeDescriptor.java:90)
	at java.base/java.util.ArrayList.forEach(ArrayList.java:1596)
	at java.base/java.util.ArrayList.forEach(ArrayList.java:1596)
]]></error>
    <system-out><![CDATA[
Cenário: Acompanhar taxa de conclusão de participações                        &amp#27;[90m# features/participacao.feature:109&amp#27;[0m
  &amp#27;[32mDado &amp#27;[0m&amp#27;[32mque a aplicação está rodando&amp#27;[0m                                           &amp#27;[90m# steps.AutenticacaoSteps.queAAplicaçãoEstáRodando()&amp#27;[0m
  &amp#27;[32mE &amp#27;[0m&amp#27;[32mo banco de dados está acessível&amp#27;[0m                                           &amp#27;[90m# steps.AutenticacaoSteps.oBancoDeDadosEstáAcessível()&amp#27;[0m
  &amp#27;[32mE &amp#27;[0m&amp#27;[32mtenho um token de autenticação válido&amp#27;[0m                                     &amp#27;[90m# steps.ColaboradorGestaoSteps.tenhoUmTokenDeAutenticaçãoVálido()&amp#27;[0m
  &amp#27;[31mDado &amp#27;[0m&amp#27;[31mque existem múltiplas participações com diferentes status de conclusão&amp#27;[0m &amp#27;[90m# steps.ParticipacaoSteps.queExistemMúltiplasParticipaçõesComDiferentesStatusDeConclusão()&amp#27;[0m
    | colaborador_id | treinamento_id | concluido |
    | 1              | 1              | true      |
    | 2              | 1              | false     |
    | 3              | 1              | true      |
    | 4              | 1              | false     |
      &amp#27;[31mio.cucumber.core.exception.CucumberException: Step [que existem múltiplas participações com diferentes status de conclusão] is defined with 0 parameters at 'steps.ParticipacaoSteps.queExistemMúltiplasParticipaçõesComDiferentesStatusDeConclusão()'.
However, the gherkin step has 1 arguments:
 * Table:
      | colaborador_id | treinamento_id | concluido |
      | 1              | 1              | true      |
      | 2              | 1              | false     |
      | 3              | 1              | true      |
      | 4              | 1              | false     |

Step text: que existem múltiplas participações com diferentes status de conclusão
	at io.cucumber.core.runner.PickleStepDefinitionMatch.arityMismatch(PickleStepDefinitionMatch.java:83)
	at io.cucumber.core.runner.PickleStepDefinitionMatch.runStep(PickleStepDefinitionMatch.java:42)
	at io.cucumber.core.runner.ExecutionMode$1.execute(ExecutionMode.java:10)
	at io.cucumber.core.runner.TestStep.executeStep(TestStep.java:81)
	at io.cucumber.core.runner.TestStep.run(TestStep.java:53)
	at io.cucumber.core.runner.PickleStepTestStep.run(PickleStepTestStep.java:51)
	at io.cucumber.core.runner.TestCase.run(TestCase.java:84)
	at io.cucumber.core.runner.Runner.runPickle(Runner.java:75)
	at io.cucumber.junit.platform.engine.CucumberEngineExecutionContext.lambda$runTestCase$4(CucumberEngineExecutionContext.java:112)
	at io.cucumber.core.runtime.CucumberExecutionContext.lambda$runTestCase$5(CucumberExecutionContext.java:136)
	at io.cucumber.core.runtime.RethrowingThrowableCollector.executeAndThrow(RethrowingThrowableCollector.java:23)
	at io.cucumber.core.runtime.CucumberExecutionContext.runTestCase(CucumberExecutionContext.java:136)
	at io.cucumber.junit.platform.engine.CucumberEngineExecutionContext.runTestCase(CucumberEngineExecutionContext.java:109)
	at io.cucumber.junit.platform.engine.NodeDescriptor$PickleDescriptor.execute(NodeDescriptor.java:168)
	at io.cucumber.junit.platform.engine.NodeDescriptor$PickleDescriptor.execute(NodeDescriptor.java:90)
	at org.junit.platform.engine.support.hierarchical.NodeTestTask.lambda$executeRecursively$6(NodeTestTask.java:151)
	at org.junit.platform.engine.support.hierarchical.ThrowableCollector.execute(ThrowableCollector.java:73)
	at org.junit.platform.engine.support.hierarchical.NodeTestTask.lambda$executeRecursively$8(NodeTestTask.java:141)
	at org.junit.platform.engine.support.hierarchical.Node.around(Node.java:137)
	at org.junit.platform.engine.support.hierarchical.NodeTestTask.lambda$executeRecursively$9(NodeTestTask.java:139)
	at org.junit.platform.engine.support.hierarchical.ThrowableCollector.execute(ThrowableCollector.java:73)
	at org.junit.platform.engine.support.hierarchical.NodeTestTask.executeRecursively(NodeTestTask.java:138)
	at org.junit.platform.engine.support.hierarchical.NodeTestTask.execute(NodeTestTask.java:95)
	at java.base/java.util.ArrayList.forEach(ArrayList.java:1596)
	at org.junit.platform.engine.support.hierarchical.SameThreadHierarchicalTestExecutorService.invokeAll(SameThreadHierarchicalTestExecutorService.java:41)
	at org.junit.platform.engine.support.hierarchical.NodeTestTask.lambda$executeRecursively$6(NodeTestTask.java:155)
	at org.junit.platform.engine.support.hierarchical.ThrowableCollector.execute(ThrowableCollector.java:73)
	at org.junit.platform.engine.support.hierarchical.NodeTestTask.lambda$executeRecursively$8(NodeTestTask.java:141)
	at org.junit.platform.engine.support.hierarchical.Node.around(Node.java:137)
	at org.junit.platform.engine.support.hierarchical.NodeTestTask.lambda$executeRecursively$9(NodeTestTask.java:139)
	at org.junit.platform.engine.support.hierarchical.ThrowableCollector.execute(ThrowableCollector.java:73)
	at org.junit.platform.engine.support.hierarchical.NodeTestTask.executeRecursively(NodeTestTask.java:138)
	at org.junit.platform.engine.support.hierarchical.NodeTestTask.execute(NodeTestTask.java:95)
	at java.base/java.util.ArrayList.forEach(ArrayList.java:1596)
	at org.junit.platform.engine.support.hierarchical.SameThreadHierarchicalTestExecutorService.invokeAll(SameThreadHierarchicalTestExecutorService.java:41)
	at org.junit.platform.engine.support.hierarchical.NodeTestTask.lambda$executeRecursively$6(NodeTestTask.java:155)
	at org.junit.platform.engine.support.hierarchical.ThrowableCollector.execute(ThrowableCollector.java:73)
	at org.junit.platform.engine.support.hierarchical.NodeTestTask.lambda$executeRecursively$8(NodeTestTask.java:141)
	at org.junit.platform.engine.support.hierarchical.Node.around(Node.java:137)
	at org.junit.platform.engine.support.hierarchical.NodeTestTask.lambda$executeRecursively$9(NodeTestTask.java:139)
	at org.junit.platform.engine.support.hierarchical.ThrowableCollector.execute(ThrowableCollector.java:73)
	at org.junit.platform.engine.support.hierarchical.NodeTestTask.executeRecursively(NodeTestTask.java:138)
	at org.junit.platform.engine.support.hierarchical.NodeTestTask.execute(NodeTestTask.java:95)
	at org.junit.platform.engine.support.hierarchical.SameThreadHierarchicalTestExecutorService.submit(SameThreadHierarchicalTestExecutorService.java:35)
	at org.junit.platform.engine.support.hierarchical.HierarchicalTestExecutor.execute(HierarchicalTestExecutor.java:57)
	at org.junit.platform.engine.support.hierarchical.HierarchicalTestEngine.execute(HierarchicalTestEngine.java:54)
	at org.junit.platform.launcher.core.EngineExecutionOrchestrator.execute(EngineExecutionOrchestrator.java:198)
	at org.junit.platform.launcher.core.EngineExecutionOrchestrator.execute(EngineExecutionOrchestrator.java:169)
	at org.junit.platform.launcher.core.EngineExecutionOrchestrator.execute(EngineExecutionOrchestrator.java:93)
	at org.junit.platform.launcher.core.EngineExecutionOrchestrator.execute(EngineExecutionOrchestrator.java:76)
	at org.junit.platform.suite.engine.SuiteLauncher.execute(SuiteLauncher.java:63)
	at org.junit.platform.suite.engine.SuiteTestDescriptor.execute(SuiteTestDescriptor.java:128)
	at org.junit.platform.suite.engine.SuiteTestEngine.lambda$execute$0(SuiteTestEngine.java:73)
	at java.base/java.util.stream.ForEachOps$ForEachOp$OfRef.accept(ForEachOps.java:184)
	at java.base/java.util.stream.ReferencePipeline$3$1.accept(ReferencePipeline.java:197)
	at java.base/java.util.Iterator.forEachRemaining(Iterator.java:133)
	at java.base/java.util.Spliterators$IteratorSpliterator.forEachRemaining(Spliterators.java:1939)
	at java.base/java.util.stream.AbstractPipeline.copyInto(AbstractPipeline.java:509)
	at java.base/java.util.stream.AbstractPipeline.wrapAndCopyInto(AbstractPipeline.java:499)
	at java.base/java.util.stream.ForEachOps$ForEachOp.evaluateSequential(ForEachOps.java:151)
	at java.base/java.util.stream.ForEachOps$ForEachOp$OfRef.evaluateSequential(ForEachOps.java:174)
	at java.base/java.util.stream.AbstractPipeline.evaluate(AbstractPipeline.java:234)
	at java.base/java.util.stream.ReferencePipeline.forEach(ReferencePipeline.java:596)
	at org.junit.platform.suite.engine.SuiteTestEngine.execute(SuiteTestEngine.java:73)
	at org.junit.platform.launcher.core.EngineExecutionOrchestrator.execute(EngineExecutionOrchestrator.java:198)
	at org.junit.platform.launcher.core.EngineExecutionOrchestrator.execute(EngineExecutionOrchestrator.java:169)
	at org.junit.platform.launcher.core.EngineExecutionOrchestrator.execute(EngineExecutionOrchestrator.java:93)
	at org.junit.platform.launcher.core.EngineExecutionOrchestrator.lambda$execute$0(EngineExecutionOrchestrator.java:58)
	at org.junit.platform.launcher.core.EngineExecutionOrchestrator.withInterceptedStreams(EngineExecutionOrchestrator.java:141)
	at org.junit.platform.launcher.core.EngineExecutionOrchestrator.execute(EngineExecutionOrchestrator.java:57)
	at org.junit.platform.launcher.core.DefaultLauncher.execute(DefaultLauncher.java:103)
	at org.junit.platform.launcher.core.DefaultLauncher.execute(DefaultLauncher.java:85)
	at org.junit.platform.launcher.core.DelegatingLauncher.execute(DelegatingLauncher.java:47)
	at org.apache.maven.surefire.junitplatform.LazyLauncher.execute(LazyLauncher.java:50)
	at org.apache.maven.surefire.junitplatform.JUnitPlatformProvider.execute(JUnitPlatformProvider.java:184)
	at org.apache.maven.surefire.junitplatform.JUnitPlatformProvider.invokeAllTests(JUnitPlatformProvider.java:148)
	at org.apache.maven.surefire.junitplatform.JUnitPlatformProvider.invoke(JUnitPlatformProvider.java:122)
	at org.apache.maven.surefire.booter.ForkedBooter.runSuitesInProcess(ForkedBooter.java:385)
	at org.apache.maven.surefire.booter.ForkedBooter.execute(ForkedBooter.java:162)
	at org.apache.maven.surefire.booter.ForkedBooter.run(ForkedBooter.java:507)
	at org.apache.maven.surefire.booter.ForkedBooter.main(ForkedBooter.java:495)
&amp#27;[0m
  &amp#27;[36mQuando &amp#27;[0m&amp#27;[36menvio uma requisição GET para &amp#27;[0m&amp#27;[36m&amp#27;[1m"/participacoes"&amp#27;[0m                       &amp#27;[90m# steps.ColaboradorGestaoSteps.envioUmaRequisiçãoGETPara(java.lang.String)&amp#27;[0m
  &amp#27;[36mEntão &amp#27;[0m&amp#27;[36mo status da resposta deve ser &amp#27;[0m&amp#27;[36m&amp#27;[1m200&amp#27;[0m                                     &amp#27;[90m# steps.AutenticacaoSteps.oStatusDaRespostaDeveSer(int)&amp#27;[0m
  &amp#27;[36mE &amp#27;[0m&amp#27;[36ma resposta deve conter &amp#27;[0m&amp#27;[36m&amp#27;[1m4&amp#27;[0m&amp#27;[36m registros de participação&amp#27;[0m                        &amp#27;[90m# steps.ParticipacaoSteps.aRespostaDeveConterRegistrosDeParticipação(int)&amp#27;[0m
  &amp#27;[36mE &amp#27;[0m&amp#27;[36mposso calcular que &amp#27;[0m&amp#27;[36m&amp#27;[1m50&amp#27;[0m&amp#27;[36m% das participações estão concluídas&amp#27;[0m                 &amp#27;[90m# steps.ParticipacaoSteps.possoCalcularQueDasParticipaçõesEstãoConcluídas(int)&amp#27;[0m
]]></system-out>
  </testcase>
  <testcase name="Acompanhar taxa de conclusão de participações" classname="Gerenciamento de Participações" time="0.027">
    <error message="Step [que existem múltiplas participações com diferentes status de conclusão] is defined with 0 parameters at &apos;steps.ParticipacaoSteps.queExistemMúltiplasParticipaçõesComDiferentesStatusDeConclusão()&apos;.&#10;However, the gherkin step has 1 arguments:&#10; * Table:&#10;      | colaborador_id | treinamento_id | concluido |&#10;      | 1              | 1              | true      |&#10;      | 2              | 1              | false     |&#10;      | 3              | 1              | true      |&#10;      | 4              | 1              | false     |&#10;&#10;Step text: que existem múltiplas participações com diferentes status de conclusão" type="io.cucumber.core.exception.CucumberException"><![CDATA[io.cucumber.core.exception.CucumberException: 
Step [que existem múltiplas participações com diferentes status de conclusão] is defined with 0 parameters at 'steps.ParticipacaoSteps.queExistemMúltiplasParticipaçõesComDiferentesStatusDeConclusão()'.
However, the gherkin step has 1 arguments:
 * Table:
      | colaborador_id | treinamento_id | concluido |
      | 1              | 1              | true      |
      | 2              | 1              | false     |
      | 3              | 1              | true      |
      | 4              | 1              | false     |

Step text: que existem múltiplas participações com diferentes status de conclusão
	at io.cucumber.core.runner.PickleStepDefinitionMatch.arityMismatch(PickleStepDefinitionMatch.java:83)
	at io.cucumber.core.runner.PickleStepDefinitionMatch.runStep(PickleStepDefinitionMatch.java:42)
	at io.cucumber.core.runner.ExecutionMode$1.execute(ExecutionMode.java:10)
	at io.cucumber.core.runner.TestStep.executeStep(TestStep.java:81)
	at io.cucumber.core.runner.TestStep.run(TestStep.java:53)
	at io.cucumber.core.runner.PickleStepTestStep.run(PickleStepTestStep.java:51)
	at io.cucumber.core.runner.TestCase.run(TestCase.java:84)
	at io.cucumber.core.runner.Runner.runPickle(Runner.java:75)
	at io.cucumber.junit.platform.engine.CucumberEngineExecutionContext.lambda$runTestCase$4(CucumberEngineExecutionContext.java:112)
	at io.cucumber.core.runtime.CucumberExecutionContext.lambda$runTestCase$5(CucumberExecutionContext.java:136)
	at io.cucumber.core.runtime.RethrowingThrowableCollector.executeAndThrow(RethrowingThrowableCollector.java:23)
	at io.cucumber.core.runtime.CucumberExecutionContext.runTestCase(CucumberExecutionContext.java:136)
	at io.cucumber.junit.platform.engine.CucumberEngineExecutionContext.runTestCase(CucumberEngineExecutionContext.java:109)
	at io.cucumber.junit.platform.engine.NodeDescriptor$PickleDescriptor.execute(NodeDescriptor.java:168)
	at io.cucumber.junit.platform.engine.NodeDescriptor$PickleDescriptor.execute(NodeDescriptor.java:90)
	at java.base/java.util.ArrayList.forEach(ArrayList.java:1596)
	at java.base/java.util.ArrayList.forEach(ArrayList.java:1596)
]]></error>
    <system-out><![CDATA[
Cenário: Acompanhar taxa de conclusão de participações                        &amp#27;[90m# features/treinamento.feature:109&amp#27;[0m
  &amp#27;[32mDado &amp#27;[0m&amp#27;[32mque a aplicação está rodando&amp#27;[0m                                           &amp#27;[90m# steps.AutenticacaoSteps.queAAplicaçãoEstáRodando()&amp#27;[0m
  &amp#27;[32mE &amp#27;[0m&amp#27;[32mo banco de dados está acessível&amp#27;[0m                                           &amp#27;[90m# steps.AutenticacaoSteps.oBancoDeDadosEstáAcessível()&amp#27;[0m
  &amp#27;[32mE &amp#27;[0m&amp#27;[32mtenho um token de autenticação válido&amp#27;[0m                                     &amp#27;[90m# steps.ColaboradorGestaoSteps.tenhoUmTokenDeAutenticaçãoVálido()&amp#27;[0m
  &amp#27;[31mDado &amp#27;[0m&amp#27;[31mque existem múltiplas participações com diferentes status de conclusão&amp#27;[0m &amp#27;[90m# steps.ParticipacaoSteps.queExistemMúltiplasParticipaçõesComDiferentesStatusDeConclusão()&amp#27;[0m
    | colaborador_id | treinamento_id | concluido |
    | 1              | 1              | true      |
    | 2              | 1              | false     |
    | 3              | 1              | true      |
    | 4              | 1              | false     |
      &amp#27;[31mio.cucumber.core.exception.CucumberException: Step [que existem múltiplas participações com diferentes status de conclusão] is defined with 0 parameters at 'steps.ParticipacaoSteps.queExistemMúltiplasParticipaçõesComDiferentesStatusDeConclusão()'.
However, the gherkin step has 1 arguments:
 * Table:
      | colaborador_id | treinamento_id | concluido |
      | 1              | 1              | true      |
      | 2              | 1              | false     |
      | 3              | 1              | true      |
      | 4              | 1              | false     |

Step text: que existem múltiplas participações com diferentes status de conclusão
	at io.cucumber.core.runner.PickleStepDefinitionMatch.arityMismatch(PickleStepDefinitionMatch.java:83)
	at io.cucumber.core.runner.PickleStepDefinitionMatch.runStep(PickleStepDefinitionMatch.java:42)
	at io.cucumber.core.runner.ExecutionMode$1.execute(ExecutionMode.java:10)
	at io.cucumber.core.runner.TestStep.executeStep(TestStep.java:81)
	at io.cucumber.core.runner.TestStep.run(TestStep.java:53)
	at io.cucumber.core.runner.PickleStepTestStep.run(PickleStepTestStep.java:51)
	at io.cucumber.core.runner.TestCase.run(TestCase.java:84)
	at io.cucumber.core.runner.Runner.runPickle(Runner.java:75)
	at io.cucumber.junit.platform.engine.CucumberEngineExecutionContext.lambda$runTestCase$4(CucumberEngineExecutionContext.java:112)
	at io.cucumber.core.runtime.CucumberExecutionContext.lambda$runTestCase$5(CucumberExecutionContext.java:136)
	at io.cucumber.core.runtime.RethrowingThrowableCollector.executeAndThrow(RethrowingThrowableCollector.java:23)
	at io.cucumber.core.runtime.CucumberExecutionContext.runTestCase(CucumberExecutionContext.java:136)
	at io.cucumber.junit.platform.engine.CucumberEngineExecutionContext.runTestCase(CucumberEngineExecutionContext.java:109)
	at io.cucumber.junit.platform.engine.NodeDescriptor$PickleDescriptor.execute(NodeDescriptor.java:168)
	at io.cucumber.junit.platform.engine.NodeDescriptor$PickleDescriptor.execute(NodeDescriptor.java:90)
	at org.junit.platform.engine.support.hierarchical.NodeTestTask.lambda$executeRecursively$6(NodeTestTask.java:151)
	at org.junit.platform.engine.support.hierarchical.ThrowableCollector.execute(ThrowableCollector.java:73)
	at org.junit.platform.engine.support.hierarchical.NodeTestTask.lambda$executeRecursively$8(NodeTestTask.java:141)
	at org.junit.platform.engine.support.hierarchical.Node.around(Node.java:137)
	at org.junit.platform.engine.support.hierarchical.NodeTestTask.lambda$executeRecursively$9(NodeTestTask.java:139)
	at org.junit.platform.engine.support.hierarchical.ThrowableCollector.execute(ThrowableCollector.java:73)
	at org.junit.platform.engine.support.hierarchical.NodeTestTask.executeRecursively(NodeTestTask.java:138)
	at org.junit.platform.engine.support.hierarchical.NodeTestTask.execute(NodeTestTask.java:95)
	at java.base/java.util.ArrayList.forEach(ArrayList.java:1596)
	at org.junit.platform.engine.support.hierarchical.SameThreadHierarchicalTestExecutorService.invokeAll(SameThreadHierarchicalTestExecutorService.java:41)
	at org.junit.platform.engine.support.hierarchical.NodeTestTask.lambda$executeRecursively$6(NodeTestTask.java:155)
	at org.junit.platform.engine.support.hierarchical.ThrowableCollector.execute(ThrowableCollector.java:73)
	at org.junit.platform.engine.support.hierarchical.NodeTestTask.lambda$executeRecursively$8(NodeTestTask.java:141)
	at org.junit.platform.engine.support.hierarchical.Node.around(Node.java:137)
	at org.junit.platform.engine.support.hierarchical.NodeTestTask.lambda$executeRecursively$9(NodeTestTask.java:139)
	at org.junit.platform.engine.support.hierarchical.ThrowableCollector.execute(ThrowableCollector.java:73)
	at org.junit.platform.engine.support.hierarchical.NodeTestTask.executeRecursively(NodeTestTask.java:138)
	at org.junit.platform.engine.support.hierarchical.NodeTestTask.execute(NodeTestTask.java:95)
	at java.base/java.util.ArrayList.forEach(ArrayList.java:1596)
	at org.junit.platform.engine.support.hierarchical.SameThreadHierarchicalTestExecutorService.invokeAll(SameThreadHierarchicalTestExecutorService.java:41)
	at org.junit.platform.engine.support.hierarchical.NodeTestTask.lambda$executeRecursively$6(NodeTestTask.java:155)
	at org.junit.platform.engine.support.hierarchical.ThrowableCollector.execute(ThrowableCollector.java:73)
	at org.junit.platform.engine.support.hierarchical.NodeTestTask.lambda$executeRecursively$8(NodeTestTask.java:141)
	at org.junit.platform.engine.support.hierarchical.Node.around(Node.java:137)
	at org.junit.platform.engine.support.hierarchical.NodeTestTask.lambda$executeRecursively$9(NodeTestTask.java:139)
	at org.junit.platform.engine.support.hierarchical.ThrowableCollector.execute(ThrowableCollector.java:73)
	at org.junit.platform.engine.support.hierarchical.NodeTestTask.executeRecursively(NodeTestTask.java:138)
	at org.junit.platform.engine.support.hierarchical.NodeTestTask.execute(NodeTestTask.java:95)
	at org.junit.platform.engine.support.hierarchical.SameThreadHierarchicalTestExecutorService.submit(SameThreadHierarchicalTestExecutorService.java:35)
	at org.junit.platform.engine.support.hierarchical.HierarchicalTestExecutor.execute(HierarchicalTestExecutor.java:57)
	at org.junit.platform.engine.support.hierarchical.HierarchicalTestEngine.execute(HierarchicalTestEngine.java:54)
	at org.junit.platform.launcher.core.EngineExecutionOrchestrator.execute(EngineExecutionOrchestrator.java:198)
	at org.junit.platform.launcher.core.EngineExecutionOrchestrator.execute(EngineExecutionOrchestrator.java:169)
	at org.junit.platform.launcher.core.EngineExecutionOrchestrator.execute(EngineExecutionOrchestrator.java:93)
	at org.junit.platform.launcher.core.EngineExecutionOrchestrator.execute(EngineExecutionOrchestrator.java:76)
	at org.junit.platform.suite.engine.SuiteLauncher.execute(SuiteLauncher.java:63)
	at org.junit.platform.suite.engine.SuiteTestDescriptor.execute(SuiteTestDescriptor.java:128)
	at org.junit.platform.suite.engine.SuiteTestEngine.lambda$execute$0(SuiteTestEngine.java:73)
	at java.base/java.util.stream.ForEachOps$ForEachOp$OfRef.accept(ForEachOps.java:184)
	at java.base/java.util.stream.ReferencePipeline$3$1.accept(ReferencePipeline.java:197)
	at java.base/java.util.Iterator.forEachRemaining(Iterator.java:133)
	at java.base/java.util.Spliterators$IteratorSpliterator.forEachRemaining(Spliterators.java:1939)
	at java.base/java.util.stream.AbstractPipeline.copyInto(AbstractPipeline.java:509)
	at java.base/java.util.stream.AbstractPipeline.wrapAndCopyInto(AbstractPipeline.java:499)
	at java.base/java.util.stream.ForEachOps$ForEachOp.evaluateSequential(ForEachOps.java:151)
	at java.base/java.util.stream.ForEachOps$ForEachOp$OfRef.evaluateSequential(ForEachOps.java:174)
	at java.base/java.util.stream.AbstractPipeline.evaluate(AbstractPipeline.java:234)
	at java.base/java.util.stream.ReferencePipeline.forEach(ReferencePipeline.java:596)
	at org.junit.platform.suite.engine.SuiteTestEngine.execute(SuiteTestEngine.java:73)
	at org.junit.platform.launcher.core.EngineExecutionOrchestrator.execute(EngineExecutionOrchestrator.java:198)
	at org.junit.platform.launcher.core.EngineExecutionOrchestrator.execute(EngineExecutionOrchestrator.java:169)
	at org.junit.platform.launcher.core.EngineExecutionOrchestrator.execute(EngineExecutionOrchestrator.java:93)
	at org.junit.platform.launcher.core.EngineExecutionOrchestrator.lambda$execute$0(EngineExecutionOrchestrator.java:58)
	at org.junit.platform.launcher.core.EngineExecutionOrchestrator.withInterceptedStreams(EngineExecutionOrchestrator.java:141)
	at org.junit.platform.launcher.core.EngineExecutionOrchestrator.execute(EngineExecutionOrchestrator.java:57)
	at org.junit.platform.launcher.core.DefaultLauncher.execute(DefaultLauncher.java:103)
	at org.junit.platform.launcher.core.DefaultLauncher.execute(DefaultLauncher.java:85)
	at org.junit.platform.launcher.core.DelegatingLauncher.execute(DelegatingLauncher.java:47)
	at org.apache.maven.surefire.junitplatform.LazyLauncher.execute(LazyLauncher.java:50)
	at org.apache.maven.surefire.junitplatform.JUnitPlatformProvider.execute(JUnitPlatformProvider.java:184)
	at org.apache.maven.surefire.junitplatform.JUnitPlatformProvider.invokeAllTests(JUnitPlatformProvider.java:148)
	at org.apache.maven.surefire.junitplatform.JUnitPlatformProvider.invoke(JUnitPlatformProvider.java:122)
	at org.apache.maven.surefire.booter.ForkedBooter.runSuitesInProcess(ForkedBooter.java:385)
	at org.apache.maven.surefire.booter.ForkedBooter.execute(ForkedBooter.java:162)
	at org.apache.maven.surefire.booter.ForkedBooter.run(ForkedBooter.java:507)
	at org.apache.maven.surefire.booter.ForkedBooter.main(ForkedBooter.java:495)
&amp#27;[0m
  &amp#27;[36mQuando &amp#27;[0m&amp#27;[36menvio uma requisição GET para &amp#27;[0m&amp#27;[36m&amp#27;[1m"/participacoes"&amp#27;[0m                       &amp#27;[90m# steps.ColaboradorGestaoSteps.envioUmaRequisiçãoGETPara(java.lang.String)&amp#27;[0m
  &amp#27;[36mEntão &amp#27;[0m&amp#27;[36mo status da resposta deve ser &amp#27;[0m&amp#27;[36m&amp#27;[1m200&amp#27;[0m                                     &amp#27;[90m# steps.AutenticacaoSteps.oStatusDaRespostaDeveSer(int)&amp#27;[0m
  &amp#27;[36mE &amp#27;[0m&amp#27;[36ma resposta deve conter &amp#27;[0m&amp#27;[36m&amp#27;[1m4&amp#27;[0m&amp#27;[36m registros de participação&amp#27;[0m                        &amp#27;[90m# steps.ParticipacaoSteps.aRespostaDeveConterRegistrosDeParticipação(int)&amp#27;[0m
  &amp#27;[36mE &amp#27;[0m&amp#27;[36mposso calcular que &amp#27;[0m&amp#27;[36m&amp#27;[1m50&amp#27;[0m&amp#27;[36m% das participações estão concluídas&amp#27;[0m                 &amp#27;[90m# steps.ParticipacaoSteps.possoCalcularQueDasParticipaçõesEstãoConcluídas(int)&amp#27;[0m
]]></system-out>
  </testcase>
</testsuite>